{"obj": {"type": "AssignString", "path": ["sys", "name"], "value": "no name"}, "version": 1, "at": 1733654645.937141}
{"obj": {"type": "AssignString", "path": ["sys", "description"], "value": ""}, "version": 2, "at": 1733654645.9373062}
{"obj": {"type": "AssignString", "path": ["monitoring", "be2a5789", "hostname"], "value": "Macmini.fritz.box"}, "version": 3, "at": 1733654645.937355}
{"obj": {"type": "AssignString", "path": ["sys", "hostname"], "value": "Macmini.fritz.box"}, "version": 4, "at": 1733654645.93739}
{"obj": {"type": "AssignString", "path": ["monitoring", "be2a5789", "pid"], "value": "5690"}, "version": 5, "at": 1733654645.937427}
{"obj": {"type": "AssignString", "path": ["monitoring", "be2a5789", "tid"], "value": "8515762240"}, "version": 6, "at": 1733654645.9374652}
{"obj": {"type": "AddStrings", "path": ["sys", "tags"], "values": ["4 datasets", "mmse gap 24-26"]}, "version": 7, "at": 1733654645.937508}
{"obj": {"type": "AssignBool", "path": ["sys", "failed"], "value": false}, "version": 8, "at": 1733654645.9375381}
{"obj": {"type": "ClearStringLog", "path": ["monitoring", "be2a5789", "stdout"]}, "version": 9, "at": 1733654645.937578}
{"obj": {"type": "ClearStringLog", "path": ["monitoring", "be2a5789", "stderr"]}, "version": 10, "at": 1733654645.9376068}
{"obj": {"type": "AssignString", "path": ["source_code", "entrypoint"], "value": "paper_results_images_each_variant.py"}, "version": 11, "at": 1733654645.9380322}
{"obj": {"type": "UploadFileSet", "path": ["source_code", "files"], "file_globs": ["/Users/saraiva/PycharmProjects/LTBio/phd_journal/24_12_03/*.py"], "reset": "False"}, "version": 12, "at": 1733654645.938085}
{"obj": {"type": "UploadFile", "path": ["source_code", "diff"], "ext": "patch", "file_path": null, "tmp_file_name": "source_code_diff-1733654646.052491-2024-12-08_11.44.06.052491.patch", "clean_after_upload": false}, "version": 13, "at": 1733654646.052783}
{"obj": {"type": "ConfigFloatSeries", "path": ["monitoring", "be2a5789", "cpu"], "min": 0.0, "max": 100.0, "unit": "%"}, "version": 14, "at": 1733654646.0582368}
{"obj": {"type": "ClearFloatLog", "path": ["monitoring", "be2a5789", "cpu"]}, "version": 15, "at": 1733654646.058306}
{"obj": {"type": "LogStrings", "path": ["monitoring", "be2a5789", "stderr"], "values": [{"value": "[neptune] [warning] /Users/saraiva/PycharmProjects/LTBio/phd_journal/24_12_03/paper_results_images_each_variant.py:6: NeptuneWarning: Info (NVML): NVML Shared Library Not Found. GPU usage metrics may not be reported. For more information, see https://docs.neptune.ai/help/nvml_error/\n", "step": null, "ts": 1733654646.058361}]}, "version": 16, "at": 1733654646.058381}
{"obj": {"type": "ConfigFloatSeries", "path": ["monitoring", "be2a5789", "memory"], "min": 0.0, "max": 16.0, "unit": "GB"}, "version": 17, "at": 1733654646.058451}
{"obj": {"type": "ClearFloatLog", "path": ["monitoring", "be2a5789", "memory"]}, "version": 18, "at": 1733654646.058474}
{"obj": {"type": "LogFloats", "path": ["monitoring", "be2a5789", "cpu"], "values": [{"value": 31.4, "step": null, "ts": 1733654646.058542}]}, "version": 19, "at": 1733654646.058622}
{"obj": {"type": "LogFloats", "path": ["monitoring", "be2a5789", "memory"], "values": [{"value": 10.2802734375, "step": null, "ts": 1733654646.058542}]}, "version": 20, "at": 1733654646.0587578}
{"obj": {"type": "AssignString", "path": ["datasets", "criteria"], "value": "AD criteria: AD & (MMSE<=23 | MoCA<=18)\nHC criteria: HC & (MMSE>=27 | MoCA>=24)"}, "version": 21, "at": 1733654646.085469}
{"obj": {"type": "LogStrings", "path": ["monitoring", "be2a5789", "stdout"], "values": [{"value": "\nDataset: Newcastle", "step": null, "ts": 1733654646.087119}]}, "version": 22, "at": 1733654646.087137}
{"obj": {"type": "LogStrings", "path": ["monitoring", "be2a5789", "stdout"], "values": [{"value": "\n", "step": null, "ts": 1733654646.0871859}]}, "version": 23, "at": 1733654646.087193}
{"obj": {"type": "LogStrings", "path": ["monitoring", "be2a5789", "stdout"], "values": [{"value": "Total: 36", "step": null, "ts": 1733654646.0872982}]}, "version": 24, "at": 1733654646.087305}
{"obj": {"type": "LogStrings", "path": ["monitoring", "be2a5789", "stdout"], "values": [{"value": "\n", "step": null, "ts": 1733654646.087352}]}, "version": 25, "at": 1733654646.087357}
{"obj": {"type": "LogStrings", "path": ["monitoring", "be2a5789", "stdout"], "values": [{"value": "AD: 19", "step": null, "ts": 1733654646.0873852}]}, "version": 26, "at": 1733654646.08739}
{"obj": {"type": "LogStrings", "path": ["monitoring", "be2a5789", "stdout"], "values": [{"value": "\n", "step": null, "ts": 1733654646.0874162}]}, "version": 27, "at": 1733654646.087421}
{"obj": {"type": "LogStrings", "path": ["monitoring", "be2a5789", "stdout"], "values": [{"value": "HC: 17", "step": null, "ts": 1733654646.087446}]}, "version": 28, "at": 1733654646.08745}
{"obj": {"type": "LogStrings", "path": ["monitoring", "be2a5789", "stdout"], "values": [{"value": "\n", "step": null, "ts": 1733654646.0874739}]}, "version": 29, "at": 1733654646.087479}
{"obj": {"type": "LogStrings", "path": ["monitoring", "be2a5789", "stdout"], "values": [{"value": "\nDataset: Izmir", "step": null, "ts": 1733654646.0993721}]}, "version": 30, "at": 1733654646.099383}
{"obj": {"type": "UploadFile", "path": ["datasets", "before", "Newcastle"], "ext": "html", "file_path": null, "tmp_file_name": "datasets_before_Newcastle-1733654646.099671-2024-12-08_11.44.06.099671.html", "clean_after_upload": false}, "version": 31, "at": 1733654646.0998778}
{"obj": {"type": "LogStrings", "path": ["monitoring", "be2a5789", "stdout"], "values": [{"value": "\n", "step": null, "ts": 1733654646.118227}]}, "version": 32, "at": 1733654646.11824}
{"obj": {"type": "LogStrings", "path": ["monitoring", "be2a5789", "stdout"], "values": [{"value": "Total: 80", "step": null, "ts": 1733654646.11829}]}, "version": 33, "at": 1733654646.118297}
{"obj": {"type": "LogStrings", "path": ["monitoring", "be2a5789", "stdout"], "values": [{"value": "\n", "step": null, "ts": 1733654646.118328}]}, "version": 34, "at": 1733654646.118334}
{"obj": {"type": "LogStrings", "path": ["monitoring", "be2a5789", "stdout"], "values": [{"value": "AD: 20", "step": null, "ts": 1733654646.1183622}]}, "version": 35, "at": 1733654646.118367}
{"obj": {"type": "LogStrings", "path": ["monitoring", "be2a5789", "stdout"], "values": [{"value": "\n", "step": null, "ts": 1733654646.1183932}]}, "version": 36, "at": 1733654646.118397}
{"obj": {"type": "LogStrings", "path": ["monitoring", "be2a5789", "stdout"], "values": [{"value": "HC: 60", "step": null, "ts": 1733654646.118423}]}, "version": 37, "at": 1733654646.1184268}
{"obj": {"type": "LogStrings", "path": ["monitoring", "be2a5789", "stdout"], "values": [{"value": "\n", "step": null, "ts": 1733654646.118452}]}, "version": 38, "at": 1733654646.118457}
{"obj": {"type": "LogStrings", "path": ["monitoring", "be2a5789", "stdout"], "values": [{"value": "\nDataset: Istambul", "step": null, "ts": 1733654646.11848}]}, "version": 39, "at": 1733654646.118484}
{"obj": {"type": "LogStrings", "path": ["monitoring", "be2a5789", "stdout"], "values": [{"value": "\n", "step": null, "ts": 1733654646.118509}]}, "version": 40, "at": 1733654646.1185129}
{"obj": {"type": "LogStrings", "path": ["monitoring", "be2a5789", "stdout"], "values": [{"value": "Total: 59", "step": null, "ts": 1733654646.118537}]}, "version": 41, "at": 1733654646.1185422}
{"obj": {"type": "LogStrings", "path": ["monitoring", "be2a5789", "stdout"], "values": [{"value": "\n", "step": null, "ts": 1733654646.1185641}]}, "version": 42, "at": 1733654646.118569}
{"obj": {"type": "LogStrings", "path": ["monitoring", "be2a5789", "stdout"], "values": [{"value": "AD: 24", "step": null, "ts": 1733654646.118593}]}, "version": 43, "at": 1733654646.118597}
{"obj": {"type": "LogStrings", "path": ["monitoring", "be2a5789", "stdout"], "values": [{"value": "\n", "step": null, "ts": 1733654646.1208131}]}, "version": 44, "at": 1733654646.120822}
{"obj": {"type": "LogStrings", "path": ["monitoring", "be2a5789", "stdout"], "values": [{"value": "HC: 35", "step": null, "ts": 1733654646.120857}]}, "version": 45, "at": 1733654646.120863}
{"obj": {"type": "LogStrings", "path": ["monitoring", "be2a5789", "stdout"], "values": [{"value": "\n", "step": null, "ts": 1733654646.1208918}]}, "version": 46, "at": 1733654646.120897}
{"obj": {"type": "LogStrings", "path": ["monitoring", "be2a5789", "stdout"], "values": [{"value": "\nDataset: Miltiadous", "step": null, "ts": 1733654646.120956}]}, "version": 47, "at": 1733654646.1209621}
{"obj": {"type": "LogStrings", "path": ["monitoring", "be2a5789", "stdout"], "values": [{"value": "\n", "step": null, "ts": 1733654646.12099}]}, "version": 48, "at": 1733654646.120995}
{"obj": {"type": "LogStrings", "path": ["monitoring", "be2a5789", "stdout"], "values": [{"value": "Total: 65", "step": null, "ts": 1733654646.121022}]}, "version": 49, "at": 1733654646.121026}
{"obj": {"type": "LogStrings", "path": ["monitoring", "be2a5789", "stdout"], "values": [{"value": "\n", "step": null, "ts": 1733654646.1210508}]}, "version": 50, "at": 1733654646.121055}
{"obj": {"type": "LogStrings", "path": ["monitoring", "be2a5789", "stdout"], "values": [{"value": "AD: 36", "step": null, "ts": 1733654646.121092}]}, "version": 51, "at": 1733654646.121098}
{"obj": {"type": "LogStrings", "path": ["monitoring", "be2a5789", "stdout"], "values": [{"value": "\n", "step": null, "ts": 1733654646.121134}]}, "version": 52, "at": 1733654646.121139}
{"obj": {"type": "UploadFile", "path": ["datasets", "before", "Izmir"], "ext": "html", "file_path": null, "tmp_file_name": "datasets_before_Izmir-1733654646.12118-2024-12-08_11.44.06.121180.html", "clean_after_upload": false}, "version": 53, "at": 1733654646.121351}
{"obj": {"type": "LogStrings", "path": ["monitoring", "be2a5789", "stdout"], "values": [{"value": "HC: 29", "step": null, "ts": 1733654646.136999}]}, "version": 54, "at": 1733654646.137009}
{"obj": {"type": "LogStrings", "path": ["monitoring", "be2a5789", "stdout"], "values": [{"value": "\n", "step": null, "ts": 1733654646.137148}]}, "version": 55, "at": 1733654646.137155}
{"obj": {"type": "UploadFile", "path": ["datasets", "before", "Istambul"], "ext": "html", "file_path": null, "tmp_file_name": "datasets_before_Istambul-1733654646.137386-2024-12-08_11.44.06.137386.html", "clean_after_upload": false}, "version": 56, "at": 1733654646.137561}
{"obj": {"type": "UploadFile", "path": ["datasets", "before", "Miltiadous"], "ext": "html", "file_path": null, "tmp_file_name": "datasets_before_Miltiadous-1733654646.154315-2024-12-08_11.44.06.154315.html", "clean_after_upload": false}, "version": 57, "at": 1733654646.154573}
{"obj": {"type": "AssignString", "path": ["harmonization", "params", "method"], "value": "none"}, "version": 58, "at": 1733654646.157346}
{"obj": {"type": "AssignBool", "path": ["harmonization", "params", "log_transform"], "value": true}, "version": 59, "at": 1733654646.157399}
{"obj": {"type": "AssignString", "path": ["harmonization", "params", "standardize"], "value": "none"}, "version": 60, "at": 1733654646.1574342}
{"obj": {"type": "AssignBool", "path": ["harmonization", "params", "cov_age"], "value": true}, "version": 61, "at": 1733654646.157463}
{"obj": {"type": "AssignBool", "path": ["harmonization", "params", "cov_gender"], "value": true}, "version": 62, "at": 1733654646.15749}
{"obj": {"type": "AssignBool", "path": ["harmonization", "params", "cov_education"], "value": false}, "version": 63, "at": 1733654646.157516}
{"obj": {"type": "AssignBool", "path": ["harmonization", "params", "cov_diagnosis"], "value": true}, "version": 64, "at": 1733654646.157542}
{"obj": {"type": "TrackFilesToArtifact", "path": ["datasets", "after", "Newcastle_track"], "entries": [["./each_variation/none/Newcastle.csv", null]], "project_id": "0185c1d2-e230-4393-98bd-19b911873975"}, "version": 65, "at": 1733654646.157595}
{"obj": {"type": "UploadFile", "path": ["datasets", "after", "Newcastle"], "ext": "csv", "file_path": "/Users/saraiva/PycharmProjects/LTBio/phd_journal/24_12_03/each_variation/none/Newcastle.csv", "tmp_file_name": null, "clean_after_upload": false}, "version": 66, "at": 1733654646.157682}
{"obj": {"type": "TrackFilesToArtifact", "path": ["datasets", "after", "Izmir_track"], "entries": [["./each_variation/none/Izmir.csv", null]], "project_id": "0185c1d2-e230-4393-98bd-19b911873975"}, "version": 67, "at": 1733654646.1577091}
{"obj": {"type": "UploadFile", "path": ["datasets", "after", "Izmir"], "ext": "csv", "file_path": "/Users/saraiva/PycharmProjects/LTBio/phd_journal/24_12_03/each_variation/none/Izmir.csv", "tmp_file_name": null, "clean_after_upload": false}, "version": 68, "at": 1733654646.15776}
{"obj": {"type": "TrackFilesToArtifact", "path": ["datasets", "after", "Istambul_track"], "entries": [["./each_variation/none/Istambul.csv", null]], "project_id": "0185c1d2-e230-4393-98bd-19b911873975"}, "version": 69, "at": 1733654646.1577852}
{"obj": {"type": "UploadFile", "path": ["datasets", "after", "Istambul"], "ext": "csv", "file_path": "/Users/saraiva/PycharmProjects/LTBio/phd_journal/24_12_03/each_variation/none/Istambul.csv", "tmp_file_name": null, "clean_after_upload": false}, "version": 70, "at": 1733654646.157829}
{"obj": {"type": "TrackFilesToArtifact", "path": ["datasets", "after", "Miltiadous_track"], "entries": [["./each_variation/none/Miltiadous.csv", null]], "project_id": "0185c1d2-e230-4393-98bd-19b911873975"}, "version": 71, "at": 1733654646.1578739}
{"obj": {"type": "UploadFile", "path": ["datasets", "after", "Miltiadous"], "ext": "csv", "file_path": "/Users/saraiva/PycharmProjects/LTBio/phd_journal/24_12_03/each_variation/none/Miltiadous.csv", "tmp_file_name": null, "clean_after_upload": false}, "version": 72, "at": 1733654646.157918}
{"obj": {"type": "LogStrings", "path": ["monitoring", "be2a5789", "stderr"], "values": [{"value": "/Users/saraiva/PycharmProjects/LTBio/venv/lib/python3.10/site-packages/sklearn/manifold/_t_sne.py:795: FutureWarning: The default initialization in TSNE will change from 'random' to 'pca' in 1.2.\n  warnings.warn(\n", "step": null, "ts": 1733654646.198657}]}, "version": 73, "at": 1733654646.198678}
{"obj": {"type": "AssignString", "path": ["simple_diagnosis_discriminant", "norm"], "value": "none"}, "version": 74, "at": 1733654646.938211}
{"obj": {"type": "LogStrings", "path": ["monitoring", "be2a5789", "stdout"], "values": [{"value": "Selected features:", "step": null, "ts": 1733654646.9383051}]}, "version": 75, "at": 1733654646.9383218}
{"obj": {"type": "AssignString", "path": ["simple_diagnosis_discriminant", "features"], "value": "['Delta_Frontal', 'Delta_Central', 'Delta_Parietal', 'Delta_Occipital', 'Delta_Temporal', 'Delta_Limbic', 'Alpha1_Frontal', 'Alpha1_Central', 'Alpha1_Parietal', 'Alpha1_Occipital', 'Alpha1_Temporal', 'Alpha1_Limbic', 'Theta_Frontal', 'Theta_Central', 'Theta_Parietal', 'Theta_Occipital', 'Theta_Temporal', 'Theta_Limbic', 'Alpha2_Frontal', 'Alpha2_Central', 'Alpha2_Parietal', 'Alpha2_Occipital', 'Alpha2_Temporal', 'Alpha2_Limbic', 'Alpha3_Frontal', 'Alpha3_Central', 'Alpha3_Parietal', 'Alpha3_Occipital', 'Alpha3_Temporal', 'Alpha3_Limbic', 'Beta1_Frontal', 'Beta1_Central', 'Beta1_Parietal', 'Beta1_Occipital', 'Beta1_Temporal', 'Beta1_Limbic', 'Beta2_Frontal', 'Beta2_Central', 'Beta2_Parietal', 'Beta2_Occipital', 'Beta2_Temporal', 'Beta2_Limbic', 'Gamma_Frontal', 'Gamma_Central', 'Gamma_Parietal', 'Gamma_Occipital', 'Gamma_Temporal', 'Gamma_Limbic']"}, "version": 76, "at": 1733654646.938447}
{"obj": {"type": "LogStrings", "path": ["monitoring", "be2a5789", "stdout"], "values": [{"value": "\n", "step": null, "ts": 1733654646.938505}]}, "version": 77, "at": 1733654646.9385128}
{"obj": {"type": "LogStrings", "path": ["monitoring", "be2a5789", "stdout"], "values": [{"value": "['Delta_Frontal', 'Delta_Central', 'Delta_Parietal', 'Delta_Occipital', 'Delta_Temporal', 'Delta_Limbic', 'Alpha1_Frontal', 'Alpha1_Central', 'Alpha1_Parietal', 'Alpha1_Occipital', 'Alpha1_Temporal', 'Alpha1_Limbic', 'Theta_Frontal', 'Theta_Central', 'Theta_Parietal', 'Theta_Occipital', 'Theta_Temporal', 'Theta_Limbic', 'Alpha2_Frontal', 'Alpha2_Central', 'Alpha2_Parietal', 'Alpha2_Occipital', 'Alpha2_Temporal', 'Alpha2_Limbic', 'Alpha3_Frontal', 'Alpha3_Central', 'Alpha3_Parietal', 'Alpha3_Occipital', 'Alpha3_Temporal', 'Alpha3_Limbic', 'Beta1_Frontal', 'Beta1_Central', 'Beta1_Parietal', 'Beta1_Occipital', 'Beta1_Temporal', 'Beta1_Limbic', 'Beta2_Frontal', 'Beta2_Central', 'Beta2_Parietal', 'Beta2_Occipital', 'Beta2_Temporal', 'Beta2_Limbic', 'Gamma_Frontal', 'Gamma_Central', 'Gamma_Parietal', 'Gamma_Occipital', 'Gamma_Temporal', 'Gamma_Limbic']", "step": null, "ts": 1733654646.939497}]}, "version": 78, "at": 1733654646.939507}
{"obj": {"type": "LogStrings", "path": ["monitoring", "be2a5789", "stdout"], "values": [{"value": "\n", "step": null, "ts": 1733654646.93963}]}, "version": 79, "at": 1733654646.939641}
{"obj": {"type": "AssignString", "path": ["simple_diagnosis_discriminant", "model_description"], "value": "PCA(n_components=3, random_state=0)"}, "version": 80, "at": 1733654646.940181}
{"obj": {"type": "UploadFile", "path": ["datasets", "mmse_distribution"], "ext": "png", "file_path": null, "tmp_file_name": "datasets_mmse_distribution-1733654647.237394-2024-12-08_11.44.07.237394.png", "clean_after_upload": false}, "version": 81, "at": 1733654647.237608}
{"obj": {"type": "UploadFile", "path": ["quality_control", "mean_diffs"], "ext": "png", "file_path": null, "tmp_file_name": "quality_control_mean_diffs-1733654647.732351-2024-12-08_11.44.07.732351.png", "clean_after_upload": false}, "version": 82, "at": 1733654647.732639}
{"obj": {"type": "LogStrings", "path": ["monitoring", "be2a5789", "stderr"], "values": [{"value": "No artists with labels found to put in legend.  Note that artists whose label start with an underscore are ignored when legend() is called with no argument.\n", "step": null, "ts": 1733654648.611083}]}, "version": 83, "at": 1733654648.611129}
{"obj": {"type": "UploadFile", "path": ["quality_control", "babiloni_spectrum"], "ext": "png", "file_path": null, "tmp_file_name": "quality_control_babiloni_spectrum-1733654648.927128-2024-12-08_11.44.08.927128.png", "clean_after_upload": false}, "version": 84, "at": 1733654648.927586}
{"obj": {"type": "UploadFile", "path": ["quality_control", "tsne"], "ext": "png", "file_path": null, "tmp_file_name": "quality_control_tsne-1733654650.341665-2024-12-08_11.44.10.341665.png", "clean_after_upload": false}, "version": 85, "at": 1733654650.341982}
{"obj": {"type": "UploadFile", "path": ["quality_control", "lda"], "ext": "png", "file_path": null, "tmp_file_name": "quality_control_lda-1733654650.750037-2024-12-08_11.44.10.750037.png", "clean_after_upload": false}, "version": 86, "at": 1733654650.7528179}
{"obj": {"type": "UploadFile", "path": ["quality_control", "distance_matrix"], "ext": "png", "file_path": null, "tmp_file_name": "quality_control_distance_matrix-1733654651.0885-2024-12-08_11.44.11.088500.png", "clean_after_upload": false}, "version": 87, "at": 1733654651.088777}
{"obj": {"type": "UploadFile", "path": ["correlation", "SITE", "all"], "ext": "csv", "file_path": "/Users/saraiva/PycharmProjects/LTBio/phd_journal/24_12_03/each_variation/none/correlation_SITE.csv", "tmp_file_name": null, "clean_after_upload": false}, "version": 88, "at": 1733654651.329972}
{"obj": {"type": "UploadFile", "path": ["correlation", "SITE", "significant"], "ext": "png", "file_path": null, "tmp_file_name": "correlation_SITE_significant-1733654651.370679-2024-12-08_11.44.11.370679.png", "clean_after_upload": false}, "version": 89, "at": 1733654651.370959}
{"obj": {"type": "LogStrings", "path": ["monitoring", "be2a5789", "traceback"], "values": [{"value": "An uncaught exception occurred while run was active on worker Macmini.fritz.box.", "step": null, "ts": 1733654651.4535732}, {"value": "Marking run as failed", "step": null, "ts": 1733654651.4535732}, {"value": "Traceback:", "step": null, "ts": 1733654651.4535732}, {"value": "  File \"/Users/saraiva/PycharmProjects/LTBio/phd_journal/24_12_03/paper_results_images_each_variant.py\", line 28, in <module>\n    make_images(run, out_path, harmonization_method)\n", "step": null, "ts": 1733654651.4535732}, {"value": "  File \"/Users/saraiva/PycharmProjects/LTBio/phd_journal/24_12_03/paper_images_each_variant.py\", line 53, in make_images\n    plot_correlation_with_var(run, variation_out_path, variation_out_path, \"SITE\", harmonization_method.capitalize())\n", "step": null, "ts": 1733654651.4535732}, {"value": "  File \"/Users/saraiva/PycharmProjects/LTBio/phd_journal/24_12_03/plotting.py\", line 216, in plot_correlation_with_var\n    plt.savefig(join(out_path, f\"correlation_with_{var_of_interest}.{image_format}\"), dpi=dpi, transparent=True, bbox_inches='tight')\n", "step": null, "ts": 1733654651.4535732}, {"value": "  File \"/Users/saraiva/PycharmProjects/LTBio/venv/lib/python3.10/site-packages/matplotlib/pyplot.py\", line 958, in savefig\n    res = fig.savefig(*args, **kwargs)\n", "step": null, "ts": 1733654651.4535732}, {"value": "  File \"/Users/saraiva/PycharmProjects/LTBio/venv/lib/python3.10/site-packages/matplotlib/figure.py\", line 3019, in savefig\n    self.canvas.print_figure(fname, **kwargs)\n", "step": null, "ts": 1733654651.4535732}, {"value": "  File \"/Users/saraiva/PycharmProjects/LTBio/venv/lib/python3.10/site-packages/matplotlib/backend_bases.py\", line 2319, in print_figure\n    result = print_method(\n", "step": null, "ts": 1733654651.4535732}, {"value": "  File \"/Users/saraiva/PycharmProjects/LTBio/venv/lib/python3.10/site-packages/matplotlib/backend_bases.py\", line 1648, in wrapper\n    return func(*args, **kwargs)\n", "step": null, "ts": 1733654651.4535732}]}, "version": 90, "at": 1733654651.4536068}
{"obj": {"type": "LogStrings", "path": ["monitoring", "be2a5789", "traceback"], "values": [{"value": "  File \"/Users/saraiva/PycharmProjects/LTBio/venv/lib/python3.10/site-packages/matplotlib/_api/deprecation.py\", line 412, in wrapper\n    return func(*inner_args, **inner_kwargs)\n", "step": null, "ts": 1733654651.4535732}, {"value": "  File \"/Users/saraiva/PycharmProjects/LTBio/venv/lib/python3.10/site-packages/matplotlib/backends/backend_agg.py\", line 541, in print_png\n    mpl.image.imsave(\n", "step": null, "ts": 1733654651.4535732}, {"value": "  File \"/Users/saraiva/PycharmProjects/LTBio/venv/lib/python3.10/site-packages/matplotlib/image.py\", line 1675, in imsave\n    image.save(fname, **pil_kwargs)\n", "step": null, "ts": 1733654651.4535732}, {"value": "  File \"/Users/saraiva/PycharmProjects/LTBio/venv/lib/python3.10/site-packages/PIL/Image.py\", line 2300, in save\n    save_handler(self, fp, filename)\n", "step": null, "ts": 1733654651.4535732}, {"value": "  File \"/Users/saraiva/PycharmProjects/LTBio/venv/lib/python3.10/site-packages/PIL/PngImagePlugin.py\", line 1374, in _save\n    ImageFile._save(im, _idat(fp, chunk), [(\"zip\", (0, 0) + im.size, 0, rawmode)])\n", "step": null, "ts": 1733654651.4535732}, {"value": "  File \"/Users/saraiva/PycharmProjects/LTBio/venv/lib/python3.10/site-packages/PIL/ImageFile.py\", line 518, in _save\n    l, s, d = encoder.encode(bufsize)\n", "step": null, "ts": 1733654651.4535732}, {"value": "", "step": null, "ts": 1733654651.4535732}]}, "version": 91, "at": 1733654651.453689}
{"obj": {"type": "AssignBool", "path": ["sys", "failed"], "value": true}, "version": 92, "at": 1733654651.4537401}
{"obj": {"type": "LogStrings", "path": ["monitoring", "be2a5789", "stderr"], "values": [{"value": "Traceback (most recent call last):\n", "step": null, "ts": 1733654651.453811}]}, "version": 93, "at": 1733654651.453822}
{"obj": {"type": "LogStrings", "path": ["monitoring", "be2a5789", "stderr"], "values": [{"value": "  File \"/Users/saraiva/PycharmProjects/LTBio/phd_journal/24_12_03/paper_results_images_each_variant.py\", line 28, in <module>\n", "step": null, "ts": 1733654651.45393}]}, "version": 94, "at": 1733654651.4539368}
{"obj": {"type": "LogStrings", "path": ["monitoring", "be2a5789", "stderr"], "values": [{"value": "    ", "step": null, "ts": 1733654651.454022}]}, "version": 95, "at": 1733654651.454031}
{"obj": {"type": "LogStrings", "path": ["monitoring", "be2a5789", "stderr"], "values": [{"value": "make_images(run, out_path, harmonization_method)", "step": null, "ts": 1733654651.45415}]}, "version": 96, "at": 1733654651.454156}
{"obj": {"type": "LogStrings", "path": ["monitoring", "be2a5789", "stderr"], "values": [{"value": "\n", "step": null, "ts": 1733654651.454346}]}, "version": 97, "at": 1733654651.454352}
{"obj": {"type": "LogStrings", "path": ["monitoring", "be2a5789", "stderr"], "values": [{"value": "  File \"/Users/saraiva/PycharmProjects/LTBio/phd_journal/24_12_03/paper_images_each_variant.py\", line 53, in make_images\n", "step": null, "ts": 1733654651.454706}]}, "version": 98, "at": 1733654651.454713}
{"obj": {"type": "LogStrings", "path": ["monitoring", "be2a5789", "stderr"], "values": [{"value": "    ", "step": null, "ts": 1733654651.454997}]}, "version": 99, "at": 1733654651.4550028}
{"obj": {"type": "LogStrings", "path": ["monitoring", "be2a5789", "stderr"], "values": [{"value": "plot_correlation_with_var(run, variation_out_path, variation_out_path, \"SITE\", harmonization_method.capitalize())", "step": null, "ts": 1733654651.4552262}]}, "version": 100, "at": 1733654651.455232}
{"obj": {"type": "LogStrings", "path": ["monitoring", "be2a5789", "stderr"], "values": [{"value": "\n", "step": null, "ts": 1733654651.455335}]}, "version": 101, "at": 1733654651.455341}
{"obj": {"type": "LogStrings", "path": ["monitoring", "be2a5789", "stderr"], "values": [{"value": "  File \"/Users/saraiva/PycharmProjects/LTBio/phd_journal/24_12_03/plotting.py\", line 216, in plot_correlation_with_var\n", "step": null, "ts": 1733654651.455462}]}, "version": 102, "at": 1733654651.455468}
{"obj": {"type": "LogStrings", "path": ["monitoring", "be2a5789", "stderr"], "values": [{"value": "    ", "step": null, "ts": 1733654651.4556868}]}, "version": 103, "at": 1733654651.455693}
{"obj": {"type": "LogStrings", "path": ["monitoring", "be2a5789", "stderr"], "values": [{"value": "plt.savefig(join(out_path, f\"correlation_with_{var_of_interest}.{image_format}\"), dpi=dpi, transparent=True, bbox_inches='tight')", "step": null, "ts": 1733654651.455961}]}, "version": 104, "at": 1733654651.455966}
{"obj": {"type": "LogStrings", "path": ["monitoring", "be2a5789", "stdout"], "values": [{"value": "[neptune] [info   ] Shutting down background jobs, please wait a moment...\n", "step": null, "ts": 1733654651.456426}]}, "version": 105, "at": 1733654651.4564328}
{"obj": {"type": "LogStrings", "path": ["monitoring", "be2a5789", "stderr"], "values": [{"value": "\n", "step": null, "ts": 1733654651.4565}]}, "version": 106, "at": 1733654651.456506}
{"obj": {"type": "LogStrings", "path": ["monitoring", "be2a5789", "stderr"], "values": [{"value": "  File \"/Users/saraiva/PycharmProjects/LTBio/venv/lib/python3.10/site-packages/matplotlib/pyplot.py\", line 958, in savefig\n", "step": null, "ts": 1733654651.456535}]}, "version": 107, "at": 1733654651.4565399}
{"obj": {"type": "LogStrings", "path": ["monitoring", "be2a5789", "stderr"], "values": [{"value": "    ", "step": null, "ts": 1733654651.456566}]}, "version": 108, "at": 1733654651.4565709}
{"obj": {"type": "LogStrings", "path": ["monitoring", "be2a5789", "stderr"], "values": [{"value": "res = fig.savefig(*args, **kwargs)", "step": null, "ts": 1733654651.456596}]}, "version": 109, "at": 1733654651.4566011}
{"obj": {"type": "LogStrings", "path": ["monitoring", "be2a5789", "stderr"], "values": [{"value": "\n", "step": null, "ts": 1733654651.456625}]}, "version": 110, "at": 1733654651.45663}
{"obj": {"type": "LogStrings", "path": ["monitoring", "be2a5789", "stderr"], "values": [{"value": "  File \"/Users/saraiva/PycharmProjects/LTBio/venv/lib/python3.10/site-packages/matplotlib/figure.py\", line 3019, in savefig\n", "step": null, "ts": 1733654651.4566798}]}, "version": 111, "at": 1733654651.456692}
{"obj": {"type": "LogStrings", "path": ["monitoring", "be2a5789", "stderr"], "values": [{"value": "    ", "step": null, "ts": 1733654651.456741}]}, "version": 112, "at": 1733654651.456748}
{"obj": {"type": "LogStrings", "path": ["monitoring", "be2a5789", "stderr"], "values": [{"value": "self.canvas.print_figure(fname, **kwargs)", "step": null, "ts": 1733654651.456782}]}, "version": 113, "at": 1733654651.456788}
{"obj": {"type": "LogStrings", "path": ["monitoring", "be2a5789", "stderr"], "values": [{"value": "\n", "step": null, "ts": 1733654651.456817}]}, "version": 114, "at": 1733654651.456823}
{"obj": {"type": "LogStrings", "path": ["monitoring", "be2a5789", "stderr"], "values": [{"value": "  File \"/Users/saraiva/PycharmProjects/LTBio/venv/lib/python3.10/site-packages/matplotlib/backend_bases.py\", line 2319, in print_figure\n", "step": null, "ts": 1733654651.4568489}]}, "version": 115, "at": 1733654651.456854}
{"obj": {"type": "LogStrings", "path": ["monitoring", "be2a5789", "stderr"], "values": [{"value": "    ", "step": null, "ts": 1733654651.45688}]}, "version": 116, "at": 1733654651.456884}
{"obj": {"type": "LogStrings", "path": ["monitoring", "be2a5789", "stderr"], "values": [{"value": "result = print_method(", "step": null, "ts": 1733654651.456909}]}, "version": 117, "at": 1733654651.456914}
{"obj": {"type": "LogStrings", "path": ["monitoring", "be2a5789", "stderr"], "values": [{"value": "\n", "step": null, "ts": 1733654651.456939}]}, "version": 118, "at": 1733654651.4569442}
{"obj": {"type": "LogStrings", "path": ["monitoring", "be2a5789", "stderr"], "values": [{"value": "  File \"/Users/saraiva/PycharmProjects/LTBio/venv/lib/python3.10/site-packages/matplotlib/backend_bases.py\", line 1648, in wrapper\n", "step": null, "ts": 1733654651.4569678}]}, "version": 119, "at": 1733654651.456973}
{"obj": {"type": "LogStrings", "path": ["monitoring", "be2a5789", "stderr"], "values": [{"value": "    ", "step": null, "ts": 1733654651.4569979}]}, "version": 120, "at": 1733654651.457003}
{"obj": {"type": "LogStrings", "path": ["monitoring", "be2a5789", "stderr"], "values": [{"value": "return func(*args, **kwargs)", "step": null, "ts": 1733654651.457027}]}, "version": 121, "at": 1733654651.457032}
{"obj": {"type": "LogStrings", "path": ["monitoring", "be2a5789", "stderr"], "values": [{"value": "\n", "step": null, "ts": 1733654651.457055}]}, "version": 122, "at": 1733654651.45706}
{"obj": {"type": "LogStrings", "path": ["monitoring", "be2a5789", "stderr"], "values": [{"value": "  File \"/Users/saraiva/PycharmProjects/LTBio/venv/lib/python3.10/site-packages/matplotlib/_api/deprecation.py\", line 412, in wrapper\n", "step": null, "ts": 1733654651.457083}]}, "version": 123, "at": 1733654651.457088}
{"obj": {"type": "LogStrings", "path": ["monitoring", "be2a5789", "stderr"], "values": [{"value": "    ", "step": null, "ts": 1733654651.457112}]}, "version": 124, "at": 1733654651.4571168}
{"obj": {"type": "LogStrings", "path": ["monitoring", "be2a5789", "stderr"], "values": [{"value": "return func(*inner_args, **inner_kwargs)", "step": null, "ts": 1733654651.45714}]}, "version": 125, "at": 1733654651.457145}
{"obj": {"type": "LogStrings", "path": ["monitoring", "be2a5789", "stderr"], "values": [{"value": "\n", "step": null, "ts": 1733654651.4571688}]}, "version": 126, "at": 1733654651.457173}
{"obj": {"type": "LogStrings", "path": ["monitoring", "be2a5789", "stderr"], "values": [{"value": "  File \"/Users/saraiva/PycharmProjects/LTBio/venv/lib/python3.10/site-packages/matplotlib/backends/backend_agg.py\", line 541, in print_png\n", "step": null, "ts": 1733654651.457197}]}, "version": 127, "at": 1733654651.457202}
{"obj": {"type": "LogStrings", "path": ["monitoring", "be2a5789", "stderr"], "values": [{"value": "    ", "step": null, "ts": 1733654651.457226}]}, "version": 128, "at": 1733654651.45723}
{"obj": {"type": "LogStrings", "path": ["monitoring", "be2a5789", "stderr"], "values": [{"value": "mpl.image.imsave(", "step": null, "ts": 1733654651.457254}]}, "version": 129, "at": 1733654651.457259}
{"obj": {"type": "LogStrings", "path": ["monitoring", "be2a5789", "stderr"], "values": [{"value": "\n", "step": null, "ts": 1733654651.457283}]}, "version": 130, "at": 1733654651.4572868}
{"obj": {"type": "LogStrings", "path": ["monitoring", "be2a5789", "stderr"], "values": [{"value": "  File \"/Users/saraiva/PycharmProjects/LTBio/venv/lib/python3.10/site-packages/matplotlib/image.py\", line 1675, in imsave\n", "step": null, "ts": 1733654651.45731}]}, "version": 131, "at": 1733654651.457315}
{"obj": {"type": "LogStrings", "path": ["monitoring", "be2a5789", "stderr"], "values": [{"value": "    ", "step": null, "ts": 1733654651.457338}]}, "version": 132, "at": 1733654651.4573429}
{"obj": {"type": "LogStrings", "path": ["monitoring", "be2a5789", "stderr"], "values": [{"value": "image.save(fname, **pil_kwargs)", "step": null, "ts": 1733654651.457366}]}, "version": 133, "at": 1733654651.45737}
{"obj": {"type": "LogStrings", "path": ["monitoring", "be2a5789", "stderr"], "values": [{"value": "\n", "step": null, "ts": 1733654651.457393}]}, "version": 134, "at": 1733654651.457398}
{"obj": {"type": "LogStrings", "path": ["monitoring", "be2a5789", "stderr"], "values": [{"value": "  File \"/Users/saraiva/PycharmProjects/LTBio/venv/lib/python3.10/site-packages/PIL/Image.py\", line 2300, in save\n", "step": null, "ts": 1733654651.457422}]}, "version": 135, "at": 1733654651.4574258}
{"obj": {"type": "LogStrings", "path": ["monitoring", "be2a5789", "stderr"], "values": [{"value": "    ", "step": null, "ts": 1733654651.45745}]}, "version": 136, "at": 1733654651.4574552}
{"obj": {"type": "LogStrings", "path": ["monitoring", "be2a5789", "stderr"], "values": [{"value": "save_handler(self, fp, filename)", "step": null, "ts": 1733654651.4574778}]}, "version": 137, "at": 1733654651.457483}
{"obj": {"type": "LogStrings", "path": ["monitoring", "be2a5789", "stderr"], "values": [{"value": "\n", "step": null, "ts": 1733654651.4575071}]}, "version": 138, "at": 1733654651.457511}
{"obj": {"type": "LogStrings", "path": ["monitoring", "be2a5789", "stderr"], "values": [{"value": "  File \"/Users/saraiva/PycharmProjects/LTBio/venv/lib/python3.10/site-packages/PIL/PngImagePlugin.py\", line 1374, in _save\n", "step": null, "ts": 1733654651.4575338}]}, "version": 139, "at": 1733654651.457539}
{"obj": {"type": "LogStrings", "path": ["monitoring", "be2a5789", "stderr"], "values": [{"value": "    ", "step": null, "ts": 1733654651.4576}]}, "version": 140, "at": 1733654651.4576051}
{"obj": {"type": "LogStrings", "path": ["monitoring", "be2a5789", "stderr"], "values": [{"value": "ImageFile._save(im, _idat(fp, chunk), [(\"zip\", (0, 0) + im.size, 0, rawmode)])", "step": null, "ts": 1733654651.457629}]}, "version": 141, "at": 1733654651.457633}
{"obj": {"type": "LogStrings", "path": ["monitoring", "be2a5789", "stderr"], "values": [{"value": "\n", "step": null, "ts": 1733654651.457657}]}, "version": 142, "at": 1733654651.457661}
{"obj": {"type": "LogStrings", "path": ["monitoring", "be2a5789", "stderr"], "values": [{"value": "  File \"/Users/saraiva/PycharmProjects/LTBio/venv/lib/python3.10/site-packages/PIL/ImageFile.py\", line 518, in _save\n", "step": null, "ts": 1733654651.457684}]}, "version": 143, "at": 1733654651.457689}
{"obj": {"type": "LogStrings", "path": ["monitoring", "be2a5789", "stderr"], "values": [{"value": "    ", "step": null, "ts": 1733654651.4577122}]}, "version": 144, "at": 1733654651.457717}
{"obj": {"type": "LogStrings", "path": ["monitoring", "be2a5789", "stderr"], "values": [{"value": "l, s, d = encoder.encode(bufsize)", "step": null, "ts": 1733654651.45774}]}, "version": 145, "at": 1733654651.457744}
{"obj": {"type": "LogStrings", "path": ["monitoring", "be2a5789", "stderr"], "values": [{"value": "\n", "step": null, "ts": 1733654651.457767}]}, "version": 146, "at": 1733654651.457772}
{"obj": {"type": "LogStrings", "path": ["monitoring", "be2a5789", "stderr"], "values": [{"value": "KeyboardInterrupt", "step": null, "ts": 1733654651.457794}]}, "version": 147, "at": 1733654651.457799}
{"obj": {"type": "LogStrings", "path": ["monitoring", "be2a5789", "stderr"], "values": [{"value": "", "step": null, "ts": 1733654651.4578218}]}, "version": 148, "at": 1733654651.457827}
{"obj": {"type": "LogStrings", "path": ["monitoring", "be2a5789", "stderr"], "values": [{"value": "\n", "step": null, "ts": 1733654651.4578502}]}, "version": 149, "at": 1733654651.457855}
