{"obj": {"type": "AssignString", "path": ["sys", "name"], "value": "no name"}, "version": 1, "at": 1740677300.8151832}
{"obj": {"type": "AssignString", "path": ["sys", "description"], "value": ""}, "version": 2, "at": 1740677300.815437}
{"obj": {"type": "AssignString", "path": ["monitoring", "3d981a53", "hostname"], "value": "Macmini.fritz.box"}, "version": 3, "at": 1740677300.8155231}
{"obj": {"type": "AssignString", "path": ["sys", "hostname"], "value": "Macmini.fritz.box"}, "version": 4, "at": 1740677300.815586}
{"obj": {"type": "AssignString", "path": ["monitoring", "3d981a53", "pid"], "value": "5877"}, "version": 5, "at": 1740677300.8156438}
{"obj": {"type": "AssignString", "path": ["monitoring", "3d981a53", "tid"], "value": "8272164928"}, "version": 6, "at": 1740677300.815708}
{"obj": {"type": "AddStrings", "path": ["sys", "tags"], "values": ["Izmir", "BrainLat:AR", "mmse gap 24-26", "Istambul", "Newcastle", "6 datasets", "covariates eval", "Miltiadous", "BrainLat:CL"]}, "version": 7, "at": 1740677300.8158169}
{"obj": {"type": "AssignBool", "path": ["sys", "failed"], "value": false}, "version": 8, "at": 1740677300.8158872}
{"obj": {"type": "ClearStringLog", "path": ["monitoring", "3d981a53", "stdout"]}, "version": 9, "at": 1740677300.81597}
{"obj": {"type": "ClearStringLog", "path": ["monitoring", "3d981a53", "stderr"]}, "version": 10, "at": 1740677300.816019}
{"obj": {"type": "AssignString", "path": ["source_code", "entrypoint"], "value": "paper_results_images_each_variant.py"}, "version": 11, "at": 1740677300.8167748}
{"obj": {"type": "UploadFileSet", "path": ["source_code", "files"], "file_globs": ["/Users/saraiva/PycharmProjects/LTBio/phd_journal/24_12_03/*.py"], "reset": "False"}, "version": 12, "at": 1740677300.816872}
{"obj": {"type": "UploadFile", "path": ["source_code", "diff"], "ext": "patch", "file_path": null, "tmp_file_name": "source_code_diff-1740677300.867086-2025-02-27_18.28.20.867086.patch", "clean_after_upload": false}, "version": 13, "at": 1740677300.8673851}
{"obj": {"type": "ConfigFloatSeries", "path": ["monitoring", "3d981a53", "cpu"], "min": 0.0, "max": 100.0, "unit": "%"}, "version": 14, "at": 1740677300.873568}
{"obj": {"type": "ClearFloatLog", "path": ["monitoring", "3d981a53", "cpu"]}, "version": 15, "at": 1740677300.873661}
{"obj": {"type": "LogStrings", "path": ["monitoring", "3d981a53", "stderr"], "values": [{"value": "[neptune] [warning] /Users/saraiva/PycharmProjects/LTBio/phd_journal/24_12_03/paper_results_images_each_variant.py:43: NeptuneWarning: Info (NVML): NVML Shared Library Not Found. GPU usage metrics may not be reported. For more information, see https://docs.neptune.ai/help/nvml_error/\n", "step": null, "ts": 1740677300.873704}]}, "version": 16, "at": 1740677300.8737228}
{"obj": {"type": "ConfigFloatSeries", "path": ["monitoring", "3d981a53", "memory"], "min": 0.0, "max": 16.0, "unit": "GB"}, "version": 17, "at": 1740677300.8737879}
{"obj": {"type": "ClearFloatLog", "path": ["monitoring", "3d981a53", "memory"]}, "version": 18, "at": 1740677300.8738182}
{"obj": {"type": "LogFloats", "path": ["monitoring", "3d981a53", "cpu"], "values": [{"value": 11.9, "step": null, "ts": 1740677300.873898}]}, "version": 19, "at": 1740677300.873966}
{"obj": {"type": "AssignString", "path": ["datasets", "combination"], "value": "['Izmir', 'Newcastle', 'Miltiadous', 'Istambul', 'BrainLat:CL', 'BrainLat:AR']"}, "version": 20, "at": 1740677300.874134}
{"obj": {"type": "LogFloats", "path": ["monitoring", "3d981a53", "memory"], "values": [{"value": 11.884475708007812, "step": null, "ts": 1740677300.873898}]}, "version": 21, "at": 1740677300.874208}
{"obj": {"type": "LogStrings", "path": ["monitoring", "3d981a53", "stdout"], "values": [{"value": "cov_age: False, cov_gender: True, cov_education: False, cov_diagnosis: True", "step": null, "ts": 1740677300.874699}]}, "version": 22, "at": 1740677300.874709}
{"obj": {"type": "LogStrings", "path": ["monitoring", "3d981a53", "stdout"], "values": [{"value": "\n", "step": null, "ts": 1740677300.8747761}]}, "version": 23, "at": 1740677300.874784}
{"obj": {"type": "AssignString", "path": ["datasets", "criteria"], "value": "AD criteria: AD & (MMSE<=23 | MoCA<=18)\nHC criteria: HC & (MMSE>=27 | MoCA>=24)"}, "version": 24, "at": 1740677301.6492622}
{"obj": {"type": "UploadFile", "path": ["datasets", "before", "Izmir"], "ext": "html", "file_path": null, "tmp_file_name": "datasets_before_Izmir-1740677301.672472-2025-02-27_18.28.21.672472.html", "clean_after_upload": false}, "version": 25, "at": 1740677301.673096}
{"obj": {"type": "UploadFile", "path": ["datasets", "before", "Newcastle"], "ext": "html", "file_path": null, "tmp_file_name": "datasets_before_Newcastle-1740677301.684163-2025-02-27_18.28.21.684163.html", "clean_after_upload": false}, "version": 26, "at": 1740677301.684843}
{"obj": {"type": "UploadFile", "path": ["datasets", "before", "Miltiadous"], "ext": "html", "file_path": null, "tmp_file_name": "datasets_before_Miltiadous-1740677301.702115-2025-02-27_18.28.21.702115.html", "clean_after_upload": false}, "version": 27, "at": 1740677301.7025971}
{"obj": {"type": "UploadFile", "path": ["datasets", "before", "Istambul"], "ext": "html", "file_path": null, "tmp_file_name": "datasets_before_Istambul-1740677301.718056-2025-02-27_18.28.21.718056.html", "clean_after_upload": false}, "version": 28, "at": 1740677301.71874}
{"obj": {"type": "UploadFile", "path": ["datasets", "before", "BrainLat:CL"], "ext": "html", "file_path": null, "tmp_file_name": "datasets_before_BrainLat:CL-1740677301.724475-2025-02-27_18.28.21.724475.html", "clean_after_upload": false}, "version": 29, "at": 1740677301.724739}
{"obj": {"type": "UploadFile", "path": ["datasets", "before", "BrainLat:AR"], "ext": "html", "file_path": null, "tmp_file_name": "datasets_before_BrainLat:AR-1740677301.73251-2025-02-27_18.28.21.732510.html", "clean_after_upload": false}, "version": 30, "at": 1740677301.733118}
{"obj": {"type": "LogStrings", "path": ["monitoring", "3d981a53", "stdout"], "values": [{"value": "3", "step": null, "ts": 1740677301.736614}]}, "version": 31, "at": 1740677301.73663}
{"obj": {"type": "LogStrings", "path": ["monitoring", "3d981a53", "stdout"], "values": [{"value": "\n", "step": null, "ts": 1740677301.737851}]}, "version": 32, "at": 1740677301.7378612}
{"obj": {"type": "LogStrings", "path": ["monitoring", "3d981a53", "stdout"], "values": [{"value": "Applying NeuroHarmonize...", "step": null, "ts": 1740677301.737967}]}, "version": 33, "at": 1740677301.737974}
{"obj": {"type": "LogStrings", "path": ["monitoring", "3d981a53", "stdout"], "values": [{"value": "\n", "step": null, "ts": 1740677301.738076}]}, "version": 34, "at": 1740677301.738081}
{"obj": {"type": "LogStrings", "path": ["monitoring", "3d981a53", "stdout"], "values": [{"value": "Covariates:", "step": null, "ts": 1740677301.7381918}]}, "version": 35, "at": 1740677301.738197}
{"obj": {"type": "LogStrings", "path": ["monitoring", "3d981a53", "stdout"], "values": [{"value": " ", "step": null, "ts": 1740677301.7382941}]}, "version": 36, "at": 1740677301.7382982}
{"obj": {"type": "LogStrings", "path": ["monitoring", "3d981a53", "stdout"], "values": [{"value": "Index(['SITE', 'GENDER', 'DIAGNOSIS'], dtype='object')", "step": null, "ts": 1740677301.7383392}]}, "version": 37, "at": 1740677301.738344}
{"obj": {"type": "LogStrings", "path": ["monitoring", "3d981a53", "stdout"], "values": [{"value": "\n", "step": null, "ts": 1740677301.7384}]}, "version": 38, "at": 1740677301.7384079}
{"obj": {"type": "LogStrings", "path": ["monitoring", "3d981a53", "stderr"], "values": [{"value": "/Users/saraiva/PycharmProjects/LTBio/phd_journal/24_12_03/combat_variations.py:135: SettingWithCopyWarning: \nA value is trying to be set on a copy of a slice from a DataFrame\n\nSee the caveats in the documentation: https://pandas.pydata.org/pandas-docs/stable/user_guide/indexing.html#returning-a-view-versus-a-copy\n  covariates['DIAGNOSIS'].replace('AD', 1, inplace=True)\n", "step": null, "ts": 1740677301.8544672}]}, "version": 39, "at": 1740677301.854487}
{"obj": {"type": "LogStrings", "path": ["monitoring", "3d981a53", "stderr"], "values": [{"value": "/Users/saraiva/PycharmProjects/LTBio/phd_journal/24_12_03/combat_variations.py:136: SettingWithCopyWarning: \nA value is trying to be set on a copy of a slice from a DataFrame\n\nSee the caveats in the documentation: https://pandas.pydata.org/pandas-docs/stable/user_guide/indexing.html#returning-a-view-versus-a-copy\n  covariates['DIAGNOSIS'].replace('HC', 0, inplace=True)\n", "step": null, "ts": 1740677301.855021}]}, "version": 40, "at": 1740677301.855029}
{"obj": {"type": "LogStrings", "path": ["monitoring", "3d981a53", "stderr"], "values": [{"value": "/Users/saraiva/PycharmProjects/LTBio/phd_journal/24_12_03/combat_variations.py:139: SettingWithCopyWarning: \nA value is trying to be set on a copy of a slice from a DataFrame\n\nSee the caveats in the documentation: https://pandas.pydata.org/pandas-docs/stable/user_guide/indexing.html#returning-a-view-versus-a-copy\n  covariates.dropna(inplace=True, axis=0)\n", "step": null, "ts": 1740677301.8573}]}, "version": 41, "at": 1740677301.857311}
{"obj": {"type": "LogStrings", "path": ["monitoring", "3d981a53", "stdout"], "values": [{"value": "N=276, P=48", "step": null, "ts": 1740677301.857634}]}, "version": 42, "at": 1740677301.857644}
{"obj": {"type": "LogStrings", "path": ["monitoring", "3d981a53", "stdout"], "values": [{"value": "\n", "step": null, "ts": 1740677301.8586502}]}, "version": 43, "at": 1740677301.858659}
{"obj": {"type": "LogStrings", "path": ["monitoring", "3d981a53", "stdout"], "values": [{"value": "\n[neuroHarmonize]: smoothing more than 10 variables may take several minutes of computation.", "step": null, "ts": 1740677301.865601}]}, "version": 44, "at": 1740677301.8656158}
{"obj": {"type": "LogStrings", "path": ["monitoring", "3d981a53", "stdout"], "values": [{"value": "\n", "step": null, "ts": 1740677301.8664188}]}, "version": 45, "at": 1740677301.866428}
{"obj": {"type": "LogStrings", "path": ["monitoring", "3d981a53", "traceback"], "values": [{"value": "An uncaught exception occurred while run was active on worker Macmini.fritz.box.", "step": null, "ts": 1740677306.245496}, {"value": "Marking run as failed", "step": null, "ts": 1740677306.245496}, {"value": "Traceback:", "step": null, "ts": 1740677306.245496}, {"value": "  File \"/Users/saraiva/PycharmProjects/LTBio/phd_journal/24_12_03/paper_results_images_each_variant.py\", line 70, in <module>\n    make_results(run, out_path, list(dataset_combination), variant, cov_age, cov_gender, cov_education, cov_diagnosis, MMSE_criteria, MoCA_criteria, n_pc)\n", "step": null, "ts": 1740677306.245496}, {"value": "  File \"/Users/saraiva/PycharmProjects/LTBio/phd_journal/24_12_03/paper_results_each_variant.py\", line 78, in make_results\n    datasets, dist_parameters = apply_combat(run, datasets, datasets_metadata, _out_path=variation_out_path,\n", "step": null, "ts": 1740677306.245496}, {"value": "  File \"/Users/saraiva/PycharmProjects/LTBio/phd_journal/24_12_03/processing.py\", line 81, in apply_combat\n    X, dist_parameters = neuro_harmonize(X, all_metadata, cov_age=cov_age,\n", "step": null, "ts": 1740677306.245496}, {"value": "  File \"/Users/saraiva/PycharmProjects/LTBio/phd_journal/24_12_03/combat_variations.py\", line 147, in neuro_harmonize\n    combat_model, harmonized_data = harmonizationLearn(data, covariates, smooth_terms=non_linear_covars)\n", "step": null, "ts": 1740677306.245496}, {"value": "  File \"/Users/saraiva/PycharmProjects/LTBio/venv/lib/python3.10/site-packages/neuroHarmonize/harmonizationLearn.py\", line 192, in harmonizationLearn\n    s_data, stand_mean, var_pooled, mod_mean, B_hat = standardizeAcrossFeatures(\n", "step": null, "ts": 1740677306.245496}, {"value": "  File \"/Users/saraiva/PycharmProjects/LTBio/venv/lib/python3.10/site-packages/neuroHarmonize/harmonizationLearn.py\", line 309, in standardizeAcrossFeatures\n    gam_bs.alpha = gam_bs.select_penweight_kfold()[0]\n", "step": null, "ts": 1740677306.245496}, {"value": "  File \"/Users/saraiva/PycharmProjects/LTBio/venv/lib/python3.10/site-packages/statsmodels/gam/generalized_additive_model.py\", line 916, in select_penweight_kfold\n    gam_cv_res = gam_cv.fit()\n", "step": null, "ts": 1740677306.245496}]}, "version": 46, "at": 1740677306.245537}
{"obj": {"type": "LogStrings", "path": ["monitoring", "3d981a53", "traceback"], "values": [{"value": "  File \"/Users/saraiva/PycharmProjects/LTBio/venv/lib/python3.10/site-packages/statsmodels/gam/gam_cross_validation/gam_cross_validation.py\", line 205, in fit\n    cv_err = gam_cv.fit(**kwargs)\n", "step": null, "ts": 1740677306.245496}, {"value": "  File \"/Users/saraiva/PycharmProjects/LTBio/venv/lib/python3.10/site-packages/statsmodels/gam/gam_cross_validation/gam_cross_validation.py\", line 40, in fit\n    cv_err.append(self._error(train_index, test_index, **kwargs))\n", "step": null, "ts": 1740677306.245496}, {"value": "  File \"/Users/saraiva/PycharmProjects/LTBio/venv/lib/python3.10/site-packages/statsmodels/gam/gam_cross_validation/gam_cross_validation.py\", line 120, in _error\n    gam_res = gam.fit(**kwargs)\n", "step": null, "ts": 1740677306.245496}, {"value": "  File \"/Users/saraiva/PycharmProjects/LTBio/venv/lib/python3.10/site-packages/statsmodels/gam/generalized_additive_model.py\", line 634, in fit\n    res = self._fit_pirls(self.alpha, start_params=start_params,\n", "step": null, "ts": 1740677306.245496}, {"value": "  File \"/Users/saraiva/PycharmProjects/LTBio/venv/lib/python3.10/site-packages/statsmodels/gam/generalized_additive_model.py\", line 723, in _fit_pirls\n    wls_results = penalized_wls(wlsendog, wlsexog, spl_s, self.weights)\n", "step": null, "ts": 1740677306.245496}, {"value": "  File \"/Users/saraiva/PycharmProjects/LTBio/venv/lib/python3.10/site-packages/statsmodels/gam/generalized_additive_model.py\", line 966, in penalized_wls\n    wls_results = lm.WLS(aug_y, aug_x, aug_weights).fit()\n", "step": null, "ts": 1740677306.245496}, {"value": "  File \"/Users/saraiva/PycharmProjects/LTBio/venv/lib/python3.10/site-packages/statsmodels/regression/linear_model.py\", line 717, in __init__\n    super(WLS, self).__init__(endog, exog, missing=missing,\n", "step": null, "ts": 1740677306.245496}, {"value": "  File \"/Users/saraiva/PycharmProjects/LTBio/venv/lib/python3.10/site-packages/statsmodels/regression/linear_model.py\", line 191, in __init__\n    super(RegressionModel, self).__init__(endog, exog, **kwargs)\n", "step": null, "ts": 1740677306.245496}, {"value": "  File \"/Users/saraiva/PycharmProjects/LTBio/venv/lib/python3.10/site-packages/statsmodels/base/model.py\", line 267, in __init__\n    super().__init__(endog, exog, **kwargs)\n", "step": null, "ts": 1740677306.245496}, {"value": "  File \"/Users/saraiva/PycharmProjects/LTBio/venv/lib/python3.10/site-packages/statsmodels/base/model.py\", line 92, in __init__\n    self.data = self._handle_data(endog, exog, missing, hasconst,\n", "step": null, "ts": 1740677306.245496}]}, "version": 47, "at": 1740677306.2456598}
{"obj": {"type": "LogStrings", "path": ["monitoring", "3d981a53", "traceback"], "values": [{"value": "  File \"/Users/saraiva/PycharmProjects/LTBio/venv/lib/python3.10/site-packages/statsmodels/base/model.py\", line 132, in _handle_data\n    data = handle_data(endog, exog, missing, hasconst, **kwargs)\n", "step": null, "ts": 1740677306.245496}, {"value": "  File \"/Users/saraiva/PycharmProjects/LTBio/venv/lib/python3.10/site-packages/statsmodels/base/data.py\", line 673, in handle_data\n    return klass(endog, exog=exog, missing=missing, hasconst=hasconst,\n", "step": null, "ts": 1740677306.245496}, {"value": "  File \"/Users/saraiva/PycharmProjects/LTBio/venv/lib/python3.10/site-packages/statsmodels/base/data.py\", line 86, in __init__\n    self._handle_constant(hasconst)\n", "step": null, "ts": 1740677306.245496}, {"value": "  File \"/Users/saraiva/PycharmProjects/LTBio/venv/lib/python3.10/site-packages/statsmodels/base/data.py\", line 176, in _handle_constant\n    rank_orig = np.linalg.matrix_rank(self.exog)\n", "step": null, "ts": 1740677306.245496}, {"value": "  File \"<__array_function__ internals>\", line 180, in matrix_rank\n", "step": null, "ts": 1740677306.245496}, {"value": "  File \"/Users/saraiva/PycharmProjects/LTBio/venv/lib/python3.10/site-packages/numpy/linalg/linalg.py\", line 1898, in matrix_rank\n    S = svd(A, compute_uv=False, hermitian=hermitian)\n", "step": null, "ts": 1740677306.245496}, {"value": "  File \"<__array_function__ internals>\", line 180, in svd\n", "step": null, "ts": 1740677306.245496}, {"value": "  File \"/Users/saraiva/PycharmProjects/LTBio/venv/lib/python3.10/site-packages/numpy/linalg/linalg.py\", line 1669, in svd\n    s = gufunc(a, signature=signature, extobj=extobj)\n", "step": null, "ts": 1740677306.245496}, {"value": "", "step": null, "ts": 1740677306.245496}]}, "version": 48, "at": 1740677306.245698}
{"obj": {"type": "AssignBool", "path": ["sys", "failed"], "value": true}, "version": 49, "at": 1740677306.24575}
{"obj": {"type": "LogStrings", "path": ["monitoring", "3d981a53", "stderr"], "values": [{"value": "Traceback (most recent call last):\n", "step": null, "ts": 1740677306.245837}]}, "version": 50, "at": 1740677306.2458491}
{"obj": {"type": "LogStrings", "path": ["monitoring", "3d981a53", "stderr"], "values": [{"value": "  File \"/Users/saraiva/PycharmProjects/LTBio/phd_journal/24_12_03/paper_results_images_each_variant.py\", line 70, in <module>\n", "step": null, "ts": 1740677306.2459369}]}, "version": 51, "at": 1740677306.245945}
{"obj": {"type": "LogStrings", "path": ["monitoring", "3d981a53", "stderr"], "values": [{"value": "    ", "step": null, "ts": 1740677306.246022}]}, "version": 52, "at": 1740677306.246028}
{"obj": {"type": "LogStrings", "path": ["monitoring", "3d981a53", "stderr"], "values": [{"value": "make_results(run, out_path, list(dataset_combination), variant, cov_age, cov_gender, cov_education, cov_diagnosis, MMSE_criteria, MoCA_criteria, n_pc)", "step": null, "ts": 1740677306.246119}]}, "version": 53, "at": 1740677306.2461271}
{"obj": {"type": "LogStrings", "path": ["monitoring", "3d981a53", "stderr"], "values": [{"value": "\n", "step": null, "ts": 1740677306.2462158}]}, "version": 54, "at": 1740677306.246222}
{"obj": {"type": "LogStrings", "path": ["monitoring", "3d981a53", "stderr"], "values": [{"value": "  File \"/Users/saraiva/PycharmProjects/LTBio/phd_journal/24_12_03/paper_results_each_variant.py\", line 78, in make_results\n", "step": null, "ts": 1740677306.246315}]}, "version": 55, "at": 1740677306.24632}
{"obj": {"type": "LogStrings", "path": ["monitoring", "3d981a53", "stderr"], "values": [{"value": "    ", "step": null, "ts": 1740677306.2464058}]}, "version": 56, "at": 1740677306.246411}
{"obj": {"type": "LogStrings", "path": ["monitoring", "3d981a53", "stderr"], "values": [{"value": "datasets, dist_parameters = apply_combat(run, datasets, datasets_metadata, _out_path=variation_out_path,", "step": null, "ts": 1740677306.2464929}]}, "version": 57, "at": 1740677306.246498}
{"obj": {"type": "LogStrings", "path": ["monitoring", "3d981a53", "stderr"], "values": [{"value": "\n", "step": null, "ts": 1740677306.2465868}]}, "version": 58, "at": 1740677306.246592}
{"obj": {"type": "LogStrings", "path": ["monitoring", "3d981a53", "stderr"], "values": [{"value": "  File \"/Users/saraiva/PycharmProjects/LTBio/phd_journal/24_12_03/processing.py\", line 81, in apply_combat\n", "step": null, "ts": 1740677306.246667}]}, "version": 59, "at": 1740677306.246672}
{"obj": {"type": "LogStrings", "path": ["monitoring", "3d981a53", "stderr"], "values": [{"value": "    ", "step": null, "ts": 1740677306.2467399}]}, "version": 60, "at": 1740677306.246746}
{"obj": {"type": "LogStrings", "path": ["monitoring", "3d981a53", "stderr"], "values": [{"value": "X, dist_parameters = neuro_harmonize(X, all_metadata, cov_age=cov_age,", "step": null, "ts": 1740677306.246816}]}, "version": 61, "at": 1740677306.2468212}
{"obj": {"type": "LogStrings", "path": ["monitoring", "3d981a53", "stderr"], "values": [{"value": "\n", "step": null, "ts": 1740677306.246937}]}, "version": 62, "at": 1740677306.2469409}
{"obj": {"type": "LogStrings", "path": ["monitoring", "3d981a53", "stderr"], "values": [{"value": "  File \"/Users/saraiva/PycharmProjects/LTBio/phd_journal/24_12_03/combat_variations.py\", line 147, in neuro_harmonize\n", "step": null, "ts": 1740677306.247063}]}, "version": 63, "at": 1740677306.247067}
{"obj": {"type": "LogStrings", "path": ["monitoring", "3d981a53", "stderr"], "values": [{"value": "    ", "step": null, "ts": 1740677306.2472079}]}, "version": 64, "at": 1740677306.2472131}
{"obj": {"type": "LogStrings", "path": ["monitoring", "3d981a53", "stderr"], "values": [{"value": "combat_model, harmonized_data = harmonizationLearn(data, covariates, smooth_terms=non_linear_covars)", "step": null, "ts": 1740677306.2473412}]}, "version": 65, "at": 1740677306.247346}
{"obj": {"type": "LogStrings", "path": ["monitoring", "3d981a53", "stderr"], "values": [{"value": "\n", "step": null, "ts": 1740677306.247425}]}, "version": 66, "at": 1740677306.2474298}
{"obj": {"type": "LogStrings", "path": ["monitoring", "3d981a53", "stderr"], "values": [{"value": "  File \"/Users/saraiva/PycharmProjects/LTBio/venv/lib/python3.10/site-packages/neuroHarmonize/harmonizationLearn.py\", line 192, in harmonizationLearn\n", "step": null, "ts": 1740677306.2475069}]}, "version": 67, "at": 1740677306.247512}
{"obj": {"type": "LogStrings", "path": ["monitoring", "3d981a53", "stderr"], "values": [{"value": "    ", "step": null, "ts": 1740677306.247583}]}, "version": 68, "at": 1740677306.2475882}
{"obj": {"type": "LogStrings", "path": ["monitoring", "3d981a53", "stderr"], "values": [{"value": "s_data, stand_mean, var_pooled, mod_mean, B_hat = standardizeAcrossFeatures(", "step": null, "ts": 1740677306.247659}]}, "version": 69, "at": 1740677306.2476642}
{"obj": {"type": "LogStrings", "path": ["monitoring", "3d981a53", "stderr"], "values": [{"value": "\n", "step": null, "ts": 1740677306.247787}]}, "version": 70, "at": 1740677306.2477922}
{"obj": {"type": "LogStrings", "path": ["monitoring", "3d981a53", "stderr"], "values": [{"value": "  File \"/Users/saraiva/PycharmProjects/LTBio/venv/lib/python3.10/site-packages/neuroHarmonize/harmonizationLearn.py\", line 309, in standardizeAcrossFeatures\n", "step": null, "ts": 1740677306.2478578}]}, "version": 71, "at": 1740677306.247864}
{"obj": {"type": "LogStrings", "path": ["monitoring", "3d981a53", "stderr"], "values": [{"value": "    ", "step": null, "ts": 1740677306.2479491}]}, "version": 72, "at": 1740677306.247953}
{"obj": {"type": "LogStrings", "path": ["monitoring", "3d981a53", "stderr"], "values": [{"value": "gam_bs.alpha = gam_bs.select_penweight_kfold()[0]", "step": null, "ts": 1740677306.2479959}]}, "version": 73, "at": 1740677306.248001}
{"obj": {"type": "LogStrings", "path": ["monitoring", "3d981a53", "stderr"], "values": [{"value": "\n", "step": null, "ts": 1740677306.2480361}]}, "version": 74, "at": 1740677306.248041}
{"obj": {"type": "LogStrings", "path": ["monitoring", "3d981a53", "stderr"], "values": [{"value": "  File \"/Users/saraiva/PycharmProjects/LTBio/venv/lib/python3.10/site-packages/statsmodels/gam/generalized_additive_model.py\", line 916, in select_penweight_kfold\n", "step": null, "ts": 1740677306.2480881}]}, "version": 75, "at": 1740677306.248092}
{"obj": {"type": "LogStrings", "path": ["monitoring", "3d981a53", "stderr"], "values": [{"value": "    ", "step": null, "ts": 1740677306.248127}]}, "version": 76, "at": 1740677306.248131}
{"obj": {"type": "LogStrings", "path": ["monitoring", "3d981a53", "stderr"], "values": [{"value": "gam_cv_res = gam_cv.fit()", "step": null, "ts": 1740677306.248371}]}, "version": 77, "at": 1740677306.248375}
{"obj": {"type": "LogStrings", "path": ["monitoring", "3d981a53", "stderr"], "values": [{"value": "\n", "step": null, "ts": 1740677306.2484229}]}, "version": 78, "at": 1740677306.248428}
{"obj": {"type": "LogStrings", "path": ["monitoring", "3d981a53", "stdout"], "values": [{"value": "[neptune] [info   ] Shutting down background jobs, please wait a moment...\n", "step": null, "ts": 1740677306.248826}]}, "version": 79, "at": 1740677306.2488341}
{"obj": {"type": "LogStrings", "path": ["monitoring", "3d981a53", "stderr"], "values": [{"value": "  File \"/Users/saraiva/PycharmProjects/LTBio/venv/lib/python3.10/site-packages/statsmodels/gam/gam_cross_validation/gam_cross_validation.py\", line 205, in fit\n", "step": null, "ts": 1740677306.2488809}]}, "version": 80, "at": 1740677306.248888}
{"obj": {"type": "LogStrings", "path": ["monitoring", "3d981a53", "stderr"], "values": [{"value": "    ", "step": null, "ts": 1740677306.248941}]}, "version": 81, "at": 1740677306.248947}
{"obj": {"type": "LogStrings", "path": ["monitoring", "3d981a53", "stderr"], "values": [{"value": "cv_err = gam_cv.fit(**kwargs)", "step": null, "ts": 1740677306.248986}]}, "version": 82, "at": 1740677306.248991}
{"obj": {"type": "LogStrings", "path": ["monitoring", "3d981a53", "stderr"], "values": [{"value": "\n", "step": null, "ts": 1740677306.249016}]}, "version": 83, "at": 1740677306.2490208}
{"obj": {"type": "LogStrings", "path": ["monitoring", "3d981a53", "stderr"], "values": [{"value": "  File \"/Users/saraiva/PycharmProjects/LTBio/venv/lib/python3.10/site-packages/statsmodels/gam/gam_cross_validation/gam_cross_validation.py\", line 40, in fit\n", "step": null, "ts": 1740677306.249046}]}, "version": 84, "at": 1740677306.2490501}
{"obj": {"type": "LogStrings", "path": ["monitoring", "3d981a53", "stderr"], "values": [{"value": "    ", "step": null, "ts": 1740677306.249075}]}, "version": 85, "at": 1740677306.249079}
{"obj": {"type": "LogStrings", "path": ["monitoring", "3d981a53", "stderr"], "values": [{"value": "cv_err.append(self._error(train_index, test_index, **kwargs))", "step": null, "ts": 1740677306.249102}]}, "version": 86, "at": 1740677306.249107}
{"obj": {"type": "LogStrings", "path": ["monitoring", "3d981a53", "stderr"], "values": [{"value": "\n", "step": null, "ts": 1740677306.24913}]}, "version": 87, "at": 1740677306.249135}
{"obj": {"type": "LogStrings", "path": ["monitoring", "3d981a53", "stderr"], "values": [{"value": "  File \"/Users/saraiva/PycharmProjects/LTBio/venv/lib/python3.10/site-packages/statsmodels/gam/gam_cross_validation/gam_cross_validation.py\", line 120, in _error\n", "step": null, "ts": 1740677306.249162}]}, "version": 88, "at": 1740677306.2491672}
{"obj": {"type": "LogStrings", "path": ["monitoring", "3d981a53", "stderr"], "values": [{"value": "    ", "step": null, "ts": 1740677306.249207}]}, "version": 89, "at": 1740677306.2492118}
{"obj": {"type": "LogStrings", "path": ["monitoring", "3d981a53", "stderr"], "values": [{"value": "gam_res = gam.fit(**kwargs)", "step": null, "ts": 1740677306.249234}]}, "version": 90, "at": 1740677306.249239}
{"obj": {"type": "LogStrings", "path": ["monitoring", "3d981a53", "stderr"], "values": [{"value": "\n", "step": null, "ts": 1740677306.249262}]}, "version": 91, "at": 1740677306.249266}
{"obj": {"type": "LogStrings", "path": ["monitoring", "3d981a53", "stderr"], "values": [{"value": "  File \"/Users/saraiva/PycharmProjects/LTBio/venv/lib/python3.10/site-packages/statsmodels/gam/generalized_additive_model.py\", line 634, in fit\n", "step": null, "ts": 1740677306.249287}]}, "version": 92, "at": 1740677306.2492921}
{"obj": {"type": "LogStrings", "path": ["monitoring", "3d981a53", "stderr"], "values": [{"value": "    ", "step": null, "ts": 1740677306.249313}]}, "version": 93, "at": 1740677306.249318}
{"obj": {"type": "LogStrings", "path": ["monitoring", "3d981a53", "stderr"], "values": [{"value": "res = self._fit_pirls(self.alpha, start_params=start_params,", "step": null, "ts": 1740677306.249344}]}, "version": 94, "at": 1740677306.2493482}
{"obj": {"type": "LogStrings", "path": ["monitoring", "3d981a53", "stderr"], "values": [{"value": "\n", "step": null, "ts": 1740677306.24937}]}, "version": 95, "at": 1740677306.249374}
{"obj": {"type": "LogStrings", "path": ["monitoring", "3d981a53", "stderr"], "values": [{"value": "  File \"/Users/saraiva/PycharmProjects/LTBio/venv/lib/python3.10/site-packages/statsmodels/gam/generalized_additive_model.py\", line 723, in _fit_pirls\n", "step": null, "ts": 1740677306.249396}]}, "version": 96, "at": 1740677306.249401}
{"obj": {"type": "LogStrings", "path": ["monitoring", "3d981a53", "stderr"], "values": [{"value": "    ", "step": null, "ts": 1740677306.249423}]}, "version": 97, "at": 1740677306.2494268}
{"obj": {"type": "LogStrings", "path": ["monitoring", "3d981a53", "stderr"], "values": [{"value": "wls_results = penalized_wls(wlsendog, wlsexog, spl_s, self.weights)", "step": null, "ts": 1740677306.249449}]}, "version": 98, "at": 1740677306.249453}
{"obj": {"type": "LogStrings", "path": ["monitoring", "3d981a53", "stderr"], "values": [{"value": "\n", "step": null, "ts": 1740677306.249474}]}, "version": 99, "at": 1740677306.2494788}
{"obj": {"type": "LogStrings", "path": ["monitoring", "3d981a53", "stderr"], "values": [{"value": "  File \"/Users/saraiva/PycharmProjects/LTBio/venv/lib/python3.10/site-packages/statsmodels/gam/generalized_additive_model.py\", line 966, in penalized_wls\n", "step": null, "ts": 1740677306.2494998}]}, "version": 100, "at": 1740677306.249504}
{"obj": {"type": "LogStrings", "path": ["monitoring", "3d981a53", "stderr"], "values": [{"value": "    ", "step": null, "ts": 1740677306.2495282}]}, "version": 101, "at": 1740677306.249533}
{"obj": {"type": "LogStrings", "path": ["monitoring", "3d981a53", "stderr"], "values": [{"value": "wls_results = lm.WLS(aug_y, aug_x, aug_weights).fit()", "step": null, "ts": 1740677306.249554}]}, "version": 102, "at": 1740677306.249558}
{"obj": {"type": "LogStrings", "path": ["monitoring", "3d981a53", "stderr"], "values": [{"value": "\n", "step": null, "ts": 1740677306.2495801}]}, "version": 103, "at": 1740677306.2495842}
{"obj": {"type": "LogStrings", "path": ["monitoring", "3d981a53", "stderr"], "values": [{"value": "  File \"/Users/saraiva/PycharmProjects/LTBio/venv/lib/python3.10/site-packages/statsmodels/regression/linear_model.py\", line 717, in __init__\n", "step": null, "ts": 1740677306.2496052}]}, "version": 104, "at": 1740677306.24961}
{"obj": {"type": "LogStrings", "path": ["monitoring", "3d981a53", "stderr"], "values": [{"value": "    ", "step": null, "ts": 1740677306.249632}]}, "version": 105, "at": 1740677306.2496362}
{"obj": {"type": "LogStrings", "path": ["monitoring", "3d981a53", "stderr"], "values": [{"value": "super(WLS, self).__init__(endog, exog, missing=missing,", "step": null, "ts": 1740677306.2496572}]}, "version": 106, "at": 1740677306.249661}
{"obj": {"type": "LogStrings", "path": ["monitoring", "3d981a53", "stderr"], "values": [{"value": "\n", "step": null, "ts": 1740677306.2496908}]}, "version": 107, "at": 1740677306.249695}
{"obj": {"type": "LogStrings", "path": ["monitoring", "3d981a53", "stderr"], "values": [{"value": "  File \"/Users/saraiva/PycharmProjects/LTBio/venv/lib/python3.10/site-packages/statsmodels/regression/linear_model.py\", line 191, in __init__\n", "step": null, "ts": 1740677306.249717}]}, "version": 108, "at": 1740677306.249721}
{"obj": {"type": "LogStrings", "path": ["monitoring", "3d981a53", "stderr"], "values": [{"value": "    ", "step": null, "ts": 1740677306.249745}]}, "version": 109, "at": 1740677306.249749}
{"obj": {"type": "LogStrings", "path": ["monitoring", "3d981a53", "stderr"], "values": [{"value": "super(RegressionModel, self).__init__(endog, exog, **kwargs)", "step": null, "ts": 1740677306.249771}]}, "version": 110, "at": 1740677306.249782}
{"obj": {"type": "LogStrings", "path": ["monitoring", "3d981a53", "stderr"], "values": [{"value": "\n", "step": null, "ts": 1740677306.249804}]}, "version": 111, "at": 1740677306.2498078}
{"obj": {"type": "LogStrings", "path": ["monitoring", "3d981a53", "stderr"], "values": [{"value": "  File \"/Users/saraiva/PycharmProjects/LTBio/venv/lib/python3.10/site-packages/statsmodels/base/model.py\", line 267, in __init__\n", "step": null, "ts": 1740677306.249829}]}, "version": 112, "at": 1740677306.249834}
{"obj": {"type": "LogStrings", "path": ["monitoring", "3d981a53", "stderr"], "values": [{"value": "    ", "step": null, "ts": 1740677306.249855}]}, "version": 113, "at": 1740677306.249859}
{"obj": {"type": "LogStrings", "path": ["monitoring", "3d981a53", "stderr"], "values": [{"value": "super().__init__(endog, exog, **kwargs)", "step": null, "ts": 1740677306.249881}]}, "version": 114, "at": 1740677306.2498848}
{"obj": {"type": "LogStrings", "path": ["monitoring", "3d981a53", "stderr"], "values": [{"value": "\n", "step": null, "ts": 1740677306.249907}]}, "version": 115, "at": 1740677306.249912}
{"obj": {"type": "LogStrings", "path": ["monitoring", "3d981a53", "stderr"], "values": [{"value": "  File \"/Users/saraiva/PycharmProjects/LTBio/venv/lib/python3.10/site-packages/statsmodels/base/model.py\", line 92, in __init__\n", "step": null, "ts": 1740677306.2499342}]}, "version": 116, "at": 1740677306.249939}
{"obj": {"type": "LogStrings", "path": ["monitoring", "3d981a53", "stderr"], "values": [{"value": "    ", "step": null, "ts": 1740677306.249962}]}, "version": 117, "at": 1740677306.249967}
{"obj": {"type": "LogStrings", "path": ["monitoring", "3d981a53", "stderr"], "values": [{"value": "self.data = self._handle_data(endog, exog, missing, hasconst,", "step": null, "ts": 1740677306.249989}]}, "version": 118, "at": 1740677306.249994}
{"obj": {"type": "LogStrings", "path": ["monitoring", "3d981a53", "stderr"], "values": [{"value": "\n", "step": null, "ts": 1740677306.250017}]}, "version": 119, "at": 1740677306.2500212}
{"obj": {"type": "LogStrings", "path": ["monitoring", "3d981a53", "stderr"], "values": [{"value": "  File \"/Users/saraiva/PycharmProjects/LTBio/venv/lib/python3.10/site-packages/statsmodels/base/model.py\", line 132, in _handle_data\n", "step": null, "ts": 1740677306.2500439}]}, "version": 120, "at": 1740677306.250049}
{"obj": {"type": "LogStrings", "path": ["monitoring", "3d981a53", "stderr"], "values": [{"value": "    ", "step": null, "ts": 1740677306.250072}]}, "version": 121, "at": 1740677306.2500758}
{"obj": {"type": "LogStrings", "path": ["monitoring", "3d981a53", "stderr"], "values": [{"value": "data = handle_data(endog, exog, missing, hasconst, **kwargs)", "step": null, "ts": 1740677306.250099}]}, "version": 122, "at": 1740677306.250104}
{"obj": {"type": "LogStrings", "path": ["monitoring", "3d981a53", "stderr"], "values": [{"value": "\n", "step": null, "ts": 1740677306.250139}]}, "version": 123, "at": 1740677306.250144}
{"obj": {"type": "LogStrings", "path": ["monitoring", "3d981a53", "stderr"], "values": [{"value": "  File \"/Users/saraiva/PycharmProjects/LTBio/venv/lib/python3.10/site-packages/statsmodels/base/data.py\", line 673, in handle_data\n", "step": null, "ts": 1740677306.2501671}]}, "version": 124, "at": 1740677306.250171}
{"obj": {"type": "LogStrings", "path": ["monitoring", "3d981a53", "stderr"], "values": [{"value": "    ", "step": null, "ts": 1740677306.2501938}]}, "version": 125, "at": 1740677306.250199}
{"obj": {"type": "LogStrings", "path": ["monitoring", "3d981a53", "stderr"], "values": [{"value": "return klass(endog, exog=exog, missing=missing, hasconst=hasconst,", "step": null, "ts": 1740677306.250222}]}, "version": 126, "at": 1740677306.250227}
{"obj": {"type": "LogStrings", "path": ["monitoring", "3d981a53", "stderr"], "values": [{"value": "\n", "step": null, "ts": 1740677306.25025}]}, "version": 127, "at": 1740677306.2502542}
{"obj": {"type": "LogStrings", "path": ["monitoring", "3d981a53", "stderr"], "values": [{"value": "  File \"/Users/saraiva/PycharmProjects/LTBio/venv/lib/python3.10/site-packages/statsmodels/base/data.py\", line 86, in __init__\n", "step": null, "ts": 1740677306.250277}]}, "version": 128, "at": 1740677306.2502809}
{"obj": {"type": "LogStrings", "path": ["monitoring", "3d981a53", "stderr"], "values": [{"value": "    ", "step": null, "ts": 1740677306.250305}]}, "version": 129, "at": 1740677306.2503092}
{"obj": {"type": "LogStrings", "path": ["monitoring", "3d981a53", "stderr"], "values": [{"value": "self._handle_constant(hasconst)", "step": null, "ts": 1740677306.2503319}]}, "version": 130, "at": 1740677306.250336}
{"obj": {"type": "LogStrings", "path": ["monitoring", "3d981a53", "stderr"], "values": [{"value": "\n", "step": null, "ts": 1740677306.250357}]}, "version": 131, "at": 1740677306.2503622}
{"obj": {"type": "LogStrings", "path": ["monitoring", "3d981a53", "stderr"], "values": [{"value": "  File \"/Users/saraiva/PycharmProjects/LTBio/venv/lib/python3.10/site-packages/statsmodels/base/data.py\", line 176, in _handle_constant\n", "step": null, "ts": 1740677306.2503831}]}, "version": 132, "at": 1740677306.250387}
{"obj": {"type": "LogStrings", "path": ["monitoring", "3d981a53", "stderr"], "values": [{"value": "    ", "step": null, "ts": 1740677306.250409}]}, "version": 133, "at": 1740677306.250413}
{"obj": {"type": "LogStrings", "path": ["monitoring", "3d981a53", "stderr"], "values": [{"value": "rank_orig = np.linalg.matrix_rank(self.exog)", "step": null, "ts": 1740677306.2504342}]}, "version": 134, "at": 1740677306.250438}
{"obj": {"type": "LogStrings", "path": ["monitoring", "3d981a53", "stderr"], "values": [{"value": "\n", "step": null, "ts": 1740677306.250459}]}, "version": 135, "at": 1740677306.250464}
{"obj": {"type": "LogStrings", "path": ["monitoring", "3d981a53", "stderr"], "values": [{"value": "  File \"<__array_function__ internals>\", line 180, in matrix_rank\n", "step": null, "ts": 1740677306.250485}]}, "version": 136, "at": 1740677306.250489}
{"obj": {"type": "LogStrings", "path": ["monitoring", "3d981a53", "stderr"], "values": [{"value": "  File \"/Users/saraiva/PycharmProjects/LTBio/venv/lib/python3.10/site-packages/numpy/linalg/linalg.py\", line 1898, in matrix_rank\n", "step": null, "ts": 1740677306.25051}]}, "version": 137, "at": 1740677306.250515}
{"obj": {"type": "LogStrings", "path": ["monitoring", "3d981a53", "stderr"], "values": [{"value": "    ", "step": null, "ts": 1740677306.250536}]}, "version": 138, "at": 1740677306.25054}
{"obj": {"type": "LogStrings", "path": ["monitoring", "3d981a53", "stderr"], "values": [{"value": "S = svd(A, compute_uv=False, hermitian=hermitian)", "step": null, "ts": 1740677306.250561}]}, "version": 139, "at": 1740677306.250565}
{"obj": {"type": "LogStrings", "path": ["monitoring", "3d981a53", "stderr"], "values": [{"value": "\n", "step": null, "ts": 1740677306.250587}]}, "version": 140, "at": 1740677306.250591}
{"obj": {"type": "LogStrings", "path": ["monitoring", "3d981a53", "stderr"], "values": [{"value": "  File \"<__array_function__ internals>\", line 180, in svd\n", "step": null, "ts": 1740677306.250612}]}, "version": 141, "at": 1740677306.250616}
{"obj": {"type": "LogStrings", "path": ["monitoring", "3d981a53", "stderr"], "values": [{"value": "  File \"/Users/saraiva/PycharmProjects/LTBio/venv/lib/python3.10/site-packages/numpy/linalg/linalg.py\", line 1669, in svd\n", "step": null, "ts": 1740677306.250637}]}, "version": 142, "at": 1740677306.2506409}
{"obj": {"type": "LogStrings", "path": ["monitoring", "3d981a53", "stderr"], "values": [{"value": "    ", "step": null, "ts": 1740677306.2506628}]}, "version": 143, "at": 1740677306.250667}
{"obj": {"type": "LogStrings", "path": ["monitoring", "3d981a53", "stderr"], "values": [{"value": "s = gufunc(a, signature=signature, extobj=extobj)", "step": null, "ts": 1740677306.250688}]}, "version": 144, "at": 1740677306.2506921}
{"obj": {"type": "LogStrings", "path": ["monitoring", "3d981a53", "stderr"], "values": [{"value": "\n", "step": null, "ts": 1740677306.250713}]}, "version": 145, "at": 1740677306.250717}
{"obj": {"type": "LogStrings", "path": ["monitoring", "3d981a53", "stderr"], "values": [{"value": "KeyboardInterrupt", "step": null, "ts": 1740677306.250738}]}, "version": 146, "at": 1740677306.2507432}
{"obj": {"type": "LogStrings", "path": ["monitoring", "3d981a53", "stderr"], "values": [{"value": "", "step": null, "ts": 1740677306.2507641}]}, "version": 147, "at": 1740677306.250768}
{"obj": {"type": "LogStrings", "path": ["monitoring", "3d981a53", "stderr"], "values": [{"value": "\n", "step": null, "ts": 1740677306.2507892}]}, "version": 148, "at": 1740677306.250793}
