{"obj": {"type": "AssignString", "path": ["sys", "name"], "value": "no name"}, "version": 1, "at": 1740651468.87851}
{"obj": {"type": "AssignString", "path": ["sys", "description"], "value": ""}, "version": 2, "at": 1740651468.879045}
{"obj": {"type": "AssignString", "path": ["monitoring", "b1824f1e", "hostname"], "value": "Macmini.fritz.box"}, "version": 3, "at": 1740651468.879146}
{"obj": {"type": "AssignString", "path": ["sys", "hostname"], "value": "Macmini.fritz.box"}, "version": 4, "at": 1740651468.879215}
{"obj": {"type": "AssignString", "path": ["monitoring", "b1824f1e", "pid"], "value": "2223"}, "version": 5, "at": 1740651468.879284}
{"obj": {"type": "AssignString", "path": ["monitoring", "b1824f1e", "tid"], "value": "8272164928"}, "version": 6, "at": 1740651468.8793511}
{"obj": {"type": "AddStrings", "path": ["sys", "tags"], "values": ["BrainLat:AR", "Izmir", "Istambul", "Newcastle", "Miltiadous", "mmse gap 24-26", "BrainLat:CL", "6 datasets"]}, "version": 7, "at": 1740651468.879466}
{"obj": {"type": "AssignBool", "path": ["sys", "failed"], "value": false}, "version": 8, "at": 1740651468.87955}
{"obj": {"type": "ClearStringLog", "path": ["monitoring", "b1824f1e", "stdout"]}, "version": 9, "at": 1740651468.879649}
{"obj": {"type": "ClearStringLog", "path": ["monitoring", "b1824f1e", "stderr"]}, "version": 10, "at": 1740651468.8797061}
{"obj": {"type": "AssignString", "path": ["source_code", "entrypoint"], "value": "paper_results_images_each_variant.py"}, "version": 11, "at": 1740651468.880395}
{"obj": {"type": "UploadFileSet", "path": ["source_code", "files"], "file_globs": ["/Users/saraiva/PycharmProjects/LTBio/phd_journal/24_12_03/*.py"], "reset": "False"}, "version": 12, "at": 1740651468.880505}
{"obj": {"type": "UploadFile", "path": ["source_code", "diff"], "ext": "patch", "file_path": null, "tmp_file_name": "source_code_diff-1740651469.771954-2025-02-27_11.17.49.771954.patch", "clean_after_upload": false}, "version": 13, "at": 1740651469.7727768}
{"obj": {"type": "UploadFile", "path": ["source_code", "upstream_diff_3b418be51d27388452aa285d9c0c7a3f33a203ee"], "ext": "patch", "file_path": null, "tmp_file_name": "source_code_upstream_diff_3b418be51d27388452aa285d9c0c7a3f33a203ee-1740651469.7778-2025-02-27_11.17.49.777800.patch", "clean_after_upload": false}, "version": 14, "at": 1740651469.781585}
{"obj": {"type": "ConfigFloatSeries", "path": ["monitoring", "b1824f1e", "cpu"], "min": 0.0, "max": 100.0, "unit": "%"}, "version": 15, "at": 1740651469.7893639}
{"obj": {"type": "ClearFloatLog", "path": ["monitoring", "b1824f1e", "cpu"]}, "version": 16, "at": 1740651469.7894359}
{"obj": {"type": "ConfigFloatSeries", "path": ["monitoring", "b1824f1e", "memory"], "min": 0.0, "max": 16.0, "unit": "GB"}, "version": 17, "at": 1740651469.789496}
{"obj": {"type": "ClearFloatLog", "path": ["monitoring", "b1824f1e", "memory"]}, "version": 18, "at": 1740651469.789518}
{"obj": {"type": "LogStrings", "path": ["monitoring", "b1824f1e", "stderr"], "values": [{"value": "[neptune] [warning] /Users/saraiva/PycharmProjects/LTBio/phd_journal/24_12_03/paper_results_images_each_variant.py:28: NeptuneWarning: Info (NVML): NVML Shared Library Not Found. GPU usage metrics may not be reported. For more information, see https://docs.neptune.ai/help/nvml_error/\n", "step": null, "ts": 1740651469.7896562}]}, "version": 19, "at": 1740651469.7896771}
{"obj": {"type": "LogFloats", "path": ["monitoring", "b1824f1e", "cpu"], "values": [{"value": 11.4, "step": null, "ts": 1740651469.789588}]}, "version": 20, "at": 1740651469.789817}
{"obj": {"type": "LogFloats", "path": ["monitoring", "b1824f1e", "memory"], "values": [{"value": 11.791976928710938, "step": null, "ts": 1740651469.789588}]}, "version": 21, "at": 1740651469.78986}
{"obj": {"type": "AssignString", "path": ["datasets", "combination"], "value": "['Izmir', 'Newcastle', 'Miltiadous', 'Istambul', 'BrainLat:CL', 'BrainLat:AR']"}, "version": 22, "at": 1740651469.789954}
{"obj": {"type": "AssignString", "path": ["datasets", "criteria"], "value": "AD criteria: AD & (MMSE<=23 | MoCA<=18)\nHC criteria: HC & (MMSE>=27 | MoCA>=24)"}, "version": 23, "at": 1740651469.8290439}
{"obj": {"type": "UploadFile", "path": ["datasets", "before", "Izmir"], "ext": "html", "file_path": null, "tmp_file_name": "datasets_before_Izmir-1740651469.851413-2025-02-27_11.17.49.851413.html", "clean_after_upload": false}, "version": 24, "at": 1740651469.851648}
{"obj": {"type": "UploadFile", "path": ["datasets", "before", "Newcastle"], "ext": "html", "file_path": null, "tmp_file_name": "datasets_before_Newcastle-1740651469.862236-2025-02-27_11.17.49.862236.html", "clean_after_upload": false}, "version": 25, "at": 1740651469.8624}
{"obj": {"type": "UploadFile", "path": ["datasets", "before", "Miltiadous"], "ext": "html", "file_path": null, "tmp_file_name": "datasets_before_Miltiadous-1740651469.879098-2025-02-27_11.17.49.879098.html", "clean_after_upload": false}, "version": 26, "at": 1740651469.8792331}
{"obj": {"type": "UploadFile", "path": ["datasets", "before", "Istambul"], "ext": "html", "file_path": null, "tmp_file_name": "datasets_before_Istambul-1740651469.894878-2025-02-27_11.17.49.894878.html", "clean_after_upload": false}, "version": 27, "at": 1740651469.895145}
{"obj": {"type": "UploadFile", "path": ["datasets", "before", "BrainLat:CL"], "ext": "html", "file_path": null, "tmp_file_name": "datasets_before_BrainLat:CL-1740651469.900855-2025-02-27_11.17.49.900855.html", "clean_after_upload": false}, "version": 28, "at": 1740651469.901006}
{"obj": {"type": "UploadFile", "path": ["datasets", "before", "BrainLat:AR"], "ext": "html", "file_path": null, "tmp_file_name": "datasets_before_BrainLat:AR-1740651469.908655-2025-02-27_11.17.49.908655.html", "clean_after_upload": false}, "version": 29, "at": 1740651469.90881}
{"obj": {"type": "LogStrings", "path": ["monitoring", "b1824f1e", "stdout"], "values": [{"value": "3", "step": null, "ts": 1740651469.911971}]}, "version": 30, "at": 1740651469.91199}
{"obj": {"type": "LogStrings", "path": ["monitoring", "b1824f1e", "stdout"], "values": [{"value": "\n", "step": null, "ts": 1740651469.913053}]}, "version": 31, "at": 1740651469.9130602}
{"obj": {"type": "LogStrings", "path": ["monitoring", "b1824f1e", "stdout"], "values": [{"value": "Applying NeuroHarmonize...", "step": null, "ts": 1740651469.913113}]}, "version": 32, "at": 1740651469.913118}
{"obj": {"type": "LogStrings", "path": ["monitoring", "b1824f1e", "stdout"], "values": [{"value": "\n", "step": null, "ts": 1740651469.913204}]}, "version": 33, "at": 1740651469.913208}
{"obj": {"type": "LogStrings", "path": ["monitoring", "b1824f1e", "stderr"], "values": [{"value": "/Users/saraiva/PycharmProjects/LTBio/phd_journal/24_12_03/combat_variations.py:33: SettingWithCopyWarning: \nA value is trying to be set on a copy of a slice from a DataFrame\n\nSee the caveats in the documentation: https://pandas.pydata.org/pandas-docs/stable/user_guide/indexing.html#returning-a-view-versus-a-copy\n  covariates['GENDER'].replace('M', 1, inplace=True)\n", "step": null, "ts": 1740651470.028638}]}, "version": 34, "at": 1740651470.028657}
{"obj": {"type": "LogStrings", "path": ["monitoring", "b1824f1e", "stdout"], "values": [{"value": "Covariates:", "step": null, "ts": 1740651470.028794}]}, "version": 35, "at": 1740651470.028803}
{"obj": {"type": "LogStrings", "path": ["monitoring", "b1824f1e", "stderr"], "values": [{"value": "/Users/saraiva/PycharmProjects/LTBio/phd_journal/24_12_03/combat_variations.py:34: SettingWithCopyWarning: \nA value is trying to be set on a copy of a slice from a DataFrame\n\nSee the caveats in the documentation: https://pandas.pydata.org/pandas-docs/stable/user_guide/indexing.html#returning-a-view-versus-a-copy\n  covariates['GENDER'].replace('F', 0, inplace=True)\n", "step": null, "ts": 1740651470.028897}]}, "version": 36, "at": 1740651470.028903}
{"obj": {"type": "LogStrings", "path": ["monitoring", "b1824f1e", "stdout"], "values": [{"value": " ", "step": null, "ts": 1740651470.028984}]}, "version": 37, "at": 1740651470.02899}
{"obj": {"type": "LogStrings", "path": ["monitoring", "b1824f1e", "stdout"], "values": [{"value": "Index(['SITE', 'GENDER', 'AGE', 'DIAGNOSIS'], dtype='object')", "step": null, "ts": 1740651470.029043}]}, "version": 38, "at": 1740651470.029047}
{"obj": {"type": "LogStrings", "path": ["monitoring", "b1824f1e", "stdout"], "values": [{"value": "\n", "step": null, "ts": 1740651470.029098}]}, "version": 39, "at": 1740651470.029108}
{"obj": {"type": "LogStrings", "path": ["monitoring", "b1824f1e", "stderr"], "values": [{"value": "/Users/saraiva/PycharmProjects/LTBio/phd_journal/24_12_03/combat_variations.py:125: SettingWithCopyWarning: \nA value is trying to be set on a copy of a slice from a DataFrame\n\nSee the caveats in the documentation: https://pandas.pydata.org/pandas-docs/stable/user_guide/indexing.html#returning-a-view-versus-a-copy\n  covariates['DIAGNOSIS'].replace('AD', 1, inplace=True)\n", "step": null, "ts": 1740651470.029366}]}, "version": 40, "at": 1740651470.029372}
{"obj": {"type": "LogStrings", "path": ["monitoring", "b1824f1e", "stderr"], "values": [{"value": "/Users/saraiva/PycharmProjects/LTBio/phd_journal/24_12_03/combat_variations.py:126: SettingWithCopyWarning: \nA value is trying to be set on a copy of a slice from a DataFrame\n\nSee the caveats in the documentation: https://pandas.pydata.org/pandas-docs/stable/user_guide/indexing.html#returning-a-view-versus-a-copy\n  covariates['DIAGNOSIS'].replace('HC', 0, inplace=True)\n", "step": null, "ts": 1740651470.0298738}]}, "version": 41, "at": 1740651470.02988}
{"obj": {"type": "LogStrings", "path": ["monitoring", "b1824f1e", "stderr"], "values": [{"value": "/Users/saraiva/PycharmProjects/LTBio/phd_journal/24_12_03/combat_variations.py:129: SettingWithCopyWarning: \nA value is trying to be set on a copy of a slice from a DataFrame\n\nSee the caveats in the documentation: https://pandas.pydata.org/pandas-docs/stable/user_guide/indexing.html#returning-a-view-versus-a-copy\n  covariates.dropna(inplace=True, axis=0)\n", "step": null, "ts": 1740651470.0318668}]}, "version": 42, "at": 1740651470.03188}
{"obj": {"type": "AssignString", "path": ["harmonization", "params", "method"], "value": "neuroharmonize2"}, "version": 43, "at": 1740651470.037089}
{"obj": {"type": "AssignBool", "path": ["harmonization", "params", "log_transform"], "value": true}, "version": 44, "at": 1740651470.037604}
{"obj": {"type": "AssignString", "path": ["harmonization", "params", "standardize"], "value": "none"}, "version": 45, "at": 1740651470.0376651}
{"obj": {"type": "AssignBool", "path": ["harmonization", "params", "cov_age"], "value": true}, "version": 46, "at": 1740651470.0377548}
{"obj": {"type": "AssignBool", "path": ["harmonization", "params", "cov_gender"], "value": true}, "version": 47, "at": 1740651470.037795}
{"obj": {"type": "AssignBool", "path": ["harmonization", "params", "cov_education"], "value": false}, "version": 48, "at": 1740651470.037832}
{"obj": {"type": "AssignBool", "path": ["harmonization", "params", "cov_diagnosis"], "value": true}, "version": 49, "at": 1740651470.037869}
{"obj": {"type": "TrackFilesToArtifact", "path": ["datasets", "after", "Izmir_track"], "entries": [["./each_variation/neuroharmonize/Izmir.csv", null]], "project_id": "0185c1d2-e230-4393-98bd-19b911873975"}, "version": 50, "at": 1740651470.041748}
{"obj": {"type": "UploadFile", "path": ["datasets", "after", "Izmir"], "ext": "csv", "file_path": "/Users/saraiva/PycharmProjects/LTBio/phd_journal/24_12_03/each_variation/neuroharmonize/Izmir.csv", "tmp_file_name": null, "clean_after_upload": false}, "version": 51, "at": 1740651470.04187}
{"obj": {"type": "TrackFilesToArtifact", "path": ["datasets", "after", "Newcastle_track"], "entries": [["./each_variation/neuroharmonize/Newcastle.csv", null]], "project_id": "0185c1d2-e230-4393-98bd-19b911873975"}, "version": 52, "at": 1740651470.043467}
{"obj": {"type": "UploadFile", "path": ["datasets", "after", "Newcastle"], "ext": "csv", "file_path": "/Users/saraiva/PycharmProjects/LTBio/phd_journal/24_12_03/each_variation/neuroharmonize/Newcastle.csv", "tmp_file_name": null, "clean_after_upload": false}, "version": 53, "at": 1740651470.043542}
{"obj": {"type": "TrackFilesToArtifact", "path": ["datasets", "after", "Miltiadous_track"], "entries": [["./each_variation/neuroharmonize/Miltiadous.csv", null]], "project_id": "0185c1d2-e230-4393-98bd-19b911873975"}, "version": 54, "at": 1740651470.0464928}
{"obj": {"type": "UploadFile", "path": ["datasets", "after", "Miltiadous"], "ext": "csv", "file_path": "/Users/saraiva/PycharmProjects/LTBio/phd_journal/24_12_03/each_variation/neuroharmonize/Miltiadous.csv", "tmp_file_name": null, "clean_after_upload": false}, "version": 55, "at": 1740651470.0465732}
{"obj": {"type": "TrackFilesToArtifact", "path": ["datasets", "after", "Istambul_track"], "entries": [["./each_variation/neuroharmonize/Istambul.csv", null]], "project_id": "0185c1d2-e230-4393-98bd-19b911873975"}, "version": 56, "at": 1740651470.048739}
{"obj": {"type": "UploadFile", "path": ["datasets", "after", "Istambul"], "ext": "csv", "file_path": "/Users/saraiva/PycharmProjects/LTBio/phd_journal/24_12_03/each_variation/neuroharmonize/Istambul.csv", "tmp_file_name": null, "clean_after_upload": false}, "version": 57, "at": 1740651470.048809}
{"obj": {"type": "TrackFilesToArtifact", "path": ["datasets", "after", "BrainLat:CL_track"], "entries": [["./each_variation/neuroharmonize/BrainLat:CL.csv", null]], "project_id": "0185c1d2-e230-4393-98bd-19b911873975"}, "version": 58, "at": 1740651470.0497348}
{"obj": {"type": "UploadFile", "path": ["datasets", "after", "BrainLat:CL"], "ext": "csv", "file_path": "/Users/saraiva/PycharmProjects/LTBio/phd_journal/24_12_03/each_variation/neuroharmonize/BrainLat:CL.csv", "tmp_file_name": null, "clean_after_upload": false}, "version": 59, "at": 1740651470.049829}
{"obj": {"type": "TrackFilesToArtifact", "path": ["datasets", "after", "BrainLat:AR_track"], "entries": [["./each_variation/neuroharmonize/BrainLat:AR.csv", null]], "project_id": "0185c1d2-e230-4393-98bd-19b911873975"}, "version": 60, "at": 1740651470.0509}
{"obj": {"type": "UploadFile", "path": ["datasets", "after", "BrainLat:AR"], "ext": "csv", "file_path": "/Users/saraiva/PycharmProjects/LTBio/phd_journal/24_12_03/each_variation/neuroharmonize/BrainLat:AR.csv", "tmp_file_name": null, "clean_after_upload": false}, "version": 61, "at": 1740651470.050987}
{"obj": {"type": "LogStrings", "path": ["monitoring", "b1824f1e", "stderr"], "values": [{"value": "/Users/saraiva/PycharmProjects/LTBio/venv/lib/python3.10/site-packages/sklearn/manifold/_t_sne.py:795: FutureWarning: The default initialization in TSNE will change from 'random' to 'pca' in 1.2.\n  warnings.warn(\n", "step": null, "ts": 1740651470.138735}]}, "version": 62, "at": 1740651470.138794}
{"obj": {"type": "AssignString", "path": ["simple_diagnosis_discriminant", "norm"], "value": "none"}, "version": 63, "at": 1740651470.793559}
{"obj": {"type": "AssignString", "path": ["simple_diagnosis_discriminant", "features"], "value": "['Delta_Frontal', 'Delta_Central', 'Delta_Parietal', 'Delta_Occipital', 'Delta_Temporal', 'Delta_Limbic', 'Alpha1_Frontal', 'Alpha1_Central', 'Alpha1_Parietal', 'Alpha1_Occipital', 'Alpha1_Temporal', 'Alpha1_Limbic', 'Theta_Frontal', 'Theta_Central', 'Theta_Parietal', 'Theta_Occipital', 'Theta_Temporal', 'Theta_Limbic', 'Alpha2_Frontal', 'Alpha2_Central', 'Alpha2_Parietal', 'Alpha2_Occipital', 'Alpha2_Temporal', 'Alpha2_Limbic', 'Alpha3_Frontal', 'Alpha3_Central', 'Alpha3_Parietal', 'Alpha3_Occipital', 'Alpha3_Temporal', 'Alpha3_Limbic', 'Beta1_Frontal', 'Beta1_Central', 'Beta1_Parietal', 'Beta1_Occipital', 'Beta1_Temporal', 'Beta1_Limbic', 'Beta2_Frontal', 'Beta2_Central', 'Beta2_Parietal', 'Beta2_Occipital', 'Beta2_Temporal', 'Beta2_Limbic', 'Gamma_Frontal', 'Gamma_Central', 'Gamma_Parietal', 'Gamma_Occipital', 'Gamma_Temporal', 'Gamma_Limbic']"}, "version": 64, "at": 1740651470.793647}
{"obj": {"type": "AssignString", "path": ["simple_diagnosis_discriminant", "model_description"], "value": "PCA(n_components=11, random_state=0)"}, "version": 65, "at": 1740651470.79514}
{"obj": {"type": "AssignString", "path": ["classification", "DIAGNOSIS", "norm"], "value": "min-max"}, "version": 66, "at": 1740651470.809334}
{"obj": {"type": "AssignString", "path": ["classification", "DIAGNOSIS", "features"], "value": "[0, 1, 2, 3, 4, 5, 6, 7, 8, 9, 10]"}, "version": 67, "at": 1740651470.810003}
{"obj": {"type": "AssignString", "path": ["classification", "DIAGNOSIS", "class_weight"], "value": "SMOTE augmented"}, "version": 68, "at": 1740651470.813484}
{"obj": {"type": "AssignBool", "path": ["classification", "DIAGNOSIS", "output_prob"], "value": false}, "version": 69, "at": 1740651470.934857}
{"obj": {"type": "AssignString", "path": ["classification", "DIAGNOSIS", "class_weight"], "value": "SMOTE augmented"}, "version": 70, "at": 1740651470.937958}
{"obj": {"type": "AssignBool", "path": ["classification", "DIAGNOSIS", "output_prob"], "value": false}, "version": 71, "at": 1740651471.051407}
{"obj": {"type": "AssignString", "path": ["classification", "DIAGNOSIS", "class_weight"], "value": "SMOTE augmented"}, "version": 72, "at": 1740651471.053797}
{"obj": {"type": "AssignBool", "path": ["classification", "DIAGNOSIS", "output_prob"], "value": false}, "version": 73, "at": 1740651471.1633222}
{"obj": {"type": "AssignString", "path": ["classification", "DIAGNOSIS", "class_weight"], "value": "SMOTE augmented"}, "version": 74, "at": 1740651471.1661708}
{"obj": {"type": "AssignBool", "path": ["classification", "DIAGNOSIS", "output_prob"], "value": false}, "version": 75, "at": 1740651471.275054}
{"obj": {"type": "AssignString", "path": ["classification", "DIAGNOSIS", "class_weight"], "value": "SMOTE augmented"}, "version": 76, "at": 1740651471.277424}
{"obj": {"type": "AssignBool", "path": ["classification", "DIAGNOSIS", "output_prob"], "value": false}, "version": 77, "at": 1740651471.387228}
{"obj": {"type": "AssignString", "path": ["classification", "DIAGNOSIS", "class_weight"], "value": "SMOTE augmented"}, "version": 78, "at": 1740651471.3895419}
{"obj": {"type": "AssignBool", "path": ["classification", "DIAGNOSIS", "output_prob"], "value": false}, "version": 79, "at": 1740651471.498763}
{"obj": {"type": "AssignString", "path": ["classification", "DIAGNOSIS", "class_weight"], "value": "SMOTE augmented"}, "version": 80, "at": 1740651471.501119}
{"obj": {"type": "AssignBool", "path": ["classification", "DIAGNOSIS", "output_prob"], "value": false}, "version": 81, "at": 1740651471.6103292}
{"obj": {"type": "AssignString", "path": ["classification", "DIAGNOSIS", "class_weight"], "value": "SMOTE augmented"}, "version": 82, "at": 1740651471.61286}
{"obj": {"type": "AssignBool", "path": ["classification", "DIAGNOSIS", "output_prob"], "value": false}, "version": 83, "at": 1740651471.722074}
{"obj": {"type": "AssignString", "path": ["classification", "DIAGNOSIS", "class_weight"], "value": "SMOTE augmented"}, "version": 84, "at": 1740651471.72448}
{"obj": {"type": "AssignBool", "path": ["classification", "DIAGNOSIS", "output_prob"], "value": false}, "version": 85, "at": 1740651471.832865}
{"obj": {"type": "AssignString", "path": ["classification", "DIAGNOSIS", "class_weight"], "value": "SMOTE augmented"}, "version": 86, "at": 1740651471.835177}
{"obj": {"type": "AssignBool", "path": ["classification", "DIAGNOSIS", "output_prob"], "value": false}, "version": 87, "at": 1740651471.945618}
{"obj": {"type": "AssignString", "path": ["classification", "DIAGNOSIS", "class_weight"], "value": "SMOTE augmented"}, "version": 88, "at": 1740651471.948143}
{"obj": {"type": "AssignBool", "path": ["classification", "DIAGNOSIS", "output_prob"], "value": false}, "version": 89, "at": 1740651472.057198}
{"obj": {"type": "AssignString", "path": ["classification", "DIAGNOSIS", "class_weight"], "value": "SMOTE augmented"}, "version": 90, "at": 1740651472.059584}
{"obj": {"type": "AssignBool", "path": ["classification", "DIAGNOSIS", "output_prob"], "value": false}, "version": 91, "at": 1740651472.169824}
{"obj": {"type": "AssignString", "path": ["classification", "DIAGNOSIS", "class_weight"], "value": "SMOTE augmented"}, "version": 92, "at": 1740651472.172304}
{"obj": {"type": "AssignBool", "path": ["classification", "DIAGNOSIS", "output_prob"], "value": false}, "version": 93, "at": 1740651472.282589}
{"obj": {"type": "AssignString", "path": ["classification", "DIAGNOSIS", "class_weight"], "value": "SMOTE augmented"}, "version": 94, "at": 1740651472.285176}
{"obj": {"type": "AssignBool", "path": ["classification", "DIAGNOSIS", "output_prob"], "value": false}, "version": 95, "at": 1740651472.397106}
{"obj": {"type": "AssignString", "path": ["classification", "DIAGNOSIS", "class_weight"], "value": "SMOTE augmented"}, "version": 96, "at": 1740651472.3996842}
{"obj": {"type": "AssignBool", "path": ["classification", "DIAGNOSIS", "output_prob"], "value": false}, "version": 97, "at": 1740651472.5127301}
{"obj": {"type": "AssignString", "path": ["classification", "DIAGNOSIS", "class_weight"], "value": "SMOTE augmented"}, "version": 98, "at": 1740651472.5152829}
{"obj": {"type": "AssignBool", "path": ["classification", "DIAGNOSIS", "output_prob"], "value": false}, "version": 99, "at": 1740651472.626216}
{"obj": {"type": "AssignString", "path": ["classification", "DIAGNOSIS", "class_weight"], "value": "SMOTE augmented"}, "version": 100, "at": 1740651472.628876}
{"obj": {"type": "LogStrings", "path": ["monitoring", "b1824f1e", "traceback"], "values": [{"value": "An uncaught exception occurred while run was active on worker Macmini.fritz.box.", "step": null, "ts": 1740651472.737823}, {"value": "Marking run as failed", "step": null, "ts": 1740651472.737823}, {"value": "Traceback:", "step": null, "ts": 1740651472.737823}, {"value": "  File \"/Users/saraiva/PycharmProjects/LTBio/phd_journal/24_12_03/paper_results_images_each_variant.py\", line 48, in <module>\n    make_results(run, out_path, list(dataset_combination), variant, cov_age, cov_gender, cov_education, cov_diagnosis, MMSE_criteria, MoCA_criteria, n_pc)\n", "step": null, "ts": 1740651472.737823}, {"value": "  File \"/Users/saraiva/PycharmProjects/LTBio/phd_journal/24_12_03/paper_results_each_variant.py\", line 129, in make_results\n    classification_with_var(run, pc, datasets_metadata_concatenated, _out_path=variation_out_path,\n", "step": null, "ts": 1740651472.737823}, {"value": "  File \"/Users/saraiva/PycharmProjects/LTBio/phd_journal/24_12_03/processing.py\", line 342, in classification_with_var\n    model.fit(X_train, y_train)\n", "step": null, "ts": 1740651472.737823}, {"value": "  File \"/Users/saraiva/PycharmProjects/LTBio/venv/lib/python3.10/site-packages/sklearn/ensemble/_forest.py\", line 476, in fit\n    trees = Parallel(\n", "step": null, "ts": 1740651472.737823}, {"value": "  File \"/Users/saraiva/PycharmProjects/LTBio/venv/lib/python3.10/site-packages/joblib/parallel.py\", line 1918, in __call__\n    return output if self.return_generator else list(output)\n", "step": null, "ts": 1740651472.737823}, {"value": "  File \"/Users/saraiva/PycharmProjects/LTBio/venv/lib/python3.10/site-packages/joblib/parallel.py\", line 1847, in _get_sequential_output\n    res = func(*args, **kwargs)\n", "step": null, "ts": 1740651472.737823}, {"value": "  File \"/Users/saraiva/PycharmProjects/LTBio/venv/lib/python3.10/site-packages/sklearn/utils/fixes.py\", line 117, in __call__\n    return self.function(*args, **kwargs)\n", "step": null, "ts": 1740651472.737823}]}, "version": 101, "at": 1740651472.737857}
{"obj": {"type": "LogStrings", "path": ["monitoring", "b1824f1e", "traceback"], "values": [{"value": "  File \"/Users/saraiva/PycharmProjects/LTBio/venv/lib/python3.10/site-packages/sklearn/ensemble/_forest.py\", line 189, in _parallel_build_trees\n    tree.fit(X, y, sample_weight=curr_sample_weight, check_input=False)\n", "step": null, "ts": 1740651472.737823}, {"value": "  File \"/Users/saraiva/PycharmProjects/LTBio/venv/lib/python3.10/site-packages/sklearn/tree/_classes.py\", line 969, in fit\n    super().fit(\n", "step": null, "ts": 1740651472.737823}, {"value": "  File \"/Users/saraiva/PycharmProjects/LTBio/venv/lib/python3.10/site-packages/sklearn/tree/_classes.py\", line 210, in fit\n    check_classification_targets(y)\n", "step": null, "ts": 1740651472.737823}, {"value": "  File \"/Users/saraiva/PycharmProjects/LTBio/venv/lib/python3.10/site-packages/sklearn/utils/multiclass.py\", line 192, in check_classification_targets\n    y_type = type_of_target(y, input_name=\"y\")\n", "step": null, "ts": 1740651472.737823}, {"value": "  File \"/Users/saraiva/PycharmProjects/LTBio/venv/lib/python3.10/site-packages/sklearn/utils/multiclass.py\", line 335, in type_of_target\n    if (len(np.unique(y)) > 2) or (y.ndim >= 2 and len(y[0]) > 1):\n", "step": null, "ts": 1740651472.737823}, {"value": "  File \"<__array_function__ internals>\", line 180, in unique\n", "step": null, "ts": 1740651472.737823}, {"value": "  File \"/Users/saraiva/PycharmProjects/LTBio/venv/lib/python3.10/site-packages/numpy/lib/arraysetops.py\", line 274, in unique\n    ret = _unique1d(ar, return_index, return_inverse, return_counts,\n", "step": null, "ts": 1740651472.737823}, {"value": "  File \"/Users/saraiva/PycharmProjects/LTBio/venv/lib/python3.10/site-packages/numpy/lib/arraysetops.py\", line 336, in _unique1d\n    ar.sort()\n", "step": null, "ts": 1740651472.737823}, {"value": "", "step": null, "ts": 1740651472.737823}]}, "version": 102, "at": 1740651472.737938}
{"obj": {"type": "AssignBool", "path": ["sys", "failed"], "value": true}, "version": 103, "at": 1740651472.737987}
{"obj": {"type": "LogStrings", "path": ["monitoring", "b1824f1e", "stderr"], "values": [{"value": "Traceback (most recent call last):\n", "step": null, "ts": 1740651472.738112}]}, "version": 104, "at": 1740651472.738123}
{"obj": {"type": "LogStrings", "path": ["monitoring", "b1824f1e", "stderr"], "values": [{"value": "  File \"/Users/saraiva/PycharmProjects/LTBio/phd_journal/24_12_03/paper_results_images_each_variant.py\", line 48, in <module>\n", "step": null, "ts": 1740651472.738215}]}, "version": 105, "at": 1740651472.7382212}
{"obj": {"type": "LogStrings", "path": ["monitoring", "b1824f1e", "stderr"], "values": [{"value": "    ", "step": null, "ts": 1740651472.7383192}]}, "version": 106, "at": 1740651472.738324}
{"obj": {"type": "LogStrings", "path": ["monitoring", "b1824f1e", "stderr"], "values": [{"value": "make_results(run, out_path, list(dataset_combination), variant, cov_age, cov_gender, cov_education, cov_diagnosis, MMSE_criteria, MoCA_criteria, n_pc)", "step": null, "ts": 1740651472.7384372}]}, "version": 107, "at": 1740651472.738445}
{"obj": {"type": "LogStrings", "path": ["monitoring", "b1824f1e", "stderr"], "values": [{"value": "\n", "step": null, "ts": 1740651472.738501}]}, "version": 108, "at": 1740651472.738507}
{"obj": {"type": "LogStrings", "path": ["monitoring", "b1824f1e", "stderr"], "values": [{"value": "  File \"/Users/saraiva/PycharmProjects/LTBio/phd_journal/24_12_03/paper_results_each_variant.py\", line 129, in make_results\n", "step": null, "ts": 1740651472.7387378}]}, "version": 109, "at": 1740651472.738743}
{"obj": {"type": "LogStrings", "path": ["monitoring", "b1824f1e", "stderr"], "values": [{"value": "    ", "step": null, "ts": 1740651472.7389681}]}, "version": 110, "at": 1740651472.738973}
{"obj": {"type": "LogStrings", "path": ["monitoring", "b1824f1e", "stderr"], "values": [{"value": "classification_with_var(run, pc, datasets_metadata_concatenated, _out_path=variation_out_path,", "step": null, "ts": 1740651472.739052}]}, "version": 111, "at": 1740651472.7390568}
{"obj": {"type": "LogStrings", "path": ["monitoring", "b1824f1e", "stderr"], "values": [{"value": "\n", "step": null, "ts": 1740651472.739145}]}, "version": 112, "at": 1740651472.73915}
{"obj": {"type": "LogStrings", "path": ["monitoring", "b1824f1e", "stderr"], "values": [{"value": "  File \"/Users/saraiva/PycharmProjects/LTBio/phd_journal/24_12_03/processing.py\", line 342, in classification_with_var\n", "step": null, "ts": 1740651472.7393012}]}, "version": 113, "at": 1740651472.739306}
{"obj": {"type": "LogStrings", "path": ["monitoring", "b1824f1e", "stderr"], "values": [{"value": "    ", "step": null, "ts": 1740651472.7393868}]}, "version": 114, "at": 1740651472.739392}
{"obj": {"type": "LogStrings", "path": ["monitoring", "b1824f1e", "stderr"], "values": [{"value": "model.fit(X_train, y_train)", "step": null, "ts": 1740651472.739465}]}, "version": 115, "at": 1740651472.73947}
{"obj": {"type": "LogStrings", "path": ["monitoring", "b1824f1e", "stderr"], "values": [{"value": "\n", "step": null, "ts": 1740651472.73951}]}, "version": 116, "at": 1740651472.739514}
{"obj": {"type": "LogStrings", "path": ["monitoring", "b1824f1e", "stderr"], "values": [{"value": "  File \"/Users/saraiva/PycharmProjects/LTBio/venv/lib/python3.10/site-packages/sklearn/ensemble/_forest.py\", line 476, in fit\n", "step": null, "ts": 1740651472.7396102}]}, "version": 117, "at": 1740651472.739614}
{"obj": {"type": "LogStrings", "path": ["monitoring", "b1824f1e", "stderr"], "values": [{"value": "    ", "step": null, "ts": 1740651472.739648}]}, "version": 118, "at": 1740651472.7396522}
{"obj": {"type": "LogStrings", "path": ["monitoring", "b1824f1e", "stderr"], "values": [{"value": "trees = Parallel(", "step": null, "ts": 1740651472.739685}]}, "version": 119, "at": 1740651472.73969}
{"obj": {"type": "LogStrings", "path": ["monitoring", "b1824f1e", "stderr"], "values": [{"value": "\n", "step": null, "ts": 1740651472.739728}]}, "version": 120, "at": 1740651472.739733}
{"obj": {"type": "LogStrings", "path": ["monitoring", "b1824f1e", "stderr"], "values": [{"value": "  File \"/Users/saraiva/PycharmProjects/LTBio/venv/lib/python3.10/site-packages/joblib/parallel.py\", line 1918, in __call__\n", "step": null, "ts": 1740651472.7397661}]}, "version": 121, "at": 1740651472.739771}
{"obj": {"type": "LogStrings", "path": ["monitoring", "b1824f1e", "stderr"], "values": [{"value": "    ", "step": null, "ts": 1740651472.7398028}]}, "version": 122, "at": 1740651472.739807}
{"obj": {"type": "LogStrings", "path": ["monitoring", "b1824f1e", "stderr"], "values": [{"value": "return output if self.return_generator else list(output)", "step": null, "ts": 1740651472.739889}]}, "version": 123, "at": 1740651472.739893}
{"obj": {"type": "LogStrings", "path": ["monitoring", "b1824f1e", "stdout"], "values": [{"value": "[neptune] [info   ] Shutting down background jobs, please wait a moment...\n", "step": null, "ts": 1740651472.7401862}]}, "version": 124, "at": 1740651472.740198}
{"obj": {"type": "LogStrings", "path": ["monitoring", "b1824f1e", "stderr"], "values": [{"value": "\n", "step": null, "ts": 1740651472.7402508}]}, "version": 125, "at": 1740651472.740263}
{"obj": {"type": "LogStrings", "path": ["monitoring", "b1824f1e", "stderr"], "values": [{"value": "  File \"/Users/saraiva/PycharmProjects/LTBio/venv/lib/python3.10/site-packages/joblib/parallel.py\", line 1847, in _get_sequential_output\n", "step": null, "ts": 1740651472.740314}]}, "version": 126, "at": 1740651472.740321}
{"obj": {"type": "LogStrings", "path": ["monitoring", "b1824f1e", "stderr"], "values": [{"value": "    ", "step": null, "ts": 1740651472.740355}]}, "version": 127, "at": 1740651472.74036}
{"obj": {"type": "LogStrings", "path": ["monitoring", "b1824f1e", "stderr"], "values": [{"value": "res = func(*args, **kwargs)", "step": null, "ts": 1740651472.740387}]}, "version": 128, "at": 1740651472.740392}
{"obj": {"type": "LogStrings", "path": ["monitoring", "b1824f1e", "stderr"], "values": [{"value": "\n", "step": null, "ts": 1740651472.740417}]}, "version": 129, "at": 1740651472.7404218}
{"obj": {"type": "LogStrings", "path": ["monitoring", "b1824f1e", "stderr"], "values": [{"value": "  File \"/Users/saraiva/PycharmProjects/LTBio/venv/lib/python3.10/site-packages/sklearn/utils/fixes.py\", line 117, in __call__\n", "step": null, "ts": 1740651472.740447}]}, "version": 130, "at": 1740651472.740451}
{"obj": {"type": "LogStrings", "path": ["monitoring", "b1824f1e", "stderr"], "values": [{"value": "    ", "step": null, "ts": 1740651472.740476}]}, "version": 131, "at": 1740651472.74048}
{"obj": {"type": "LogStrings", "path": ["monitoring", "b1824f1e", "stderr"], "values": [{"value": "return self.function(*args, **kwargs)", "step": null, "ts": 1740651472.740504}]}, "version": 132, "at": 1740651472.740509}
{"obj": {"type": "LogStrings", "path": ["monitoring", "b1824f1e", "stderr"], "values": [{"value": "\n", "step": null, "ts": 1740651472.740532}]}, "version": 133, "at": 1740651472.7405372}
{"obj": {"type": "LogStrings", "path": ["monitoring", "b1824f1e", "stderr"], "values": [{"value": "  File \"/Users/saraiva/PycharmProjects/LTBio/venv/lib/python3.10/site-packages/sklearn/ensemble/_forest.py\", line 189, in _parallel_build_trees\n", "step": null, "ts": 1740651472.7405598}]}, "version": 134, "at": 1740651472.740565}
{"obj": {"type": "LogStrings", "path": ["monitoring", "b1824f1e", "stderr"], "values": [{"value": "    ", "step": null, "ts": 1740651472.740588}]}, "version": 135, "at": 1740651472.740593}
{"obj": {"type": "LogStrings", "path": ["monitoring", "b1824f1e", "stderr"], "values": [{"value": "tree.fit(X, y, sample_weight=curr_sample_weight, check_input=False)", "step": null, "ts": 1740651472.7406158}]}, "version": 136, "at": 1740651472.740621}
{"obj": {"type": "LogStrings", "path": ["monitoring", "b1824f1e", "stderr"], "values": [{"value": "\n", "step": null, "ts": 1740651472.7406452}]}, "version": 137, "at": 1740651472.740649}
{"obj": {"type": "LogStrings", "path": ["monitoring", "b1824f1e", "stderr"], "values": [{"value": "  File \"/Users/saraiva/PycharmProjects/LTBio/venv/lib/python3.10/site-packages/sklearn/tree/_classes.py\", line 969, in fit\n", "step": null, "ts": 1740651472.740671}]}, "version": 138, "at": 1740651472.740675}
{"obj": {"type": "LogStrings", "path": ["monitoring", "b1824f1e", "stderr"], "values": [{"value": "    ", "step": null, "ts": 1740651472.7406971}]}, "version": 139, "at": 1740651472.740701}
{"obj": {"type": "LogStrings", "path": ["monitoring", "b1824f1e", "stderr"], "values": [{"value": "super().fit(", "step": null, "ts": 1740651472.740723}]}, "version": 140, "at": 1740651472.740727}
{"obj": {"type": "LogStrings", "path": ["monitoring", "b1824f1e", "stderr"], "values": [{"value": "\n", "step": null, "ts": 1740651472.7407491}]}, "version": 141, "at": 1740651472.740753}
{"obj": {"type": "LogStrings", "path": ["monitoring", "b1824f1e", "stderr"], "values": [{"value": "  File \"/Users/saraiva/PycharmProjects/LTBio/venv/lib/python3.10/site-packages/sklearn/tree/_classes.py\", line 210, in fit\n", "step": null, "ts": 1740651472.740774}]}, "version": 142, "at": 1740651472.740778}
{"obj": {"type": "LogStrings", "path": ["monitoring", "b1824f1e", "stderr"], "values": [{"value": "    ", "step": null, "ts": 1740651472.7408152}]}, "version": 143, "at": 1740651472.740819}
{"obj": {"type": "LogStrings", "path": ["monitoring", "b1824f1e", "stderr"], "values": [{"value": "check_classification_targets(y)", "step": null, "ts": 1740651472.740841}]}, "version": 144, "at": 1740651472.740845}
{"obj": {"type": "LogStrings", "path": ["monitoring", "b1824f1e", "stderr"], "values": [{"value": "\n", "step": null, "ts": 1740651472.7408671}]}, "version": 145, "at": 1740651472.740871}
{"obj": {"type": "LogStrings", "path": ["monitoring", "b1824f1e", "stderr"], "values": [{"value": "  File \"/Users/saraiva/PycharmProjects/LTBio/venv/lib/python3.10/site-packages/sklearn/utils/multiclass.py\", line 192, in check_classification_targets\n", "step": null, "ts": 1740651472.740892}]}, "version": 146, "at": 1740651472.740896}
{"obj": {"type": "LogStrings", "path": ["monitoring", "b1824f1e", "stderr"], "values": [{"value": "    ", "step": null, "ts": 1740651472.740918}]}, "version": 147, "at": 1740651472.7409222}
{"obj": {"type": "LogStrings", "path": ["monitoring", "b1824f1e", "stderr"], "values": [{"value": "y_type = type_of_target(y, input_name=\"y\")", "step": null, "ts": 1740651472.7409449}]}, "version": 148, "at": 1740651472.740949}
{"obj": {"type": "LogStrings", "path": ["monitoring", "b1824f1e", "stderr"], "values": [{"value": "\n", "step": null, "ts": 1740651472.740971}]}, "version": 149, "at": 1740651472.7409751}
{"obj": {"type": "LogStrings", "path": ["monitoring", "b1824f1e", "stderr"], "values": [{"value": "  File \"/Users/saraiva/PycharmProjects/LTBio/venv/lib/python3.10/site-packages/sklearn/utils/multiclass.py\", line 335, in type_of_target\n", "step": null, "ts": 1740651472.7409978}]}, "version": 150, "at": 1740651472.741002}
{"obj": {"type": "LogStrings", "path": ["monitoring", "b1824f1e", "stderr"], "values": [{"value": "    ", "step": null, "ts": 1740651472.7410262}]}, "version": 151, "at": 1740651472.74103}
{"obj": {"type": "LogStrings", "path": ["monitoring", "b1824f1e", "stderr"], "values": [{"value": "if (len(np.unique(y)) > 2) or (y.ndim >= 2 and len(y[0]) > 1):", "step": null, "ts": 1740651472.7410529}]}, "version": 152, "at": 1740651472.741058}
{"obj": {"type": "LogStrings", "path": ["monitoring", "b1824f1e", "stderr"], "values": [{"value": "\n", "step": null, "ts": 1740651472.741081}]}, "version": 153, "at": 1740651472.7410848}
{"obj": {"type": "LogStrings", "path": ["monitoring", "b1824f1e", "stderr"], "values": [{"value": "  File \"<__array_function__ internals>\", line 180, in unique\n", "step": null, "ts": 1740651472.741108}]}, "version": 154, "at": 1740651472.7411132}
{"obj": {"type": "LogStrings", "path": ["monitoring", "b1824f1e", "stderr"], "values": [{"value": "  File \"/Users/saraiva/PycharmProjects/LTBio/venv/lib/python3.10/site-packages/numpy/lib/arraysetops.py\", line 274, in unique\n", "step": null, "ts": 1740651472.7411358}]}, "version": 155, "at": 1740651472.741141}
{"obj": {"type": "LogStrings", "path": ["monitoring", "b1824f1e", "stderr"], "values": [{"value": "    ", "step": null, "ts": 1740651472.741164}]}, "version": 156, "at": 1740651472.741168}
{"obj": {"type": "LogStrings", "path": ["monitoring", "b1824f1e", "stderr"], "values": [{"value": "ret = _unique1d(ar, return_index, return_inverse, return_counts, ", "step": null, "ts": 1740651472.741191}]}, "version": 157, "at": 1740651472.741196}
{"obj": {"type": "LogStrings", "path": ["monitoring", "b1824f1e", "stderr"], "values": [{"value": "\n", "step": null, "ts": 1740651472.74122}]}, "version": 158, "at": 1740651472.741224}
{"obj": {"type": "LogStrings", "path": ["monitoring", "b1824f1e", "stderr"], "values": [{"value": "  File \"/Users/saraiva/PycharmProjects/LTBio/venv/lib/python3.10/site-packages/numpy/lib/arraysetops.py\", line 336, in _unique1d\n", "step": null, "ts": 1740651472.741247}]}, "version": 159, "at": 1740651472.7412522}
{"obj": {"type": "LogStrings", "path": ["monitoring", "b1824f1e", "stderr"], "values": [{"value": "    ", "step": null, "ts": 1740651472.7412748}]}, "version": 160, "at": 1740651472.74128}
{"obj": {"type": "LogStrings", "path": ["monitoring", "b1824f1e", "stderr"], "values": [{"value": "ar.sort()", "step": null, "ts": 1740651472.741302}]}, "version": 161, "at": 1740651472.7413068}
{"obj": {"type": "LogStrings", "path": ["monitoring", "b1824f1e", "stderr"], "values": [{"value": "\n", "step": null, "ts": 1740651472.74133}]}, "version": 162, "at": 1740651472.741334}
{"obj": {"type": "LogStrings", "path": ["monitoring", "b1824f1e", "stderr"], "values": [{"value": "KeyboardInterrupt", "step": null, "ts": 1740651472.741357}]}, "version": 163, "at": 1740651472.741361}
{"obj": {"type": "LogStrings", "path": ["monitoring", "b1824f1e", "stderr"], "values": [{"value": "", "step": null, "ts": 1740651472.741384}]}, "version": 164, "at": 1740651472.741389}
{"obj": {"type": "LogStrings", "path": ["monitoring", "b1824f1e", "stderr"], "values": [{"value": "\n", "step": null, "ts": 1740651472.741411}]}, "version": 165, "at": 1740651472.741416}
