{"obj": {"type": "AssignString", "path": ["sys", "name"], "value": "no name"}, "version": 1, "at": 1733736384.863116}
{"obj": {"type": "AssignString", "path": ["sys", "description"], "value": ""}, "version": 2, "at": 1733736384.86342}
{"obj": {"type": "AssignString", "path": ["monitoring", "29313d41", "hostname"], "value": "Macmini.fritz.box"}, "version": 3, "at": 1733736384.863521}
{"obj": {"type": "AssignString", "path": ["sys", "hostname"], "value": "Macmini.fritz.box"}, "version": 4, "at": 1733736384.8635929}
{"obj": {"type": "AssignString", "path": ["monitoring", "29313d41", "pid"], "value": "3394"}, "version": 5, "at": 1733736384.863667}
{"obj": {"type": "AssignString", "path": ["monitoring", "29313d41", "tid"], "value": "8631334976"}, "version": 6, "at": 1733736384.863737}
{"obj": {"type": "AddStrings", "path": ["sys", "tags"], "values": ["4 datasets", "mmse gap 24-26"]}, "version": 7, "at": 1733736384.863832}
{"obj": {"type": "AssignBool", "path": ["sys", "failed"], "value": false}, "version": 8, "at": 1733736384.8639019}
{"obj": {"type": "ClearStringLog", "path": ["monitoring", "29313d41", "stdout"]}, "version": 9, "at": 1733736384.8639932}
{"obj": {"type": "ClearStringLog", "path": ["monitoring", "29313d41", "stderr"]}, "version": 10, "at": 1733736384.864052}
{"obj": {"type": "AssignString", "path": ["source_code", "entrypoint"], "value": "paper_results_images_each_variant.py"}, "version": 11, "at": 1733736384.8649049}
{"obj": {"type": "UploadFileSet", "path": ["source_code", "files"], "file_globs": ["/Users/saraiva/PycharmProjects/LTBio/phd_journal/24_12_03/*.py"], "reset": "False"}, "version": 12, "at": 1733736384.8650198}
{"obj": {"type": "UploadFile", "path": ["source_code", "diff"], "ext": "patch", "file_path": null, "tmp_file_name": "source_code_diff-1733736384.969479-2024-12-09_10.26.24.969479.patch", "clean_after_upload": false}, "version": 13, "at": 1733736384.9699159}
{"obj": {"type": "ConfigFloatSeries", "path": ["monitoring", "29313d41", "cpu"], "min": 0.0, "max": 100.0, "unit": "%"}, "version": 14, "at": 1733736384.975351}
{"obj": {"type": "ClearFloatLog", "path": ["monitoring", "29313d41", "cpu"]}, "version": 15, "at": 1733736384.975415}
{"obj": {"type": "LogStrings", "path": ["monitoring", "29313d41", "stderr"], "values": [{"value": "[neptune] [warning] /Users/saraiva/PycharmProjects/LTBio/phd_journal/24_12_03/paper_results_images_each_variant.py:6: NeptuneWarning: Info (NVML): NVML Shared Library Not Found. GPU usage metrics may not be reported. For more information, see https://docs.neptune.ai/help/nvml_error/\n", "step": null, "ts": 1733736384.975459}]}, "version": 16, "at": 1733736384.9754791}
{"obj": {"type": "ConfigFloatSeries", "path": ["monitoring", "29313d41", "memory"], "min": 0.0, "max": 16.0, "unit": "GB"}, "version": 17, "at": 1733736384.975538}
{"obj": {"type": "ClearFloatLog", "path": ["monitoring", "29313d41", "memory"]}, "version": 18, "at": 1733736384.9755678}
{"obj": {"type": "LogFloats", "path": ["monitoring", "29313d41", "cpu"], "values": [{"value": 25.9, "step": null, "ts": 1733736384.975636}]}, "version": 19, "at": 1733736384.975703}
{"obj": {"type": "LogFloats", "path": ["monitoring", "29313d41", "memory"], "values": [{"value": 9.820388793945312, "step": null, "ts": 1733736384.975636}]}, "version": 20, "at": 1733736384.975894}
{"obj": {"type": "AssignString", "path": ["datasets", "criteria"], "value": "AD criteria: AD & (MMSE<=23 | MoCA<=18)\nHC criteria: HC & (MMSE>=27 | MoCA>=24)"}, "version": 21, "at": 1733736384.998162}
{"obj": {"type": "LogStrings", "path": ["monitoring", "29313d41", "stdout"], "values": [{"value": "\nDataset: Newcastle", "step": null, "ts": 1733736384.9992802}]}, "version": 22, "at": 1733736384.999299}
{"obj": {"type": "LogStrings", "path": ["monitoring", "29313d41", "stdout"], "values": [{"value": "\n", "step": null, "ts": 1733736384.999347}]}, "version": 23, "at": 1733736384.9993548}
{"obj": {"type": "LogStrings", "path": ["monitoring", "29313d41", "stdout"], "values": [{"value": "Total: 36", "step": null, "ts": 1733736384.999388}]}, "version": 24, "at": 1733736384.999393}
{"obj": {"type": "LogStrings", "path": ["monitoring", "29313d41", "stdout"], "values": [{"value": "\n", "step": null, "ts": 1733736384.99942}]}, "version": 25, "at": 1733736384.999425}
{"obj": {"type": "LogStrings", "path": ["monitoring", "29313d41", "stdout"], "values": [{"value": "AD: 19", "step": null, "ts": 1733736384.9995542}]}, "version": 26, "at": 1733736384.999562}
{"obj": {"type": "LogStrings", "path": ["monitoring", "29313d41", "stdout"], "values": [{"value": "\n", "step": null, "ts": 1733736384.999595}]}, "version": 27, "at": 1733736384.999601}
{"obj": {"type": "LogStrings", "path": ["monitoring", "29313d41", "stdout"], "values": [{"value": "HC: 17", "step": null, "ts": 1733736384.999629}]}, "version": 28, "at": 1733736384.999634}
{"obj": {"type": "LogStrings", "path": ["monitoring", "29313d41", "stdout"], "values": [{"value": "\n", "step": null, "ts": 1733736384.9996731}]}, "version": 29, "at": 1733736384.999678}
{"obj": {"type": "LogStrings", "path": ["monitoring", "29313d41", "stdout"], "values": [{"value": "\nDataset: Izmir", "step": null, "ts": 1733736384.999702}]}, "version": 30, "at": 1733736384.999707}
{"obj": {"type": "LogStrings", "path": ["monitoring", "29313d41", "stdout"], "values": [{"value": "\n", "step": null, "ts": 1733736384.999732}]}, "version": 31, "at": 1733736384.999737}
{"obj": {"type": "LogStrings", "path": ["monitoring", "29313d41", "stdout"], "values": [{"value": "Total: 80", "step": null, "ts": 1733736384.9997618}]}, "version": 32, "at": 1733736384.999767}
{"obj": {"type": "LogStrings", "path": ["monitoring", "29313d41", "stdout"], "values": [{"value": "\n", "step": null, "ts": 1733736384.999792}]}, "version": 33, "at": 1733736384.999796}
{"obj": {"type": "LogStrings", "path": ["monitoring", "29313d41", "stdout"], "values": [{"value": "AD: 20", "step": null, "ts": 1733736384.999897}]}, "version": 34, "at": 1733736384.999907}
{"obj": {"type": "LogStrings", "path": ["monitoring", "29313d41", "stdout"], "values": [{"value": "\n", "step": null, "ts": 1733736384.9999459}]}, "version": 35, "at": 1733736384.9999528}
{"obj": {"type": "LogStrings", "path": ["monitoring", "29313d41", "stdout"], "values": [{"value": "HC: 60", "step": null, "ts": 1733736384.999996}]}, "version": 36, "at": 1733736385.000001}
{"obj": {"type": "LogStrings", "path": ["monitoring", "29313d41", "stdout"], "values": [{"value": "\n", "step": null, "ts": 1733736385.0000288}]}, "version": 37, "at": 1733736385.000034}
{"obj": {"type": "LogStrings", "path": ["monitoring", "29313d41", "stdout"], "values": [{"value": "\nDataset: Istambul", "step": null, "ts": 1733736385.000177}]}, "version": 38, "at": 1733736385.000182}
{"obj": {"type": "LogStrings", "path": ["monitoring", "29313d41", "stdout"], "values": [{"value": "\n", "step": null, "ts": 1733736385.000208}]}, "version": 39, "at": 1733736385.000213}
{"obj": {"type": "UploadFile", "path": ["datasets", "before", "Newcastle"], "ext": "html", "file_path": null, "tmp_file_name": "datasets_before_Newcastle-1733736385.011849-2024-12-09_10.26.25.011849.html", "clean_after_upload": false}, "version": 40, "at": 1733736385.012054}
{"obj": {"type": "LogStrings", "path": ["monitoring", "29313d41", "stdout"], "values": [{"value": "Total: 59", "step": null, "ts": 1733736385.032852}]}, "version": 41, "at": 1733736385.032869}
{"obj": {"type": "LogStrings", "path": ["monitoring", "29313d41", "stdout"], "values": [{"value": "\n", "step": null, "ts": 1733736385.032932}]}, "version": 42, "at": 1733736385.032939}
{"obj": {"type": "LogStrings", "path": ["monitoring", "29313d41", "stdout"], "values": [{"value": "AD: 24", "step": null, "ts": 1733736385.033204}]}, "version": 43, "at": 1733736385.033212}
{"obj": {"type": "LogStrings", "path": ["monitoring", "29313d41", "stdout"], "values": [{"value": "\n", "step": null, "ts": 1733736385.03325}]}, "version": 44, "at": 1733736385.033256}
{"obj": {"type": "UploadFile", "path": ["datasets", "before", "Izmir"], "ext": "html", "file_path": null, "tmp_file_name": "datasets_before_Izmir-1733736385.033298-2024-12-09_10.26.25.033298.html", "clean_after_upload": false}, "version": 45, "at": 1733736385.033495}
{"obj": {"type": "LogStrings", "path": ["monitoring", "29313d41", "stdout"], "values": [{"value": "HC: 35", "step": null, "ts": 1733736385.093604}]}, "version": 46, "at": 1733736385.093627}
{"obj": {"type": "LogStrings", "path": ["monitoring", "29313d41", "stdout"], "values": [{"value": "\n", "step": null, "ts": 1733736385.099467}]}, "version": 47, "at": 1733736385.099479}
{"obj": {"type": "LogStrings", "path": ["monitoring", "29313d41", "stdout"], "values": [{"value": "\nDataset: Miltiadous", "step": null, "ts": 1733736385.099531}]}, "version": 48, "at": 1733736385.0995378}
{"obj": {"type": "LogStrings", "path": ["monitoring", "29313d41", "stdout"], "values": [{"value": "\n", "step": null, "ts": 1733736385.0995688}]}, "version": 49, "at": 1733736385.099575}
{"obj": {"type": "LogStrings", "path": ["monitoring", "29313d41", "stdout"], "values": [{"value": "Total: 65", "step": null, "ts": 1733736385.0996008}]}, "version": 50, "at": 1733736385.099606}
{"obj": {"type": "LogStrings", "path": ["monitoring", "29313d41", "stdout"], "values": [{"value": "\n", "step": null, "ts": 1733736385.100115}]}, "version": 51, "at": 1733736385.100123}
{"obj": {"type": "LogStrings", "path": ["monitoring", "29313d41", "stdout"], "values": [{"value": "AD: 36", "step": null, "ts": 1733736385.100159}]}, "version": 52, "at": 1733736385.1001651}
{"obj": {"type": "LogStrings", "path": ["monitoring", "29313d41", "stdout"], "values": [{"value": "\n", "step": null, "ts": 1733736385.100193}]}, "version": 53, "at": 1733736385.100199}
{"obj": {"type": "UploadFile", "path": ["datasets", "before", "Istambul"], "ext": "html", "file_path": null, "tmp_file_name": "datasets_before_Istambul-1733736385.100242-2024-12-09_10.26.25.100242.html", "clean_after_upload": false}, "version": 54, "at": 1733736385.1004632}
{"obj": {"type": "LogStrings", "path": ["monitoring", "29313d41", "stdout"], "values": [{"value": "HC: 29", "step": null, "ts": 1733736385.1173918}]}, "version": 55, "at": 1733736385.1174028}
{"obj": {"type": "LogStrings", "path": ["monitoring", "29313d41", "stdout"], "values": [{"value": "\n", "step": null, "ts": 1733736385.1174989}]}, "version": 56, "at": 1733736385.117505}
{"obj": {"type": "UploadFile", "path": ["datasets", "before", "Miltiadous"], "ext": "html", "file_path": null, "tmp_file_name": "datasets_before_Miltiadous-1733736385.117547-2024-12-09_10.26.25.117547.html", "clean_after_upload": false}, "version": 57, "at": 1733736385.1177018}
{"obj": {"type": "LogStrings", "path": ["monitoring", "29313d41", "stdout"], "values": [{"value": "Covariates:", "step": null, "ts": 1733736385.120415}]}, "version": 58, "at": 1733736385.120425}
{"obj": {"type": "LogStrings", "path": ["monitoring", "29313d41", "stdout"], "values": [{"value": " ", "step": null, "ts": 1733736385.120895}]}, "version": 59, "at": 1733736385.120901}
{"obj": {"type": "LogStrings", "path": ["monitoring", "29313d41", "stdout"], "values": [{"value": "Index(['AGE', 'GENDER', 'SITE', 'DIAGNOSIS'], dtype='object')", "step": null, "ts": 1733736385.1210182}]}, "version": 60, "at": 1733736385.121024}
{"obj": {"type": "LogStrings", "path": ["monitoring", "29313d41", "stdout"], "values": [{"value": "\n", "step": null, "ts": 1733736385.1240041}]}, "version": 61, "at": 1733736385.124016}
{"obj": {"type": "AssignString", "path": ["harmonization", "params", "method"], "value": "neuroharmonize"}, "version": 62, "at": 1733736385.124845}
{"obj": {"type": "AssignBool", "path": ["harmonization", "params", "log_transform"], "value": true}, "version": 63, "at": 1733736385.1250281}
{"obj": {"type": "AssignString", "path": ["harmonization", "params", "standardize"], "value": "none"}, "version": 64, "at": 1733736385.131171}
{"obj": {"type": "AssignBool", "path": ["harmonization", "params", "cov_age"], "value": true}, "version": 65, "at": 1733736385.131229}
{"obj": {"type": "AssignBool", "path": ["harmonization", "params", "cov_gender"], "value": true}, "version": 66, "at": 1733736385.131271}
{"obj": {"type": "AssignBool", "path": ["harmonization", "params", "cov_education"], "value": false}, "version": 67, "at": 1733736385.1313112}
{"obj": {"type": "AssignBool", "path": ["harmonization", "params", "cov_diagnosis"], "value": true}, "version": 68, "at": 1733736385.131347}
{"obj": {"type": "TrackFilesToArtifact", "path": ["datasets", "after", "Newcastle_track"], "entries": [["./each_variation/neuroharmonize/Newcastle.csv", null]], "project_id": "0185c1d2-e230-4393-98bd-19b911873975"}, "version": 69, "at": 1733736385.131417}
{"obj": {"type": "UploadFile", "path": ["datasets", "after", "Newcastle"], "ext": "csv", "file_path": "/Users/saraiva/PycharmProjects/LTBio/phd_journal/24_12_03/each_variation/neuroharmonize/Newcastle.csv", "tmp_file_name": null, "clean_after_upload": false}, "version": 70, "at": 1733736385.131528}
{"obj": {"type": "TrackFilesToArtifact", "path": ["datasets", "after", "Izmir_track"], "entries": [["./each_variation/neuroharmonize/Izmir.csv", null]], "project_id": "0185c1d2-e230-4393-98bd-19b911873975"}, "version": 71, "at": 1733736385.131567}
{"obj": {"type": "UploadFile", "path": ["datasets", "after", "Izmir"], "ext": "csv", "file_path": "/Users/saraiva/PycharmProjects/LTBio/phd_journal/24_12_03/each_variation/neuroharmonize/Izmir.csv", "tmp_file_name": null, "clean_after_upload": false}, "version": 72, "at": 1733736385.131629}
{"obj": {"type": "TrackFilesToArtifact", "path": ["datasets", "after", "Istambul_track"], "entries": [["./each_variation/neuroharmonize/Istambul.csv", null]], "project_id": "0185c1d2-e230-4393-98bd-19b911873975"}, "version": 73, "at": 1733736385.131665}
{"obj": {"type": "UploadFile", "path": ["datasets", "after", "Istambul"], "ext": "csv", "file_path": "/Users/saraiva/PycharmProjects/LTBio/phd_journal/24_12_03/each_variation/neuroharmonize/Istambul.csv", "tmp_file_name": null, "clean_after_upload": false}, "version": 74, "at": 1733736385.1317198}
{"obj": {"type": "TrackFilesToArtifact", "path": ["datasets", "after", "Miltiadous_track"], "entries": [["./each_variation/neuroharmonize/Miltiadous.csv", null]], "project_id": "0185c1d2-e230-4393-98bd-19b911873975"}, "version": 75, "at": 1733736385.1317482}
{"obj": {"type": "UploadFile", "path": ["datasets", "after", "Miltiadous"], "ext": "csv", "file_path": "/Users/saraiva/PycharmProjects/LTBio/phd_journal/24_12_03/each_variation/neuroharmonize/Miltiadous.csv", "tmp_file_name": null, "clean_after_upload": false}, "version": 76, "at": 1733736385.131796}
{"obj": {"type": "AssignString", "path": ["harmonization", "batch_effects_dist", "Istambul", "normal_dist"], "value": "[ 0.35572034  0.15412548  0.40365214 ... -0.02590402  0.35541918\n  0.40260442]"}, "version": 77, "at": 1733736385.156745}
{"obj": {"type": "AssignString", "path": ["harmonization", "batch_effects_dist", "Istambul", "gamma_hat"], "value": "[-1.56202688e-01  5.73460161e-01  6.49291215e-01  3.77508096e-01\n  1.64621793e-01  1.15249078e-01  2.13428718e-04  2.42809179e-01\n  1.62986498e-01  6.43637783e-02 -4.89691287e-02  1.65063396e-02\n -1.86397887e-02  4.39173993e-01  4.61813165e-01  3.29432233e-01\n  1.90794497e-01  1.41282603e-01  4.43759297e-01  3.97701991e-01\n  5.17833074e-01  5.43510049e-01  4.11677007e-01  4.58758001e-01\n  7.66000739e-01  5.77049911e-01  6.25272162e-01  5.54987433e-01\n  5.88187775e-01  5.57056677e-01 -2.03227678e-01  2.28714746e-01\n  3.70318409e-01  3.50973818e-01 -4.27777624e-02  1.31976552e-01\n -4.42229428e-01  1.60176870e-01  2.87438398e-01  2.25562230e-01\n -2.73997412e-01 -1.07641984e-01 -5.50808375e-01 -1.36601106e-02\n  4.76414066e-02 -3.39966799e-02 -4.13231753e-01 -3.63661598e-01]"}, "version": 78, "at": 1733736385.1569622}
{"obj": {"type": "AssignString", "path": ["harmonization", "batch_effects_dist", "Istambul", "inverse_gamma_dist"], "value": "[0.69478427 1.08685393 0.941683   ... 0.77437065 1.00055347 1.17503665]"}, "version": 79, "at": 1733736385.1570659}
{"obj": {"type": "AssignString", "path": ["harmonization", "batch_effects_dist", "Istambul", "delta_hat"], "value": "[0.79319083 1.39146262 1.32216386 0.97937332 1.49366483 1.05252733\n 1.07106682 0.90481113 0.47676902 0.44392248 0.71272172 0.67829796\n 1.24730421 1.22060971 0.998281   0.97877747 1.56247471 1.38179077\n 0.87793347 0.67480833 0.56554312 0.80799394 0.7154613  0.5601555\n 1.22681802 1.28226882 0.98749344 1.04046576 0.88802117 0.95546021\n 1.02185239 0.88826369 0.8653282  1.32441649 1.16843343 1.1400456\n 0.59002872 0.98167695 0.95875586 1.18042057 0.73166269 0.90295662\n 0.47979169 0.59978982 0.45347103 0.5519853  0.58375677 0.481181  ]"}, "version": 80, "at": 1733736385.157244}
{"obj": {"type": "AssignString", "path": ["harmonization", "batch_effects_dist", "Izmir", "normal_dist"], "value": "[ 0.2675098   0.02842499  0.32435532 ... -0.18508401  0.26715263\n  0.32311275]"}, "version": 81, "at": 1733736385.1573608}
{"obj": {"type": "AssignString", "path": ["harmonization", "batch_effects_dist", "Izmir", "gamma_hat"], "value": "[-0.85612698 -0.59950595 -0.65396915 -0.70988384 -0.74538821 -0.76398511\n  0.21291663  0.36605525  0.54963129  0.48885593  0.56267268  0.374513\n -0.40510824 -0.052443    0.00273255 -0.13724619 -0.10980032 -0.21419985\n  0.10430107  0.18355594  0.15836083  0.03564909  0.19039665  0.01646344\n  0.10757766  0.05600738  0.02827859 -0.04441917  0.08851607 -0.08565017\n  0.25016872  0.47295242  0.52066391  0.27368673  0.45131065  0.23232273\n  0.12632816  0.43057265  0.54590486  0.39472528  0.36664326  0.12544412\n  0.0758524   0.30192277  0.45415252  0.37056592  0.33748344 -0.01618512]"}, "version": 82, "at": 1733736385.157533}
{"obj": {"type": "AssignString", "path": ["harmonization", "batch_effects_dist", "Izmir", "inverse_gamma_dist"], "value": "[1.49440812 0.94810983 1.70470746 ... 1.38525385 1.2215801  1.15747384]"}, "version": 83, "at": 1733736385.157621}
{"obj": {"type": "AssignString", "path": ["harmonization", "batch_effects_dist", "Izmir", "delta_hat"], "value": "[1.01663259 0.99512839 0.87637219 0.82060983 0.78751925 1.01304841\n 1.31908146 1.69135812 2.08057104 2.01295265 1.88887503 1.71542534\n 0.83208087 1.21415276 1.29324172 1.16064158 0.91869872 0.9150131\n 1.29520533 1.66273188 1.66559594 1.44840791 1.40905676 1.47594076\n 1.27602824 1.15470029 1.35768131 1.33264492 1.36909512 1.34817277\n 1.26069753 1.63407417 1.47082761 1.02911081 1.32287277 1.19968276\n 1.01011447 1.68815052 1.79385208 1.43611201 1.40099465 1.08555098\n 1.17850758 1.75981445 2.12196774 1.82167483 1.42373452 0.96296343]"}, "version": 84, "at": 1733736385.15779}
{"obj": {"type": "AssignString", "path": ["harmonization", "batch_effects_dist", "Miltiadous", "normal_dist"], "value": "[ 0.10913067 -0.15919462  0.1729285  ... -0.39881615  0.10872983\n  0.17153397]"}, "version": 85, "at": 1733736385.157939}
{"obj": {"type": "AssignString", "path": ["harmonization", "batch_effects_dist", "Miltiadous", "gamma_hat"], "value": "[ 0.87853677 -0.03956629 -0.06818241  0.22819535  0.18896139  0.890817\n -0.03808057 -0.52690655 -0.66218743 -0.49380069 -0.54116752 -0.07313075\n  0.46926074 -0.34679272 -0.4708952  -0.21676852 -0.28622311  0.39215005\n -0.25396024 -0.41975068 -0.44964484 -0.28783223 -0.37804005  0.01984179\n -0.39903821 -0.36828596 -0.30051584 -0.15111149 -0.26317342  0.07892229\n  0.28976837 -0.49419198 -0.70618516 -0.41579564 -0.33100367  0.23899465\n  0.61965384 -0.32227657 -0.636306   -0.42982089 -0.100124    0.59269267\n  0.64234037 -0.06950898 -0.42085358 -0.23786551 -0.00898595  0.84098583]"}, "version": 86, "at": 1733736385.158112}
{"obj": {"type": "AssignString", "path": ["harmonization", "batch_effects_dist", "Miltiadous", "inverse_gamma_dist"], "value": "[1.13268587 1.43699724 0.8126181  ... 1.10115129 0.53602068 1.46763666]"}, "version": 87, "at": 1733736385.158201}
{"obj": {"type": "AssignString", "path": ["harmonization", "batch_effects_dist", "Miltiadous", "delta_hat"], "value": "[1.30454135 0.77537942 0.78506351 1.23428235 0.78034662 1.25462683\n 0.86488249 0.60105012 0.52511645 0.63873859 0.46010231 0.8290928\n 1.19090796 0.7646952  0.78606687 1.01778881 0.6974647  1.12942637\n 0.84597038 0.68104278 0.74065468 0.83735851 0.83576536 1.05037065\n 0.61329489 0.65736927 0.78992552 0.81255805 0.90004251 0.94150184\n 0.9381895  0.59716525 0.71606367 0.9420856  0.5698635  1.00298429\n 1.54371293 0.52275072 0.45705126 0.71949689 0.77546344 1.42846097\n 1.31512547 0.74565121 0.42623353 0.84380395 0.78758805 1.90712288]"}, "version": 88, "at": 1733736385.15837}
{"obj": {"type": "AssignString", "path": ["harmonization", "batch_effects_dist", "Newcastle", "normal_dist"], "value": "[-0.09497829 -0.3844897  -0.02614319 ... -0.64303099 -0.09541079\n -0.02764782]"}, "version": 89, "at": 1733736385.158476}
{"obj": {"type": "AssignString", "path": ["harmonization", "batch_effects_dist", "Newcastle", "gamma_hat"], "value": "[ 0.57225631  0.46383709  0.51225575  0.54680645  1.04544113 -0.09955533\n -0.40474128 -0.26003432 -0.29290344 -0.30024702 -0.19302074 -0.72726154\n  0.08351273  0.02293613  0.08729465  0.15647631  0.44810146 -0.46359551\n -0.500513   -0.30180828 -0.3887251  -0.45027569 -0.41522423 -0.82426427\n -0.77396592 -0.40522077 -0.54499486 -0.53801328 -0.68550255 -0.86511886\n -0.74605578 -0.53355236 -0.48888508 -0.43265768 -0.33515903 -1.16408577\n -0.67478378 -0.63745195 -0.53531567 -0.47077323 -0.18493204 -1.17249101\n -0.42562839 -0.52304975 -0.32743226 -0.33828364 -0.05649763 -0.88647875]"}, "version": 90, "at": 1733736385.158647}
{"obj": {"type": "AssignString", "path": ["harmonization", "batch_effects_dist", "Newcastle", "inverse_gamma_dist"], "value": "[0.60299233 0.50194446 0.64201123 ... 0.64142398 0.75208512 0.52375821]"}, "version": 91, "at": 1733736385.158734}
{"obj": {"type": "AssignString", "path": ["harmonization", "batch_effects_dist", "Newcastle", "delta_hat"], "value": "[0.86258028 0.88730693 1.25248653 1.12497431 1.17746386 0.53218494\n 0.52337743 0.44104158 0.41070947 0.40999907 0.57127043 0.34509079\n 0.73439593 0.69560217 0.8464379  0.75433536 0.91890078 0.43676608\n 0.93190096 0.74053031 0.80612916 0.71774806 0.96282221 0.67679827\n 0.82249859 0.92387005 0.71180924 0.63915207 0.64952964 0.50918689\n 0.60266652 0.60486486 0.79392881 0.6168746  0.89293281 0.42604065\n 0.77661896 0.46407999 0.38361615 0.34385592 1.06443791 0.29852818\n 0.99719865 0.52757633 0.5366938  0.28768825 1.2360413  0.39890075]"}, "version": 92, "at": 1733736385.1589}
{"obj": {"type": "LogStrings", "path": ["monitoring", "29313d41", "stderr"], "values": [{"value": "/Users/saraiva/PycharmProjects/LTBio/venv/lib/python3.10/site-packages/sklearn/manifold/_t_sne.py:795: FutureWarning: The default initialization in TSNE will change from 'random' to 'pca' in 1.2.\n  warnings.warn(\n", "step": null, "ts": 1733736385.263146}]}, "version": 93, "at": 1733736385.26317}
{"obj": {"type": "AssignString", "path": ["simple_diagnosis_discriminant", "norm"], "value": "none"}, "version": 94, "at": 1733736386.115408}
{"obj": {"type": "AssignString", "path": ["simple_diagnosis_discriminant", "features"], "value": "['Delta_Frontal', 'Delta_Central', 'Delta_Parietal', 'Delta_Occipital', 'Delta_Temporal', 'Delta_Limbic', 'Alpha1_Frontal', 'Alpha1_Central', 'Alpha1_Parietal', 'Alpha1_Occipital', 'Alpha1_Temporal', 'Alpha1_Limbic', 'Theta_Frontal', 'Theta_Central', 'Theta_Parietal', 'Theta_Occipital', 'Theta_Temporal', 'Theta_Limbic', 'Alpha2_Frontal', 'Alpha2_Central', 'Alpha2_Parietal', 'Alpha2_Occipital', 'Alpha2_Temporal', 'Alpha2_Limbic', 'Alpha3_Frontal', 'Alpha3_Central', 'Alpha3_Parietal', 'Alpha3_Occipital', 'Alpha3_Temporal', 'Alpha3_Limbic', 'Beta1_Frontal', 'Beta1_Central', 'Beta1_Parietal', 'Beta1_Occipital', 'Beta1_Temporal', 'Beta1_Limbic', 'Beta2_Frontal', 'Beta2_Central', 'Beta2_Parietal', 'Beta2_Occipital', 'Beta2_Temporal', 'Beta2_Limbic', 'Gamma_Frontal', 'Gamma_Central', 'Gamma_Parietal', 'Gamma_Occipital', 'Gamma_Temporal', 'Gamma_Limbic']"}, "version": 95, "at": 1733736386.115531}
{"obj": {"type": "LogStrings", "path": ["monitoring", "29313d41", "stdout"], "values": [{"value": "Selected features:", "step": null, "ts": 1733736386.1156201}]}, "version": 96, "at": 1733736386.115635}
{"obj": {"type": "LogStrings", "path": ["monitoring", "29313d41", "stdout"], "values": [{"value": "\n", "step": null, "ts": 1733736386.1159391}]}, "version": 97, "at": 1733736386.11595}
{"obj": {"type": "LogStrings", "path": ["monitoring", "29313d41", "stdout"], "values": [{"value": "['Delta_Frontal', 'Delta_Central', 'Delta_Parietal', 'Delta_Occipital', 'Delta_Temporal', 'Delta_Limbic', 'Alpha1_Frontal', 'Alpha1_Central', 'Alpha1_Parietal', 'Alpha1_Occipital', 'Alpha1_Temporal', 'Alpha1_Limbic', 'Theta_Frontal', 'Theta_Central', 'Theta_Parietal', 'Theta_Occipital', 'Theta_Temporal', 'Theta_Limbic', 'Alpha2_Frontal', 'Alpha2_Central', 'Alpha2_Parietal', 'Alpha2_Occipital', 'Alpha2_Temporal', 'Alpha2_Limbic', 'Alpha3_Frontal', 'Alpha3_Central', 'Alpha3_Parietal', 'Alpha3_Occipital', 'Alpha3_Temporal', 'Alpha3_Limbic', 'Beta1_Frontal', 'Beta1_Central', 'Beta1_Parietal', 'Beta1_Occipital', 'Beta1_Temporal', 'Beta1_Limbic', 'Beta2_Frontal', 'Beta2_Central', 'Beta2_Parietal', 'Beta2_Occipital', 'Beta2_Temporal', 'Beta2_Limbic', 'Gamma_Frontal', 'Gamma_Central', 'Gamma_Parietal', 'Gamma_Occipital', 'Gamma_Temporal', 'Gamma_Limbic']", "step": null, "ts": 1733736386.1160378}]}, "version": 98, "at": 1733736386.116045}
{"obj": {"type": "LogStrings", "path": ["monitoring", "29313d41", "stdout"], "values": [{"value": "\n", "step": null, "ts": 1733736386.116106}]}, "version": 99, "at": 1733736386.116117}
{"obj": {"type": "AssignString", "path": ["simple_diagnosis_discriminant", "model_description"], "value": "PCA(n_components=10, random_state=0)"}, "version": 100, "at": 1733736386.1165729}
{"obj": {"type": "LogStrings", "path": ["monitoring", "29313d41", "stdout"], "values": [{"value": "Applying min-max norm...", "step": null, "ts": 1733736386.126869}]}, "version": 101, "at": 1733736386.126886}
{"obj": {"type": "AssignString", "path": ["classification", "DIAGNOSIS", "norm"], "value": "min-max"}, "version": 102, "at": 1733736386.127697}
{"obj": {"type": "LogStrings", "path": ["monitoring", "29313d41", "stdout"], "values": [{"value": "\n", "step": null, "ts": 1733736386.127773}]}, "version": 103, "at": 1733736386.127784}
{"obj": {"type": "AssignString", "path": ["classification", "DIAGNOSIS", "features"], "value": "[0, 1, 2, 3, 4, 5, 6, 7, 8, 9]"}, "version": 104, "at": 1733736386.1287382}
{"obj": {"type": "LogStrings", "path": ["monitoring", "29313d41", "stdout"], "values": [{"value": "Classification with DIAGNOSIS", "step": null, "ts": 1733736386.128978}]}, "version": 105, "at": 1733736386.128989}
{"obj": {"type": "LogStrings", "path": ["monitoring", "29313d41", "stdout"], "values": [{"value": "\n", "step": null, "ts": 1733736386.130225}]}, "version": 106, "at": 1733736386.130233}
{"obj": {"type": "LogStrings", "path": ["monitoring", "29313d41", "stdout"], "values": [{"value": "Targets:", "step": null, "ts": 1733736386.1302662}]}, "version": 107, "at": 1733736386.130272}
{"obj": {"type": "LogStrings", "path": ["monitoring", "29313d41", "stdout"], "values": [{"value": " ", "step": null, "ts": 1733736386.1302981}]}, "version": 108, "at": 1733736386.130304}
{"obj": {"type": "LogStrings", "path": ["monitoring", "29313d41", "stdout"], "values": [{"value": "[0 1]", "step": null, "ts": 1733736386.1303282}]}, "version": 109, "at": 1733736386.130333}
{"obj": {"type": "AssignString", "path": ["classification", "DIAGNOSIS", "class_weight"], "value": "SMOTE augmented"}, "version": 110, "at": 1733736386.1312692}
{"obj": {"type": "LogStrings", "path": ["monitoring", "29313d41", "stdout"], "values": [{"value": "\n", "step": null, "ts": 1733736386.131795}]}, "version": 111, "at": 1733736386.1318011}
{"obj": {"type": "LogStrings", "path": ["monitoring", "29313d41", "stdout"], "values": [{"value": "{'activation': 'relu', 'alpha': 0.0001, 'batch_size': 'auto', 'beta_1': 0.9, 'beta_2': 0.999, 'early_stopping': False, 'epsilon': 1e-08, 'hidden_layer_sizes': (10, 5), 'learning_rate': 'constant', 'learning_rate_init': 0.001, 'max_fun': 15000, 'max_iter': 1000, 'momentum': 0.9, 'n_iter_no_change': 10, 'nesterovs_momentum': True, 'power_t': 0.5, 'random_state': 0, 'shuffle': True, 'solver': 'adam', 'tol': 0.0001, 'validation_fraction': 0.1, 'verbose': False, 'warm_start': False}", "step": null, "ts": 1733736386.131881}]}, "version": 112, "at": 1733736386.131886}
{"obj": {"type": "LogStrings", "path": ["monitoring", "29313d41", "stdout"], "values": [{"value": "\n", "step": null, "ts": 1733736386.132396}]}, "version": 113, "at": 1733736386.132401}
{"obj": {"type": "LogStrings", "path": ["monitoring", "29313d41", "stdout"], "values": [{"value": "Selected features:", "step": null, "ts": 1733736386.132585}]}, "version": 114, "at": 1733736386.13259}
{"obj": {"type": "LogStrings", "path": ["monitoring", "29313d41", "stdout"], "values": [{"value": "\n", "step": null, "ts": 1733736386.132896}]}, "version": 115, "at": 1733736386.132907}
{"obj": {"type": "LogStrings", "path": ["monitoring", "29313d41", "stdout"], "values": [{"value": "RangeIndex(start=0, stop=10, step=1)", "step": null, "ts": 1733736386.133044}]}, "version": 116, "at": 1733736386.133054}
{"obj": {"type": "LogStrings", "path": ["monitoring", "29313d41", "stdout"], "values": [{"value": "\n", "step": null, "ts": 1733736386.13343}]}, "version": 117, "at": 1733736386.1334379}
{"obj": {"type": "AssignBool", "path": ["classification", "DIAGNOSIS", "output_prob"], "value": false}, "version": 118, "at": 1733736386.378159}
{"obj": {"type": "LogStrings", "path": ["monitoring", "29313d41", "stdout"], "values": [{"value": "LOOCV 0/240. SMOTE augmented.", "step": null, "ts": 1733736386.3796248}]}, "version": 119, "at": 1733736386.37964}
{"obj": {"type": "LogStrings", "path": ["monitoring", "29313d41", "stdout"], "values": [{"value": "\n", "step": null, "ts": 1733736386.3796868}]}, "version": 120, "at": 1733736386.379694}
{"obj": {"type": "LogStrings", "path": ["monitoring", "29313d41", "stderr"], "values": [{"value": "/Users/saraiva/PycharmProjects/LTBio/venv/lib/python3.10/site-packages/sklearn/neural_network/_multilayer_perceptron.py:702: ConvergenceWarning: Stochastic Optimizer: Maximum iterations (1000) reached and the optimization hasn't converged yet.\n  warnings.warn(\n", "step": null, "ts": 1733736386.379725}]}, "version": 121, "at": 1733736386.37973}
{"obj": {"type": "AssignString", "path": ["classification", "DIAGNOSIS", "class_weight"], "value": "SMOTE augmented"}, "version": 122, "at": 1733736386.380645}
{"obj": {"type": "AssignBool", "path": ["classification", "DIAGNOSIS", "output_prob"], "value": false}, "version": 123, "at": 1733736386.5927522}
{"obj": {"type": "LogStrings", "path": ["monitoring", "29313d41", "stdout"], "values": [{"value": "LOOCV 1/240. SMOTE augmented.", "step": null, "ts": 1733736386.5939}]}, "version": 124, "at": 1733736386.593916}
{"obj": {"type": "LogStrings", "path": ["monitoring", "29313d41", "stdout"], "values": [{"value": "\n", "step": null, "ts": 1733736386.5942621}]}, "version": 125, "at": 1733736386.594273}
{"obj": {"type": "AssignString", "path": ["classification", "DIAGNOSIS", "class_weight"], "value": "SMOTE augmented"}, "version": 126, "at": 1733736386.5951}
{"obj": {"type": "AssignBool", "path": ["classification", "DIAGNOSIS", "output_prob"], "value": false}, "version": 127, "at": 1733736386.8252}
{"obj": {"type": "LogStrings", "path": ["monitoring", "29313d41", "stdout"], "values": [{"value": "LOOCV 2/240. SMOTE augmented.", "step": null, "ts": 1733736386.8255758}]}, "version": 128, "at": 1733736386.825591}
{"obj": {"type": "LogStrings", "path": ["monitoring", "29313d41", "stderr"], "values": [{"value": "/Users/saraiva/PycharmProjects/LTBio/venv/lib/python3.10/site-packages/sklearn/neural_network/_multilayer_perceptron.py:702: ConvergenceWarning: Stochastic Optimizer: Maximum iterations (1000) reached and the optimization hasn't converged yet.\n  warnings.warn(\n", "step": null, "ts": 1733736386.82567}]}, "version": 129, "at": 1733736386.825681}
{"obj": {"type": "LogStrings", "path": ["monitoring", "29313d41", "stdout"], "values": [{"value": "\n", "step": null, "ts": 1733736386.826847}]}, "version": 130, "at": 1733736386.8268569}
{"obj": {"type": "AssignString", "path": ["classification", "DIAGNOSIS", "class_weight"], "value": "SMOTE augmented"}, "version": 131, "at": 1733736386.827692}
{"obj": {"type": "AssignBool", "path": ["classification", "DIAGNOSIS", "output_prob"], "value": false}, "version": 132, "at": 1733736387.059974}
{"obj": {"type": "LogStrings", "path": ["monitoring", "29313d41", "stdout"], "values": [{"value": "LOOCV 3/240. SMOTE augmented.", "step": null, "ts": 1733736387.061151}]}, "version": 133, "at": 1733736387.061167}
{"obj": {"type": "LogStrings", "path": ["monitoring", "29313d41", "stderr"], "values": [{"value": "/Users/saraiva/PycharmProjects/LTBio/venv/lib/python3.10/site-packages/sklearn/neural_network/_multilayer_perceptron.py:702: ConvergenceWarning: Stochastic Optimizer: Maximum iterations (1000) reached and the optimization hasn't converged yet.\n  warnings.warn(\n", "step": null, "ts": 1733736387.061512}]}, "version": 134, "at": 1733736387.061524}
{"obj": {"type": "LogStrings", "path": ["monitoring", "29313d41", "stdout"], "values": [{"value": "\n", "step": null, "ts": 1733736387.06157}]}, "version": 135, "at": 1733736387.0615768}
{"obj": {"type": "AssignString", "path": ["classification", "DIAGNOSIS", "class_weight"], "value": "SMOTE augmented"}, "version": 136, "at": 1733736387.0623932}
{"obj": {"type": "AssignBool", "path": ["classification", "DIAGNOSIS", "output_prob"], "value": false}, "version": 137, "at": 1733736387.29745}
{"obj": {"type": "LogStrings", "path": ["monitoring", "29313d41", "stderr"], "values": [{"value": "/Users/saraiva/PycharmProjects/LTBio/venv/lib/python3.10/site-packages/sklearn/neural_network/_multilayer_perceptron.py:702: ConvergenceWarning: Stochastic Optimizer: Maximum iterations (1000) reached and the optimization hasn't converged yet.\n  warnings.warn(\n", "step": null, "ts": 1733736387.297763}]}, "version": 138, "at": 1733736387.297778}
{"obj": {"type": "LogStrings", "path": ["monitoring", "29313d41", "stdout"], "values": [{"value": "LOOCV 4/240. SMOTE augmented.", "step": null, "ts": 1733736387.298808}]}, "version": 139, "at": 1733736387.29882}
{"obj": {"type": "LogStrings", "path": ["monitoring", "29313d41", "stdout"], "values": [{"value": "\n", "step": null, "ts": 1733736387.298869}]}, "version": 140, "at": 1733736387.2988758}
{"obj": {"type": "AssignString", "path": ["classification", "DIAGNOSIS", "class_weight"], "value": "SMOTE augmented"}, "version": 141, "at": 1733736387.299964}
{"obj": {"type": "AssignBool", "path": ["classification", "DIAGNOSIS", "output_prob"], "value": false}, "version": 142, "at": 1733736387.5063329}
{"obj": {"type": "LogStrings", "path": ["monitoring", "29313d41", "stdout"], "values": [{"value": "LOOCV 5/240. SMOTE augmented.", "step": null, "ts": 1733736387.5074828}]}, "version": 143, "at": 1733736387.507499}
{"obj": {"type": "LogStrings", "path": ["monitoring", "29313d41", "stdout"], "values": [{"value": "\n", "step": null, "ts": 1733736387.507553}]}, "version": 144, "at": 1733736387.507561}
{"obj": {"type": "AssignString", "path": ["classification", "DIAGNOSIS", "class_weight"], "value": "SMOTE augmented"}, "version": 145, "at": 1733736387.5089338}
{"obj": {"type": "AssignBool", "path": ["classification", "DIAGNOSIS", "output_prob"], "value": false}, "version": 146, "at": 1733736387.740702}
{"obj": {"type": "LogStrings", "path": ["monitoring", "29313d41", "stdout"], "values": [{"value": "LOOCV 6/240. SMOTE augmented.", "step": null, "ts": 1733736387.742164}]}, "version": 147, "at": 1733736387.74218}
{"obj": {"type": "LogStrings", "path": ["monitoring", "29313d41", "stdout"], "values": [{"value": "\n", "step": null, "ts": 1733736387.742236}]}, "version": 148, "at": 1733736387.742244}
{"obj": {"type": "LogStrings", "path": ["monitoring", "29313d41", "stderr"], "values": [{"value": "/Users/saraiva/PycharmProjects/LTBio/venv/lib/python3.10/site-packages/sklearn/neural_network/_multilayer_perceptron.py:702: ConvergenceWarning: Stochastic Optimizer: Maximum iterations (1000) reached and the optimization hasn't converged yet.\n  warnings.warn(\n", "step": null, "ts": 1733736387.74228}]}, "version": 149, "at": 1733736387.742286}
{"obj": {"type": "AssignString", "path": ["classification", "DIAGNOSIS", "class_weight"], "value": "SMOTE augmented"}, "version": 150, "at": 1733736387.74308}
{"obj": {"type": "AssignBool", "path": ["classification", "DIAGNOSIS", "output_prob"], "value": false}, "version": 151, "at": 1733736387.8343198}
{"obj": {"type": "LogStrings", "path": ["monitoring", "29313d41", "stdout"], "values": [{"value": "LOOCV 7/240. SMOTE augmented.", "step": null, "ts": 1733736387.8345852}]}, "version": 152, "at": 1733736387.8346}
{"obj": {"type": "LogStrings", "path": ["monitoring", "29313d41", "stdout"], "values": [{"value": "\n", "step": null, "ts": 1733736387.834646}]}, "version": 153, "at": 1733736387.8346539}
{"obj": {"type": "AssignString", "path": ["classification", "DIAGNOSIS", "class_weight"], "value": "SMOTE augmented"}, "version": 154, "at": 1733736387.8365178}
{"obj": {"type": "AssignBool", "path": ["classification", "DIAGNOSIS", "output_prob"], "value": false}, "version": 155, "at": 1733736388.06579}
{"obj": {"type": "LogStrings", "path": ["monitoring", "29313d41", "stderr"], "values": [{"value": "/Users/saraiva/PycharmProjects/LTBio/venv/lib/python3.10/site-packages/sklearn/neural_network/_multilayer_perceptron.py:702: ConvergenceWarning: Stochastic Optimizer: Maximum iterations (1000) reached and the optimization hasn't converged yet.\n  warnings.warn(\n", "step": null, "ts": 1733736388.066124}]}, "version": 156, "at": 1733736388.06614}
{"obj": {"type": "LogStrings", "path": ["monitoring", "29313d41", "stdout"], "values": [{"value": "LOOCV 8/240. SMOTE augmented.", "step": null, "ts": 1733736388.067026}]}, "version": 157, "at": 1733736388.067036}
{"obj": {"type": "LogStrings", "path": ["monitoring", "29313d41", "stdout"], "values": [{"value": "\n", "step": null, "ts": 1733736388.0670772}]}, "version": 158, "at": 1733736388.0670831}
{"obj": {"type": "AssignString", "path": ["classification", "DIAGNOSIS", "class_weight"], "value": "SMOTE augmented"}, "version": 159, "at": 1733736388.068233}
{"obj": {"type": "AssignBool", "path": ["classification", "DIAGNOSIS", "output_prob"], "value": false}, "version": 160, "at": 1733736388.18155}
{"obj": {"type": "LogStrings", "path": ["monitoring", "29313d41", "stdout"], "values": [{"value": "LOOCV 9/240. SMOTE augmented.", "step": null, "ts": 1733736388.1818292}]}, "version": 161, "at": 1733736388.181845}
{"obj": {"type": "LogStrings", "path": ["monitoring", "29313d41", "stdout"], "values": [{"value": "\n", "step": null, "ts": 1733736388.1818938}]}, "version": 162, "at": 1733736388.1819022}
{"obj": {"type": "AssignString", "path": ["classification", "DIAGNOSIS", "class_weight"], "value": "SMOTE augmented"}, "version": 163, "at": 1733736388.183765}
{"obj": {"type": "AssignBool", "path": ["classification", "DIAGNOSIS", "output_prob"], "value": false}, "version": 164, "at": 1733736388.414413}
{"obj": {"type": "LogStrings", "path": ["monitoring", "29313d41", "stderr"], "values": [{"value": "/Users/saraiva/PycharmProjects/LTBio/venv/lib/python3.10/site-packages/sklearn/neural_network/_multilayer_perceptron.py:702: ConvergenceWarning: Stochastic Optimizer: Maximum iterations (1000) reached and the optimization hasn't converged yet.\n  warnings.warn(\n", "step": null, "ts": 1733736388.4147599}]}, "version": 165, "at": 1733736388.414776}
{"obj": {"type": "LogStrings", "path": ["monitoring", "29313d41", "stdout"], "values": [{"value": "LOOCV 10/240. SMOTE augmented.", "step": null, "ts": 1733736388.415929}]}, "version": 166, "at": 1733736388.41594}
{"obj": {"type": "LogStrings", "path": ["monitoring", "29313d41", "stdout"], "values": [{"value": "\n", "step": null, "ts": 1733736388.415981}]}, "version": 167, "at": 1733736388.415987}
{"obj": {"type": "AssignString", "path": ["classification", "DIAGNOSIS", "class_weight"], "value": "SMOTE augmented"}, "version": 168, "at": 1733736388.416768}
{"obj": {"type": "AssignBool", "path": ["classification", "DIAGNOSIS", "output_prob"], "value": false}, "version": 169, "at": 1733736388.495062}
{"obj": {"type": "LogStrings", "path": ["monitoring", "29313d41", "stdout"], "values": [{"value": "LOOCV 11/240. SMOTE augmented.", "step": null, "ts": 1733736388.496094}]}, "version": 170, "at": 1733736388.496109}
{"obj": {"type": "LogStrings", "path": ["monitoring", "29313d41", "stdout"], "values": [{"value": "\n", "step": null, "ts": 1733736388.4961548}]}, "version": 171, "at": 1733736388.496161}
{"obj": {"type": "AssignString", "path": ["classification", "DIAGNOSIS", "class_weight"], "value": "SMOTE augmented"}, "version": 172, "at": 1733736388.497292}
{"obj": {"type": "AssignBool", "path": ["classification", "DIAGNOSIS", "output_prob"], "value": false}, "version": 173, "at": 1733736388.727884}
{"obj": {"type": "LogStrings", "path": ["monitoring", "29313d41", "stdout"], "values": [{"value": "LOOCV 12/240. SMOTE augmented.", "step": null, "ts": 1733736388.728986}]}, "version": 174, "at": 1733736388.729003}
{"obj": {"type": "LogStrings", "path": ["monitoring", "29313d41", "stdout"], "values": [{"value": "\n", "step": null, "ts": 1733736388.729056}]}, "version": 175, "at": 1733736388.7290628}
{"obj": {"type": "AssignString", "path": ["classification", "DIAGNOSIS", "class_weight"], "value": "SMOTE augmented"}, "version": 176, "at": 1733736388.7302241}
{"obj": {"type": "AssignBool", "path": ["classification", "DIAGNOSIS", "output_prob"], "value": false}, "version": 177, "at": 1733736388.809289}
{"obj": {"type": "LogStrings", "path": ["monitoring", "29313d41", "stdout"], "values": [{"value": "LOOCV 13/240. SMOTE augmented.", "step": null, "ts": 1733736388.8103411}]}, "version": 178, "at": 1733736388.810357}
{"obj": {"type": "LogStrings", "path": ["monitoring", "29313d41", "stdout"], "values": [{"value": "\n", "step": null, "ts": 1733736388.810714}]}, "version": 179, "at": 1733736388.810722}
{"obj": {"type": "AssignString", "path": ["classification", "DIAGNOSIS", "class_weight"], "value": "SMOTE augmented"}, "version": 180, "at": 1733736388.811511}
{"obj": {"type": "LogStrings", "path": ["monitoring", "29313d41", "stdout"], "values": [{"value": "LOOCV 14/240. SMOTE augmented.", "step": null, "ts": 1733736389.039671}]}, "version": 181, "at": 1733736389.039691}
{"obj": {"type": "LogStrings", "path": ["monitoring", "29313d41", "stderr"], "values": [{"value": "/Users/saraiva/PycharmProjects/LTBio/venv/lib/python3.10/site-packages/sklearn/neural_network/_multilayer_perceptron.py:702: ConvergenceWarning: Stochastic Optimizer: Maximum iterations (1000) reached and the optimization hasn't converged yet.\n  warnings.warn(\n", "step": null, "ts": 1733736389.040235}]}, "version": 182, "at": 1733736389.040245}
{"obj": {"type": "AssignBool", "path": ["classification", "DIAGNOSIS", "output_prob"], "value": false}, "version": 183, "at": 1733736389.040294}
{"obj": {"type": "LogStrings", "path": ["monitoring", "29313d41", "stdout"], "values": [{"value": "\n", "step": null, "ts": 1733736389.041321}]}, "version": 184, "at": 1733736389.041335}
{"obj": {"type": "AssignString", "path": ["classification", "DIAGNOSIS", "class_weight"], "value": "SMOTE augmented"}, "version": 185, "at": 1733736389.0425081}
{"obj": {"type": "AssignBool", "path": ["classification", "DIAGNOSIS", "output_prob"], "value": false}, "version": 186, "at": 1733736389.268116}
{"obj": {"type": "LogStrings", "path": ["monitoring", "29313d41", "stdout"], "values": [{"value": "LOOCV 15/240. SMOTE augmented.", "step": null, "ts": 1733736389.268448}]}, "version": 187, "at": 1733736389.268466}
{"obj": {"type": "LogStrings", "path": ["monitoring", "29313d41", "stdout"], "values": [{"value": "\n", "step": null, "ts": 1733736389.268521}]}, "version": 188, "at": 1733736389.268529}
{"obj": {"type": "AssignString", "path": ["classification", "DIAGNOSIS", "class_weight"], "value": "SMOTE augmented"}, "version": 189, "at": 1733736389.270911}
{"obj": {"type": "AssignBool", "path": ["classification", "DIAGNOSIS", "output_prob"], "value": false}, "version": 190, "at": 1733736389.455381}
{"obj": {"type": "LogStrings", "path": ["monitoring", "29313d41", "stdout"], "values": [{"value": "LOOCV 16/240. SMOTE augmented.", "step": null, "ts": 1733736389.45679}]}, "version": 191, "at": 1733736389.4568052}
{"obj": {"type": "LogStrings", "path": ["monitoring", "29313d41", "stdout"], "values": [{"value": "\n", "step": null, "ts": 1733736389.456855}]}, "version": 192, "at": 1733736389.456862}
{"obj": {"type": "AssignString", "path": ["classification", "DIAGNOSIS", "class_weight"], "value": "SMOTE augmented"}, "version": 193, "at": 1733736389.457628}
{"obj": {"type": "AssignBool", "path": ["classification", "DIAGNOSIS", "output_prob"], "value": false}, "version": 194, "at": 1733736389.535758}
{"obj": {"type": "LogStrings", "path": ["monitoring", "29313d41", "stdout"], "values": [{"value": "LOOCV 17/240. SMOTE augmented.", "step": null, "ts": 1733736389.53608}]}, "version": 195, "at": 1733736389.536096}
{"obj": {"type": "LogStrings", "path": ["monitoring", "29313d41", "stdout"], "values": [{"value": "\n", "step": null, "ts": 1733736389.536146}]}, "version": 196, "at": 1733736389.536153}
{"obj": {"type": "AssignString", "path": ["classification", "DIAGNOSIS", "class_weight"], "value": "SMOTE augmented"}, "version": 197, "at": 1733736389.53808}
{"obj": {"type": "AssignBool", "path": ["classification", "DIAGNOSIS", "output_prob"], "value": false}, "version": 198, "at": 1733736389.6980119}
{"obj": {"type": "LogStrings", "path": ["monitoring", "29313d41", "stdout"], "values": [{"value": "LOOCV 18/240. SMOTE augmented.", "step": null, "ts": 1733736389.698292}]}, "version": 199, "at": 1733736389.6983092}
{"obj": {"type": "LogStrings", "path": ["monitoring", "29313d41", "stdout"], "values": [{"value": "\n", "step": null, "ts": 1733736389.698356}]}, "version": 200, "at": 1733736389.698364}
{"obj": {"type": "AssignString", "path": ["classification", "DIAGNOSIS", "class_weight"], "value": "SMOTE augmented"}, "version": 201, "at": 1733736389.700288}
{"obj": {"type": "AssignBool", "path": ["classification", "DIAGNOSIS", "output_prob"], "value": false}, "version": 202, "at": 1733736389.9242492}
{"obj": {"type": "LogStrings", "path": ["monitoring", "29313d41", "stdout"], "values": [{"value": "LOOCV 19/240. SMOTE augmented.", "step": null, "ts": 1733736389.9254}]}, "version": 203, "at": 1733736389.925416}
{"obj": {"type": "LogStrings", "path": ["monitoring", "29313d41", "stdout"], "values": [{"value": "\n", "step": null, "ts": 1733736389.9257972}]}, "version": 204, "at": 1733736389.9258082}
{"obj": {"type": "AssignString", "path": ["classification", "DIAGNOSIS", "class_weight"], "value": "SMOTE augmented"}, "version": 205, "at": 1733736389.92664}
{"obj": {"type": "AssignBool", "path": ["classification", "DIAGNOSIS", "output_prob"], "value": false}, "version": 206, "at": 1733736390.089012}
{"obj": {"type": "LogStrings", "path": ["monitoring", "29313d41", "stdout"], "values": [{"value": "LOOCV 20/240. SMOTE augmented.", "step": null, "ts": 1733736390.090127}]}, "version": 207, "at": 1733736390.090143}
{"obj": {"type": "LogStrings", "path": ["monitoring", "29313d41", "stdout"], "values": [{"value": "\n", "step": null, "ts": 1733736390.0901928}]}, "version": 208, "at": 1733736390.0902}
{"obj": {"type": "AssignString", "path": ["classification", "DIAGNOSIS", "class_weight"], "value": "SMOTE augmented"}, "version": 209, "at": 1733736390.0913332}
{"obj": {"type": "AssignBool", "path": ["classification", "DIAGNOSIS", "output_prob"], "value": false}, "version": 210, "at": 1733736390.320411}
{"obj": {"type": "LogStrings", "path": ["monitoring", "29313d41", "stdout"], "values": [{"value": "LOOCV 21/240. SMOTE augmented.", "step": null, "ts": 1733736390.3218749}]}, "version": 211, "at": 1733736390.321891}
{"obj": {"type": "LogStrings", "path": ["monitoring", "29313d41", "stdout"], "values": [{"value": "\n", "step": null, "ts": 1733736390.3219461}]}, "version": 212, "at": 1733736390.321953}
{"obj": {"type": "AssignString", "path": ["classification", "DIAGNOSIS", "class_weight"], "value": "SMOTE augmented"}, "version": 213, "at": 1733736390.322747}
{"obj": {"type": "LogStrings", "path": ["monitoring", "29313d41", "stderr"], "values": [{"value": "/Users/saraiva/PycharmProjects/LTBio/venv/lib/python3.10/site-packages/sklearn/neural_network/_multilayer_perceptron.py:702: ConvergenceWarning: Stochastic Optimizer: Maximum iterations (1000) reached and the optimization hasn't converged yet.\n  warnings.warn(\n", "step": null, "ts": 1733736390.3235998}]}, "version": 214, "at": 1733736390.3236108}
{"obj": {"type": "AssignBool", "path": ["classification", "DIAGNOSIS", "output_prob"], "value": false}, "version": 215, "at": 1733736390.501722}
{"obj": {"type": "LogStrings", "path": ["monitoring", "29313d41", "stdout"], "values": [{"value": "LOOCV 22/240. SMOTE augmented.", "step": null, "ts": 1733736390.502814}]}, "version": 216, "at": 1733736390.50283}
{"obj": {"type": "LogStrings", "path": ["monitoring", "29313d41", "stdout"], "values": [{"value": "\n", "step": null, "ts": 1733736390.502879}]}, "version": 217, "at": 1733736390.502887}
{"obj": {"type": "AssignString", "path": ["classification", "DIAGNOSIS", "class_weight"], "value": "SMOTE augmented"}, "version": 218, "at": 1733736390.504016}
{"obj": {"type": "AssignBool", "path": ["classification", "DIAGNOSIS", "output_prob"], "value": false}, "version": 219, "at": 1733736390.5694752}
{"obj": {"type": "LogStrings", "path": ["monitoring", "29313d41", "stdout"], "values": [{"value": "LOOCV 23/240. SMOTE augmented.", "step": null, "ts": 1733736390.570627}]}, "version": 220, "at": 1733736390.570645}
{"obj": {"type": "LogStrings", "path": ["monitoring", "29313d41", "stdout"], "values": [{"value": "\n", "step": null, "ts": 1733736390.570699}]}, "version": 221, "at": 1733736390.570706}
{"obj": {"type": "AssignString", "path": ["classification", "DIAGNOSIS", "class_weight"], "value": "SMOTE augmented"}, "version": 222, "at": 1733736390.572083}
{"obj": {"type": "AssignBool", "path": ["classification", "DIAGNOSIS", "output_prob"], "value": false}, "version": 223, "at": 1733736390.762461}
{"obj": {"type": "LogStrings", "path": ["monitoring", "29313d41", "stdout"], "values": [{"value": "LOOCV 24/240. SMOTE augmented.", "step": null, "ts": 1733736390.7635462}]}, "version": 224, "at": 1733736390.763563}
{"obj": {"type": "LogStrings", "path": ["monitoring", "29313d41", "stdout"], "values": [{"value": "\n", "step": null, "ts": 1733736390.763614}]}, "version": 225, "at": 1733736390.7636218}
{"obj": {"type": "AssignString", "path": ["classification", "DIAGNOSIS", "class_weight"], "value": "SMOTE augmented"}, "version": 226, "at": 1733736390.764787}
{"obj": {"type": "AssignBool", "path": ["classification", "DIAGNOSIS", "output_prob"], "value": false}, "version": 227, "at": 1733736390.82932}
{"obj": {"type": "LogStrings", "path": ["monitoring", "29313d41", "stdout"], "values": [{"value": "LOOCV 25/240. SMOTE augmented.", "step": null, "ts": 1733736390.830424}]}, "version": 228, "at": 1733736390.8304389}
{"obj": {"type": "LogStrings", "path": ["monitoring", "29313d41", "stdout"], "values": [{"value": "\n", "step": null, "ts": 1733736390.8304908}]}, "version": 229, "at": 1733736390.8304992}
{"obj": {"type": "AssignString", "path": ["classification", "DIAGNOSIS", "class_weight"], "value": "SMOTE augmented"}, "version": 230, "at": 1733736390.8316538}
{"obj": {"type": "AssignBool", "path": ["classification", "DIAGNOSIS", "output_prob"], "value": false}, "version": 231, "at": 1733736391.0296671}
{"obj": {"type": "LogStrings", "path": ["monitoring", "29313d41", "stdout"], "values": [{"value": "LOOCV 26/240. SMOTE augmented.", "step": null, "ts": 1733736391.02994}]}, "version": 232, "at": 1733736391.029956}
{"obj": {"type": "LogStrings", "path": ["monitoring", "29313d41", "stdout"], "values": [{"value": "\n", "step": null, "ts": 1733736391.0300028}]}, "version": 233, "at": 1733736391.030011}
{"obj": {"type": "AssignString", "path": ["classification", "DIAGNOSIS", "class_weight"], "value": "SMOTE augmented"}, "version": 234, "at": 1733736391.03222}
{"obj": {"type": "LogStrings", "path": ["monitoring", "29313d41", "stdout"], "values": [{"value": "LOOCV 27/240. SMOTE augmented.", "step": null, "ts": 1733736391.1973948}]}, "version": 235, "at": 1733736391.1974158}
{"obj": {"type": "AssignBool", "path": ["classification", "DIAGNOSIS", "output_prob"], "value": false}, "version": 236, "at": 1733736391.197957}
{"obj": {"type": "LogStrings", "path": ["monitoring", "29313d41", "stdout"], "values": [{"value": "\n", "step": null, "ts": 1733736391.199133}]}, "version": 237, "at": 1733736391.19915}
{"obj": {"type": "AssignString", "path": ["classification", "DIAGNOSIS", "class_weight"], "value": "SMOTE augmented"}, "version": 238, "at": 1733736391.200306}
{"obj": {"type": "AssignBool", "path": ["classification", "DIAGNOSIS", "output_prob"], "value": false}, "version": 239, "at": 1733736391.429462}
{"obj": {"type": "LogStrings", "path": ["monitoring", "29313d41", "stderr"], "values": [{"value": "/Users/saraiva/PycharmProjects/LTBio/venv/lib/python3.10/site-packages/sklearn/neural_network/_multilayer_perceptron.py:702: ConvergenceWarning: Stochastic Optimizer: Maximum iterations (1000) reached and the optimization hasn't converged yet.\n  warnings.warn(\n", "step": null, "ts": 1733736391.430888}]}, "version": 240, "at": 1733736391.430905}
{"obj": {"type": "LogStrings", "path": ["monitoring", "29313d41", "stdout"], "values": [{"value": "LOOCV 28/240. SMOTE augmented.", "step": null, "ts": 1733736391.43095}]}, "version": 241, "at": 1733736391.4309561}
{"obj": {"type": "LogStrings", "path": ["monitoring", "29313d41", "stdout"], "values": [{"value": "\n", "step": null, "ts": 1733736391.43099}]}, "version": 242, "at": 1733736391.430997}
{"obj": {"type": "AssignString", "path": ["classification", "DIAGNOSIS", "class_weight"], "value": "SMOTE augmented"}, "version": 243, "at": 1733736391.4318469}
{"obj": {"type": "AssignBool", "path": ["classification", "DIAGNOSIS", "output_prob"], "value": false}, "version": 244, "at": 1733736391.597951}
{"obj": {"type": "LogStrings", "path": ["monitoring", "29313d41", "stdout"], "values": [{"value": "LOOCV 29/240. SMOTE augmented.", "step": null, "ts": 1733736391.599311}]}, "version": 245, "at": 1733736391.599329}
{"obj": {"type": "LogStrings", "path": ["monitoring", "29313d41", "stdout"], "values": [{"value": "\n", "step": null, "ts": 1733736391.599381}]}, "version": 246, "at": 1733736391.5993888}
{"obj": {"type": "AssignString", "path": ["classification", "DIAGNOSIS", "class_weight"], "value": "SMOTE augmented"}, "version": 247, "at": 1733736391.600457}
{"obj": {"type": "AssignBool", "path": ["classification", "DIAGNOSIS", "output_prob"], "value": false}, "version": 248, "at": 1733736391.829338}
{"obj": {"type": "LogStrings", "path": ["monitoring", "29313d41", "stderr"], "values": [{"value": "/Users/saraiva/PycharmProjects/LTBio/venv/lib/python3.10/site-packages/sklearn/neural_network/_multilayer_perceptron.py:702: ConvergenceWarning: Stochastic Optimizer: Maximum iterations (1000) reached and the optimization hasn't converged yet.\n  warnings.warn(\n", "step": null, "ts": 1733736391.829689}]}, "version": 249, "at": 1733736391.829706}
{"obj": {"type": "LogStrings", "path": ["monitoring", "29313d41", "stdout"], "values": [{"value": "LOOCV 30/240. SMOTE augmented.", "step": null, "ts": 1733736391.829761}]}, "version": 250, "at": 1733736391.829772}
{"obj": {"type": "LogStrings", "path": ["monitoring", "29313d41", "stdout"], "values": [{"value": "\n", "step": null, "ts": 1733736391.8298209}]}, "version": 251, "at": 1733736391.829828}
{"obj": {"type": "AssignString", "path": ["classification", "DIAGNOSIS", "class_weight"], "value": "SMOTE augmented"}, "version": 252, "at": 1733736391.831753}
{"obj": {"type": "AssignBool", "path": ["classification", "DIAGNOSIS", "output_prob"], "value": false}, "version": 253, "at": 1733736392.059339}
{"obj": {"type": "LogStrings", "path": ["monitoring", "29313d41", "stderr"], "values": [{"value": "/Users/saraiva/PycharmProjects/LTBio/venv/lib/python3.10/site-packages/sklearn/neural_network/_multilayer_perceptron.py:702: ConvergenceWarning: Stochastic Optimizer: Maximum iterations (1000) reached and the optimization hasn't converged yet.\n  warnings.warn(\n", "step": null, "ts": 1733736392.06086}]}, "version": 254, "at": 1733736392.060878}
{"obj": {"type": "LogStrings", "path": ["monitoring", "29313d41", "stdout"], "values": [{"value": "LOOCV 31/240. SMOTE augmented.", "step": null, "ts": 1733736392.060929}]}, "version": 255, "at": 1733736392.060937}
{"obj": {"type": "LogStrings", "path": ["monitoring", "29313d41", "stdout"], "values": [{"value": "\n", "step": null, "ts": 1733736392.061728}]}, "version": 256, "at": 1733736392.06174}
{"obj": {"type": "AssignString", "path": ["classification", "DIAGNOSIS", "class_weight"], "value": "SMOTE augmented"}, "version": 257, "at": 1733736392.06179}
{"obj": {"type": "AssignBool", "path": ["classification", "DIAGNOSIS", "output_prob"], "value": false}, "version": 258, "at": 1733736392.2247128}
{"obj": {"type": "LogStrings", "path": ["monitoring", "29313d41", "stdout"], "values": [{"value": "LOOCV 32/240. SMOTE augmented.", "step": null, "ts": 1733736392.225295}]}, "version": 259, "at": 1733736392.2253098}
{"obj": {"type": "LogStrings", "path": ["monitoring", "29313d41", "stdout"], "values": [{"value": "\n", "step": null, "ts": 1733736392.225358}]}, "version": 260, "at": 1733736392.225365}
{"obj": {"type": "AssignString", "path": ["classification", "DIAGNOSIS", "class_weight"], "value": "SMOTE augmented"}, "version": 261, "at": 1733736392.227115}
{"obj": {"type": "AssignBool", "path": ["classification", "DIAGNOSIS", "output_prob"], "value": false}, "version": 262, "at": 1733736392.4559119}
{"obj": {"type": "LogStrings", "path": ["monitoring", "29313d41", "stderr"], "values": [{"value": "/Users/saraiva/PycharmProjects/LTBio/venv/lib/python3.10/site-packages/sklearn/neural_network/_multilayer_perceptron.py:702: ConvergenceWarning: Stochastic Optimizer: Maximum iterations (1000) reached and the optimization hasn't converged yet.\n  warnings.warn(\n", "step": null, "ts": 1733736392.457062}]}, "version": 263, "at": 1733736392.457079}
{"obj": {"type": "LogStrings", "path": ["monitoring", "29313d41", "stdout"], "values": [{"value": "LOOCV 33/240. SMOTE augmented.", "step": null, "ts": 1733736392.457134}]}, "version": 264, "at": 1733736392.4571462}
{"obj": {"type": "LogStrings", "path": ["monitoring", "29313d41", "stdout"], "values": [{"value": "\n", "step": null, "ts": 1733736392.4572}]}, "version": 265, "at": 1733736392.4572082}
{"obj": {"type": "AssignString", "path": ["classification", "DIAGNOSIS", "class_weight"], "value": "SMOTE augmented"}, "version": 266, "at": 1733736392.458368}
{"obj": {"type": "AssignBool", "path": ["classification", "DIAGNOSIS", "output_prob"], "value": false}, "version": 267, "at": 1733736392.603146}
{"obj": {"type": "LogStrings", "path": ["monitoring", "29313d41", "stdout"], "values": [{"value": "LOOCV 34/240. SMOTE augmented.", "step": null, "ts": 1733736392.603457}]}, "version": 268, "at": 1733736392.603474}
{"obj": {"type": "LogStrings", "path": ["monitoring", "29313d41", "stdout"], "values": [{"value": "\n", "step": null, "ts": 1733736392.603523}]}, "version": 269, "at": 1733736392.6035311}
{"obj": {"type": "AssignString", "path": ["classification", "DIAGNOSIS", "class_weight"], "value": "SMOTE augmented"}, "version": 270, "at": 1733736392.6054678}
{"obj": {"type": "AssignBool", "path": ["classification", "DIAGNOSIS", "output_prob"], "value": false}, "version": 271, "at": 1733736392.773452}
{"obj": {"type": "LogStrings", "path": ["monitoring", "29313d41", "stdout"], "values": [{"value": "LOOCV 35/240. SMOTE augmented.", "step": null, "ts": 1733736392.774204}]}, "version": 272, "at": 1733736392.7742238}
{"obj": {"type": "LogStrings", "path": ["monitoring", "29313d41", "stdout"], "values": [{"value": "\n", "step": null, "ts": 1733736392.774282}]}, "version": 273, "at": 1733736392.7742898}
{"obj": {"type": "AssignString", "path": ["classification", "DIAGNOSIS", "class_weight"], "value": "SMOTE augmented"}, "version": 274, "at": 1733736392.775935}
{"obj": {"type": "AssignBool", "path": ["classification", "DIAGNOSIS", "output_prob"], "value": false}, "version": 275, "at": 1733736392.898345}
{"obj": {"type": "LogStrings", "path": ["monitoring", "29313d41", "stdout"], "values": [{"value": "LOOCV 36/240. SMOTE augmented.", "step": null, "ts": 1733736392.898669}]}, "version": 276, "at": 1733736392.898686}
{"obj": {"type": "LogStrings", "path": ["monitoring", "29313d41", "stdout"], "values": [{"value": "\n", "step": null, "ts": 1733736392.898741}]}, "version": 277, "at": 1733736392.8987489}
{"obj": {"type": "AssignString", "path": ["classification", "DIAGNOSIS", "class_weight"], "value": "SMOTE augmented"}, "version": 278, "at": 1733736392.900735}
{"obj": {"type": "AssignBool", "path": ["classification", "DIAGNOSIS", "output_prob"], "value": false}, "version": 279, "at": 1733736392.99506}
{"obj": {"type": "LogStrings", "path": ["monitoring", "29313d41", "stdout"], "values": [{"value": "LOOCV 37/240. SMOTE augmented.", "step": null, "ts": 1733736392.9953961}]}, "version": 280, "at": 1733736392.99541}
{"obj": {"type": "LogStrings", "path": ["monitoring", "29313d41", "stdout"], "values": [{"value": "\n", "step": null, "ts": 1733736392.995452}]}, "version": 281, "at": 1733736392.995459}
{"obj": {"type": "AssignString", "path": ["classification", "DIAGNOSIS", "class_weight"], "value": "SMOTE augmented"}, "version": 282, "at": 1733736392.997366}
{"obj": {"type": "AssignBool", "path": ["classification", "DIAGNOSIS", "output_prob"], "value": false}, "version": 283, "at": 1733736393.157578}
{"obj": {"type": "LogStrings", "path": ["monitoring", "29313d41", "stdout"], "values": [{"value": "LOOCV 38/240. SMOTE augmented.", "step": null, "ts": 1733736393.158697}]}, "version": 284, "at": 1733736393.158714}
{"obj": {"type": "LogStrings", "path": ["monitoring", "29313d41", "stdout"], "values": [{"value": "\n", "step": null, "ts": 1733736393.158767}]}, "version": 285, "at": 1733736393.158775}
{"obj": {"type": "AssignString", "path": ["classification", "DIAGNOSIS", "class_weight"], "value": "SMOTE augmented"}, "version": 286, "at": 1733736393.159901}
{"obj": {"type": "AssignBool", "path": ["classification", "DIAGNOSIS", "output_prob"], "value": false}, "version": 287, "at": 1733736393.299739}
{"obj": {"type": "LogStrings", "path": ["monitoring", "29313d41", "stdout"], "values": [{"value": "LOOCV 39/240. SMOTE augmented.", "step": null, "ts": 1733736393.300046}]}, "version": 288, "at": 1733736393.300065}
{"obj": {"type": "LogStrings", "path": ["monitoring", "29313d41", "stdout"], "values": [{"value": "\n", "step": null, "ts": 1733736393.30012}]}, "version": 289, "at": 1733736393.300127}
{"obj": {"type": "AssignString", "path": ["classification", "DIAGNOSIS", "class_weight"], "value": "SMOTE augmented"}, "version": 290, "at": 1733736393.302059}
{"obj": {"type": "AssignBool", "path": ["classification", "DIAGNOSIS", "output_prob"], "value": false}, "version": 291, "at": 1733736393.505387}
{"obj": {"type": "LogStrings", "path": ["monitoring", "29313d41", "stdout"], "values": [{"value": "LOOCV 40/240. SMOTE augmented.", "step": null, "ts": 1733736393.506001}]}, "version": 292, "at": 1733736393.506019}
{"obj": {"type": "LogStrings", "path": ["monitoring", "29313d41", "stdout"], "values": [{"value": "\n", "step": null, "ts": 1733736393.506078}]}, "version": 293, "at": 1733736393.5060859}
{"obj": {"type": "AssignString", "path": ["classification", "DIAGNOSIS", "class_weight"], "value": "SMOTE augmented"}, "version": 294, "at": 1733736393.5081751}
{"obj": {"type": "AssignBool", "path": ["classification", "DIAGNOSIS", "output_prob"], "value": false}, "version": 295, "at": 1733736393.5860019}
{"obj": {"type": "LogStrings", "path": ["monitoring", "29313d41", "stdout"], "values": [{"value": "LOOCV 41/240. SMOTE augmented.", "step": null, "ts": 1733736393.5862882}]}, "version": 296, "at": 1733736393.586304}
{"obj": {"type": "LogStrings", "path": ["monitoring", "29313d41", "stdout"], "values": [{"value": "\n", "step": null, "ts": 1733736393.5863512}]}, "version": 297, "at": 1733736393.586358}
{"obj": {"type": "AssignString", "path": ["classification", "DIAGNOSIS", "class_weight"], "value": "SMOTE augmented"}, "version": 298, "at": 1733736393.5882602}
{"obj": {"type": "AssignBool", "path": ["classification", "DIAGNOSIS", "output_prob"], "value": false}, "version": 299, "at": 1733736393.699187}
{"obj": {"type": "LogStrings", "path": ["monitoring", "29313d41", "stdout"], "values": [{"value": "LOOCV 42/240. SMOTE augmented.", "step": null, "ts": 1733736393.6997519}]}, "version": 300, "at": 1733736393.699766}
{"obj": {"type": "LogStrings", "path": ["monitoring", "29313d41", "stdout"], "values": [{"value": "\n", "step": null, "ts": 1733736393.6998148}]}, "version": 301, "at": 1733736393.699821}
{"obj": {"type": "AssignString", "path": ["classification", "DIAGNOSIS", "class_weight"], "value": "SMOTE augmented"}, "version": 302, "at": 1733736393.701361}
{"obj": {"type": "AssignBool", "path": ["classification", "DIAGNOSIS", "output_prob"], "value": false}, "version": 303, "at": 1733736393.9134421}
{"obj": {"type": "LogStrings", "path": ["monitoring", "29313d41", "stdout"], "values": [{"value": "LOOCV 43/240. SMOTE augmented.", "step": null, "ts": 1733736393.9138188}]}, "version": 304, "at": 1733736393.913837}
{"obj": {"type": "LogStrings", "path": ["monitoring", "29313d41", "stdout"], "values": [{"value": "\n", "step": null, "ts": 1733736393.9138901}]}, "version": 305, "at": 1733736393.913897}
{"obj": {"type": "AssignString", "path": ["classification", "DIAGNOSIS", "class_weight"], "value": "SMOTE augmented"}, "version": 306, "at": 1733736393.915811}
{"obj": {"type": "AssignBool", "path": ["classification", "DIAGNOSIS", "output_prob"], "value": false}, "version": 307, "at": 1733736394.076215}
{"obj": {"type": "LogStrings", "path": ["monitoring", "29313d41", "stdout"], "values": [{"value": "LOOCV 44/240. SMOTE augmented.", "step": null, "ts": 1733736394.076496}]}, "version": 308, "at": 1733736394.076512}
{"obj": {"type": "LogStrings", "path": ["monitoring", "29313d41", "stdout"], "values": [{"value": "\n", "step": null, "ts": 1733736394.076563}]}, "version": 309, "at": 1733736394.07657}
{"obj": {"type": "AssignString", "path": ["classification", "DIAGNOSIS", "class_weight"], "value": "SMOTE augmented"}, "version": 310, "at": 1733736394.078464}
{"obj": {"type": "AssignBool", "path": ["classification", "DIAGNOSIS", "output_prob"], "value": false}, "version": 311, "at": 1733736394.2400808}
{"obj": {"type": "LogStrings", "path": ["monitoring", "29313d41", "stdout"], "values": [{"value": "LOOCV 45/240. SMOTE augmented.", "step": null, "ts": 1733736394.241515}]}, "version": 312, "at": 1733736394.241531}
{"obj": {"type": "LogStrings", "path": ["monitoring", "29313d41", "stdout"], "values": [{"value": "\n", "step": null, "ts": 1733736394.24158}]}, "version": 313, "at": 1733736394.241586}
{"obj": {"type": "AssignString", "path": ["classification", "DIAGNOSIS", "class_weight"], "value": "SMOTE augmented"}, "version": 314, "at": 1733736394.242368}
{"obj": {"type": "AssignBool", "path": ["classification", "DIAGNOSIS", "output_prob"], "value": false}, "version": 315, "at": 1733736394.320555}
{"obj": {"type": "LogStrings", "path": ["monitoring", "29313d41", "stdout"], "values": [{"value": "LOOCV 46/240. SMOTE augmented.", "step": null, "ts": 1733736394.321043}]}, "version": 316, "at": 1733736394.321057}
{"obj": {"type": "LogStrings", "path": ["monitoring", "29313d41", "stdout"], "values": [{"value": "\n", "step": null, "ts": 1733736394.3211038}]}, "version": 317, "at": 1733736394.321111}
{"obj": {"type": "AssignString", "path": ["classification", "DIAGNOSIS", "class_weight"], "value": "SMOTE augmented"}, "version": 318, "at": 1733736394.322888}
{"obj": {"type": "AssignBool", "path": ["classification", "DIAGNOSIS", "output_prob"], "value": false}, "version": 319, "at": 1733736394.386082}
{"obj": {"type": "LogStrings", "path": ["monitoring", "29313d41", "stdout"], "values": [{"value": "LOOCV 47/240. SMOTE augmented.", "step": null, "ts": 1733736394.38643}]}, "version": 320, "at": 1733736394.386446}
{"obj": {"type": "LogStrings", "path": ["monitoring", "29313d41", "stdout"], "values": [{"value": "\n", "step": null, "ts": 1733736394.3864949}]}, "version": 321, "at": 1733736394.3865018}
{"obj": {"type": "AssignString", "path": ["classification", "DIAGNOSIS", "class_weight"], "value": "SMOTE augmented"}, "version": 322, "at": 1733736394.388486}
{"obj": {"type": "AssignBool", "path": ["classification", "DIAGNOSIS", "output_prob"], "value": false}, "version": 323, "at": 1733736394.467076}
{"obj": {"type": "LogStrings", "path": ["monitoring", "29313d41", "stdout"], "values": [{"value": "LOOCV 48/240. SMOTE augmented.", "step": null, "ts": 1733736394.46845}]}, "version": 324, "at": 1733736394.4684649}
{"obj": {"type": "LogStrings", "path": ["monitoring", "29313d41", "stdout"], "values": [{"value": "\n", "step": null, "ts": 1733736394.468516}]}, "version": 325, "at": 1733736394.468523}
{"obj": {"type": "AssignString", "path": ["classification", "DIAGNOSIS", "class_weight"], "value": "SMOTE augmented"}, "version": 326, "at": 1733736394.469377}
{"obj": {"type": "AssignBool", "path": ["classification", "DIAGNOSIS", "output_prob"], "value": false}, "version": 327, "at": 1733736394.630635}
{"obj": {"type": "LogStrings", "path": ["monitoring", "29313d41", "stdout"], "values": [{"value": "LOOCV 49/240. SMOTE augmented.", "step": null, "ts": 1733736394.631976}]}, "version": 328, "at": 1733736394.631993}
{"obj": {"type": "LogStrings", "path": ["monitoring", "29313d41", "stdout"], "values": [{"value": "\n", "step": null, "ts": 1733736394.6320431}]}, "version": 329, "at": 1733736394.63205}
{"obj": {"type": "AssignString", "path": ["classification", "DIAGNOSIS", "class_weight"], "value": "SMOTE augmented"}, "version": 330, "at": 1733736394.632809}
{"obj": {"type": "AssignBool", "path": ["classification", "DIAGNOSIS", "output_prob"], "value": false}, "version": 331, "at": 1733736394.711499}
{"obj": {"type": "LogStrings", "path": ["monitoring", "29313d41", "stdout"], "values": [{"value": "LOOCV 50/240. SMOTE augmented.", "step": null, "ts": 1733736394.71266}]}, "version": 332, "at": 1733736394.712678}
{"obj": {"type": "LogStrings", "path": ["monitoring", "29313d41", "stdout"], "values": [{"value": "\n", "step": null, "ts": 1733736394.712729}]}, "version": 333, "at": 1733736394.712736}
{"obj": {"type": "AssignString", "path": ["classification", "DIAGNOSIS", "class_weight"], "value": "SMOTE augmented"}, "version": 334, "at": 1733736394.713881}
{"obj": {"type": "AssignBool", "path": ["classification", "DIAGNOSIS", "output_prob"], "value": false}, "version": 335, "at": 1733736394.816865}
{"obj": {"type": "LogStrings", "path": ["monitoring", "29313d41", "stdout"], "values": [{"value": "LOOCV 51/240. SMOTE augmented.", "step": null, "ts": 1733736394.8170722}]}, "version": 336, "at": 1733736394.817088}
{"obj": {"type": "LogStrings", "path": ["monitoring", "29313d41", "stdout"], "values": [{"value": "\n", "step": null, "ts": 1733736394.817136}]}, "version": 337, "at": 1733736394.817143}
{"obj": {"type": "AssignString", "path": ["classification", "DIAGNOSIS", "class_weight"], "value": "SMOTE augmented"}, "version": 338, "at": 1733736394.819104}
{"obj": {"type": "AssignBool", "path": ["classification", "DIAGNOSIS", "output_prob"], "value": false}, "version": 339, "at": 1733736394.8962948}
{"obj": {"type": "LogStrings", "path": ["monitoring", "29313d41", "stdout"], "values": [{"value": "LOOCV 52/240. SMOTE augmented.", "step": null, "ts": 1733736394.8965771}]}, "version": 340, "at": 1733736394.8965912}
{"obj": {"type": "LogStrings", "path": ["monitoring", "29313d41", "stdout"], "values": [{"value": "\n", "step": null, "ts": 1733736394.896632}]}, "version": 341, "at": 1733736394.896638}
{"obj": {"type": "AssignString", "path": ["classification", "DIAGNOSIS", "class_weight"], "value": "SMOTE augmented"}, "version": 342, "at": 1733736394.898436}
{"obj": {"type": "AssignBool", "path": ["classification", "DIAGNOSIS", "output_prob"], "value": false}, "version": 343, "at": 1733736394.977023}
{"obj": {"type": "LogStrings", "path": ["monitoring", "29313d41", "stdout"], "values": [{"value": "LOOCV 53/240. SMOTE augmented.", "step": null, "ts": 1733736394.9781299}]}, "version": 344, "at": 1733736394.978147}
{"obj": {"type": "LogStrings", "path": ["monitoring", "29313d41", "stdout"], "values": [{"value": "\n", "step": null, "ts": 1733736394.978202}]}, "version": 345, "at": 1733736394.97821}
{"obj": {"type": "LogFloats", "path": ["monitoring", "29313d41", "cpu"], "values": [{"value": 41.3, "step": null, "ts": 1733736394.978246}]}, "version": 346, "at": 1733736394.978322}
{"obj": {"type": "LogFloats", "path": ["monitoring", "29313d41", "memory"], "values": [{"value": 9.872360229492188, "step": null, "ts": 1733736394.978246}]}, "version": 347, "at": 1733736394.978366}
{"obj": {"type": "AssignString", "path": ["classification", "DIAGNOSIS", "class_weight"], "value": "SMOTE augmented"}, "version": 348, "at": 1733736394.9795158}
{"obj": {"type": "AssignBool", "path": ["classification", "DIAGNOSIS", "output_prob"], "value": false}, "version": 349, "at": 1733736395.043849}
{"obj": {"type": "LogStrings", "path": ["monitoring", "29313d41", "stdout"], "values": [{"value": "LOOCV 54/240. SMOTE augmented.", "step": null, "ts": 1733736395.04515}]}, "version": 350, "at": 1733736395.0451672}
{"obj": {"type": "LogStrings", "path": ["monitoring", "29313d41", "stdout"], "values": [{"value": "\n", "step": null, "ts": 1733736395.045224}]}, "version": 351, "at": 1733736395.045234}
{"obj": {"type": "AssignString", "path": ["classification", "DIAGNOSIS", "class_weight"], "value": "SMOTE augmented"}, "version": 352, "at": 1733736395.046178}
{"obj": {"type": "AssignBool", "path": ["classification", "DIAGNOSIS", "output_prob"], "value": false}, "version": 353, "at": 1733736395.1849332}
{"obj": {"type": "LogStrings", "path": ["monitoring", "29313d41", "stdout"], "values": [{"value": "LOOCV 55/240. SMOTE augmented.", "step": null, "ts": 1733736395.186307}]}, "version": 354, "at": 1733736395.186327}
{"obj": {"type": "LogStrings", "path": ["monitoring", "29313d41", "stdout"], "values": [{"value": "\n", "step": null, "ts": 1733736395.186399}]}, "version": 355, "at": 1733736395.1864069}
{"obj": {"type": "AssignString", "path": ["classification", "DIAGNOSIS", "class_weight"], "value": "SMOTE augmented"}, "version": 356, "at": 1733736395.187586}
{"obj": {"type": "AssignBool", "path": ["classification", "DIAGNOSIS", "output_prob"], "value": false}, "version": 357, "at": 1733736395.3262012}
{"obj": {"type": "LogStrings", "path": ["monitoring", "29313d41", "stdout"], "values": [{"value": "LOOCV 56/240. SMOTE augmented.", "step": null, "ts": 1733736395.32652}]}, "version": 358, "at": 1733736395.326535}
{"obj": {"type": "LogStrings", "path": ["monitoring", "29313d41", "stdout"], "values": [{"value": "\n", "step": null, "ts": 1733736395.3276749}]}, "version": 359, "at": 1733736395.3276858}
{"obj": {"type": "AssignString", "path": ["classification", "DIAGNOSIS", "class_weight"], "value": "SMOTE augmented"}, "version": 360, "at": 1733736395.3284779}
{"obj": {"type": "AssignBool", "path": ["classification", "DIAGNOSIS", "output_prob"], "value": false}, "version": 361, "at": 1733736395.527085}
{"obj": {"type": "LogStrings", "path": ["monitoring", "29313d41", "stdout"], "values": [{"value": "LOOCV 57/240. SMOTE augmented.", "step": null, "ts": 1733736395.527435}]}, "version": 362, "at": 1733736395.527454}
{"obj": {"type": "LogStrings", "path": ["monitoring", "29313d41", "stdout"], "values": [{"value": "\n", "step": null, "ts": 1733736395.527502}]}, "version": 363, "at": 1733736395.52751}
{"obj": {"type": "AssignString", "path": ["classification", "DIAGNOSIS", "class_weight"], "value": "SMOTE augmented"}, "version": 364, "at": 1733736395.529514}
{"obj": {"type": "AssignBool", "path": ["classification", "DIAGNOSIS", "output_prob"], "value": false}, "version": 365, "at": 1733736395.7556102}
{"obj": {"type": "LogStrings", "path": ["monitoring", "29313d41", "stderr"], "values": [{"value": "/Users/saraiva/PycharmProjects/LTBio/venv/lib/python3.10/site-packages/sklearn/neural_network/_multilayer_perceptron.py:702: ConvergenceWarning: Stochastic Optimizer: Maximum iterations (1000) reached and the optimization hasn't converged yet.\n  warnings.warn(\n", "step": null, "ts": 1733736395.7561312}]}, "version": 366, "at": 1733736395.756151}
{"obj": {"type": "LogStrings", "path": ["monitoring", "29313d41", "stdout"], "values": [{"value": "LOOCV 58/240. SMOTE augmented.", "step": null, "ts": 1733736395.7574599}]}, "version": 367, "at": 1733736395.757472}
{"obj": {"type": "LogStrings", "path": ["monitoring", "29313d41", "stdout"], "values": [{"value": "\n", "step": null, "ts": 1733736395.757526}]}, "version": 368, "at": 1733736395.7575328}
{"obj": {"type": "AssignString", "path": ["classification", "DIAGNOSIS", "class_weight"], "value": "SMOTE augmented"}, "version": 369, "at": 1733736395.75832}
{"obj": {"type": "AssignBool", "path": ["classification", "DIAGNOSIS", "output_prob"], "value": false}, "version": 370, "at": 1733736395.986641}
{"obj": {"type": "LogStrings", "path": ["monitoring", "29313d41", "stdout"], "values": [{"value": "LOOCV 59/240. SMOTE augmented.", "step": null, "ts": 1733736395.9881349}]}, "version": 371, "at": 1733736395.9881542}
{"obj": {"type": "LogStrings", "path": ["monitoring", "29313d41", "stderr"], "values": [{"value": "/Users/saraiva/PycharmProjects/LTBio/venv/lib/python3.10/site-packages/sklearn/neural_network/_multilayer_perceptron.py:702: ConvergenceWarning: Stochastic Optimizer: Maximum iterations (1000) reached and the optimization hasn't converged yet.\n  warnings.warn(\n", "step": null, "ts": 1733736395.988224}]}, "version": 372, "at": 1733736395.9882329}
{"obj": {"type": "LogStrings", "path": ["monitoring", "29313d41", "stdout"], "values": [{"value": "\n", "step": null, "ts": 1733736395.989088}]}, "version": 373, "at": 1733736395.9891}
{"obj": {"type": "AssignString", "path": ["classification", "DIAGNOSIS", "class_weight"], "value": "SMOTE augmented"}, "version": 374, "at": 1733736395.989151}
{"obj": {"type": "AssignBool", "path": ["classification", "DIAGNOSIS", "output_prob"], "value": false}, "version": 375, "at": 1733736396.100725}
{"obj": {"type": "LogStrings", "path": ["monitoring", "29313d41", "stdout"], "values": [{"value": "LOOCV 60/240. SMOTE augmented.", "step": null, "ts": 1733736396.1013498}]}, "version": 376, "at": 1733736396.101366}
{"obj": {"type": "LogStrings", "path": ["monitoring", "29313d41", "stdout"], "values": [{"value": "\n", "step": null, "ts": 1733736396.101421}]}, "version": 377, "at": 1733736396.101429}
{"obj": {"type": "AssignString", "path": ["classification", "DIAGNOSIS", "class_weight"], "value": "SMOTE augmented"}, "version": 378, "at": 1733736396.103059}
{"obj": {"type": "AssignBool", "path": ["classification", "DIAGNOSIS", "output_prob"], "value": false}, "version": 379, "at": 1733736396.2448971}
{"obj": {"type": "LogStrings", "path": ["monitoring", "29313d41", "stdout"], "values": [{"value": "LOOCV 61/240. SMOTE augmented.", "step": null, "ts": 1733736396.245224}]}, "version": 380, "at": 1733736396.245239}
{"obj": {"type": "LogStrings", "path": ["monitoring", "29313d41", "stdout"], "values": [{"value": "\n", "step": null, "ts": 1733736396.245284}]}, "version": 381, "at": 1733736396.245291}
{"obj": {"type": "AssignString", "path": ["classification", "DIAGNOSIS", "class_weight"], "value": "SMOTE augmented"}, "version": 382, "at": 1733736396.2472808}
{"obj": {"type": "AssignBool", "path": ["classification", "DIAGNOSIS", "output_prob"], "value": false}, "version": 383, "at": 1733736396.425119}
{"obj": {"type": "LogStrings", "path": ["monitoring", "29313d41", "stdout"], "values": [{"value": "LOOCV 62/240. SMOTE augmented.", "step": null, "ts": 1733736396.426211}]}, "version": 384, "at": 1733736396.426229}
{"obj": {"type": "LogStrings", "path": ["monitoring", "29313d41", "stdout"], "values": [{"value": "\n", "step": null, "ts": 1733736396.4265778}]}, "version": 385, "at": 1733736396.426589}
{"obj": {"type": "AssignString", "path": ["classification", "DIAGNOSIS", "class_weight"], "value": "SMOTE augmented"}, "version": 386, "at": 1733736396.427455}
{"obj": {"type": "AssignBool", "path": ["classification", "DIAGNOSIS", "output_prob"], "value": false}, "version": 387, "at": 1733736396.533692}
{"obj": {"type": "LogStrings", "path": ["monitoring", "29313d41", "stdout"], "values": [{"value": "LOOCV 63/240. SMOTE augmented.", "step": null, "ts": 1733736396.535199}]}, "version": 388, "at": 1733736396.535216}
{"obj": {"type": "LogStrings", "path": ["monitoring", "29313d41", "stdout"], "values": [{"value": "\n", "step": null, "ts": 1733736396.53527}]}, "version": 389, "at": 1733736396.535276}
{"obj": {"type": "AssignString", "path": ["classification", "DIAGNOSIS", "class_weight"], "value": "SMOTE augmented"}, "version": 390, "at": 1733736396.5360699}
{"obj": {"type": "AssignBool", "path": ["classification", "DIAGNOSIS", "output_prob"], "value": false}, "version": 391, "at": 1733736396.6118028}
{"obj": {"type": "LogStrings", "path": ["monitoring", "29313d41", "stdout"], "values": [{"value": "LOOCV 64/240. SMOTE augmented.", "step": null, "ts": 1733736396.6121442}]}, "version": 392, "at": 1733736396.612159}
{"obj": {"type": "LogStrings", "path": ["monitoring", "29313d41", "stdout"], "values": [{"value": "\n", "step": null, "ts": 1733736396.6122072}]}, "version": 393, "at": 1733736396.612213}
{"obj": {"type": "AssignString", "path": ["classification", "DIAGNOSIS", "class_weight"], "value": "SMOTE augmented"}, "version": 394, "at": 1733736396.614285}
{"obj": {"type": "AssignBool", "path": ["classification", "DIAGNOSIS", "output_prob"], "value": false}, "version": 395, "at": 1733736396.776923}
{"obj": {"type": "LogStrings", "path": ["monitoring", "29313d41", "stdout"], "values": [{"value": "LOOCV 65/240. SMOTE augmented.", "step": null, "ts": 1733736396.7772532}]}, "version": 396, "at": 1733736396.777271}
{"obj": {"type": "LogStrings", "path": ["monitoring", "29313d41", "stdout"], "values": [{"value": "\n", "step": null, "ts": 1733736396.7773252}]}, "version": 397, "at": 1733736396.777333}
{"obj": {"type": "AssignString", "path": ["classification", "DIAGNOSIS", "class_weight"], "value": "SMOTE augmented"}, "version": 398, "at": 1733736396.779317}
{"obj": {"type": "AssignBool", "path": ["classification", "DIAGNOSIS", "output_prob"], "value": false}, "version": 399, "at": 1733736397.000177}
{"obj": {"type": "LogStrings", "path": ["monitoring", "29313d41", "stdout"], "values": [{"value": "LOOCV 66/240. SMOTE augmented.", "step": null, "ts": 1733736397.001788}]}, "version": 400, "at": 1733736397.001805}
{"obj": {"type": "LogStrings", "path": ["monitoring", "29313d41", "stdout"], "values": [{"value": "\n", "step": null, "ts": 1733736397.001854}]}, "version": 401, "at": 1733736397.001861}
{"obj": {"type": "AssignString", "path": ["classification", "DIAGNOSIS", "class_weight"], "value": "SMOTE augmented"}, "version": 402, "at": 1733736397.002638}
{"obj": {"type": "AssignBool", "path": ["classification", "DIAGNOSIS", "output_prob"], "value": false}, "version": 403, "at": 1733736397.09517}
{"obj": {"type": "LogStrings", "path": ["monitoring", "29313d41", "stdout"], "values": [{"value": "LOOCV 67/240. SMOTE augmented.", "step": null, "ts": 1733736397.095649}]}, "version": 404, "at": 1733736397.095664}
{"obj": {"type": "LogStrings", "path": ["monitoring", "29313d41", "stdout"], "values": [{"value": "\n", "step": null, "ts": 1733736397.095715}]}, "version": 405, "at": 1733736397.095723}
{"obj": {"type": "AssignString", "path": ["classification", "DIAGNOSIS", "class_weight"], "value": "SMOTE augmented"}, "version": 406, "at": 1733736397.097496}
{"obj": {"type": "AssignBool", "path": ["classification", "DIAGNOSIS", "output_prob"], "value": false}, "version": 407, "at": 1733736397.170023}
{"obj": {"type": "LogStrings", "path": ["monitoring", "29313d41", "stdout"], "values": [{"value": "LOOCV 68/240. SMOTE augmented.", "step": null, "ts": 1733736397.171305}]}, "version": 408, "at": 1733736397.17132}
{"obj": {"type": "LogStrings", "path": ["monitoring", "29313d41", "stdout"], "values": [{"value": "\n", "step": null, "ts": 1733736397.171364}]}, "version": 409, "at": 1733736397.171371}
{"obj": {"type": "AssignString", "path": ["classification", "DIAGNOSIS", "class_weight"], "value": "SMOTE augmented"}, "version": 410, "at": 1733736397.172123}
{"obj": {"type": "AssignBool", "path": ["classification", "DIAGNOSIS", "output_prob"], "value": false}, "version": 411, "at": 1733736397.3975208}
{"obj": {"type": "LogStrings", "path": ["monitoring", "29313d41", "stdout"], "values": [{"value": "LOOCV 69/240. SMOTE augmented.", "step": null, "ts": 1733736397.397861}]}, "version": 412, "at": 1733736397.397877}
{"obj": {"type": "LogStrings", "path": ["monitoring", "29313d41", "stdout"], "values": [{"value": "\n", "step": null, "ts": 1733736397.397923}]}, "version": 413, "at": 1733736397.39793}
{"obj": {"type": "AssignString", "path": ["classification", "DIAGNOSIS", "class_weight"], "value": "SMOTE augmented"}, "version": 414, "at": 1733736397.400105}
{"obj": {"type": "AssignBool", "path": ["classification", "DIAGNOSIS", "output_prob"], "value": false}, "version": 415, "at": 1733736397.604161}
{"obj": {"type": "LogStrings", "path": ["monitoring", "29313d41", "stdout"], "values": [{"value": "LOOCV 70/240. SMOTE augmented.", "step": null, "ts": 1733736397.60449}]}, "version": 416, "at": 1733736397.604505}
{"obj": {"type": "LogStrings", "path": ["monitoring", "29313d41", "stdout"], "values": [{"value": "\n", "step": null, "ts": 1733736397.60455}]}, "version": 417, "at": 1733736397.604556}
{"obj": {"type": "AssignString", "path": ["classification", "DIAGNOSIS", "class_weight"], "value": "SMOTE augmented"}, "version": 418, "at": 1733736397.6064892}
{"obj": {"type": "AssignBool", "path": ["classification", "DIAGNOSIS", "output_prob"], "value": false}, "version": 419, "at": 1733736397.788307}
{"obj": {"type": "LogStrings", "path": ["monitoring", "29313d41", "stdout"], "values": [{"value": "LOOCV 71/240. SMOTE augmented.", "step": null, "ts": 1733736397.788604}]}, "version": 420, "at": 1733736397.788619}
{"obj": {"type": "LogStrings", "path": ["monitoring", "29313d41", "stdout"], "values": [{"value": "\n", "step": null, "ts": 1733736397.788672}]}, "version": 421, "at": 1733736397.7886798}
{"obj": {"type": "AssignString", "path": ["classification", "DIAGNOSIS", "class_weight"], "value": "SMOTE augmented"}, "version": 422, "at": 1733736397.790622}
{"obj": {"type": "AssignBool", "path": ["classification", "DIAGNOSIS", "output_prob"], "value": false}, "version": 423, "at": 1733736397.995734}
{"obj": {"type": "LogStrings", "path": ["monitoring", "29313d41", "stdout"], "values": [{"value": "LOOCV 72/240. SMOTE augmented.", "step": null, "ts": 1733736397.9960241}]}, "version": 424, "at": 1733736397.996039}
{"obj": {"type": "LogStrings", "path": ["monitoring", "29313d41", "stdout"], "values": [{"value": "\n", "step": null, "ts": 1733736397.996083}]}, "version": 425, "at": 1733736397.996089}
{"obj": {"type": "AssignString", "path": ["classification", "DIAGNOSIS", "class_weight"], "value": "SMOTE augmented"}, "version": 426, "at": 1733736397.9980428}
{"obj": {"type": "AssignBool", "path": ["classification", "DIAGNOSIS", "output_prob"], "value": false}, "version": 427, "at": 1733736398.1755352}
{"obj": {"type": "LogStrings", "path": ["monitoring", "29313d41", "stdout"], "values": [{"value": "LOOCV 73/240. SMOTE augmented.", "step": null, "ts": 1733736398.1758752}]}, "version": 428, "at": 1733736398.1758919}
{"obj": {"type": "LogStrings", "path": ["monitoring", "29313d41", "stdout"], "values": [{"value": "\n", "step": null, "ts": 1733736398.175946}]}, "version": 429, "at": 1733736398.1759539}
{"obj": {"type": "AssignString", "path": ["classification", "DIAGNOSIS", "class_weight"], "value": "SMOTE augmented"}, "version": 430, "at": 1733736398.177981}
{"obj": {"type": "AssignBool", "path": ["classification", "DIAGNOSIS", "output_prob"], "value": false}, "version": 431, "at": 1733736398.3942752}
{"obj": {"type": "LogStrings", "path": ["monitoring", "29313d41", "stdout"], "values": [{"value": "LOOCV 74/240. SMOTE augmented.", "step": null, "ts": 1733736398.394591}]}, "version": 432, "at": 1733736398.394607}
{"obj": {"type": "LogStrings", "path": ["monitoring", "29313d41", "stdout"], "values": [{"value": "\n", "step": null, "ts": 1733736398.394659}]}, "version": 433, "at": 1733736398.394667}
{"obj": {"type": "AssignString", "path": ["classification", "DIAGNOSIS", "class_weight"], "value": "SMOTE augmented"}, "version": 434, "at": 1733736398.3967922}
{"obj": {"type": "AssignBool", "path": ["classification", "DIAGNOSIS", "output_prob"], "value": false}, "version": 435, "at": 1733736398.565482}
{"obj": {"type": "LogStrings", "path": ["monitoring", "29313d41", "stdout"], "values": [{"value": "LOOCV 75/240. SMOTE augmented.", "step": null, "ts": 1733736398.5668821}]}, "version": 436, "at": 1733736398.5669}
{"obj": {"type": "LogStrings", "path": ["monitoring", "29313d41", "stdout"], "values": [{"value": "\n", "step": null, "ts": 1733736398.566962}]}, "version": 437, "at": 1733736398.5669692}
{"obj": {"type": "AssignString", "path": ["classification", "DIAGNOSIS", "class_weight"], "value": "SMOTE augmented"}, "version": 438, "at": 1733736398.567811}
{"obj": {"type": "AssignBool", "path": ["classification", "DIAGNOSIS", "output_prob"], "value": false}, "version": 439, "at": 1733736398.786883}
{"obj": {"type": "LogStrings", "path": ["monitoring", "29313d41", "stdout"], "values": [{"value": "LOOCV 76/240. SMOTE augmented.", "step": null, "ts": 1733736398.788404}]}, "version": 440, "at": 1733736398.7884228}
{"obj": {"type": "LogStrings", "path": ["monitoring", "29313d41", "stdout"], "values": [{"value": "\n", "step": null, "ts": 1733736398.788486}]}, "version": 441, "at": 1733736398.788494}
{"obj": {"type": "AssignString", "path": ["classification", "DIAGNOSIS", "class_weight"], "value": "SMOTE augmented"}, "version": 442, "at": 1733736398.7892978}
{"obj": {"type": "AssignBool", "path": ["classification", "DIAGNOSIS", "output_prob"], "value": false}, "version": 443, "at": 1733736399.017235}
{"obj": {"type": "LogStrings", "path": ["monitoring", "29313d41", "stdout"], "values": [{"value": "LOOCV 77/240. SMOTE augmented.", "step": null, "ts": 1733736399.017556}]}, "version": 444, "at": 1733736399.017573}
{"obj": {"type": "LogStrings", "path": ["monitoring", "29313d41", "stderr"], "values": [{"value": "/Users/saraiva/PycharmProjects/LTBio/venv/lib/python3.10/site-packages/sklearn/neural_network/_multilayer_perceptron.py:702: ConvergenceWarning: Stochastic Optimizer: Maximum iterations (1000) reached and the optimization hasn't converged yet.\n  warnings.warn(\n", "step": null, "ts": 1733736399.018771}]}, "version": 445, "at": 1733736399.018785}
{"obj": {"type": "LogStrings", "path": ["monitoring", "29313d41", "stdout"], "values": [{"value": "\n", "step": null, "ts": 1733736399.018846}]}, "version": 446, "at": 1733736399.018857}
{"obj": {"type": "AssignString", "path": ["classification", "DIAGNOSIS", "class_weight"], "value": "SMOTE augmented"}, "version": 447, "at": 1733736399.019766}
{"obj": {"type": "AssignBool", "path": ["classification", "DIAGNOSIS", "output_prob"], "value": false}, "version": 448, "at": 1733736399.248048}
{"obj": {"type": "LogStrings", "path": ["monitoring", "29313d41", "stdout"], "values": [{"value": "LOOCV 78/240. SMOTE augmented.", "step": null, "ts": 1733736399.249276}]}, "version": 449, "at": 1733736399.249294}
{"obj": {"type": "LogStrings", "path": ["monitoring", "29313d41", "stdout"], "values": [{"value": "\n", "step": null, "ts": 1733736399.249352}]}, "version": 450, "at": 1733736399.2493608}
{"obj": {"type": "LogStrings", "path": ["monitoring", "29313d41", "stderr"], "values": [{"value": "/Users/saraiva/PycharmProjects/LTBio/venv/lib/python3.10/site-packages/sklearn/neural_network/_multilayer_perceptron.py:702: ConvergenceWarning: Stochastic Optimizer: Maximum iterations (1000) reached and the optimization hasn't converged yet.\n  warnings.warn(\n", "step": null, "ts": 1733736399.2494268}]}, "version": 451, "at": 1733736399.249438}
{"obj": {"type": "AssignString", "path": ["classification", "DIAGNOSIS", "class_weight"], "value": "SMOTE augmented"}, "version": 452, "at": 1733736399.250549}
{"obj": {"type": "AssignBool", "path": ["classification", "DIAGNOSIS", "output_prob"], "value": false}, "version": 453, "at": 1733736399.4793558}
{"obj": {"type": "LogStrings", "path": ["monitoring", "29313d41", "stdout"], "values": [{"value": "LOOCV 79/240. SMOTE augmented.", "step": null, "ts": 1733736399.479712}]}, "version": 454, "at": 1733736399.479729}
{"obj": {"type": "LogStrings", "path": ["monitoring", "29313d41", "stdout"], "values": [{"value": "\n", "step": null, "ts": 1733736399.4797819}]}, "version": 455, "at": 1733736399.479789}
{"obj": {"type": "LogStrings", "path": ["monitoring", "29313d41", "stderr"], "values": [{"value": "/Users/saraiva/PycharmProjects/LTBio/venv/lib/python3.10/site-packages/sklearn/neural_network/_multilayer_perceptron.py:702: ConvergenceWarning: Stochastic Optimizer: Maximum iterations (1000) reached and the optimization hasn't converged yet.\n  warnings.warn(\n", "step": null, "ts": 1733736399.47983}]}, "version": 456, "at": 1733736399.479836}
{"obj": {"type": "AssignString", "path": ["classification", "DIAGNOSIS", "class_weight"], "value": "SMOTE augmented"}, "version": 457, "at": 1733736399.4819012}
{"obj": {"type": "AssignBool", "path": ["classification", "DIAGNOSIS", "output_prob"], "value": false}, "version": 458, "at": 1733736399.710036}
