{"obj": {"type": "AssignString", "path": ["sys", "name"], "value": "no name"}, "version": 1, "at": 1733653806.0070138}
{"obj": {"type": "AssignString", "path": ["sys", "description"], "value": ""}, "version": 2, "at": 1733653806.0071628}
{"obj": {"type": "AssignString", "path": ["monitoring", "8300870a", "hostname"], "value": "Macmini.fritz.box"}, "version": 3, "at": 1733653806.007214}
{"obj": {"type": "AssignString", "path": ["sys", "hostname"], "value": "Macmini.fritz.box"}, "version": 4, "at": 1733653806.0072498}
{"obj": {"type": "AssignString", "path": ["monitoring", "8300870a", "pid"], "value": "4623"}, "version": 5, "at": 1733653806.007287}
{"obj": {"type": "AssignString", "path": ["monitoring", "8300870a", "tid"], "value": "8515762240"}, "version": 6, "at": 1733653806.0073228}
{"obj": {"type": "AddStrings", "path": ["sys", "tags"], "values": ["mmse gap 24-26", "4 datasets"]}, "version": 7, "at": 1733653806.007366}
{"obj": {"type": "AssignBool", "path": ["sys", "failed"], "value": false}, "version": 8, "at": 1733653806.007396}
{"obj": {"type": "ClearStringLog", "path": ["monitoring", "8300870a", "stdout"]}, "version": 9, "at": 1733653806.007435}
{"obj": {"type": "ClearStringLog", "path": ["monitoring", "8300870a", "stderr"]}, "version": 10, "at": 1733653806.007465}
{"obj": {"type": "AssignString", "path": ["source_code", "entrypoint"], "value": "paper_results_images_each_variant.py"}, "version": 11, "at": 1733653806.007884}
{"obj": {"type": "UploadFileSet", "path": ["source_code", "files"], "file_globs": ["/Users/saraiva/PycharmProjects/LTBio/phd_journal/24_12_03/*.py"], "reset": "False"}, "version": 12, "at": 1733653806.007939}
{"obj": {"type": "UploadFile", "path": ["source_code", "diff"], "ext": "patch", "file_path": null, "tmp_file_name": "source_code_diff-1733653806.123734-2024-12-08_11.30.06.123734.patch", "clean_after_upload": false}, "version": 13, "at": 1733653806.1240351}
{"obj": {"type": "ConfigFloatSeries", "path": ["monitoring", "8300870a", "cpu"], "min": 0.0, "max": 100.0, "unit": "%"}, "version": 14, "at": 1733653806.129969}
{"obj": {"type": "ClearFloatLog", "path": ["monitoring", "8300870a", "cpu"]}, "version": 15, "at": 1733653806.130021}
{"obj": {"type": "LogStrings", "path": ["monitoring", "8300870a", "stderr"], "values": [{"value": "[neptune] [warning] /Users/saraiva/PycharmProjects/LTBio/phd_journal/24_12_03/paper_results_images_each_variant.py:6: NeptuneWarning: Info (NVML): NVML Shared Library Not Found. GPU usage metrics may not be reported. For more information, see https://docs.neptune.ai/help/nvml_error/\n", "step": null, "ts": 1733653806.130083}]}, "version": 16, "at": 1733653806.130103}
{"obj": {"type": "ConfigFloatSeries", "path": ["monitoring", "8300870a", "memory"], "min": 0.0, "max": 16.0, "unit": "GB"}, "version": 17, "at": 1733653806.130166}
{"obj": {"type": "ClearFloatLog", "path": ["monitoring", "8300870a", "memory"]}, "version": 18, "at": 1733653806.130185}
{"obj": {"type": "LogFloats", "path": ["monitoring", "8300870a", "cpu"], "values": [{"value": 23.5, "step": null, "ts": 1733653806.13025}]}, "version": 19, "at": 1733653806.130315}
{"obj": {"type": "LogFloats", "path": ["monitoring", "8300870a", "memory"], "values": [{"value": 10.376266479492188, "step": null, "ts": 1733653806.13025}]}, "version": 20, "at": 1733653806.1304388}
{"obj": {"type": "AssignString", "path": ["datasets", "criteria"], "value": "AD criteria: AD & (MMSE<=23 | MoCA<=18)\nHC criteria: HC & (MMSE>=27 | MoCA>=24)"}, "version": 21, "at": 1733653806.1573179}
{"obj": {"type": "LogStrings", "path": ["monitoring", "8300870a", "stdout"], "values": [{"value": "\nDataset: Newcastle", "step": null, "ts": 1733653806.159254}]}, "version": 22, "at": 1733653806.159275}
{"obj": {"type": "LogStrings", "path": ["monitoring", "8300870a", "stdout"], "values": [{"value": "\n", "step": null, "ts": 1733653806.1593971}]}, "version": 23, "at": 1733653806.1594062}
{"obj": {"type": "LogStrings", "path": ["monitoring", "8300870a", "stdout"], "values": [{"value": "Total: 36", "step": null, "ts": 1733653806.159461}]}, "version": 24, "at": 1733653806.159468}
{"obj": {"type": "LogStrings", "path": ["monitoring", "8300870a", "stdout"], "values": [{"value": "\n", "step": null, "ts": 1733653806.159498}]}, "version": 25, "at": 1733653806.1595032}
{"obj": {"type": "LogStrings", "path": ["monitoring", "8300870a", "stdout"], "values": [{"value": "AD: 19", "step": null, "ts": 1733653806.15953}]}, "version": 26, "at": 1733653806.1595352}
{"obj": {"type": "LogStrings", "path": ["monitoring", "8300870a", "stdout"], "values": [{"value": "\n", "step": null, "ts": 1733653806.15956}]}, "version": 27, "at": 1733653806.159565}
{"obj": {"type": "LogStrings", "path": ["monitoring", "8300870a", "stdout"], "values": [{"value": "HC: 17", "step": null, "ts": 1733653806.159589}]}, "version": 28, "at": 1733653806.159594}
{"obj": {"type": "UploadFile", "path": ["datasets", "before", "Newcastle"], "ext": "html", "file_path": null, "tmp_file_name": "datasets_before_Newcastle-1733653806.171598-2024-12-08_11.30.06.171598.html", "clean_after_upload": false}, "version": 29, "at": 1733653806.171814}
{"obj": {"type": "LogStrings", "path": ["monitoring", "8300870a", "stdout"], "values": [{"value": "\n", "step": null, "ts": 1733653806.190374}]}, "version": 30, "at": 1733653806.190389}
{"obj": {"type": "LogStrings", "path": ["monitoring", "8300870a", "stdout"], "values": [{"value": "\nDataset: Izmir", "step": null, "ts": 1733653806.190445}]}, "version": 31, "at": 1733653806.1904519}
{"obj": {"type": "LogStrings", "path": ["monitoring", "8300870a", "stdout"], "values": [{"value": "\n", "step": null, "ts": 1733653806.190482}]}, "version": 32, "at": 1733653806.1904871}
{"obj": {"type": "LogStrings", "path": ["monitoring", "8300870a", "stdout"], "values": [{"value": "Total: 80", "step": null, "ts": 1733653806.1929011}]}, "version": 33, "at": 1733653806.1929111}
{"obj": {"type": "LogStrings", "path": ["monitoring", "8300870a", "stdout"], "values": [{"value": "\n", "step": null, "ts": 1733653806.1929522}]}, "version": 34, "at": 1733653806.192959}
{"obj": {"type": "LogStrings", "path": ["monitoring", "8300870a", "stdout"], "values": [{"value": "AD: 20", "step": null, "ts": 1733653806.192991}]}, "version": 35, "at": 1733653806.1929972}
{"obj": {"type": "LogStrings", "path": ["monitoring", "8300870a", "stdout"], "values": [{"value": "\n", "step": null, "ts": 1733653806.193186}]}, "version": 36, "at": 1733653806.193192}
{"obj": {"type": "LogStrings", "path": ["monitoring", "8300870a", "stdout"], "values": [{"value": "HC: 60", "step": null, "ts": 1733653806.193223}]}, "version": 37, "at": 1733653806.193228}
{"obj": {"type": "LogStrings", "path": ["monitoring", "8300870a", "stdout"], "values": [{"value": "\n", "step": null, "ts": 1733653806.193255}]}, "version": 38, "at": 1733653806.193259}
{"obj": {"type": "LogStrings", "path": ["monitoring", "8300870a", "stdout"], "values": [{"value": "\nDataset: Istambul", "step": null, "ts": 1733653806.193284}]}, "version": 39, "at": 1733653806.193289}
{"obj": {"type": "UploadFile", "path": ["datasets", "before", "Izmir"], "ext": "html", "file_path": null, "tmp_file_name": "datasets_before_Izmir-1733653806.193331-2024-12-08_11.30.06.193331.html", "clean_after_upload": false}, "version": 40, "at": 1733653806.1935282}
{"obj": {"type": "LogStrings", "path": ["monitoring", "8300870a", "stdout"], "values": [{"value": "\n", "step": null, "ts": 1733653806.2092328}]}, "version": 41, "at": 1733653806.209246}
{"obj": {"type": "LogStrings", "path": ["monitoring", "8300870a", "stdout"], "values": [{"value": "Total: 59", "step": null, "ts": 1733653806.2095501}]}, "version": 42, "at": 1733653806.209559}
{"obj": {"type": "LogStrings", "path": ["monitoring", "8300870a", "stdout"], "values": [{"value": "\n", "step": null, "ts": 1733653806.209595}]}, "version": 43, "at": 1733653806.2096}
{"obj": {"type": "LogStrings", "path": ["monitoring", "8300870a", "stdout"], "values": [{"value": "AD: 24", "step": null, "ts": 1733653806.209663}]}, "version": 44, "at": 1733653806.2096682}
{"obj": {"type": "LogStrings", "path": ["monitoring", "8300870a", "stdout"], "values": [{"value": "\n", "step": null, "ts": 1733653806.209697}]}, "version": 45, "at": 1733653806.209701}
{"obj": {"type": "LogStrings", "path": ["monitoring", "8300870a", "stdout"], "values": [{"value": "HC: 35", "step": null, "ts": 1733653806.209727}]}, "version": 46, "at": 1733653806.209732}
{"obj": {"type": "LogStrings", "path": ["monitoring", "8300870a", "stdout"], "values": [{"value": "\n", "step": null, "ts": 1733653806.209755}]}, "version": 47, "at": 1733653806.20976}
{"obj": {"type": "LogStrings", "path": ["monitoring", "8300870a", "stdout"], "values": [{"value": "\nDataset: Miltiadous", "step": null, "ts": 1733653806.209785}]}, "version": 48, "at": 1733653806.209789}
{"obj": {"type": "LogStrings", "path": ["monitoring", "8300870a", "stdout"], "values": [{"value": "\n", "step": null, "ts": 1733653806.209835}]}, "version": 49, "at": 1733653806.209843}
{"obj": {"type": "LogStrings", "path": ["monitoring", "8300870a", "stdout"], "values": [{"value": "Total: 65", "step": null, "ts": 1733653806.209878}]}, "version": 50, "at": 1733653806.209884}
{"obj": {"type": "LogStrings", "path": ["monitoring", "8300870a", "stdout"], "values": [{"value": "\n", "step": null, "ts": 1733653806.209912}]}, "version": 51, "at": 1733653806.2099168}
{"obj": {"type": "LogStrings", "path": ["monitoring", "8300870a", "stdout"], "values": [{"value": "AD: 36", "step": null, "ts": 1733653806.209976}]}, "version": 52, "at": 1733653806.209981}
{"obj": {"type": "LogStrings", "path": ["monitoring", "8300870a", "stdout"], "values": [{"value": "\n", "step": null, "ts": 1733653806.2100081}]}, "version": 53, "at": 1733653806.210013}
{"obj": {"type": "UploadFile", "path": ["datasets", "before", "Istambul"], "ext": "html", "file_path": null, "tmp_file_name": "datasets_before_Istambul-1733653806.210055-2024-12-08_11.30.06.210055.html", "clean_after_upload": false}, "version": 54, "at": 1733653806.210229}
{"obj": {"type": "LogStrings", "path": ["monitoring", "8300870a", "stdout"], "values": [{"value": "HC: 29", "step": null, "ts": 1733653806.226588}]}, "version": 55, "at": 1733653806.226596}
{"obj": {"type": "UploadFile", "path": ["datasets", "before", "Miltiadous"], "ext": "html", "file_path": null, "tmp_file_name": "datasets_before_Miltiadous-1733653806.227299-2024-12-08_11.30.06.227299.html", "clean_after_upload": false}, "version": 56, "at": 1733653806.227438}
{"obj": {"type": "LogStrings", "path": ["monitoring", "8300870a", "stdout"], "values": [{"value": "\n", "step": null, "ts": 1733653806.227665}]}, "version": 57, "at": 1733653806.2276711}
{"obj": {"type": "AssignString", "path": ["harmonization", "params", "method"], "value": "none"}, "version": 58, "at": 1733653806.2306151}
{"obj": {"type": "AssignBool", "path": ["harmonization", "params", "log_transform"], "value": true}, "version": 59, "at": 1733653806.230667}
{"obj": {"type": "AssignString", "path": ["harmonization", "params", "standardize"], "value": "none"}, "version": 60, "at": 1733653806.2307022}
{"obj": {"type": "AssignBool", "path": ["harmonization", "params", "cov_age"], "value": true}, "version": 61, "at": 1733653806.230732}
{"obj": {"type": "AssignBool", "path": ["harmonization", "params", "cov_gender"], "value": true}, "version": 62, "at": 1733653806.230761}
{"obj": {"type": "AssignBool", "path": ["harmonization", "params", "cov_education"], "value": false}, "version": 63, "at": 1733653806.230787}
{"obj": {"type": "AssignBool", "path": ["harmonization", "params", "cov_diagnosis"], "value": true}, "version": 64, "at": 1733653806.2308118}
{"obj": {"type": "TrackFilesToArtifact", "path": ["datasets", "after", "Newcastle_track"], "entries": [["./each_variation/none/Newcastle.csv", null]], "project_id": "0185c1d2-e230-4393-98bd-19b911873975"}, "version": 65, "at": 1733653806.2308621}
{"obj": {"type": "UploadFile", "path": ["datasets", "after", "Newcastle"], "ext": "csv", "file_path": "/Users/saraiva/PycharmProjects/LTBio/phd_journal/24_12_03/each_variation/none/Newcastle.csv", "tmp_file_name": null, "clean_after_upload": false}, "version": 66, "at": 1733653806.230942}
{"obj": {"type": "TrackFilesToArtifact", "path": ["datasets", "after", "Izmir_track"], "entries": [["./each_variation/none/Izmir.csv", null]], "project_id": "0185c1d2-e230-4393-98bd-19b911873975"}, "version": 67, "at": 1733653806.2309692}
{"obj": {"type": "UploadFile", "path": ["datasets", "after", "Izmir"], "ext": "csv", "file_path": "/Users/saraiva/PycharmProjects/LTBio/phd_journal/24_12_03/each_variation/none/Izmir.csv", "tmp_file_name": null, "clean_after_upload": false}, "version": 68, "at": 1733653806.231016}
{"obj": {"type": "TrackFilesToArtifact", "path": ["datasets", "after", "Istambul_track"], "entries": [["./each_variation/none/Istambul.csv", null]], "project_id": "0185c1d2-e230-4393-98bd-19b911873975"}, "version": 69, "at": 1733653806.231041}
{"obj": {"type": "UploadFile", "path": ["datasets", "after", "Istambul"], "ext": "csv", "file_path": "/Users/saraiva/PycharmProjects/LTBio/phd_journal/24_12_03/each_variation/none/Istambul.csv", "tmp_file_name": null, "clean_after_upload": false}, "version": 70, "at": 1733653806.231085}
{"obj": {"type": "TrackFilesToArtifact", "path": ["datasets", "after", "Miltiadous_track"], "entries": [["./each_variation/none/Miltiadous.csv", null]], "project_id": "0185c1d2-e230-4393-98bd-19b911873975"}, "version": 71, "at": 1733653806.2311082}
{"obj": {"type": "UploadFile", "path": ["datasets", "after", "Miltiadous"], "ext": "csv", "file_path": "/Users/saraiva/PycharmProjects/LTBio/phd_journal/24_12_03/each_variation/none/Miltiadous.csv", "tmp_file_name": null, "clean_after_upload": false}, "version": 72, "at": 1733653806.2311502}
{"obj": {"type": "LogStrings", "path": ["monitoring", "8300870a", "stderr"], "values": [{"value": "/Users/saraiva/PycharmProjects/LTBio/venv/lib/python3.10/site-packages/sklearn/manifold/_t_sne.py:795: FutureWarning: The default initialization in TSNE will change from 'random' to 'pca' in 1.2.\n  warnings.warn(\n", "step": null, "ts": 1733653806.271296}]}, "version": 73, "at": 1733653806.2713149}
{"obj": {"type": "AssignString", "path": ["simple_diagnosis_discriminant", "norm"], "value": "none"}, "version": 74, "at": 1733653807.001763}
{"obj": {"type": "AssignString", "path": ["simple_diagnosis_discriminant", "features"], "value": "['Delta_Frontal', 'Delta_Central', 'Delta_Parietal', 'Delta_Occipital', 'Delta_Temporal', 'Delta_Limbic', 'Alpha1_Frontal', 'Alpha1_Central', 'Alpha1_Parietal', 'Alpha1_Occipital', 'Alpha1_Temporal', 'Alpha1_Limbic', 'Theta_Frontal', 'Theta_Central', 'Theta_Parietal', 'Theta_Occipital', 'Theta_Temporal', 'Theta_Limbic', 'Alpha2_Frontal', 'Alpha2_Central', 'Alpha2_Parietal', 'Alpha2_Occipital', 'Alpha2_Temporal', 'Alpha2_Limbic', 'Alpha3_Frontal', 'Alpha3_Central', 'Alpha3_Parietal', 'Alpha3_Occipital', 'Alpha3_Temporal', 'Alpha3_Limbic', 'Beta1_Frontal', 'Beta1_Central', 'Beta1_Parietal', 'Beta1_Occipital', 'Beta1_Temporal', 'Beta1_Limbic', 'Beta2_Frontal', 'Beta2_Central', 'Beta2_Parietal', 'Beta2_Occipital', 'Beta2_Temporal', 'Beta2_Limbic', 'Gamma_Frontal', 'Gamma_Central', 'Gamma_Parietal', 'Gamma_Occipital', 'Gamma_Temporal', 'Gamma_Limbic']"}, "version": 75, "at": 1733653807.001888}
{"obj": {"type": "LogStrings", "path": ["monitoring", "8300870a", "stdout"], "values": [{"value": "Selected features:", "step": null, "ts": 1733653807.001974}]}, "version": 76, "at": 1733653807.0019908}
{"obj": {"type": "LogStrings", "path": ["monitoring", "8300870a", "stdout"], "values": [{"value": "\n", "step": null, "ts": 1733653807.002959}]}, "version": 77, "at": 1733653807.0029702}
{"obj": {"type": "LogStrings", "path": ["monitoring", "8300870a", "stdout"], "values": [{"value": "['Delta_Frontal', 'Delta_Central', 'Delta_Parietal', 'Delta_Occipital', 'Delta_Temporal', 'Delta_Limbic', 'Alpha1_Frontal', 'Alpha1_Central', 'Alpha1_Parietal', 'Alpha1_Occipital', 'Alpha1_Temporal', 'Alpha1_Limbic', 'Theta_Frontal', 'Theta_Central', 'Theta_Parietal', 'Theta_Occipital', 'Theta_Temporal', 'Theta_Limbic', 'Alpha2_Frontal', 'Alpha2_Central', 'Alpha2_Parietal', 'Alpha2_Occipital', 'Alpha2_Temporal', 'Alpha2_Limbic', 'Alpha3_Frontal', 'Alpha3_Central', 'Alpha3_Parietal', 'Alpha3_Occipital', 'Alpha3_Temporal', 'Alpha3_Limbic', 'Beta1_Frontal', 'Beta1_Central', 'Beta1_Parietal', 'Beta1_Occipital', 'Beta1_Temporal', 'Beta1_Limbic', 'Beta2_Frontal', 'Beta2_Central', 'Beta2_Parietal', 'Beta2_Occipital', 'Beta2_Temporal', 'Beta2_Limbic', 'Gamma_Frontal', 'Gamma_Central', 'Gamma_Parietal', 'Gamma_Occipital', 'Gamma_Temporal', 'Gamma_Limbic']", "step": null, "ts": 1733653807.0030951}]}, "version": 78, "at": 1733653807.003105}
{"obj": {"type": "LogStrings", "path": ["monitoring", "8300870a", "stdout"], "values": [{"value": "\n", "step": null, "ts": 1733653807.003167}]}, "version": 79, "at": 1733653807.0031738}
{"obj": {"type": "AssignString", "path": ["simple_diagnosis_discriminant", "model_description"], "value": "PCA(n_components=3, random_state=0)"}, "version": 80, "at": 1733653807.003726}
{"obj": {"type": "LogStrings", "path": ["monitoring", "8300870a", "traceback"], "values": [{"value": "An uncaught exception occurred while run was active on worker Macmini.fritz.box.", "step": null, "ts": 1733653807.263448}, {"value": "Marking run as failed", "step": null, "ts": 1733653807.263448}, {"value": "Traceback:", "step": null, "ts": 1733653807.263448}, {"value": "  File \"/Users/saraiva/PycharmProjects/LTBio/phd_journal/24_12_03/paper_results_images_each_variant.py\", line 28, in <module>\n    make_images(run, out_path, harmonization_method)\n", "step": null, "ts": 1733653807.263448}, {"value": "  File \"/Users/saraiva/PycharmProjects/LTBio/phd_journal/24_12_03/paper_images_each_variant.py\", line 26, in make_images\n    plot_mmse_distribution(run, metadata, variation_out_path, variation_out_path)\n", "step": null, "ts": 1733653807.263448}, {"value": "  File \"/Users/saraiva/PycharmProjects/LTBio/phd_journal/24_12_03/plotting.py\", line 404, in plot_mmse_distribution\n    run[\"datasets/mmse_distribution\"].upload(File.as_image(plt.gcf()))\n", "step": null, "ts": 1733653807.263448}, {"value": "  File \"/Users/saraiva/PycharmProjects/LTBio/venv/lib/python3.10/site-packages/neptune/types/atoms/file.py\", line 213, in as_image\n    content_bytes = get_image_content(image, autoscale=autoscale)\n", "step": null, "ts": 1733653807.263448}, {"value": "  File \"/Users/saraiva/PycharmProjects/LTBio/venv/lib/python3.10/site-packages/neptune/internal/utils/images.py\", line 73, in get_image_content\n    content = _image_to_bytes(image, autoscale)\n", "step": null, "ts": 1733653807.263448}, {"value": "  File \"/Users/saraiva/PycharmProjects/LTBio/venv/lib/python3.10/site-packages/neptune/internal/utils/images.py\", line 101, in _image_to_bytes\n    return _get_figure_image_data(image)\n", "step": null, "ts": 1733653807.263448}, {"value": "  File \"/Users/saraiva/PycharmProjects/LTBio/venv/lib/python3.10/site-packages/neptune/internal/utils/images.py\", line 255, in _get_figure_image_data\n    figure.savefig(image_buffer, format=\"png\", bbox_inches=\"tight\")\n", "step": null, "ts": 1733653807.263448}]}, "version": 81, "at": 1733653807.2634938}
{"obj": {"type": "LogStrings", "path": ["monitoring", "8300870a", "traceback"], "values": [{"value": "  File \"/Users/saraiva/PycharmProjects/LTBio/venv/lib/python3.10/site-packages/matplotlib/figure.py\", line 3019, in savefig\n    self.canvas.print_figure(fname, **kwargs)\n", "step": null, "ts": 1733653807.263448}, {"value": "  File \"/Users/saraiva/PycharmProjects/LTBio/venv/lib/python3.10/site-packages/matplotlib/backend_bases.py\", line 2299, in print_figure\n    bbox_inches = self.figure.get_tightbbox(\n", "step": null, "ts": 1733653807.263448}, {"value": "  File \"/Users/saraiva/PycharmProjects/LTBio/venv/lib/python3.10/site-packages/matplotlib/figure.py\", line 1641, in get_tightbbox\n    bbox = ax.get_tightbbox(\n", "step": null, "ts": 1733653807.263448}, {"value": "  File \"/Users/saraiva/PycharmProjects/LTBio/venv/lib/python3.10/site-packages/matplotlib/axes/_base.py\", line 4635, in get_tightbbox\n    self._update_title_position(renderer)\n", "step": null, "ts": 1733653807.263448}, {"value": "  File \"/Users/saraiva/PycharmProjects/LTBio/venv/lib/python3.10/site-packages/matplotlib/axes/_base.py\", line 2986, in _update_title_position\n    bb = ax.xaxis.get_tightbbox(renderer)\n", "step": null, "ts": 1733653807.263448}, {"value": "  File \"/Users/saraiva/PycharmProjects/LTBio/venv/lib/python3.10/site-packages/matplotlib/axis.py\", line 1105, in get_tightbbox\n    self._update_label_position(renderer)\n", "step": null, "ts": 1733653807.263448}, {"value": "  File \"/Users/saraiva/PycharmProjects/LTBio/venv/lib/python3.10/site-packages/matplotlib/axis.py\", line 2083, in _update_label_position\n    bboxes, bboxes2 = self._get_tick_boxes_siblings(renderer=renderer)\n", "step": null, "ts": 1733653807.263448}, {"value": "  File \"/Users/saraiva/PycharmProjects/LTBio/venv/lib/python3.10/site-packages/matplotlib/axis.py\", line 1881, in _get_tick_boxes_siblings\n    tlb, tlb2 = axis._get_tick_bboxes(ticks_to_draw, renderer)\n", "step": null, "ts": 1733653807.263448}, {"value": "  File \"/Users/saraiva/PycharmProjects/LTBio/venv/lib/python3.10/site-packages/matplotlib/axis.py\", line 1085, in _get_tick_bboxes\n    return ([tick.label1.get_window_extent(renderer)\n", "step": null, "ts": 1733653807.263448}, {"value": "  File \"/Users/saraiva/PycharmProjects/LTBio/venv/lib/python3.10/site-packages/matplotlib/axis.py\", line 1085, in <listcomp>\n    return ([tick.label1.get_window_extent(renderer)\n", "step": null, "ts": 1733653807.263448}]}, "version": 82, "at": 1733653807.263648}
{"obj": {"type": "LogStrings", "path": ["monitoring", "8300870a", "traceback"], "values": [{"value": "  File \"/Users/saraiva/PycharmProjects/LTBio/venv/lib/python3.10/site-packages/matplotlib/text.py\", line 913, in get_window_extent\n    bbox = bbox.translated(x, y)\n", "step": null, "ts": 1733653807.263448}, {"value": "  File \"/Users/saraiva/PycharmProjects/LTBio/venv/lib/python3.10/site-packages/matplotlib/transforms.py\", line 639, in translated\n    return Bbox(self._points + (tx, ty))\n", "step": null, "ts": 1733653807.263448}, {"value": "  File \"/Users/saraiva/PycharmProjects/LTBio/venv/lib/python3.10/site-packages/matplotlib/transforms.py\", line 767, in __init__\n    def __init__(self, points, **kwargs):\n", "step": null, "ts": 1733653807.263448}, {"value": "", "step": null, "ts": 1733653807.263448}]}, "version": 83, "at": 1733653807.2636852}
{"obj": {"type": "AssignBool", "path": ["sys", "failed"], "value": true}, "version": 84, "at": 1733653807.2637289}
{"obj": {"type": "LogStrings", "path": ["monitoring", "8300870a", "stderr"], "values": [{"value": "Traceback (most recent call last):\n", "step": null, "ts": 1733653807.263808}]}, "version": 85, "at": 1733653807.263818}
{"obj": {"type": "LogStrings", "path": ["monitoring", "8300870a", "stderr"], "values": [{"value": "  File \"/Users/saraiva/PycharmProjects/LTBio/phd_journal/24_12_03/paper_results_images_each_variant.py\", line 28, in <module>\n", "step": null, "ts": 1733653807.2639282}]}, "version": 86, "at": 1733653807.263936}
{"obj": {"type": "LogStrings", "path": ["monitoring", "8300870a", "stderr"], "values": [{"value": "    ", "step": null, "ts": 1733653807.264025}]}, "version": 87, "at": 1733653807.264032}
{"obj": {"type": "LogStrings", "path": ["monitoring", "8300870a", "stderr"], "values": [{"value": "make_images(run, out_path, harmonization_method)", "step": null, "ts": 1733653807.264172}]}, "version": 88, "at": 1733653807.26418}
{"obj": {"type": "LogStrings", "path": ["monitoring", "8300870a", "stderr"], "values": [{"value": "\n", "step": null, "ts": 1733653807.264273}]}, "version": 89, "at": 1733653807.2642791}
{"obj": {"type": "LogStrings", "path": ["monitoring", "8300870a", "stderr"], "values": [{"value": "  File \"/Users/saraiva/PycharmProjects/LTBio/phd_journal/24_12_03/paper_images_each_variant.py\", line 26, in make_images\n", "step": null, "ts": 1733653807.2643578}]}, "version": 90, "at": 1733653807.264363}
{"obj": {"type": "LogStrings", "path": ["monitoring", "8300870a", "stderr"], "values": [{"value": "    ", "step": null, "ts": 1733653807.2644532}]}, "version": 91, "at": 1733653807.264458}
{"obj": {"type": "LogStrings", "path": ["monitoring", "8300870a", "stderr"], "values": [{"value": "plot_mmse_distribution(run, metadata, variation_out_path, variation_out_path)", "step": null, "ts": 1733653807.264556}]}, "version": 92, "at": 1733653807.264561}
{"obj": {"type": "LogStrings", "path": ["monitoring", "8300870a", "stderr"], "values": [{"value": "\n", "step": null, "ts": 1733653807.26464}]}, "version": 93, "at": 1733653807.2646458}
{"obj": {"type": "LogStrings", "path": ["monitoring", "8300870a", "stderr"], "values": [{"value": "  File \"/Users/saraiva/PycharmProjects/LTBio/phd_journal/24_12_03/plotting.py\", line 404, in plot_mmse_distribution\n", "step": null, "ts": 1733653807.264781}]}, "version": 94, "at": 1733653807.264787}
{"obj": {"type": "LogStrings", "path": ["monitoring", "8300870a", "stderr"], "values": [{"value": "    ", "step": null, "ts": 1733653807.264992}]}, "version": 95, "at": 1733653807.264997}
{"obj": {"type": "LogStrings", "path": ["monitoring", "8300870a", "stderr"], "values": [{"value": "run[\"datasets/mmse_distribution\"].upload(File.as_image(plt.gcf()))", "step": null, "ts": 1733653807.265447}]}, "version": 96, "at": 1733653807.265453}
{"obj": {"type": "LogStrings", "path": ["monitoring", "8300870a", "stderr"], "values": [{"value": "\n", "step": null, "ts": 1733653807.26558}]}, "version": 97, "at": 1733653807.265585}
{"obj": {"type": "LogStrings", "path": ["monitoring", "8300870a", "stderr"], "values": [{"value": "  File \"/Users/saraiva/PycharmProjects/LTBio/venv/lib/python3.10/site-packages/neptune/types/atoms/file.py\", line 213, in as_image\n", "step": null, "ts": 1733653807.265749}]}, "version": 98, "at": 1733653807.265755}
{"obj": {"type": "LogStrings", "path": ["monitoring", "8300870a", "stderr"], "values": [{"value": "    ", "step": null, "ts": 1733653807.2659042}]}, "version": 99, "at": 1733653807.265909}
{"obj": {"type": "LogStrings", "path": ["monitoring", "8300870a", "stderr"], "values": [{"value": "content_bytes = get_image_content(image, autoscale=autoscale)", "step": null, "ts": 1733653807.266067}]}, "version": 100, "at": 1733653807.266073}
{"obj": {"type": "LogStrings", "path": ["monitoring", "8300870a", "stderr"], "values": [{"value": "\n", "step": null, "ts": 1733653807.2663958}]}, "version": 101, "at": 1733653807.266401}
{"obj": {"type": "LogStrings", "path": ["monitoring", "8300870a", "stderr"], "values": [{"value": "  File \"/Users/saraiva/PycharmProjects/LTBio/venv/lib/python3.10/site-packages/neptune/internal/utils/images.py\", line 73, in get_image_content\n", "step": null, "ts": 1733653807.2664902}]}, "version": 102, "at": 1733653807.266494}
{"obj": {"type": "LogStrings", "path": ["monitoring", "8300870a", "stderr"], "values": [{"value": "    ", "step": null, "ts": 1733653807.266597}]}, "version": 103, "at": 1733653807.266603}
{"obj": {"type": "LogStrings", "path": ["monitoring", "8300870a", "stderr"], "values": [{"value": "content = _image_to_bytes(image, autoscale)", "step": null, "ts": 1733653807.26685}]}, "version": 104, "at": 1733653807.266855}
{"obj": {"type": "LogStrings", "path": ["monitoring", "8300870a", "stderr"], "values": [{"value": "\n", "step": null, "ts": 1733653807.267091}]}, "version": 105, "at": 1733653807.267096}
{"obj": {"type": "LogStrings", "path": ["monitoring", "8300870a", "stderr"], "values": [{"value": "  File \"/Users/saraiva/PycharmProjects/LTBio/venv/lib/python3.10/site-packages/neptune/internal/utils/images.py\", line 101, in _image_to_bytes\n", "step": null, "ts": 1733653807.267274}]}, "version": 106, "at": 1733653807.2672799}
{"obj": {"type": "LogStrings", "path": ["monitoring", "8300870a", "stderr"], "values": [{"value": "    ", "step": null, "ts": 1733653807.2674649}]}, "version": 107, "at": 1733653807.267476}
{"obj": {"type": "LogStrings", "path": ["monitoring", "8300870a", "stderr"], "values": [{"value": "return _get_figure_image_data(image)", "step": null, "ts": 1733653807.267731}]}, "version": 108, "at": 1733653807.2677388}
{"obj": {"type": "LogStrings", "path": ["monitoring", "8300870a", "stdout"], "values": [{"value": "[neptune] [info   ] Shutting down background jobs, please wait a moment...\n", "step": null, "ts": 1733653807.2681448}]}, "version": 109, "at": 1733653807.2681541}
{"obj": {"type": "LogStrings", "path": ["monitoring", "8300870a", "stderr"], "values": [{"value": "\n", "step": null, "ts": 1733653807.268213}]}, "version": 110, "at": 1733653807.268219}
{"obj": {"type": "LogStrings", "path": ["monitoring", "8300870a", "stderr"], "values": [{"value": "  File \"/Users/saraiva/PycharmProjects/LTBio/venv/lib/python3.10/site-packages/neptune/internal/utils/images.py\", line 255, in _get_figure_image_data\n", "step": null, "ts": 1733653807.2682502}]}, "version": 111, "at": 1733653807.268255}
{"obj": {"type": "LogStrings", "path": ["monitoring", "8300870a", "stderr"], "values": [{"value": "    ", "step": null, "ts": 1733653807.268283}]}, "version": 112, "at": 1733653807.268288}
{"obj": {"type": "LogStrings", "path": ["monitoring", "8300870a", "stderr"], "values": [{"value": "figure.savefig(image_buffer, format=\"png\", bbox_inches=\"tight\")", "step": null, "ts": 1733653807.268312}]}, "version": 113, "at": 1733653807.268317}
{"obj": {"type": "LogStrings", "path": ["monitoring", "8300870a", "stderr"], "values": [{"value": "\n", "step": null, "ts": 1733653807.268342}]}, "version": 114, "at": 1733653807.268346}
{"obj": {"type": "LogStrings", "path": ["monitoring", "8300870a", "stderr"], "values": [{"value": "  File \"/Users/saraiva/PycharmProjects/LTBio/venv/lib/python3.10/site-packages/matplotlib/figure.py\", line 3019, in savefig\n", "step": null, "ts": 1733653807.2683709}]}, "version": 115, "at": 1733653807.2683752}
{"obj": {"type": "LogStrings", "path": ["monitoring", "8300870a", "stderr"], "values": [{"value": "    ", "step": null, "ts": 1733653807.2684002}]}, "version": 116, "at": 1733653807.268404}
{"obj": {"type": "LogStrings", "path": ["monitoring", "8300870a", "stderr"], "values": [{"value": "self.canvas.print_figure(fname, **kwargs)", "step": null, "ts": 1733653807.268428}]}, "version": 117, "at": 1733653807.2684329}
{"obj": {"type": "LogStrings", "path": ["monitoring", "8300870a", "stderr"], "values": [{"value": "\n", "step": null, "ts": 1733653807.268457}]}, "version": 118, "at": 1733653807.268484}
{"obj": {"type": "LogStrings", "path": ["monitoring", "8300870a", "stderr"], "values": [{"value": "  File \"/Users/saraiva/PycharmProjects/LTBio/venv/lib/python3.10/site-packages/matplotlib/backend_bases.py\", line 2299, in print_figure\n", "step": null, "ts": 1733653807.268511}]}, "version": 119, "at": 1733653807.268516}
{"obj": {"type": "LogStrings", "path": ["monitoring", "8300870a", "stderr"], "values": [{"value": "    ", "step": null, "ts": 1733653807.2685409}]}, "version": 120, "at": 1733653807.268546}
{"obj": {"type": "LogStrings", "path": ["monitoring", "8300870a", "stderr"], "values": [{"value": "bbox_inches = self.figure.get_tightbbox(", "step": null, "ts": 1733653807.268569}]}, "version": 121, "at": 1733653807.268574}
{"obj": {"type": "LogStrings", "path": ["monitoring", "8300870a", "stderr"], "values": [{"value": "\n", "step": null, "ts": 1733653807.268597}]}, "version": 122, "at": 1733653807.2686021}
{"obj": {"type": "LogStrings", "path": ["monitoring", "8300870a", "stderr"], "values": [{"value": "  File \"/Users/saraiva/PycharmProjects/LTBio/venv/lib/python3.10/site-packages/matplotlib/figure.py\", line 1641, in get_tightbbox\n", "step": null, "ts": 1733653807.2686248}]}, "version": 123, "at": 1733653807.26863}
{"obj": {"type": "LogStrings", "path": ["monitoring", "8300870a", "stderr"], "values": [{"value": "    ", "step": null, "ts": 1733653807.268654}]}, "version": 124, "at": 1733653807.268658}
{"obj": {"type": "LogStrings", "path": ["monitoring", "8300870a", "stderr"], "values": [{"value": "bbox = ax.get_tightbbox(", "step": null, "ts": 1733653807.268681}]}, "version": 125, "at": 1733653807.268686}
{"obj": {"type": "LogStrings", "path": ["monitoring", "8300870a", "stderr"], "values": [{"value": "\n", "step": null, "ts": 1733653807.2687092}]}, "version": 126, "at": 1733653807.268713}
{"obj": {"type": "LogStrings", "path": ["monitoring", "8300870a", "stderr"], "values": [{"value": "  File \"/Users/saraiva/PycharmProjects/LTBio/venv/lib/python3.10/site-packages/matplotlib/axes/_base.py\", line 4635, in get_tightbbox\n", "step": null, "ts": 1733653807.268736}]}, "version": 127, "at": 1733653807.2687411}
{"obj": {"type": "LogStrings", "path": ["monitoring", "8300870a", "stderr"], "values": [{"value": "    ", "step": null, "ts": 1733653807.268764}]}, "version": 128, "at": 1733653807.268769}
{"obj": {"type": "LogStrings", "path": ["monitoring", "8300870a", "stderr"], "values": [{"value": "self._update_title_position(renderer)", "step": null, "ts": 1733653807.2687922}]}, "version": 129, "at": 1733653807.268796}
{"obj": {"type": "LogStrings", "path": ["monitoring", "8300870a", "stderr"], "values": [{"value": "\n", "step": null, "ts": 1733653807.26882}]}, "version": 130, "at": 1733653807.268824}
{"obj": {"type": "LogStrings", "path": ["monitoring", "8300870a", "stderr"], "values": [{"value": "  File \"/Users/saraiva/PycharmProjects/LTBio/venv/lib/python3.10/site-packages/matplotlib/axes/_base.py\", line 2986, in _update_title_position\n", "step": null, "ts": 1733653807.268883}]}, "version": 131, "at": 1733653807.268887}
{"obj": {"type": "LogStrings", "path": ["monitoring", "8300870a", "stderr"], "values": [{"value": "    ", "step": null, "ts": 1733653807.2689111}]}, "version": 132, "at": 1733653807.268915}
{"obj": {"type": "LogStrings", "path": ["monitoring", "8300870a", "stderr"], "values": [{"value": "bb = ax.xaxis.get_tightbbox(renderer)", "step": null, "ts": 1733653807.268939}]}, "version": 133, "at": 1733653807.268943}
{"obj": {"type": "LogStrings", "path": ["monitoring", "8300870a", "stderr"], "values": [{"value": "\n", "step": null, "ts": 1733653807.268966}]}, "version": 134, "at": 1733653807.268971}
{"obj": {"type": "LogStrings", "path": ["monitoring", "8300870a", "stderr"], "values": [{"value": "  File \"/Users/saraiva/PycharmProjects/LTBio/venv/lib/python3.10/site-packages/matplotlib/axis.py\", line 1105, in get_tightbbox\n", "step": null, "ts": 1733653807.268994}]}, "version": 135, "at": 1733653807.268998}
{"obj": {"type": "LogStrings", "path": ["monitoring", "8300870a", "stderr"], "values": [{"value": "    ", "step": null, "ts": 1733653807.269022}]}, "version": 136, "at": 1733653807.269026}
{"obj": {"type": "LogStrings", "path": ["monitoring", "8300870a", "stderr"], "values": [{"value": "self._update_label_position(renderer)", "step": null, "ts": 1733653807.2690492}]}, "version": 137, "at": 1733653807.269054}
{"obj": {"type": "LogStrings", "path": ["monitoring", "8300870a", "stderr"], "values": [{"value": "\n", "step": null, "ts": 1733653807.269077}]}, "version": 138, "at": 1733653807.269081}
{"obj": {"type": "LogStrings", "path": ["monitoring", "8300870a", "stderr"], "values": [{"value": "  File \"/Users/saraiva/PycharmProjects/LTBio/venv/lib/python3.10/site-packages/matplotlib/axis.py\", line 2083, in _update_label_position\n", "step": null, "ts": 1733653807.2691042}]}, "version": 139, "at": 1733653807.269109}
{"obj": {"type": "LogStrings", "path": ["monitoring", "8300870a", "stderr"], "values": [{"value": "    ", "step": null, "ts": 1733653807.2691321}]}, "version": 140, "at": 1733653807.269137}
{"obj": {"type": "LogStrings", "path": ["monitoring", "8300870a", "stderr"], "values": [{"value": "bboxes, bboxes2 = self._get_tick_boxes_siblings(renderer=renderer)", "step": null, "ts": 1733653807.26916}]}, "version": 141, "at": 1733653807.269164}
{"obj": {"type": "LogStrings", "path": ["monitoring", "8300870a", "stderr"], "values": [{"value": "\n", "step": null, "ts": 1733653807.2691882}]}, "version": 142, "at": 1733653807.269192}
{"obj": {"type": "LogStrings", "path": ["monitoring", "8300870a", "stderr"], "values": [{"value": "  File \"/Users/saraiva/PycharmProjects/LTBio/venv/lib/python3.10/site-packages/matplotlib/axis.py\", line 1881, in _get_tick_boxes_siblings\n", "step": null, "ts": 1733653807.269216}]}, "version": 143, "at": 1733653807.26922}
{"obj": {"type": "LogStrings", "path": ["monitoring", "8300870a", "stderr"], "values": [{"value": "    ", "step": null, "ts": 1733653807.2692428}]}, "version": 144, "at": 1733653807.269248}
{"obj": {"type": "LogStrings", "path": ["monitoring", "8300870a", "stderr"], "values": [{"value": "tlb, tlb2 = axis._get_tick_bboxes(ticks_to_draw, renderer)", "step": null, "ts": 1733653807.2692711}]}, "version": 145, "at": 1733653807.269275}
{"obj": {"type": "LogStrings", "path": ["monitoring", "8300870a", "stderr"], "values": [{"value": "\n", "step": null, "ts": 1733653807.2692978}]}, "version": 146, "at": 1733653807.269303}
{"obj": {"type": "LogStrings", "path": ["monitoring", "8300870a", "stderr"], "values": [{"value": "  File \"/Users/saraiva/PycharmProjects/LTBio/venv/lib/python3.10/site-packages/matplotlib/axis.py\", line 1085, in _get_tick_bboxes\n", "step": null, "ts": 1733653807.269326}]}, "version": 147, "at": 1733653807.26933}
{"obj": {"type": "LogStrings", "path": ["monitoring", "8300870a", "stderr"], "values": [{"value": "    ", "step": null, "ts": 1733653807.2693539}]}, "version": 148, "at": 1733653807.2693582}
{"obj": {"type": "LogStrings", "path": ["monitoring", "8300870a", "stderr"], "values": [{"value": "return ([tick.label1.get_window_extent(renderer)", "step": null, "ts": 1733653807.269381}]}, "version": 149, "at": 1733653807.269386}
{"obj": {"type": "LogStrings", "path": ["monitoring", "8300870a", "stderr"], "values": [{"value": "\n", "step": null, "ts": 1733653807.269409}]}, "version": 150, "at": 1733653807.2694132}
{"obj": {"type": "LogStrings", "path": ["monitoring", "8300870a", "stderr"], "values": [{"value": "  File \"/Users/saraiva/PycharmProjects/LTBio/venv/lib/python3.10/site-packages/matplotlib/axis.py\", line 1085, in <listcomp>\n", "step": null, "ts": 1733653807.2694368}]}, "version": 151, "at": 1733653807.2694411}
{"obj": {"type": "LogStrings", "path": ["monitoring", "8300870a", "stderr"], "values": [{"value": "    ", "step": null, "ts": 1733653807.269464}]}, "version": 152, "at": 1733653807.269469}
{"obj": {"type": "LogStrings", "path": ["monitoring", "8300870a", "stderr"], "values": [{"value": "return ([tick.label1.get_window_extent(renderer)", "step": null, "ts": 1733653807.269492}]}, "version": 153, "at": 1733653807.269496}
{"obj": {"type": "LogStrings", "path": ["monitoring", "8300870a", "stderr"], "values": [{"value": "\n", "step": null, "ts": 1733653807.269519}]}, "version": 154, "at": 1733653807.2695239}
{"obj": {"type": "LogStrings", "path": ["monitoring", "8300870a", "stderr"], "values": [{"value": "  File \"/Users/saraiva/PycharmProjects/LTBio/venv/lib/python3.10/site-packages/matplotlib/text.py\", line 913, in get_window_extent\n", "step": null, "ts": 1733653807.269547}]}, "version": 155, "at": 1733653807.269551}
{"obj": {"type": "LogStrings", "path": ["monitoring", "8300870a", "stderr"], "values": [{"value": "    ", "step": null, "ts": 1733653807.2695749}]}, "version": 156, "at": 1733653807.269579}
{"obj": {"type": "LogStrings", "path": ["monitoring", "8300870a", "stderr"], "values": [{"value": "bbox = bbox.translated(x, y)", "step": null, "ts": 1733653807.269602}]}, "version": 157, "at": 1733653807.2696068}
{"obj": {"type": "LogStrings", "path": ["monitoring", "8300870a", "stderr"], "values": [{"value": "\n", "step": null, "ts": 1733653807.26963}]}, "version": 158, "at": 1733653807.269634}
{"obj": {"type": "LogStrings", "path": ["monitoring", "8300870a", "stderr"], "values": [{"value": "  File \"/Users/saraiva/PycharmProjects/LTBio/venv/lib/python3.10/site-packages/matplotlib/transforms.py\", line 639, in translated\n", "step": null, "ts": 1733653807.2696571}]}, "version": 159, "at": 1733653807.269662}
{"obj": {"type": "LogStrings", "path": ["monitoring", "8300870a", "stderr"], "values": [{"value": "    ", "step": null, "ts": 1733653807.269685}]}, "version": 160, "at": 1733653807.26969}
{"obj": {"type": "LogStrings", "path": ["monitoring", "8300870a", "stderr"], "values": [{"value": "return Bbox(self._points + (tx, ty))", "step": null, "ts": 1733653807.269713}]}, "version": 161, "at": 1733653807.269718}
{"obj": {"type": "LogStrings", "path": ["monitoring", "8300870a", "stderr"], "values": [{"value": "\n", "step": null, "ts": 1733653807.269741}]}, "version": 162, "at": 1733653807.2697458}
{"obj": {"type": "LogStrings", "path": ["monitoring", "8300870a", "stderr"], "values": [{"value": "  File \"/Users/saraiva/PycharmProjects/LTBio/venv/lib/python3.10/site-packages/matplotlib/transforms.py\", line 767, in __init__\n", "step": null, "ts": 1733653807.269769}]}, "version": 163, "at": 1733653807.269773}
{"obj": {"type": "LogStrings", "path": ["monitoring", "8300870a", "stderr"], "values": [{"value": "    ", "step": null, "ts": 1733653807.269797}]}, "version": 164, "at": 1733653807.269801}
{"obj": {"type": "LogStrings", "path": ["monitoring", "8300870a", "stderr"], "values": [{"value": "def __init__(self, points, **kwargs):", "step": null, "ts": 1733653807.269824}]}, "version": 165, "at": 1733653807.269829}
{"obj": {"type": "LogStrings", "path": ["monitoring", "8300870a", "stderr"], "values": [{"value": "\n", "step": null, "ts": 1733653807.269879}]}, "version": 166, "at": 1733653807.269883}
{"obj": {"type": "LogStrings", "path": ["monitoring", "8300870a", "stderr"], "values": [{"value": "KeyboardInterrupt", "step": null, "ts": 1733653807.269907}]}, "version": 167, "at": 1733653807.269911}
{"obj": {"type": "LogStrings", "path": ["monitoring", "8300870a", "stderr"], "values": [{"value": "", "step": null, "ts": 1733653807.2699342}]}, "version": 168, "at": 1733653807.269939}
{"obj": {"type": "LogStrings", "path": ["monitoring", "8300870a", "stderr"], "values": [{"value": "\n", "step": null, "ts": 1733653807.269962}]}, "version": 169, "at": 1733653807.269967}
