{"obj": {"type": "AssignString", "path": ["sys", "name"], "value": "no name"}, "version": 1, "at": 1733765650.835903}
{"obj": {"type": "AssignString", "path": ["sys", "description"], "value": ""}, "version": 2, "at": 1733765650.8360808}
{"obj": {"type": "AssignString", "path": ["monitoring", "7322420b", "hostname"], "value": "Macmini.fritz.box"}, "version": 3, "at": 1733765650.836142}
{"obj": {"type": "AssignString", "path": ["sys", "hostname"], "value": "Macmini.fritz.box"}, "version": 4, "at": 1733765650.8361862}
{"obj": {"type": "AssignString", "path": ["monitoring", "7322420b", "pid"], "value": "13418"}, "version": 5, "at": 1733765650.8362281}
{"obj": {"type": "AssignString", "path": ["monitoring", "7322420b", "tid"], "value": "8631334976"}, "version": 6, "at": 1733765650.836268}
{"obj": {"type": "AddStrings", "path": ["sys", "tags"], "values": ["5 datasets", "Izmir", "mmse gap 24-26", "Newcastle"]}, "version": 7, "at": 1733765650.83633}
{"obj": {"type": "AssignBool", "path": ["sys", "failed"], "value": false}, "version": 8, "at": 1733765650.8363662}
{"obj": {"type": "ClearStringLog", "path": ["monitoring", "7322420b", "stdout"]}, "version": 9, "at": 1733765650.836421}
{"obj": {"type": "ClearStringLog", "path": ["monitoring", "7322420b", "stderr"]}, "version": 10, "at": 1733765650.836457}
{"obj": {"type": "AssignString", "path": ["source_code", "entrypoint"], "value": "paper_results_images_each_variant.py"}, "version": 11, "at": 1733765650.8368871}
{"obj": {"type": "UploadFileSet", "path": ["source_code", "files"], "file_globs": ["/Users/saraiva/PycharmProjects/LTBio/phd_journal/24_12_03/*.py"], "reset": "False"}, "version": 12, "at": 1733765650.836954}
{"obj": {"type": "UploadFile", "path": ["source_code", "diff"], "ext": "patch", "file_path": null, "tmp_file_name": "source_code_diff-1733765650.947631-2024-12-09_18.34.10.947631.patch", "clean_after_upload": false}, "version": 13, "at": 1733765650.948394}
{"obj": {"type": "ConfigFloatSeries", "path": ["monitoring", "7322420b", "cpu"], "min": 0.0, "max": 100.0, "unit": "%"}, "version": 14, "at": 1733765650.9520488}
{"obj": {"type": "ClearFloatLog", "path": ["monitoring", "7322420b", "cpu"]}, "version": 15, "at": 1733765650.952089}
{"obj": {"type": "ConfigFloatSeries", "path": ["monitoring", "7322420b", "memory"], "min": 0.0, "max": 16.0, "unit": "GB"}, "version": 16, "at": 1733765650.952548}
{"obj": {"type": "ClearFloatLog", "path": ["monitoring", "7322420b", "memory"]}, "version": 17, "at": 1733765650.952662}
{"obj": {"type": "LogFloats", "path": ["monitoring", "7322420b", "cpu"], "values": [{"value": 81.5, "step": null, "ts": 1733765650.952759}]}, "version": 18, "at": 1733765650.9528341}
{"obj": {"type": "AssignString", "path": ["datasets", "combination"], "value": "['Izmir', 'Newcastle']"}, "version": 19, "at": 1733765650.953059}
{"obj": {"type": "LogFloats", "path": ["monitoring", "7322420b", "memory"], "values": [{"value": 11.304412841796875, "step": null, "ts": 1733765650.952759}]}, "version": 20, "at": 1733765650.9531178}
{"obj": {"type": "AssignString", "path": ["datasets", "criteria"], "value": "AD criteria: AD & (MMSE<=23 | MoCA<=18)\nHC criteria: HC & (MMSE>=27 | MoCA>=24)"}, "version": 21, "at": 1733765650.962406}
{"obj": {"type": "UploadFile", "path": ["datasets", "before", "Izmir"], "ext": "html", "file_path": null, "tmp_file_name": "datasets_before_Izmir-1733765650.983058-2024-12-09_18.34.10.983058.html", "clean_after_upload": false}, "version": 22, "at": 1733765650.9836748}
{"obj": {"type": "UploadFile", "path": ["datasets", "before", "Newcastle"], "ext": "html", "file_path": null, "tmp_file_name": "datasets_before_Newcastle-1733765650.994569-2024-12-09_18.34.10.994569.html", "clean_after_upload": false}, "version": 23, "at": 1733765650.994945}
{"obj": {"type": "AssignString", "path": ["harmonization", "params", "method"], "value": "none"}, "version": 24, "at": 1733765650.996638}
{"obj": {"type": "AssignBool", "path": ["harmonization", "params", "log_transform"], "value": true}, "version": 25, "at": 1733765650.997246}
{"obj": {"type": "AssignString", "path": ["harmonization", "params", "standardize"], "value": "none"}, "version": 26, "at": 1733765650.997539}
{"obj": {"type": "AssignBool", "path": ["harmonization", "params", "cov_age"], "value": true}, "version": 27, "at": 1733765650.997702}
{"obj": {"type": "AssignBool", "path": ["harmonization", "params", "cov_gender"], "value": true}, "version": 28, "at": 1733765650.9977999}
{"obj": {"type": "AssignBool", "path": ["harmonization", "params", "cov_education"], "value": false}, "version": 29, "at": 1733765650.998147}
{"obj": {"type": "AssignBool", "path": ["harmonization", "params", "cov_diagnosis"], "value": true}, "version": 30, "at": 1733765650.9981802}
{"obj": {"type": "LogStrings", "path": ["monitoring", "7322420b", "stdout"], "values": [{"value": "0", "step": null, "ts": 1733765650.998374}]}, "version": 31, "at": 1733765650.998386}
{"obj": {"type": "LogStrings", "path": ["monitoring", "7322420b", "stdout"], "values": [{"value": "\n", "step": null, "ts": 1733765650.998555}]}, "version": 32, "at": 1733765650.998562}
{"obj": {"type": "TrackFilesToArtifact", "path": ["datasets", "after", "Izmir_track"], "entries": [["./each_variation/none/Izmir.csv", null]], "project_id": "0185c1d2-e230-4393-98bd-19b911873975"}, "version": 33, "at": 1733765651.0017102}
{"obj": {"type": "UploadFile", "path": ["datasets", "after", "Izmir"], "ext": "csv", "file_path": "/Users/saraiva/PycharmProjects/LTBio/phd_journal/24_12_03/each_variation/none/Izmir.csv", "tmp_file_name": null, "clean_after_upload": false}, "version": 34, "at": 1733765651.001803}
{"obj": {"type": "TrackFilesToArtifact", "path": ["datasets", "after", "Newcastle_track"], "entries": [["./each_variation/none/Newcastle.csv", null]], "project_id": "0185c1d2-e230-4393-98bd-19b911873975"}, "version": 35, "at": 1733765651.003703}
{"obj": {"type": "UploadFile", "path": ["datasets", "after", "Newcastle"], "ext": "csv", "file_path": "/Users/saraiva/PycharmProjects/LTBio/phd_journal/24_12_03/each_variation/none/Newcastle.csv", "tmp_file_name": null, "clean_after_upload": false}, "version": 36, "at": 1733765651.0038168}
{"obj": {"type": "LogStrings", "path": ["monitoring", "7322420b", "stderr"], "values": [{"value": "/Users/saraiva/PycharmProjects/LTBio/venv/lib/python3.10/site-packages/sklearn/manifold/_t_sne.py:795: FutureWarning: The default initialization in TSNE will change from 'random' to 'pca' in 1.2.\n  warnings.warn(\n", "step": null, "ts": 1733765651.0149918}]}, "version": 37, "at": 1733765651.0150132}
{"obj": {"type": "AssignString", "path": ["simple_diagnosis_discriminant", "norm"], "value": "none"}, "version": 38, "at": 1733765651.505427}
{"obj": {"type": "AssignString", "path": ["simple_diagnosis_discriminant", "features"], "value": "['Delta_Frontal', 'Delta_Central', 'Delta_Parietal', 'Delta_Occipital', 'Delta_Temporal', 'Delta_Limbic', 'Alpha1_Frontal', 'Alpha1_Central', 'Alpha1_Parietal', 'Alpha1_Occipital', 'Alpha1_Temporal', 'Alpha1_Limbic', 'Theta_Frontal', 'Theta_Central', 'Theta_Parietal', 'Theta_Occipital', 'Theta_Temporal', 'Theta_Limbic', 'Alpha2_Frontal', 'Alpha2_Central', 'Alpha2_Parietal', 'Alpha2_Occipital', 'Alpha2_Temporal', 'Alpha2_Limbic', 'Alpha3_Frontal', 'Alpha3_Central', 'Alpha3_Parietal', 'Alpha3_Occipital', 'Alpha3_Temporal', 'Alpha3_Limbic', 'Beta1_Frontal', 'Beta1_Central', 'Beta1_Parietal', 'Beta1_Occipital', 'Beta1_Temporal', 'Beta1_Limbic', 'Beta2_Frontal', 'Beta2_Central', 'Beta2_Parietal', 'Beta2_Occipital', 'Beta2_Temporal', 'Beta2_Limbic', 'Gamma_Frontal', 'Gamma_Central', 'Gamma_Parietal', 'Gamma_Occipital', 'Gamma_Temporal', 'Gamma_Limbic']"}, "version": 39, "at": 1733765651.505595}
{"obj": {"type": "LogStrings", "path": ["monitoring", "7322420b", "stdout"], "values": [{"value": "Selected features:", "step": null, "ts": 1733765651.50646}]}, "version": 40, "at": 1733765651.5065029}
{"obj": {"type": "AssignString", "path": ["simple_diagnosis_discriminant", "model_description"], "value": "PCA(n_components=range(2, 16), random_state=0)"}, "version": 41, "at": 1733765651.5081549}
{"obj": {"type": "LogStrings", "path": ["monitoring", "7322420b", "stdout"], "values": [{"value": "\n", "step": null, "ts": 1733765651.509238}]}, "version": 42, "at": 1733765651.509244}
{"obj": {"type": "LogStrings", "path": ["monitoring", "7322420b", "stdout"], "values": [{"value": "['Delta_Frontal', 'Delta_Central', 'Delta_Parietal', 'Delta_Occipital', 'Delta_Temporal', 'Delta_Limbic', 'Alpha1_Frontal', 'Alpha1_Central', 'Alpha1_Parietal', 'Alpha1_Occipital', 'Alpha1_Temporal', 'Alpha1_Limbic', 'Theta_Frontal', 'Theta_Central', 'Theta_Parietal', 'Theta_Occipital', 'Theta_Temporal', 'Theta_Limbic', 'Alpha2_Frontal', 'Alpha2_Central', 'Alpha2_Parietal', 'Alpha2_Occipital', 'Alpha2_Temporal', 'Alpha2_Limbic', 'Alpha3_Frontal', 'Alpha3_Central', 'Alpha3_Parietal', 'Alpha3_Occipital', 'Alpha3_Temporal', 'Alpha3_Limbic', 'Beta1_Frontal', 'Beta1_Central', 'Beta1_Parietal', 'Beta1_Occipital', 'Beta1_Temporal', 'Beta1_Limbic', 'Beta2_Frontal', 'Beta2_Central', 'Beta2_Parietal', 'Beta2_Occipital', 'Beta2_Temporal', 'Beta2_Limbic', 'Gamma_Frontal', 'Gamma_Central', 'Gamma_Parietal', 'Gamma_Occipital', 'Gamma_Temporal', 'Gamma_Limbic']", "step": null, "ts": 1733765651.510061}]}, "version": 43, "at": 1733765651.510068}
{"obj": {"type": "LogStrings", "path": ["monitoring", "7322420b", "stdout"], "values": [{"value": "\n", "step": null, "ts": 1733765651.5114398}]}, "version": 44, "at": 1733765651.511446}
{"obj": {"type": "LogStrings", "path": ["monitoring", "7322420b", "stdout"], "values": [{"value": "'<=' not supported between instances of 'int' and 'range'", "step": null, "ts": 1733765651.512189}]}, "version": 45, "at": 1733765651.512197}
{"obj": {"type": "LogStrings", "path": ["monitoring", "7322420b", "stdout"], "values": [{"value": "\n", "step": null, "ts": 1733765651.512566}]}, "version": 46, "at": 1733765651.5125918}
{"obj": {"type": "LogStrings", "path": ["monitoring", "7322420b", "stdout"], "values": [{"value": "neuroharmonize variant", "step": null, "ts": 1733765651.512813}]}, "version": 47, "at": 1733765651.512821}
{"obj": {"type": "LogStrings", "path": ["monitoring", "7322420b", "stdout"], "values": [{"value": "\n", "step": null, "ts": 1733765651.512905}]}, "version": 48, "at": 1733765651.5129101}
{"obj": {"type": "LogStrings", "path": ["monitoring", "7322420b", "stdout"], "values": [{"value": "[neptune] [info   ] Neptune initialized. Open in the app: https://app.neptune.ai/Combat4EEG/CombatManuscript/e/CB-138\n", "step": null, "ts": 1733765651.92975}]}, "version": 49, "at": 1733765651.929759}
{"obj": {"type": "LogStrings", "path": ["monitoring", "7322420b", "stdout"], "values": [{"value": "0", "step": null, "ts": 1733765651.9749482}]}, "version": 50, "at": 1733765651.974955}
{"obj": {"type": "LogStrings", "path": ["monitoring", "7322420b", "stdout"], "values": [{"value": "\n", "step": null, "ts": 1733765651.975455}]}, "version": 51, "at": 1733765651.975462}
{"obj": {"type": "LogStrings", "path": ["monitoring", "7322420b", "stderr"], "values": [{"value": "/Users/saraiva/PycharmProjects/LTBio/venv/lib/python3.10/site-packages/sklearn/manifold/_t_sne.py:795: FutureWarning: The default initialization in TSNE will change from 'random' to 'pca' in 1.2.\n  warnings.warn(\n", "step": null, "ts": 1733765651.991925}]}, "version": 52, "at": 1733765651.991934}
{"obj": {"type": "LogStrings", "path": ["monitoring", "7322420b", "stdout"], "values": [{"value": "Selected features:", "step": null, "ts": 1733765652.4812002}]}, "version": 53, "at": 1733765652.48121}
{"obj": {"type": "LogStrings", "path": ["monitoring", "7322420b", "stdout"], "values": [{"value": "\n", "step": null, "ts": 1733765652.482049}]}, "version": 54, "at": 1733765652.4820569}
{"obj": {"type": "LogStrings", "path": ["monitoring", "7322420b", "stdout"], "values": [{"value": "['Delta_Frontal', 'Delta_Central', 'Delta_Parietal', 'Delta_Occipital', 'Delta_Temporal', 'Delta_Limbic', 'Alpha1_Frontal', 'Alpha1_Central', 'Alpha1_Parietal', 'Alpha1_Occipital', 'Alpha1_Temporal', 'Alpha1_Limbic', 'Theta_Frontal', 'Theta_Central', 'Theta_Parietal', 'Theta_Occipital', 'Theta_Temporal', 'Theta_Limbic', 'Alpha2_Frontal', 'Alpha2_Central', 'Alpha2_Parietal', 'Alpha2_Occipital', 'Alpha2_Temporal', 'Alpha2_Limbic', 'Alpha3_Frontal', 'Alpha3_Central', 'Alpha3_Parietal', 'Alpha3_Occipital', 'Alpha3_Temporal', 'Alpha3_Limbic', 'Beta1_Frontal', 'Beta1_Central', 'Beta1_Parietal', 'Beta1_Occipital', 'Beta1_Temporal', 'Beta1_Limbic', 'Beta2_Frontal', 'Beta2_Central', 'Beta2_Parietal', 'Beta2_Occipital', 'Beta2_Temporal', 'Beta2_Limbic', 'Gamma_Frontal', 'Gamma_Central', 'Gamma_Parietal', 'Gamma_Occipital', 'Gamma_Temporal', 'Gamma_Limbic']", "step": null, "ts": 1733765652.482647}]}, "version": 55, "at": 1733765652.482653}
{"obj": {"type": "LogStrings", "path": ["monitoring", "7322420b", "stdout"], "values": [{"value": "\n", "step": null, "ts": 1733765652.483453}]}, "version": 56, "at": 1733765652.483458}
{"obj": {"type": "LogStrings", "path": ["monitoring", "7322420b", "stdout"], "values": [{"value": "'<=' not supported between instances of 'int' and 'range'", "step": null, "ts": 1733765652.485599}]}, "version": 57, "at": 1733765652.485607}
{"obj": {"type": "LogStrings", "path": ["monitoring", "7322420b", "stdout"], "values": [{"value": "\n", "step": null, "ts": 1733765652.4863622}]}, "version": 58, "at": 1733765652.486368}
{"obj": {"type": "LogStrings", "path": ["monitoring", "7322420b", "stdout"], "values": [{"value": "6 PCs", "step": null, "ts": 1733765652.4870121}]}, "version": 59, "at": 1733765652.487017}
{"obj": {"type": "LogStrings", "path": ["monitoring", "7322420b", "stdout"], "values": [{"value": "\n", "step": null, "ts": 1733765652.487543}]}, "version": 60, "at": 1733765652.4875479}
{"obj": {"type": "LogStrings", "path": ["monitoring", "7322420b", "stdout"], "values": [{"value": "none variant", "step": null, "ts": 1733765652.489076}]}, "version": 61, "at": 1733765652.4890811}
{"obj": {"type": "LogStrings", "path": ["monitoring", "7322420b", "stdout"], "values": [{"value": "\n", "step": null, "ts": 1733765652.489791}]}, "version": 62, "at": 1733765652.4897962}
{"obj": {"type": "LogStrings", "path": ["monitoring", "7322420b", "stdout"], "values": [{"value": "[neptune] [info   ] Neptune initialized. Open in the app: https://app.neptune.ai/Combat4EEG/CombatManuscript/e/CB-139\n", "step": null, "ts": 1733765652.824596}]}, "version": 63, "at": 1733765652.8246028}
{"obj": {"type": "LogStrings", "path": ["monitoring", "7322420b", "stdout"], "values": [{"value": "0", "step": null, "ts": 1733765652.870419}]}, "version": 64, "at": 1733765652.87043}
{"obj": {"type": "LogStrings", "path": ["monitoring", "7322420b", "stdout"], "values": [{"value": "\n", "step": null, "ts": 1733765652.870997}]}, "version": 65, "at": 1733765652.8710048}
{"obj": {"type": "LogStrings", "path": ["monitoring", "7322420b", "stderr"], "values": [{"value": "/Users/saraiva/PycharmProjects/LTBio/venv/lib/python3.10/site-packages/sklearn/manifold/_t_sne.py:795: FutureWarning: The default initialization in TSNE will change from 'random' to 'pca' in 1.2.\n  warnings.warn(\n", "step": null, "ts": 1733765652.889479}]}, "version": 66, "at": 1733765652.8894908}
{"obj": {"type": "LogStrings", "path": ["monitoring", "7322420b", "stdout"], "values": [{"value": "Selected features:", "step": null, "ts": 1733765653.368478}]}, "version": 67, "at": 1733765653.368486}
{"obj": {"type": "LogStrings", "path": ["monitoring", "7322420b", "stdout"], "values": [{"value": "\n", "step": null, "ts": 1733765653.370302}]}, "version": 68, "at": 1733765653.370307}
{"obj": {"type": "LogStrings", "path": ["monitoring", "7322420b", "stdout"], "values": [{"value": "['Delta_Frontal', 'Delta_Central', 'Delta_Parietal', 'Delta_Occipital', 'Delta_Temporal', 'Delta_Limbic', 'Alpha1_Frontal', 'Alpha1_Central', 'Alpha1_Parietal', 'Alpha1_Occipital', 'Alpha1_Temporal', 'Alpha1_Limbic', 'Theta_Frontal', 'Theta_Central', 'Theta_Parietal', 'Theta_Occipital', 'Theta_Temporal', 'Theta_Limbic', 'Alpha2_Frontal', 'Alpha2_Central', 'Alpha2_Parietal', 'Alpha2_Occipital', 'Alpha2_Temporal', 'Alpha2_Limbic', 'Alpha3_Frontal', 'Alpha3_Central', 'Alpha3_Parietal', 'Alpha3_Occipital', 'Alpha3_Temporal', 'Alpha3_Limbic', 'Beta1_Frontal', 'Beta1_Central', 'Beta1_Parietal', 'Beta1_Occipital', 'Beta1_Temporal', 'Beta1_Limbic', 'Beta2_Frontal', 'Beta2_Central', 'Beta2_Parietal', 'Beta2_Occipital', 'Beta2_Temporal', 'Beta2_Limbic', 'Gamma_Frontal', 'Gamma_Central', 'Gamma_Parietal', 'Gamma_Occipital', 'Gamma_Temporal', 'Gamma_Limbic']", "step": null, "ts": 1733765653.370742}]}, "version": 69, "at": 1733765653.3707469}
{"obj": {"type": "LogStrings", "path": ["monitoring", "7322420b", "stdout"], "values": [{"value": "\n", "step": null, "ts": 1733765653.37123}]}, "version": 70, "at": 1733765653.3712351}
{"obj": {"type": "LogStrings", "path": ["monitoring", "7322420b", "stdout"], "values": [{"value": "'<=' not supported between instances of 'int' and 'range'", "step": null, "ts": 1733765653.374499}]}, "version": 71, "at": 1733765653.374505}
{"obj": {"type": "LogStrings", "path": ["monitoring", "7322420b", "stdout"], "values": [{"value": "\n", "step": null, "ts": 1733765653.375318}]}, "version": 72, "at": 1733765653.375322}
{"obj": {"type": "LogStrings", "path": ["monitoring", "7322420b", "stdout"], "values": [{"value": "neuroharmonize variant", "step": null, "ts": 1733765653.375824}]}, "version": 73, "at": 1733765653.375829}
{"obj": {"type": "LogStrings", "path": ["monitoring", "7322420b", "stdout"], "values": [{"value": "\n", "step": null, "ts": 1733765653.377376}]}, "version": 74, "at": 1733765653.3773818}
{"obj": {"type": "LogStrings", "path": ["monitoring", "7322420b", "stdout"], "values": [{"value": "[neptune] [info   ] Neptune initialized. Open in the app: https://app.neptune.ai/Combat4EEG/CombatManuscript/e/CB-140\n", "step": null, "ts": 1733765653.702045}]}, "version": 75, "at": 1733765653.702058}
{"obj": {"type": "LogStrings", "path": ["monitoring", "7322420b", "stdout"], "values": [{"value": "0", "step": null, "ts": 1733765653.7497768}]}, "version": 76, "at": 1733765653.7497869}
{"obj": {"type": "LogStrings", "path": ["monitoring", "7322420b", "stdout"], "values": [{"value": "\n", "step": null, "ts": 1733765653.7513118}]}, "version": 77, "at": 1733765653.751318}
{"obj": {"type": "LogStrings", "path": ["monitoring", "7322420b", "stderr"], "values": [{"value": "/Users/saraiva/PycharmProjects/LTBio/venv/lib/python3.10/site-packages/sklearn/manifold/_t_sne.py:795: FutureWarning: The default initialization in TSNE will change from 'random' to 'pca' in 1.2.\n  warnings.warn(\n", "step": null, "ts": 1733765653.7670121}]}, "version": 78, "at": 1733765653.767021}
{"obj": {"type": "LogStrings", "path": ["monitoring", "7322420b", "stdout"], "values": [{"value": "Selected features:", "step": null, "ts": 1733765654.267272}]}, "version": 79, "at": 1733765654.2672782}
{"obj": {"type": "LogStrings", "path": ["monitoring", "7322420b", "stdout"], "values": [{"value": "\n", "step": null, "ts": 1733765654.2681139}]}, "version": 80, "at": 1733765654.268121}
{"obj": {"type": "LogStrings", "path": ["monitoring", "7322420b", "stdout"], "values": [{"value": "['Delta_Frontal', 'Delta_Central', 'Delta_Parietal', 'Delta_Occipital', 'Delta_Temporal', 'Delta_Limbic', 'Alpha1_Frontal', 'Alpha1_Central', 'Alpha1_Parietal', 'Alpha1_Occipital', 'Alpha1_Temporal', 'Alpha1_Limbic', 'Theta_Frontal', 'Theta_Central', 'Theta_Parietal', 'Theta_Occipital', 'Theta_Temporal', 'Theta_Limbic', 'Alpha2_Frontal', 'Alpha2_Central', 'Alpha2_Parietal', 'Alpha2_Occipital', 'Alpha2_Temporal', 'Alpha2_Limbic', 'Alpha3_Frontal', 'Alpha3_Central', 'Alpha3_Parietal', 'Alpha3_Occipital', 'Alpha3_Temporal', 'Alpha3_Limbic', 'Beta1_Frontal', 'Beta1_Central', 'Beta1_Parietal', 'Beta1_Occipital', 'Beta1_Temporal', 'Beta1_Limbic', 'Beta2_Frontal', 'Beta2_Central', 'Beta2_Parietal', 'Beta2_Occipital', 'Beta2_Temporal', 'Beta2_Limbic', 'Gamma_Frontal', 'Gamma_Central', 'Gamma_Parietal', 'Gamma_Occipital', 'Gamma_Temporal', 'Gamma_Limbic']", "step": null, "ts": 1733765654.269535}]}, "version": 81, "at": 1733765654.26954}
{"obj": {"type": "LogStrings", "path": ["monitoring", "7322420b", "stdout"], "values": [{"value": "\n", "step": null, "ts": 1733765654.272311}]}, "version": 82, "at": 1733765654.272317}
{"obj": {"type": "LogStrings", "path": ["monitoring", "7322420b", "stdout"], "values": [{"value": "'<=' not supported between instances of 'int' and 'range'", "step": null, "ts": 1733765654.273797}]}, "version": 83, "at": 1733765654.273803}
{"obj": {"type": "LogStrings", "path": ["monitoring", "7322420b", "stdout"], "values": [{"value": "\n", "step": null, "ts": 1733765654.274614}]}, "version": 84, "at": 1733765654.2746189}
{"obj": {"type": "LogStrings", "path": ["monitoring", "7322420b", "stdout"], "values": [{"value": "7 PCs", "step": null, "ts": 1733765654.275075}]}, "version": 85, "at": 1733765654.27508}
{"obj": {"type": "LogStrings", "path": ["monitoring", "7322420b", "stdout"], "values": [{"value": "\n", "step": null, "ts": 1733765654.2768362}]}, "version": 86, "at": 1733765654.276841}
{"obj": {"type": "LogStrings", "path": ["monitoring", "7322420b", "stdout"], "values": [{"value": "none variant", "step": null, "ts": 1733765654.2775629}]}, "version": 87, "at": 1733765654.277568}
{"obj": {"type": "LogStrings", "path": ["monitoring", "7322420b", "stdout"], "values": [{"value": "\n", "step": null, "ts": 1733765654.2784069}]}, "version": 88, "at": 1733765654.278411}
{"obj": {"type": "LogStrings", "path": ["monitoring", "7322420b", "stdout"], "values": [{"value": "[neptune] [info   ] Neptune initialized. Open in the app: https://app.neptune.ai/Combat4EEG/CombatManuscript/e/CB-141\n", "step": null, "ts": 1733765654.683746}]}, "version": 89, "at": 1733765654.683758}
{"obj": {"type": "LogStrings", "path": ["monitoring", "7322420b", "stdout"], "values": [{"value": "0", "step": null, "ts": 1733765654.730927}]}, "version": 90, "at": 1733765654.730934}
{"obj": {"type": "LogStrings", "path": ["monitoring", "7322420b", "stdout"], "values": [{"value": "\n", "step": null, "ts": 1733765654.732069}]}, "version": 91, "at": 1733765654.732075}
{"obj": {"type": "LogStrings", "path": ["monitoring", "7322420b", "stderr"], "values": [{"value": "/Users/saraiva/PycharmProjects/LTBio/venv/lib/python3.10/site-packages/sklearn/manifold/_t_sne.py:795: FutureWarning: The default initialization in TSNE will change from 'random' to 'pca' in 1.2.\n  warnings.warn(\n", "step": null, "ts": 1733765654.747349}]}, "version": 92, "at": 1733765654.747356}
{"obj": {"type": "LogStrings", "path": ["monitoring", "7322420b", "stdout"], "values": [{"value": "Selected features:", "step": null, "ts": 1733765655.235329}]}, "version": 93, "at": 1733765655.235334}
{"obj": {"type": "LogStrings", "path": ["monitoring", "7322420b", "stdout"], "values": [{"value": "\n", "step": null, "ts": 1733765655.236279}]}, "version": 94, "at": 1733765655.236313}
{"obj": {"type": "LogStrings", "path": ["monitoring", "7322420b", "stdout"], "values": [{"value": "['Delta_Frontal', 'Delta_Central', 'Delta_Parietal', 'Delta_Occipital', 'Delta_Temporal', 'Delta_Limbic', 'Alpha1_Frontal', 'Alpha1_Central', 'Alpha1_Parietal', 'Alpha1_Occipital', 'Alpha1_Temporal', 'Alpha1_Limbic', 'Theta_Frontal', 'Theta_Central', 'Theta_Parietal', 'Theta_Occipital', 'Theta_Temporal', 'Theta_Limbic', 'Alpha2_Frontal', 'Alpha2_Central', 'Alpha2_Parietal', 'Alpha2_Occipital', 'Alpha2_Temporal', 'Alpha2_Limbic', 'Alpha3_Frontal', 'Alpha3_Central', 'Alpha3_Parietal', 'Alpha3_Occipital', 'Alpha3_Temporal', 'Alpha3_Limbic', 'Beta1_Frontal', 'Beta1_Central', 'Beta1_Parietal', 'Beta1_Occipital', 'Beta1_Temporal', 'Beta1_Limbic', 'Beta2_Frontal', 'Beta2_Central', 'Beta2_Parietal', 'Beta2_Occipital', 'Beta2_Temporal', 'Beta2_Limbic', 'Gamma_Frontal', 'Gamma_Central', 'Gamma_Parietal', 'Gamma_Occipital', 'Gamma_Temporal', 'Gamma_Limbic']", "step": null, "ts": 1733765655.236706}]}, "version": 95, "at": 1733765655.236712}
{"obj": {"type": "LogStrings", "path": ["monitoring", "7322420b", "stdout"], "values": [{"value": "\n", "step": null, "ts": 1733765655.237922}]}, "version": 96, "at": 1733765655.237927}
{"obj": {"type": "LogStrings", "path": ["monitoring", "7322420b", "stdout"], "values": [{"value": "'<=' not supported between instances of 'int' and 'range'", "step": null, "ts": 1733765655.2421381}]}, "version": 97, "at": 1733765655.242144}
{"obj": {"type": "LogStrings", "path": ["monitoring", "7322420b", "stdout"], "values": [{"value": "\n", "step": null, "ts": 1733765655.2437172}]}, "version": 98, "at": 1733765655.243722}
{"obj": {"type": "LogStrings", "path": ["monitoring", "7322420b", "stdout"], "values": [{"value": "neuroharmonize variant", "step": null, "ts": 1733765655.245124}]}, "version": 99, "at": 1733765655.2451289}
{"obj": {"type": "LogStrings", "path": ["monitoring", "7322420b", "stdout"], "values": [{"value": "\n", "step": null, "ts": 1733765655.245714}]}, "version": 100, "at": 1733765655.245718}
{"obj": {"type": "LogStrings", "path": ["monitoring", "7322420b", "stdout"], "values": [{"value": "[neptune] [info   ] Neptune initialized. Open in the app: https://app.neptune.ai/Combat4EEG/CombatManuscript/e/CB-142\n", "step": null, "ts": 1733765655.664394}]}, "version": 101, "at": 1733765655.664406}
{"obj": {"type": "LogStrings", "path": ["monitoring", "7322420b", "stdout"], "values": [{"value": "0", "step": null, "ts": 1733765655.712049}]}, "version": 102, "at": 1733765655.7120562}
{"obj": {"type": "LogStrings", "path": ["monitoring", "7322420b", "stdout"], "values": [{"value": "\n", "step": null, "ts": 1733765655.712655}]}, "version": 103, "at": 1733765655.712659}
{"obj": {"type": "LogStrings", "path": ["monitoring", "7322420b", "stderr"], "values": [{"value": "/Users/saraiva/PycharmProjects/LTBio/venv/lib/python3.10/site-packages/sklearn/manifold/_t_sne.py:795: FutureWarning: The default initialization in TSNE will change from 'random' to 'pca' in 1.2.\n  warnings.warn(\n", "step": null, "ts": 1733765655.728544}]}, "version": 104, "at": 1733765655.728551}
{"obj": {"type": "LogStrings", "path": ["monitoring", "7322420b", "stdout"], "values": [{"value": "Selected features:", "step": null, "ts": 1733765656.2303638}]}, "version": 105, "at": 1733765656.2303941}
{"obj": {"type": "LogStrings", "path": ["monitoring", "7322420b", "stdout"], "values": [{"value": "\n", "step": null, "ts": 1733765656.231829}]}, "version": 106, "at": 1733765656.2318342}
{"obj": {"type": "LogStrings", "path": ["monitoring", "7322420b", "stdout"], "values": [{"value": "['Delta_Frontal', 'Delta_Central', 'Delta_Parietal', 'Delta_Occipital', 'Delta_Temporal', 'Delta_Limbic', 'Alpha1_Frontal', 'Alpha1_Central', 'Alpha1_Parietal', 'Alpha1_Occipital', 'Alpha1_Temporal', 'Alpha1_Limbic', 'Theta_Frontal', 'Theta_Central', 'Theta_Parietal', 'Theta_Occipital', 'Theta_Temporal', 'Theta_Limbic', 'Alpha2_Frontal', 'Alpha2_Central', 'Alpha2_Parietal', 'Alpha2_Occipital', 'Alpha2_Temporal', 'Alpha2_Limbic', 'Alpha3_Frontal', 'Alpha3_Central', 'Alpha3_Parietal', 'Alpha3_Occipital', 'Alpha3_Temporal', 'Alpha3_Limbic', 'Beta1_Frontal', 'Beta1_Central', 'Beta1_Parietal', 'Beta1_Occipital', 'Beta1_Temporal', 'Beta1_Limbic', 'Beta2_Frontal', 'Beta2_Central', 'Beta2_Parietal', 'Beta2_Occipital', 'Beta2_Temporal', 'Beta2_Limbic', 'Gamma_Frontal', 'Gamma_Central', 'Gamma_Parietal', 'Gamma_Occipital', 'Gamma_Temporal', 'Gamma_Limbic']", "step": null, "ts": 1733765656.233172}]}, "version": 107, "at": 1733765656.2331772}
{"obj": {"type": "LogStrings", "path": ["monitoring", "7322420b", "stdout"], "values": [{"value": "\n", "step": null, "ts": 1733765656.234266}]}, "version": 108, "at": 1733765656.234271}
{"obj": {"type": "LogStrings", "path": ["monitoring", "7322420b", "stdout"], "values": [{"value": "'<=' not supported between instances of 'int' and 'range'", "step": null, "ts": 1733765656.236355}]}, "version": 109, "at": 1733765656.2363892}
{"obj": {"type": "LogStrings", "path": ["monitoring", "7322420b", "stdout"], "values": [{"value": "\n", "step": null, "ts": 1733765656.237699}]}, "version": 110, "at": 1733765656.237705}
{"obj": {"type": "LogStrings", "path": ["monitoring", "7322420b", "stdout"], "values": [{"value": "8 PCs", "step": null, "ts": 1733765656.239842}]}, "version": 111, "at": 1733765656.239847}
{"obj": {"type": "LogStrings", "path": ["monitoring", "7322420b", "stdout"], "values": [{"value": "\n", "step": null, "ts": 1733765656.240459}]}, "version": 112, "at": 1733765656.240464}
{"obj": {"type": "LogStrings", "path": ["monitoring", "7322420b", "stdout"], "values": [{"value": "none variant", "step": null, "ts": 1733765656.2420611}]}, "version": 113, "at": 1733765656.2420852}
{"obj": {"type": "LogStrings", "path": ["monitoring", "7322420b", "stdout"], "values": [{"value": "\n", "step": null, "ts": 1733765656.2426949}]}, "version": 114, "at": 1733765656.2427}
{"obj": {"type": "LogStrings", "path": ["monitoring", "7322420b", "stdout"], "values": [{"value": "[neptune] [info   ] Neptune initialized. Open in the app: https://app.neptune.ai/Combat4EEG/CombatManuscript/e/CB-143\n", "step": null, "ts": 1733765656.647398}]}, "version": 115, "at": 1733765656.647407}
{"obj": {"type": "LogStrings", "path": ["monitoring", "7322420b", "stdout"], "values": [{"value": "0", "step": null, "ts": 1733765656.69326}]}, "version": 116, "at": 1733765656.693271}
{"obj": {"type": "LogStrings", "path": ["monitoring", "7322420b", "stdout"], "values": [{"value": "\n", "step": null, "ts": 1733765656.694632}]}, "version": 117, "at": 1733765656.694636}
{"obj": {"type": "LogStrings", "path": ["monitoring", "7322420b", "stderr"], "values": [{"value": "/Users/saraiva/PycharmProjects/LTBio/venv/lib/python3.10/site-packages/sklearn/manifold/_t_sne.py:795: FutureWarning: The default initialization in TSNE will change from 'random' to 'pca' in 1.2.\n  warnings.warn(\n", "step": null, "ts": 1733765656.7107}]}, "version": 118, "at": 1733765656.710707}
{"obj": {"type": "LogStrings", "path": ["monitoring", "7322420b", "stdout"], "values": [{"value": "Selected features:", "step": null, "ts": 1733765657.202121}]}, "version": 119, "at": 1733765657.202355}
{"obj": {"type": "LogStrings", "path": ["monitoring", "7322420b", "stdout"], "values": [{"value": "\n", "step": null, "ts": 1733765657.203382}]}, "version": 120, "at": 1733765657.2033868}
{"obj": {"type": "LogStrings", "path": ["monitoring", "7322420b", "stdout"], "values": [{"value": "['Delta_Frontal', 'Delta_Central', 'Delta_Parietal', 'Delta_Occipital', 'Delta_Temporal', 'Delta_Limbic', 'Alpha1_Frontal', 'Alpha1_Central', 'Alpha1_Parietal', 'Alpha1_Occipital', 'Alpha1_Temporal', 'Alpha1_Limbic', 'Theta_Frontal', 'Theta_Central', 'Theta_Parietal', 'Theta_Occipital', 'Theta_Temporal', 'Theta_Limbic', 'Alpha2_Frontal', 'Alpha2_Central', 'Alpha2_Parietal', 'Alpha2_Occipital', 'Alpha2_Temporal', 'Alpha2_Limbic', 'Alpha3_Frontal', 'Alpha3_Central', 'Alpha3_Parietal', 'Alpha3_Occipital', 'Alpha3_Temporal', 'Alpha3_Limbic', 'Beta1_Frontal', 'Beta1_Central', 'Beta1_Parietal', 'Beta1_Occipital', 'Beta1_Temporal', 'Beta1_Limbic', 'Beta2_Frontal', 'Beta2_Central', 'Beta2_Parietal', 'Beta2_Occipital', 'Beta2_Temporal', 'Beta2_Limbic', 'Gamma_Frontal', 'Gamma_Central', 'Gamma_Parietal', 'Gamma_Occipital', 'Gamma_Temporal', 'Gamma_Limbic']", "step": null, "ts": 1733765657.206004}]}, "version": 121, "at": 1733765657.206008}
{"obj": {"type": "LogStrings", "path": ["monitoring", "7322420b", "stdout"], "values": [{"value": "\n", "step": null, "ts": 1733765657.2069051}]}, "version": 122, "at": 1733765657.20691}
{"obj": {"type": "LogStrings", "path": ["monitoring", "7322420b", "stdout"], "values": [{"value": "'<=' not supported between instances of 'int' and 'range'", "step": null, "ts": 1733765657.209067}]}, "version": 123, "at": 1733765657.209072}
{"obj": {"type": "LogStrings", "path": ["monitoring", "7322420b", "stdout"], "values": [{"value": "\n", "step": null, "ts": 1733765657.210439}]}, "version": 124, "at": 1733765657.210444}
{"obj": {"type": "LogStrings", "path": ["monitoring", "7322420b", "stdout"], "values": [{"value": "neuroharmonize variant", "step": null, "ts": 1733765657.2112908}]}, "version": 125, "at": 1733765657.2112992}
{"obj": {"type": "LogStrings", "path": ["monitoring", "7322420b", "stdout"], "values": [{"value": "\n", "step": null, "ts": 1733765657.212189}]}, "version": 126, "at": 1733765657.212193}
{"obj": {"type": "LogStrings", "path": ["monitoring", "7322420b", "stdout"], "values": [{"value": "[neptune] [info   ] Neptune initialized. Open in the app: https://app.neptune.ai/Combat4EEG/CombatManuscript/e/CB-144\n", "step": null, "ts": 1733765657.540145}]}, "version": 127, "at": 1733765657.5401568}
{"obj": {"type": "LogStrings", "path": ["monitoring", "7322420b", "stdout"], "values": [{"value": "0", "step": null, "ts": 1733765657.588095}]}, "version": 128, "at": 1733765657.5881011}
{"obj": {"type": "LogStrings", "path": ["monitoring", "7322420b", "stdout"], "values": [{"value": "\n", "step": null, "ts": 1733765657.589344}]}, "version": 129, "at": 1733765657.589348}
{"obj": {"type": "LogStrings", "path": ["monitoring", "7322420b", "stderr"], "values": [{"value": "/Users/saraiva/PycharmProjects/LTBio/venv/lib/python3.10/site-packages/sklearn/manifold/_t_sne.py:795: FutureWarning: The default initialization in TSNE will change from 'random' to 'pca' in 1.2.\n  warnings.warn(\n", "step": null, "ts": 1733765657.606432}]}, "version": 130, "at": 1733765657.6064389}
{"obj": {"type": "LogStrings", "path": ["monitoring", "7322420b", "stdout"], "values": [{"value": "Selected features:", "step": null, "ts": 1733765658.0965178}]}, "version": 131, "at": 1733765658.0965571}
{"obj": {"type": "LogStrings", "path": ["monitoring", "7322420b", "stdout"], "values": [{"value": "\n", "step": null, "ts": 1733765658.097635}]}, "version": 132, "at": 1733765658.09764}
{"obj": {"type": "LogStrings", "path": ["monitoring", "7322420b", "stdout"], "values": [{"value": "['Delta_Frontal', 'Delta_Central', 'Delta_Parietal', 'Delta_Occipital', 'Delta_Temporal', 'Delta_Limbic', 'Alpha1_Frontal', 'Alpha1_Central', 'Alpha1_Parietal', 'Alpha1_Occipital', 'Alpha1_Temporal', 'Alpha1_Limbic', 'Theta_Frontal', 'Theta_Central', 'Theta_Parietal', 'Theta_Occipital', 'Theta_Temporal', 'Theta_Limbic', 'Alpha2_Frontal', 'Alpha2_Central', 'Alpha2_Parietal', 'Alpha2_Occipital', 'Alpha2_Temporal', 'Alpha2_Limbic', 'Alpha3_Frontal', 'Alpha3_Central', 'Alpha3_Parietal', 'Alpha3_Occipital', 'Alpha3_Temporal', 'Alpha3_Limbic', 'Beta1_Frontal', 'Beta1_Central', 'Beta1_Parietal', 'Beta1_Occipital', 'Beta1_Temporal', 'Beta1_Limbic', 'Beta2_Frontal', 'Beta2_Central', 'Beta2_Parietal', 'Beta2_Occipital', 'Beta2_Temporal', 'Beta2_Limbic', 'Gamma_Frontal', 'Gamma_Central', 'Gamma_Parietal', 'Gamma_Occipital', 'Gamma_Temporal', 'Gamma_Limbic']", "step": null, "ts": 1733765658.099968}]}, "version": 133, "at": 1733765658.0999749}
{"obj": {"type": "LogStrings", "path": ["monitoring", "7322420b", "stdout"], "values": [{"value": "\n", "step": null, "ts": 1733765658.101748}]}, "version": 134, "at": 1733765658.101753}
{"obj": {"type": "LogStrings", "path": ["monitoring", "7322420b", "stdout"], "values": [{"value": "'<=' not supported between instances of 'int' and 'range'", "step": null, "ts": 1733765658.104379}]}, "version": 135, "at": 1733765658.1043851}
{"obj": {"type": "LogStrings", "path": ["monitoring", "7322420b", "stdout"], "values": [{"value": "\n", "step": null, "ts": 1733765658.10569}]}, "version": 136, "at": 1733765658.105695}
{"obj": {"type": "LogStrings", "path": ["monitoring", "7322420b", "stdout"], "values": [{"value": "9 PCs", "step": null, "ts": 1733765658.106965}]}, "version": 137, "at": 1733765658.106969}
{"obj": {"type": "LogStrings", "path": ["monitoring", "7322420b", "stdout"], "values": [{"value": "\n", "step": null, "ts": 1733765658.107902}]}, "version": 138, "at": 1733765658.107906}
{"obj": {"type": "LogStrings", "path": ["monitoring", "7322420b", "stdout"], "values": [{"value": "none variant", "step": null, "ts": 1733765658.109511}]}, "version": 139, "at": 1733765658.1095161}
{"obj": {"type": "LogStrings", "path": ["monitoring", "7322420b", "stdout"], "values": [{"value": "\n", "step": null, "ts": 1733765658.1110568}]}, "version": 140, "at": 1733765658.111062}
{"obj": {"type": "LogStrings", "path": ["monitoring", "7322420b", "stdout"], "values": [{"value": "[neptune] [info   ] Neptune initialized. Open in the app: https://app.neptune.ai/Combat4EEG/CombatManuscript/e/CB-145\n", "step": null, "ts": 1733765658.436831}]}, "version": 141, "at": 1733765658.436841}
{"obj": {"type": "LogStrings", "path": ["monitoring", "7322420b", "stdout"], "values": [{"value": "0", "step": null, "ts": 1733765658.486231}]}, "version": 142, "at": 1733765658.4862368}
{"obj": {"type": "LogStrings", "path": ["monitoring", "7322420b", "stdout"], "values": [{"value": "\n", "step": null, "ts": 1733765658.487082}]}, "version": 143, "at": 1733765658.487087}
{"obj": {"type": "LogStrings", "path": ["monitoring", "7322420b", "stderr"], "values": [{"value": "/Users/saraiva/PycharmProjects/LTBio/venv/lib/python3.10/site-packages/sklearn/manifold/_t_sne.py:795: FutureWarning: The default initialization in TSNE will change from 'random' to 'pca' in 1.2.\n  warnings.warn(\n", "step": null, "ts": 1733765658.5022888}]}, "version": 144, "at": 1733765658.502301}
{"obj": {"type": "LogStrings", "path": ["monitoring", "7322420b", "stdout"], "values": [{"value": "Selected features:", "step": null, "ts": 1733765658.99228}]}, "version": 145, "at": 1733765658.992287}
{"obj": {"type": "LogStrings", "path": ["monitoring", "7322420b", "stdout"], "values": [{"value": "\n", "step": null, "ts": 1733765658.993815}]}, "version": 146, "at": 1733765658.99382}
{"obj": {"type": "LogStrings", "path": ["monitoring", "7322420b", "stdout"], "values": [{"value": "['Delta_Frontal', 'Delta_Central', 'Delta_Parietal', 'Delta_Occipital', 'Delta_Temporal', 'Delta_Limbic', 'Alpha1_Frontal', 'Alpha1_Central', 'Alpha1_Parietal', 'Alpha1_Occipital', 'Alpha1_Temporal', 'Alpha1_Limbic', 'Theta_Frontal', 'Theta_Central', 'Theta_Parietal', 'Theta_Occipital', 'Theta_Temporal', 'Theta_Limbic', 'Alpha2_Frontal', 'Alpha2_Central', 'Alpha2_Parietal', 'Alpha2_Occipital', 'Alpha2_Temporal', 'Alpha2_Limbic', 'Alpha3_Frontal', 'Alpha3_Central', 'Alpha3_Parietal', 'Alpha3_Occipital', 'Alpha3_Temporal', 'Alpha3_Limbic', 'Beta1_Frontal', 'Beta1_Central', 'Beta1_Parietal', 'Beta1_Occipital', 'Beta1_Temporal', 'Beta1_Limbic', 'Beta2_Frontal', 'Beta2_Central', 'Beta2_Parietal', 'Beta2_Occipital', 'Beta2_Temporal', 'Beta2_Limbic', 'Gamma_Frontal', 'Gamma_Central', 'Gamma_Parietal', 'Gamma_Occipital', 'Gamma_Temporal', 'Gamma_Limbic']", "step": null, "ts": 1733765658.9948359}]}, "version": 147, "at": 1733765658.994842}
{"obj": {"type": "LogStrings", "path": ["monitoring", "7322420b", "stdout"], "values": [{"value": "\n", "step": null, "ts": 1733765658.995696}]}, "version": 148, "at": 1733765658.995701}
{"obj": {"type": "LogStrings", "path": ["monitoring", "7322420b", "stdout"], "values": [{"value": "'<=' not supported between instances of 'int' and 'range'", "step": null, "ts": 1733765658.999415}]}, "version": 149, "at": 1733765658.999423}
{"obj": {"type": "LogStrings", "path": ["monitoring", "7322420b", "stdout"], "values": [{"value": "\n", "step": null, "ts": 1733765659.0011}]}, "version": 150, "at": 1733765659.0011048}
{"obj": {"type": "LogStrings", "path": ["monitoring", "7322420b", "stdout"], "values": [{"value": "neuroharmonize variant", "step": null, "ts": 1733765659.002802}]}, "version": 151, "at": 1733765659.0028071}
{"obj": {"type": "LogStrings", "path": ["monitoring", "7322420b", "stdout"], "values": [{"value": "\n", "step": null, "ts": 1733765659.004263}]}, "version": 152, "at": 1733765659.004268}
{"obj": {"type": "LogStrings", "path": ["monitoring", "7322420b", "stdout"], "values": [{"value": "[neptune] [info   ] Neptune initialized. Open in the app: https://app.neptune.ai/Combat4EEG/CombatManuscript/e/CB-146\n", "step": null, "ts": 1733765659.402251}]}, "version": 153, "at": 1733765659.4022589}
{"obj": {"type": "LogStrings", "path": ["monitoring", "7322420b", "stdout"], "values": [{"value": "0", "step": null, "ts": 1733765659.447243}]}, "version": 154, "at": 1733765659.4472508}
{"obj": {"type": "LogStrings", "path": ["monitoring", "7322420b", "stdout"], "values": [{"value": "\n", "step": null, "ts": 1733765659.448802}]}, "version": 155, "at": 1733765659.448808}
{"obj": {"type": "LogStrings", "path": ["monitoring", "7322420b", "stderr"], "values": [{"value": "/Users/saraiva/PycharmProjects/LTBio/venv/lib/python3.10/site-packages/sklearn/manifold/_t_sne.py:795: FutureWarning: The default initialization in TSNE will change from 'random' to 'pca' in 1.2.\n  warnings.warn(\n", "step": null, "ts": 1733765659.4652019}]}, "version": 156, "at": 1733765659.4652102}
{"obj": {"type": "LogStrings", "path": ["monitoring", "7322420b", "stdout"], "values": [{"value": "Selected features:", "step": null, "ts": 1733765659.953016}]}, "version": 157, "at": 1733765659.953026}
{"obj": {"type": "LogStrings", "path": ["monitoring", "7322420b", "stdout"], "values": [{"value": "\n", "step": null, "ts": 1733765659.956346}]}, "version": 158, "at": 1733765659.9563541}
{"obj": {"type": "LogStrings", "path": ["monitoring", "7322420b", "stdout"], "values": [{"value": "['Delta_Frontal', 'Delta_Central', 'Delta_Parietal', 'Delta_Occipital', 'Delta_Temporal', 'Delta_Limbic', 'Alpha1_Frontal', 'Alpha1_Central', 'Alpha1_Parietal', 'Alpha1_Occipital', 'Alpha1_Temporal', 'Alpha1_Limbic', 'Theta_Frontal', 'Theta_Central', 'Theta_Parietal', 'Theta_Occipital', 'Theta_Temporal', 'Theta_Limbic', 'Alpha2_Frontal', 'Alpha2_Central', 'Alpha2_Parietal', 'Alpha2_Occipital', 'Alpha2_Temporal', 'Alpha2_Limbic', 'Alpha3_Frontal', 'Alpha3_Central', 'Alpha3_Parietal', 'Alpha3_Occipital', 'Alpha3_Temporal', 'Alpha3_Limbic', 'Beta1_Frontal', 'Beta1_Central', 'Beta1_Parietal', 'Beta1_Occipital', 'Beta1_Temporal', 'Beta1_Limbic', 'Beta2_Frontal', 'Beta2_Central', 'Beta2_Parietal', 'Beta2_Occipital', 'Beta2_Temporal', 'Beta2_Limbic', 'Gamma_Frontal', 'Gamma_Central', 'Gamma_Parietal', 'Gamma_Occipital', 'Gamma_Temporal', 'Gamma_Limbic']", "step": null, "ts": 1733765659.958397}]}, "version": 159, "at": 1733765659.9584022}
{"obj": {"type": "LogStrings", "path": ["monitoring", "7322420b", "stdout"], "values": [{"value": "\n", "step": null, "ts": 1733765659.96131}]}, "version": 160, "at": 1733765659.9613152}
{"obj": {"type": "LogStrings", "path": ["monitoring", "7322420b", "stdout"], "values": [{"value": "'<=' not supported between instances of 'int' and 'range'", "step": null, "ts": 1733765659.962941}]}, "version": 161, "at": 1733765659.962945}
{"obj": {"type": "LogStrings", "path": ["monitoring", "7322420b", "stdout"], "values": [{"value": "\n", "step": null, "ts": 1733765659.964698}]}, "version": 162, "at": 1733765659.964703}
{"obj": {"type": "LogStrings", "path": ["monitoring", "7322420b", "stdout"], "values": [{"value": "10 PCs", "step": null, "ts": 1733765659.9659488}]}, "version": 163, "at": 1733765659.965954}
{"obj": {"type": "LogStrings", "path": ["monitoring", "7322420b", "stdout"], "values": [{"value": "\n", "step": null, "ts": 1733765659.9662561}]}, "version": 164, "at": 1733765659.966261}
{"obj": {"type": "LogStrings", "path": ["monitoring", "7322420b", "stdout"], "values": [{"value": "none variant", "step": null, "ts": 1733765659.9673269}]}, "version": 165, "at": 1733765659.9673312}
{"obj": {"type": "LogStrings", "path": ["monitoring", "7322420b", "stdout"], "values": [{"value": "\n", "step": null, "ts": 1733765659.9682539}]}, "version": 166, "at": 1733765659.968259}
{"obj": {"type": "LogStrings", "path": ["monitoring", "7322420b", "stdout"], "values": [{"value": "[neptune] [info   ] Neptune initialized. Open in the app: https://app.neptune.ai/Combat4EEG/CombatManuscript/e/CB-147\n", "step": null, "ts": 1733765660.391037}]}, "version": 167, "at": 1733765660.391048}
{"obj": {"type": "LogStrings", "path": ["monitoring", "7322420b", "stdout"], "values": [{"value": "0", "step": null, "ts": 1733765660.437452}]}, "version": 168, "at": 1733765660.437459}
{"obj": {"type": "LogStrings", "path": ["monitoring", "7322420b", "stdout"], "values": [{"value": "\n", "step": null, "ts": 1733765660.438307}]}, "version": 169, "at": 1733765660.438312}
{"obj": {"type": "LogStrings", "path": ["monitoring", "7322420b", "stderr"], "values": [{"value": "/Users/saraiva/PycharmProjects/LTBio/venv/lib/python3.10/site-packages/sklearn/manifold/_t_sne.py:795: FutureWarning: The default initialization in TSNE will change from 'random' to 'pca' in 1.2.\n  warnings.warn(\n", "step": null, "ts": 1733765660.4562838}]}, "version": 170, "at": 1733765660.456293}
{"obj": {"type": "LogStrings", "path": ["monitoring", "7322420b", "stdout"], "values": [{"value": "Selected features:", "step": null, "ts": 1733765660.941546}]}, "version": 171, "at": 1733765660.9415512}
{"obj": {"type": "LogStrings", "path": ["monitoring", "7322420b", "stdout"], "values": [{"value": "\n", "step": null, "ts": 1733765660.9424078}]}, "version": 172, "at": 1733765660.942413}
{"obj": {"type": "LogStrings", "path": ["monitoring", "7322420b", "stdout"], "values": [{"value": "['Delta_Frontal', 'Delta_Central', 'Delta_Parietal', 'Delta_Occipital', 'Delta_Temporal', 'Delta_Limbic', 'Alpha1_Frontal', 'Alpha1_Central', 'Alpha1_Parietal', 'Alpha1_Occipital', 'Alpha1_Temporal', 'Alpha1_Limbic', 'Theta_Frontal', 'Theta_Central', 'Theta_Parietal', 'Theta_Occipital', 'Theta_Temporal', 'Theta_Limbic', 'Alpha2_Frontal', 'Alpha2_Central', 'Alpha2_Parietal', 'Alpha2_Occipital', 'Alpha2_Temporal', 'Alpha2_Limbic', 'Alpha3_Frontal', 'Alpha3_Central', 'Alpha3_Parietal', 'Alpha3_Occipital', 'Alpha3_Temporal', 'Alpha3_Limbic', 'Beta1_Frontal', 'Beta1_Central', 'Beta1_Parietal', 'Beta1_Occipital', 'Beta1_Temporal', 'Beta1_Limbic', 'Beta2_Frontal', 'Beta2_Central', 'Beta2_Parietal', 'Beta2_Occipital', 'Beta2_Temporal', 'Beta2_Limbic', 'Gamma_Frontal', 'Gamma_Central', 'Gamma_Parietal', 'Gamma_Occipital', 'Gamma_Temporal', 'Gamma_Limbic']", "step": null, "ts": 1733765660.944533}]}, "version": 173, "at": 1733765660.944552}
{"obj": {"type": "LogStrings", "path": ["monitoring", "7322420b", "stdout"], "values": [{"value": "\n", "step": null, "ts": 1733765660.948621}]}, "version": 174, "at": 1733765660.9486258}
{"obj": {"type": "LogStrings", "path": ["monitoring", "7322420b", "stdout"], "values": [{"value": "'<=' not supported between instances of 'int' and 'range'", "step": null, "ts": 1733765660.949863}]}, "version": 175, "at": 1733765660.94987}
{"obj": {"type": "LogStrings", "path": ["monitoring", "7322420b", "stdout"], "values": [{"value": "\n", "step": null, "ts": 1733765660.952269}]}, "version": 176, "at": 1733765660.952275}
{"obj": {"type": "LogStrings", "path": ["monitoring", "7322420b", "stdout"], "values": [{"value": "neuroharmonize variant", "step": null, "ts": 1733765660.953421}]}, "version": 177, "at": 1733765660.953426}
{"obj": {"type": "LogFloats", "path": ["monitoring", "7322420b", "cpu"], "values": [{"value": 92.2, "step": null, "ts": 1733765660.955182}]}, "version": 178, "at": 1733765660.955786}
{"obj": {"type": "LogStrings", "path": ["monitoring", "7322420b", "stdout"], "values": [{"value": "\n", "step": null, "ts": 1733765660.95606}]}, "version": 179, "at": 1733765660.956065}
{"obj": {"type": "LogFloats", "path": ["monitoring", "7322420b", "memory"], "values": [{"value": 11.303985595703125, "step": null, "ts": 1733765660.955182}]}, "version": 180, "at": 1733765660.9561138}
{"obj": {"type": "LogStrings", "path": ["monitoring", "7322420b", "stdout"], "values": [{"value": "[neptune] [info   ] Neptune initialized. Open in the app: https://app.neptune.ai/Combat4EEG/CombatManuscript/e/CB-148\n", "step": null, "ts": 1733765661.377387}]}, "version": 181, "at": 1733765661.377397}
{"obj": {"type": "LogStrings", "path": ["monitoring", "7322420b", "stdout"], "values": [{"value": "0", "step": null, "ts": 1733765661.427524}]}, "version": 182, "at": 1733765661.4275389}
{"obj": {"type": "LogStrings", "path": ["monitoring", "7322420b", "stdout"], "values": [{"value": "\n", "step": null, "ts": 1733765661.429673}]}, "version": 183, "at": 1733765661.42968}
{"obj": {"type": "LogStrings", "path": ["monitoring", "7322420b", "stderr"], "values": [{"value": "/Users/saraiva/PycharmProjects/LTBio/venv/lib/python3.10/site-packages/sklearn/manifold/_t_sne.py:795: FutureWarning: The default initialization in TSNE will change from 'random' to 'pca' in 1.2.\n  warnings.warn(\n", "step": null, "ts": 1733765661.44737}]}, "version": 184, "at": 1733765661.447377}
{"obj": {"type": "LogStrings", "path": ["monitoring", "7322420b", "stdout"], "values": [{"value": "Selected features:", "step": null, "ts": 1733765661.94261}]}, "version": 185, "at": 1733765661.9426188}
{"obj": {"type": "LogStrings", "path": ["monitoring", "7322420b", "stdout"], "values": [{"value": "\n", "step": null, "ts": 1733765661.944844}]}, "version": 186, "at": 1733765661.944854}
{"obj": {"type": "LogStrings", "path": ["monitoring", "7322420b", "stdout"], "values": [{"value": "['Delta_Frontal', 'Delta_Central', 'Delta_Parietal', 'Delta_Occipital', 'Delta_Temporal', 'Delta_Limbic', 'Alpha1_Frontal', 'Alpha1_Central', 'Alpha1_Parietal', 'Alpha1_Occipital', 'Alpha1_Temporal', 'Alpha1_Limbic', 'Theta_Frontal', 'Theta_Central', 'Theta_Parietal', 'Theta_Occipital', 'Theta_Temporal', 'Theta_Limbic', 'Alpha2_Frontal', 'Alpha2_Central', 'Alpha2_Parietal', 'Alpha2_Occipital', 'Alpha2_Temporal', 'Alpha2_Limbic', 'Alpha3_Frontal', 'Alpha3_Central', 'Alpha3_Parietal', 'Alpha3_Occipital', 'Alpha3_Temporal', 'Alpha3_Limbic', 'Beta1_Frontal', 'Beta1_Central', 'Beta1_Parietal', 'Beta1_Occipital', 'Beta1_Temporal', 'Beta1_Limbic', 'Beta2_Frontal', 'Beta2_Central', 'Beta2_Parietal', 'Beta2_Occipital', 'Beta2_Temporal', 'Beta2_Limbic', 'Gamma_Frontal', 'Gamma_Central', 'Gamma_Parietal', 'Gamma_Occipital', 'Gamma_Temporal', 'Gamma_Limbic']", "step": null, "ts": 1733765661.94829}]}, "version": 187, "at": 1733765661.9482949}
{"obj": {"type": "LogStrings", "path": ["monitoring", "7322420b", "stdout"], "values": [{"value": "\n", "step": null, "ts": 1733765661.949234}]}, "version": 188, "at": 1733765661.949239}
{"obj": {"type": "LogStrings", "path": ["monitoring", "7322420b", "stdout"], "values": [{"value": "'<=' not supported between instances of 'int' and 'range'", "step": null, "ts": 1733765661.952321}]}, "version": 189, "at": 1733765661.952327}
{"obj": {"type": "LogStrings", "path": ["monitoring", "7322420b", "stdout"], "values": [{"value": "\n", "step": null, "ts": 1733765661.9531379}]}, "version": 190, "at": 1733765661.9531431}
{"obj": {"type": "LogStrings", "path": ["monitoring", "7322420b", "stdout"], "values": [{"value": "11 PCs", "step": null, "ts": 1733765661.954391}]}, "version": 191, "at": 1733765661.954396}
{"obj": {"type": "LogStrings", "path": ["monitoring", "7322420b", "stdout"], "values": [{"value": "\n", "step": null, "ts": 1733765661.956446}]}, "version": 192, "at": 1733765661.9564512}
{"obj": {"type": "LogStrings", "path": ["monitoring", "7322420b", "stdout"], "values": [{"value": "none variant", "step": null, "ts": 1733765661.957852}]}, "version": 193, "at": 1733765661.957856}
{"obj": {"type": "LogStrings", "path": ["monitoring", "7322420b", "stdout"], "values": [{"value": "\n", "step": null, "ts": 1733765661.958561}]}, "version": 194, "at": 1733765661.958566}
{"obj": {"type": "LogStrings", "path": ["monitoring", "7322420b", "stdout"], "values": [{"value": "[neptune] [info   ] Neptune initialized. Open in the app: https://app.neptune.ai/Combat4EEG/CombatManuscript/e/CB-149\n", "step": null, "ts": 1733765662.251911}]}, "version": 195, "at": 1733765662.251918}
{"obj": {"type": "LogStrings", "path": ["monitoring", "7322420b", "stdout"], "values": [{"value": "0", "step": null, "ts": 1733765662.3000388}]}, "version": 196, "at": 1733765662.3000472}
{"obj": {"type": "LogStrings", "path": ["monitoring", "7322420b", "stdout"], "values": [{"value": "\n", "step": null, "ts": 1733765662.30267}]}, "version": 197, "at": 1733765662.302675}
