{"obj": {"type": "AssignString", "path": ["sys", "name"], "value": "no name"}, "version": 1, "at": 1733777089.4599218}
{"obj": {"type": "AssignString", "path": ["sys", "description"], "value": ""}, "version": 2, "at": 1733777089.460136}
{"obj": {"type": "AssignString", "path": ["monitoring", "b6d9a483", "hostname"], "value": "Macmini.fritz.box"}, "version": 3, "at": 1733777089.460211}
{"obj": {"type": "AssignString", "path": ["sys", "hostname"], "value": "Macmini.fritz.box"}, "version": 4, "at": 1733777089.460264}
{"obj": {"type": "AssignString", "path": ["monitoring", "b6d9a483", "pid"], "value": "17988"}, "version": 5, "at": 1733777089.46032}
{"obj": {"type": "AssignString", "path": ["monitoring", "b6d9a483", "tid"], "value": "8631334976"}, "version": 6, "at": 1733777089.4603698}
{"obj": {"type": "AddStrings", "path": ["sys", "tags"], "values": ["('Miltiadous', 'BrainLat:CL') datasets", "Miltiadous", "BrainLat:CL", "mmse gap 24-26"]}, "version": 7, "at": 1733777089.460458}
{"obj": {"type": "AssignBool", "path": ["sys", "failed"], "value": false}, "version": 8, "at": 1733777089.460504}
{"obj": {"type": "ClearStringLog", "path": ["monitoring", "b6d9a483", "stdout"]}, "version": 9, "at": 1733777089.460577}
{"obj": {"type": "ClearStringLog", "path": ["monitoring", "b6d9a483", "stderr"]}, "version": 10, "at": 1733777089.460623}
{"obj": {"type": "AssignString", "path": ["source_code", "entrypoint"], "value": "paper_results_images_each_variant.py"}, "version": 11, "at": 1733777089.461178}
{"obj": {"type": "UploadFileSet", "path": ["source_code", "files"], "file_globs": ["/Users/saraiva/PycharmProjects/LTBio/phd_journal/24_12_03/*.py"], "reset": "False"}, "version": 12, "at": 1733777089.46127}
{"obj": {"type": "UploadFile", "path": ["source_code", "diff"], "ext": "patch", "file_path": null, "tmp_file_name": "source_code_diff-1733777089.635222-2024-12-09_21.44.49.635222.patch", "clean_after_upload": false}, "version": 13, "at": 1733777089.636066}
{"obj": {"type": "ConfigFloatSeries", "path": ["monitoring", "b6d9a483", "cpu"], "min": 0.0, "max": 100.0, "unit": "%"}, "version": 14, "at": 1733777089.639703}
{"obj": {"type": "ClearFloatLog", "path": ["monitoring", "b6d9a483", "cpu"]}, "version": 15, "at": 1733777089.6397939}
{"obj": {"type": "ConfigFloatSeries", "path": ["monitoring", "b6d9a483", "memory"], "min": 0.0, "max": 16.0, "unit": "GB"}, "version": 16, "at": 1733777089.640139}
{"obj": {"type": "ClearFloatLog", "path": ["monitoring", "b6d9a483", "memory"]}, "version": 17, "at": 1733777089.640534}
{"obj": {"type": "LogFloats", "path": ["monitoring", "b6d9a483", "cpu"], "values": [{"value": 41.9, "step": null, "ts": 1733777089.640893}]}, "version": 18, "at": 1733777089.6409779}
{"obj": {"type": "AssignString", "path": ["datasets", "combination"], "value": "['Miltiadous', 'BrainLat:CL']"}, "version": 19, "at": 1733777089.641195}
{"obj": {"type": "LogFloats", "path": ["monitoring", "b6d9a483", "memory"], "values": [{"value": 9.379745483398438, "step": null, "ts": 1733777089.640893}]}, "version": 20, "at": 1733777089.641261}
{"obj": {"type": "AssignString", "path": ["datasets", "criteria"], "value": "AD criteria: AD & (MMSE<=23 | MoCA<=18)\nHC criteria: HC & (MMSE>=27 | MoCA>=24)"}, "version": 21, "at": 1733777089.650599}
{"obj": {"type": "UploadFile", "path": ["datasets", "before", "Miltiadous"], "ext": "html", "file_path": null, "tmp_file_name": "datasets_before_Miltiadous-1733777089.667641-2024-12-09_21.44.49.667641.html", "clean_after_upload": false}, "version": 22, "at": 1733777089.667861}
{"obj": {"type": "UploadFile", "path": ["datasets", "before", "BrainLat:CL"], "ext": "html", "file_path": null, "tmp_file_name": "datasets_before_BrainLat:CL-1733777089.673421-2024-12-09_21.44.49.673421.html", "clean_after_upload": false}, "version": 23, "at": 1733777089.6735601}
{"obj": {"type": "LogStrings", "path": ["monitoring", "b6d9a483", "stdout"], "values": [{"value": "0", "step": null, "ts": 1733777089.674879}]}, "version": 24, "at": 1733777089.6748989}
{"obj": {"type": "AssignString", "path": ["harmonization", "params", "method"], "value": "none"}, "version": 25, "at": 1733777089.675107}
{"obj": {"type": "AssignBool", "path": ["harmonization", "params", "log_transform"], "value": true}, "version": 26, "at": 1733777089.675154}
{"obj": {"type": "AssignString", "path": ["harmonization", "params", "standardize"], "value": "none"}, "version": 27, "at": 1733777089.675189}
{"obj": {"type": "AssignBool", "path": ["harmonization", "params", "cov_age"], "value": true}, "version": 28, "at": 1733777089.6752179}
{"obj": {"type": "AssignBool", "path": ["harmonization", "params", "cov_gender"], "value": true}, "version": 29, "at": 1733777089.675245}
{"obj": {"type": "AssignBool", "path": ["harmonization", "params", "cov_education"], "value": false}, "version": 30, "at": 1733777089.675272}
{"obj": {"type": "AssignBool", "path": ["harmonization", "params", "cov_diagnosis"], "value": true}, "version": 31, "at": 1733777089.675298}
{"obj": {"type": "LogStrings", "path": ["monitoring", "b6d9a483", "stdout"], "values": [{"value": "\n", "step": null, "ts": 1733777089.675446}]}, "version": 32, "at": 1733777089.675453}
{"obj": {"type": "TrackFilesToArtifact", "path": ["datasets", "after", "Miltiadous_track"], "entries": [["./each_variation/none/Miltiadous.csv", null]], "project_id": "0185c1d2-e230-4393-98bd-19b911873975"}, "version": 33, "at": 1733777089.6779048}
{"obj": {"type": "UploadFile", "path": ["datasets", "after", "Miltiadous"], "ext": "csv", "file_path": "/Users/saraiva/PycharmProjects/LTBio/phd_journal/24_12_03/each_variation/none/Miltiadous.csv", "tmp_file_name": null, "clean_after_upload": false}, "version": 34, "at": 1733777089.677997}
{"obj": {"type": "TrackFilesToArtifact", "path": ["datasets", "after", "BrainLat:CL_track"], "entries": [["./each_variation/none/BrainLat:CL.csv", null]], "project_id": "0185c1d2-e230-4393-98bd-19b911873975"}, "version": 35, "at": 1733777089.6786969}
{"obj": {"type": "UploadFile", "path": ["datasets", "after", "BrainLat:CL"], "ext": "csv", "file_path": "/Users/saraiva/PycharmProjects/LTBio/phd_journal/24_12_03/each_variation/none/BrainLat:CL.csv", "tmp_file_name": null, "clean_after_upload": false}, "version": 36, "at": 1733777089.678762}
{"obj": {"type": "LogStrings", "path": ["monitoring", "b6d9a483", "stderr"], "values": [{"value": "/Users/saraiva/PycharmProjects/LTBio/venv/lib/python3.10/site-packages/sklearn/manifold/_t_sne.py:795: FutureWarning: The default initialization in TSNE will change from 'random' to 'pca' in 1.2.\n  warnings.warn(\n", "step": null, "ts": 1733777089.688253}]}, "version": 37, "at": 1733777089.688268}
{"obj": {"type": "AssignString", "path": ["simple_diagnosis_discriminant", "norm"], "value": "none"}, "version": 38, "at": 1733777090.131556}
{"obj": {"type": "AssignString", "path": ["simple_diagnosis_discriminant", "features"], "value": "['Delta_Frontal', 'Delta_Central', 'Delta_Parietal', 'Delta_Occipital', 'Delta_Temporal', 'Delta_Limbic', 'Alpha1_Frontal', 'Alpha1_Central', 'Alpha1_Parietal', 'Alpha1_Occipital', 'Alpha1_Temporal', 'Alpha1_Limbic', 'Theta_Frontal', 'Theta_Central', 'Theta_Parietal', 'Theta_Occipital', 'Theta_Temporal', 'Theta_Limbic', 'Alpha2_Frontal', 'Alpha2_Central', 'Alpha2_Parietal', 'Alpha2_Occipital', 'Alpha2_Temporal', 'Alpha2_Limbic', 'Alpha3_Frontal', 'Alpha3_Central', 'Alpha3_Parietal', 'Alpha3_Occipital', 'Alpha3_Temporal', 'Alpha3_Limbic', 'Beta1_Frontal', 'Beta1_Central', 'Beta1_Parietal', 'Beta1_Occipital', 'Beta1_Temporal', 'Beta1_Limbic', 'Beta2_Frontal', 'Beta2_Central', 'Beta2_Parietal', 'Beta2_Occipital', 'Beta2_Temporal', 'Beta2_Limbic', 'Gamma_Frontal', 'Gamma_Central', 'Gamma_Parietal', 'Gamma_Occipital', 'Gamma_Temporal', 'Gamma_Limbic']"}, "version": 39, "at": 1733777090.131646}
{"obj": {"type": "AssignString", "path": ["simple_diagnosis_discriminant", "model_description"], "value": "PCA(n_components=3, random_state=0)"}, "version": 40, "at": 1733777090.132069}
{"obj": {"type": "AssignString", "path": ["classification", "DIAGNOSIS", "norm"], "value": "min-max"}, "version": 41, "at": 1733777090.134995}
{"obj": {"type": "AssignString", "path": ["classification", "DIAGNOSIS", "features"], "value": "[0, 1, 2]"}, "version": 42, "at": 1733777090.135516}
{"obj": {"type": "AssignString", "path": ["classification", "DIAGNOSIS", "class_weight"], "value": "SMOTE augmented"}, "version": 43, "at": 1733777090.1373389}
{"obj": {"type": "AssignBool", "path": ["classification", "DIAGNOSIS", "output_prob"], "value": false}, "version": 44, "at": 1733777090.2148921}
{"obj": {"type": "AssignString", "path": ["classification", "DIAGNOSIS", "class_weight"], "value": "SMOTE augmented"}, "version": 45, "at": 1733777090.2171369}
{"obj": {"type": "AssignBool", "path": ["classification", "DIAGNOSIS", "output_prob"], "value": false}, "version": 46, "at": 1733777090.2932942}
{"obj": {"type": "AssignString", "path": ["classification", "DIAGNOSIS", "class_weight"], "value": "SMOTE augmented"}, "version": 47, "at": 1733777090.295358}
{"obj": {"type": "AssignBool", "path": ["classification", "DIAGNOSIS", "output_prob"], "value": false}, "version": 48, "at": 1733777090.368928}
{"obj": {"type": "AssignString", "path": ["classification", "DIAGNOSIS", "class_weight"], "value": "SMOTE augmented"}, "version": 49, "at": 1733777090.3707972}
{"obj": {"type": "AssignBool", "path": ["classification", "DIAGNOSIS", "output_prob"], "value": false}, "version": 50, "at": 1733777090.442935}
{"obj": {"type": "AssignString", "path": ["classification", "DIAGNOSIS", "class_weight"], "value": "SMOTE augmented"}, "version": 51, "at": 1733777090.444936}
{"obj": {"type": "AssignBool", "path": ["classification", "DIAGNOSIS", "output_prob"], "value": false}, "version": 52, "at": 1733777090.5161679}
{"obj": {"type": "AssignString", "path": ["classification", "DIAGNOSIS", "class_weight"], "value": "SMOTE augmented"}, "version": 53, "at": 1733777090.518028}
{"obj": {"type": "AssignBool", "path": ["classification", "DIAGNOSIS", "output_prob"], "value": false}, "version": 54, "at": 1733777090.590637}
{"obj": {"type": "AssignString", "path": ["classification", "DIAGNOSIS", "class_weight"], "value": "SMOTE augmented"}, "version": 55, "at": 1733777090.592725}
{"obj": {"type": "AssignBool", "path": ["classification", "DIAGNOSIS", "output_prob"], "value": false}, "version": 56, "at": 1733777090.664211}
{"obj": {"type": "AssignString", "path": ["classification", "DIAGNOSIS", "class_weight"], "value": "SMOTE augmented"}, "version": 57, "at": 1733777090.6662452}
{"obj": {"type": "AssignBool", "path": ["classification", "DIAGNOSIS", "output_prob"], "value": false}, "version": 58, "at": 1733777090.738349}
{"obj": {"type": "AssignString", "path": ["classification", "DIAGNOSIS", "class_weight"], "value": "SMOTE augmented"}, "version": 59, "at": 1733777090.740393}
{"obj": {"type": "AssignBool", "path": ["classification", "DIAGNOSIS", "output_prob"], "value": false}, "version": 60, "at": 1733777090.814854}
{"obj": {"type": "AssignString", "path": ["classification", "DIAGNOSIS", "class_weight"], "value": "SMOTE augmented"}, "version": 61, "at": 1733777090.816929}
{"obj": {"type": "AssignBool", "path": ["classification", "DIAGNOSIS", "output_prob"], "value": false}, "version": 62, "at": 1733777090.893623}
{"obj": {"type": "AssignString", "path": ["classification", "DIAGNOSIS", "class_weight"], "value": "SMOTE augmented"}, "version": 63, "at": 1733777090.895901}
{"obj": {"type": "AssignBool", "path": ["classification", "DIAGNOSIS", "output_prob"], "value": false}, "version": 64, "at": 1733777090.9683142}
{"obj": {"type": "AssignString", "path": ["classification", "DIAGNOSIS", "class_weight"], "value": "SMOTE augmented"}, "version": 65, "at": 1733777090.970471}
{"obj": {"type": "AssignBool", "path": ["classification", "DIAGNOSIS", "output_prob"], "value": false}, "version": 66, "at": 1733777091.04525}
{"obj": {"type": "AssignString", "path": ["classification", "DIAGNOSIS", "class_weight"], "value": "SMOTE augmented"}, "version": 67, "at": 1733777091.0472791}
{"obj": {"type": "AssignBool", "path": ["classification", "DIAGNOSIS", "output_prob"], "value": false}, "version": 68, "at": 1733777091.120403}
{"obj": {"type": "AssignString", "path": ["classification", "DIAGNOSIS", "class_weight"], "value": "SMOTE augmented"}, "version": 69, "at": 1733777091.1227672}
{"obj": {"type": "LogStrings", "path": ["monitoring", "b6d9a483", "traceback"], "values": [{"value": "An uncaught exception occurred while run was active on worker Macmini.fritz.box.", "step": null, "ts": 1733777091.141679}, {"value": "Marking run as failed", "step": null, "ts": 1733777091.141679}, {"value": "Traceback:", "step": null, "ts": 1733777091.141679}, {"value": "  File \"/Users/saraiva/PycharmProjects/LTBio/phd_journal/24_12_03/paper_results_images_each_variant.py\", line 44, in <module>\n    make_results(run, out_path, list(dataset_combination), variant, cov_age, cov_gender, cov_education, cov_diagnosis, MMSE_criteria, MoCA_criteria, n_pc)\n", "step": null, "ts": 1733777091.141679}, {"value": "  File \"/Users/saraiva/PycharmProjects/LTBio/phd_journal/24_12_03/paper_results_each_variant.py\", line 129, in make_results\n    classification_with_var(run, pc, datasets_metadata_concatenated, _out_path=variation_out_path,\n", "step": null, "ts": 1733777091.141679}, {"value": "  File \"/Users/saraiva/PycharmProjects/LTBio/phd_journal/24_12_03/processing.py\", line 342, in classification_with_var\n    model.fit(X_train, y_train)\n", "step": null, "ts": 1733777091.141679}, {"value": "  File \"/Users/saraiva/PycharmProjects/LTBio/venv/lib/python3.10/site-packages/sklearn/ensemble/_forest.py\", line 465, in fit\n    trees = [\n", "step": null, "ts": 1733777091.141679}, {"value": "  File \"/Users/saraiva/PycharmProjects/LTBio/venv/lib/python3.10/site-packages/sklearn/ensemble/_forest.py\", line 466, in <listcomp>\n    self._make_estimator(append=False, random_state=random_state)\n", "step": null, "ts": 1733777091.141679}, {"value": "  File \"/Users/saraiva/PycharmProjects/LTBio/venv/lib/python3.10/site-packages/sklearn/ensemble/_base.py\", line 186, in _make_estimator\n    _set_random_states(estimator, random_state)\n", "step": null, "ts": 1733777091.141679}, {"value": "  File \"/Users/saraiva/PycharmProjects/LTBio/venv/lib/python3.10/site-packages/sklearn/ensemble/_base.py\", line 81, in _set_random_states\n    for key in sorted(estimator.get_params(deep=True)):\n", "step": null, "ts": 1733777091.141679}]}, "version": 70, "at": 1733777091.141711}
{"obj": {"type": "LogStrings", "path": ["monitoring", "b6d9a483", "traceback"], "values": [{"value": "  File \"/Users/saraiva/PycharmProjects/LTBio/venv/lib/python3.10/site-packages/sklearn/base.py\", line 210, in get_params\n    for key in self._get_param_names():\n", "step": null, "ts": 1733777091.141679}, {"value": "  File \"/Users/saraiva/PycharmProjects/LTBio/venv/lib/python3.10/site-packages/sklearn/base.py\", line 175, in _get_param_names\n    init_signature = inspect.signature(init)\n", "step": null, "ts": 1733777091.141679}, {"value": "  File \"/Library/Frameworks/Python.framework/Versions/3.10/lib/python3.10/inspect.py\", line 3250, in signature\n    return Signature.from_callable(obj, follow_wrapped=follow_wrapped,\n", "step": null, "ts": 1733777091.141679}, {"value": "  File \"/Library/Frameworks/Python.framework/Versions/3.10/lib/python3.10/inspect.py\", line 2998, in from_callable\n    return _signature_from_callable(obj, sigcls=cls,\n", "step": null, "ts": 1733777091.141679}, {"value": "  File \"/Library/Frameworks/Python.framework/Versions/3.10/lib/python3.10/inspect.py\", line 2459, in _signature_from_callable\n    return _signature_from_function(sigcls, obj,\n", "step": null, "ts": 1733777091.141679}, {"value": "  File \"/Library/Frameworks/Python.framework/Versions/3.10/lib/python3.10/inspect.py\", line 2306, in _signature_from_function\n    annotations = get_annotations(func, globals=globals, locals=locals, eval_str=eval_str)\n", "step": null, "ts": 1733777091.141679}, {"value": "  File \"/Library/Frameworks/Python.framework/Versions/3.10/lib/python3.10/inspect.py\", line 66, in get_annotations\n    def get_annotations(obj, *, globals=None, locals=None, eval_str=False):\n", "step": null, "ts": 1733777091.141679}, {"value": "", "step": null, "ts": 1733777091.141679}]}, "version": 71, "at": 1733777091.141789}
{"obj": {"type": "AssignBool", "path": ["sys", "failed"], "value": true}, "version": 72, "at": 1733777091.141839}
{"obj": {"type": "LogStrings", "path": ["monitoring", "b6d9a483", "stderr"], "values": [{"value": "Traceback (most recent call last):\n", "step": null, "ts": 1733777091.1419141}]}, "version": 73, "at": 1733777091.141925}
{"obj": {"type": "LogStrings", "path": ["monitoring", "b6d9a483", "stderr"], "values": [{"value": "  File \"/Users/saraiva/PycharmProjects/LTBio/phd_journal/24_12_03/paper_results_images_each_variant.py\", line 44, in <module>\n", "step": null, "ts": 1733777091.1420128}]}, "version": 74, "at": 1733777091.14202}
{"obj": {"type": "LogStrings", "path": ["monitoring", "b6d9a483", "stderr"], "values": [{"value": "    ", "step": null, "ts": 1733777091.142064}]}, "version": 75, "at": 1733777091.142069}
{"obj": {"type": "LogStrings", "path": ["monitoring", "b6d9a483", "stderr"], "values": [{"value": "make_results(run, out_path, list(dataset_combination), variant, cov_age, cov_gender, cov_education, cov_diagnosis, MMSE_criteria, MoCA_criteria, n_pc)", "step": null, "ts": 1733777091.142166}]}, "version": 76, "at": 1733777091.142174}
{"obj": {"type": "LogStrings", "path": ["monitoring", "b6d9a483", "stderr"], "values": [{"value": "\n", "step": null, "ts": 1733777091.142281}]}, "version": 77, "at": 1733777091.142287}
{"obj": {"type": "LogStrings", "path": ["monitoring", "b6d9a483", "stderr"], "values": [{"value": "  File \"/Users/saraiva/PycharmProjects/LTBio/phd_journal/24_12_03/paper_results_each_variant.py\", line 129, in make_results\n", "step": null, "ts": 1733777091.142402}]}, "version": 78, "at": 1733777091.142406}
{"obj": {"type": "LogStrings", "path": ["monitoring", "b6d9a483", "stderr"], "values": [{"value": "    ", "step": null, "ts": 1733777091.1425369}]}, "version": 79, "at": 1733777091.142547}
{"obj": {"type": "LogStrings", "path": ["monitoring", "b6d9a483", "stderr"], "values": [{"value": "classification_with_var(run, pc, datasets_metadata_concatenated, _out_path=variation_out_path,", "step": null, "ts": 1733777091.142645}]}, "version": 80, "at": 1733777091.1426508}
{"obj": {"type": "LogStrings", "path": ["monitoring", "b6d9a483", "stderr"], "values": [{"value": "\n", "step": null, "ts": 1733777091.1428218}]}, "version": 81, "at": 1733777091.142828}
{"obj": {"type": "LogStrings", "path": ["monitoring", "b6d9a483", "stderr"], "values": [{"value": "  File \"/Users/saraiva/PycharmProjects/LTBio/phd_journal/24_12_03/processing.py\", line 342, in classification_with_var\n", "step": null, "ts": 1733777091.1431732}]}, "version": 82, "at": 1733777091.143178}
{"obj": {"type": "LogStrings", "path": ["monitoring", "b6d9a483", "stderr"], "values": [{"value": "    ", "step": null, "ts": 1733777091.143496}]}, "version": 83, "at": 1733777091.143501}
{"obj": {"type": "LogStrings", "path": ["monitoring", "b6d9a483", "stderr"], "values": [{"value": "model.fit(X_train, y_train)", "step": null, "ts": 1733777091.144007}]}, "version": 84, "at": 1733777091.144011}
{"obj": {"type": "LogStrings", "path": ["monitoring", "b6d9a483", "stdout"], "values": [{"value": "[neptune] [info   ] Shutting down background jobs, please wait a moment...\n", "step": null, "ts": 1733777091.144289}]}, "version": 85, "at": 1733777091.144297}
{"obj": {"type": "LogStrings", "path": ["monitoring", "b6d9a483", "stderr"], "values": [{"value": "\n", "step": null, "ts": 1733777091.144345}]}, "version": 86, "at": 1733777091.144351}
{"obj": {"type": "LogStrings", "path": ["monitoring", "b6d9a483", "stderr"], "values": [{"value": "  File \"/Users/saraiva/PycharmProjects/LTBio/venv/lib/python3.10/site-packages/sklearn/ensemble/_forest.py\", line 465, in fit\n", "step": null, "ts": 1733777091.144379}]}, "version": 87, "at": 1733777091.144384}
{"obj": {"type": "LogStrings", "path": ["monitoring", "b6d9a483", "stderr"], "values": [{"value": "    ", "step": null, "ts": 1733777091.1444092}]}, "version": 88, "at": 1733777091.144413}
{"obj": {"type": "LogStrings", "path": ["monitoring", "b6d9a483", "stderr"], "values": [{"value": "trees = [", "step": null, "ts": 1733777091.144437}]}, "version": 89, "at": 1733777091.144442}
{"obj": {"type": "LogStrings", "path": ["monitoring", "b6d9a483", "stderr"], "values": [{"value": "\n", "step": null, "ts": 1733777091.144465}]}, "version": 90, "at": 1733777091.14447}
{"obj": {"type": "LogStrings", "path": ["monitoring", "b6d9a483", "stderr"], "values": [{"value": "  File \"/Users/saraiva/PycharmProjects/LTBio/venv/lib/python3.10/site-packages/sklearn/ensemble/_forest.py\", line 466, in <listcomp>\n", "step": null, "ts": 1733777091.144493}]}, "version": 91, "at": 1733777091.1444979}
{"obj": {"type": "LogStrings", "path": ["monitoring", "b6d9a483", "stderr"], "values": [{"value": "    ", "step": null, "ts": 1733777091.144521}]}, "version": 92, "at": 1733777091.144525}
{"obj": {"type": "LogStrings", "path": ["monitoring", "b6d9a483", "stderr"], "values": [{"value": "self._make_estimator(append=False, random_state=random_state)", "step": null, "ts": 1733777091.1445482}]}, "version": 93, "at": 1733777091.144553}
{"obj": {"type": "LogStrings", "path": ["monitoring", "b6d9a483", "stderr"], "values": [{"value": "\n", "step": null, "ts": 1733777091.144576}]}, "version": 94, "at": 1733777091.1445801}
{"obj": {"type": "LogStrings", "path": ["monitoring", "b6d9a483", "stderr"], "values": [{"value": "  File \"/Users/saraiva/PycharmProjects/LTBio/venv/lib/python3.10/site-packages/sklearn/ensemble/_base.py\", line 186, in _make_estimator\n", "step": null, "ts": 1733777091.1446028}]}, "version": 95, "at": 1733777091.144608}
{"obj": {"type": "LogStrings", "path": ["monitoring", "b6d9a483", "stderr"], "values": [{"value": "    ", "step": null, "ts": 1733777091.1446311}]}, "version": 96, "at": 1733777091.144635}
{"obj": {"type": "LogStrings", "path": ["monitoring", "b6d9a483", "stderr"], "values": [{"value": "_set_random_states(estimator, random_state)", "step": null, "ts": 1733777091.1446579}]}, "version": 97, "at": 1733777091.144662}
{"obj": {"type": "LogStrings", "path": ["monitoring", "b6d9a483", "stderr"], "values": [{"value": "\n", "step": null, "ts": 1733777091.144685}]}, "version": 98, "at": 1733777091.1446888}
{"obj": {"type": "LogStrings", "path": ["monitoring", "b6d9a483", "stderr"], "values": [{"value": "  File \"/Users/saraiva/PycharmProjects/LTBio/venv/lib/python3.10/site-packages/sklearn/ensemble/_base.py\", line 81, in _set_random_states\n", "step": null, "ts": 1733777091.144712}]}, "version": 99, "at": 1733777091.144716}
{"obj": {"type": "LogStrings", "path": ["monitoring", "b6d9a483", "stderr"], "values": [{"value": "    ", "step": null, "ts": 1733777091.1447392}]}, "version": 100, "at": 1733777091.144743}
{"obj": {"type": "LogStrings", "path": ["monitoring", "b6d9a483", "stderr"], "values": [{"value": "for key in sorted(estimator.get_params(deep=True)):", "step": null, "ts": 1733777091.144769}]}, "version": 101, "at": 1733777091.144773}
{"obj": {"type": "LogStrings", "path": ["monitoring", "b6d9a483", "stderr"], "values": [{"value": "\n", "step": null, "ts": 1733777091.144795}]}, "version": 102, "at": 1733777091.1448}
{"obj": {"type": "LogStrings", "path": ["monitoring", "b6d9a483", "stderr"], "values": [{"value": "  File \"/Users/saraiva/PycharmProjects/LTBio/venv/lib/python3.10/site-packages/sklearn/base.py\", line 210, in get_params\n", "step": null, "ts": 1733777091.14482}]}, "version": 103, "at": 1733777091.144825}
{"obj": {"type": "LogStrings", "path": ["monitoring", "b6d9a483", "stderr"], "values": [{"value": "    ", "step": null, "ts": 1733777091.144846}]}, "version": 104, "at": 1733777091.14485}
{"obj": {"type": "LogStrings", "path": ["monitoring", "b6d9a483", "stderr"], "values": [{"value": "for key in self._get_param_names():", "step": null, "ts": 1733777091.144871}]}, "version": 105, "at": 1733777091.144875}
{"obj": {"type": "LogStrings", "path": ["monitoring", "b6d9a483", "stderr"], "values": [{"value": "\n", "step": null, "ts": 1733777091.144896}]}, "version": 106, "at": 1733777091.1449}
{"obj": {"type": "LogStrings", "path": ["monitoring", "b6d9a483", "stderr"], "values": [{"value": "  File \"/Users/saraiva/PycharmProjects/LTBio/venv/lib/python3.10/site-packages/sklearn/base.py\", line 175, in _get_param_names\n", "step": null, "ts": 1733777091.144921}]}, "version": 107, "at": 1733777091.1449249}
{"obj": {"type": "LogStrings", "path": ["monitoring", "b6d9a483", "stderr"], "values": [{"value": "    ", "step": null, "ts": 1733777091.144947}]}, "version": 108, "at": 1733777091.144951}
{"obj": {"type": "LogStrings", "path": ["monitoring", "b6d9a483", "stderr"], "values": [{"value": "init_signature = inspect.signature(init)", "step": null, "ts": 1733777091.144971}]}, "version": 109, "at": 1733777091.1449752}
{"obj": {"type": "LogStrings", "path": ["monitoring", "b6d9a483", "stderr"], "values": [{"value": "\n", "step": null, "ts": 1733777091.1449962}]}, "version": 110, "at": 1733777091.145001}
{"obj": {"type": "LogStrings", "path": ["monitoring", "b6d9a483", "stderr"], "values": [{"value": "  File \"/Library/Frameworks/Python.framework/Versions/3.10/lib/python3.10/inspect.py\", line 3250, in signature\n", "step": null, "ts": 1733777091.1450229}]}, "version": 111, "at": 1733777091.145028}
{"obj": {"type": "LogStrings", "path": ["monitoring", "b6d9a483", "stderr"], "values": [{"value": "    ", "step": null, "ts": 1733777091.14505}]}, "version": 112, "at": 1733777091.1450539}
{"obj": {"type": "LogStrings", "path": ["monitoring", "b6d9a483", "stderr"], "values": [{"value": "return Signature.from_callable(obj, follow_wrapped=follow_wrapped,", "step": null, "ts": 1733777091.145076}]}, "version": 113, "at": 1733777091.14508}
{"obj": {"type": "LogStrings", "path": ["monitoring", "b6d9a483", "stderr"], "values": [{"value": "\n", "step": null, "ts": 1733777091.145102}]}, "version": 114, "at": 1733777091.1451058}
{"obj": {"type": "LogStrings", "path": ["monitoring", "b6d9a483", "stderr"], "values": [{"value": "  File \"/Library/Frameworks/Python.framework/Versions/3.10/lib/python3.10/inspect.py\", line 2998, in from_callable\n", "step": null, "ts": 1733777091.145128}]}, "version": 115, "at": 1733777091.145132}
{"obj": {"type": "LogStrings", "path": ["monitoring", "b6d9a483", "stderr"], "values": [{"value": "    ", "step": null, "ts": 1733777091.1451871}]}, "version": 116, "at": 1733777091.145191}
{"obj": {"type": "LogStrings", "path": ["monitoring", "b6d9a483", "stderr"], "values": [{"value": "return _signature_from_callable(obj, sigcls=cls,", "step": null, "ts": 1733777091.145213}]}, "version": 117, "at": 1733777091.145217}
{"obj": {"type": "LogStrings", "path": ["monitoring", "b6d9a483", "stderr"], "values": [{"value": "\n", "step": null, "ts": 1733777091.145239}]}, "version": 118, "at": 1733777091.145244}
{"obj": {"type": "LogStrings", "path": ["monitoring", "b6d9a483", "stderr"], "values": [{"value": "  File \"/Library/Frameworks/Python.framework/Versions/3.10/lib/python3.10/inspect.py\", line 2459, in _signature_from_callable\n", "step": null, "ts": 1733777091.1452658}]}, "version": 119, "at": 1733777091.14527}
{"obj": {"type": "LogStrings", "path": ["monitoring", "b6d9a483", "stderr"], "values": [{"value": "    ", "step": null, "ts": 1733777091.145292}]}, "version": 120, "at": 1733777091.1452959}
{"obj": {"type": "LogStrings", "path": ["monitoring", "b6d9a483", "stderr"], "values": [{"value": "return _signature_from_function(sigcls, obj,", "step": null, "ts": 1733777091.1453178}]}, "version": 121, "at": 1733777091.145322}
{"obj": {"type": "LogStrings", "path": ["monitoring", "b6d9a483", "stderr"], "values": [{"value": "\n", "step": null, "ts": 1733777091.145345}]}, "version": 122, "at": 1733777091.145349}
{"obj": {"type": "LogStrings", "path": ["monitoring", "b6d9a483", "stderr"], "values": [{"value": "  File \"/Library/Frameworks/Python.framework/Versions/3.10/lib/python3.10/inspect.py\", line 2306, in _signature_from_function\n", "step": null, "ts": 1733777091.14537}]}, "version": 123, "at": 1733777091.145375}
{"obj": {"type": "LogStrings", "path": ["monitoring", "b6d9a483", "stderr"], "values": [{"value": "    ", "step": null, "ts": 1733777091.145397}]}, "version": 124, "at": 1733777091.145401}
{"obj": {"type": "LogStrings", "path": ["monitoring", "b6d9a483", "stderr"], "values": [{"value": "annotations = get_annotations(func, globals=globals, locals=locals, eval_str=eval_str)", "step": null, "ts": 1733777091.1454232}]}, "version": 125, "at": 1733777091.145427}
{"obj": {"type": "LogStrings", "path": ["monitoring", "b6d9a483", "stderr"], "values": [{"value": "\n", "step": null, "ts": 1733777091.1454499}]}, "version": 126, "at": 1733777091.1454551}
{"obj": {"type": "LogStrings", "path": ["monitoring", "b6d9a483", "stderr"], "values": [{"value": "  File \"/Library/Frameworks/Python.framework/Versions/3.10/lib/python3.10/inspect.py\", line 66, in get_annotations\n", "step": null, "ts": 1733777091.1454778}]}, "version": 127, "at": 1733777091.145483}
{"obj": {"type": "LogStrings", "path": ["monitoring", "b6d9a483", "stderr"], "values": [{"value": "    ", "step": null, "ts": 1733777091.1455061}]}, "version": 128, "at": 1733777091.14551}
{"obj": {"type": "LogStrings", "path": ["monitoring", "b6d9a483", "stderr"], "values": [{"value": "def get_annotations(obj, *, globals=None, locals=None, eval_str=False):", "step": null, "ts": 1733777091.1455328}]}, "version": 129, "at": 1733777091.1455371}
{"obj": {"type": "LogStrings", "path": ["monitoring", "b6d9a483", "stderr"], "values": [{"value": "\n", "step": null, "ts": 1733777091.14556}]}, "version": 130, "at": 1733777091.1455638}
{"obj": {"type": "LogStrings", "path": ["monitoring", "b6d9a483", "stderr"], "values": [{"value": "KeyboardInterrupt", "step": null, "ts": 1733777091.145586}]}, "version": 131, "at": 1733777091.145591}
{"obj": {"type": "LogStrings", "path": ["monitoring", "b6d9a483", "stderr"], "values": [{"value": "", "step": null, "ts": 1733777091.145613}]}, "version": 132, "at": 1733777091.145618}
{"obj": {"type": "LogStrings", "path": ["monitoring", "b6d9a483", "stderr"], "values": [{"value": "\n", "step": null, "ts": 1733777091.14564}]}, "version": 133, "at": 1733777091.1456451}
