{"obj": {"type": "AssignString", "path": ["sys", "name"], "value": "no name"}, "version": 1, "at": 1736525623.263919}
{"obj": {"type": "AssignString", "path": ["sys", "description"], "value": ""}, "version": 2, "at": 1736525623.264169}
{"obj": {"type": "AssignString", "path": ["monitoring", "8e508d72", "hostname"], "value": "Macmini.fritz.box"}, "version": 3, "at": 1736525623.2642539}
{"obj": {"type": "AssignString", "path": ["sys", "hostname"], "value": "Macmini.fritz.box"}, "version": 4, "at": 1736525623.264315}
{"obj": {"type": "AssignString", "path": ["monitoring", "8e508d72", "pid"], "value": "14350"}, "version": 5, "at": 1736525623.2643762}
{"obj": {"type": "AssignString", "path": ["monitoring", "8e508d72", "tid"], "value": "8445163584"}, "version": 6, "at": 1736525623.2644322}
{"obj": {"type": "AddStrings", "path": ["sys", "tags"], "values": ["BrainLat:CL", "Istambul", "mmse gap 24-26", "6 datasets", "BrainLat:AR", "Newcastle", "Izmir", "Miltiadous"]}, "version": 7, "at": 1736525623.264524}
{"obj": {"type": "AssignBool", "path": ["sys", "failed"], "value": false}, "version": 8, "at": 1736525623.264588}
{"obj": {"type": "ClearStringLog", "path": ["monitoring", "8e508d72", "stdout"]}, "version": 9, "at": 1736525623.264672}
{"obj": {"type": "ClearStringLog", "path": ["monitoring", "8e508d72", "stderr"]}, "version": 10, "at": 1736525623.2647219}
{"obj": {"type": "AssignString", "path": ["source_code", "entrypoint"], "value": "paper_results_images_each_variant.py"}, "version": 11, "at": 1736525623.26547}
{"obj": {"type": "UploadFileSet", "path": ["source_code", "files"], "file_globs": ["/Users/saraiva/PycharmProjects/LTBio/phd_journal/24_12_03/*.py"], "reset": "False"}, "version": 12, "at": 1736525623.265578}
{"obj": {"type": "UploadFile", "path": ["source_code", "diff"], "ext": "patch", "file_path": null, "tmp_file_name": "source_code_diff-1736525623.380696-2025-01-10_17.13.43.380696.patch", "clean_after_upload": false}, "version": 13, "at": 1736525623.381175}
{"obj": {"type": "ConfigFloatSeries", "path": ["monitoring", "8e508d72", "cpu"], "min": 0.0, "max": 100.0, "unit": "%"}, "version": 14, "at": 1736525623.3875551}
{"obj": {"type": "ClearFloatLog", "path": ["monitoring", "8e508d72", "cpu"]}, "version": 15, "at": 1736525623.387646}
{"obj": {"type": "LogStrings", "path": ["monitoring", "8e508d72", "stderr"], "values": [{"value": "[neptune] [warning] /Users/saraiva/PycharmProjects/LTBio/phd_journal/24_12_03/paper_results_images_each_variant.py:52: NeptuneWarning: Info (NVML): NVML Shared Library Not Found. GPU usage metrics may not be reported. For more information, see https://docs.neptune.ai/help/nvml_error/\n", "step": null, "ts": 1736525623.3876941}]}, "version": 16, "at": 1736525623.3877199}
{"obj": {"type": "ConfigFloatSeries", "path": ["monitoring", "8e508d72", "memory"], "min": 0.0, "max": 16.0, "unit": "GB"}, "version": 17, "at": 1736525623.387789}
{"obj": {"type": "ClearFloatLog", "path": ["monitoring", "8e508d72", "memory"]}, "version": 18, "at": 1736525623.38781}
{"obj": {"type": "LogFloats", "path": ["monitoring", "8e508d72", "cpu"], "values": [{"value": 15.1, "step": null, "ts": 1736525623.387883}]}, "version": 19, "at": 1736525623.387954}
{"obj": {"type": "LogFloats", "path": ["monitoring", "8e508d72", "memory"], "values": [{"value": 10.959579467773438, "step": null, "ts": 1736525623.387883}]}, "version": 20, "at": 1736525623.388093}
{"obj": {"type": "AssignString", "path": ["datasets", "combination"], "value": "['Izmir', 'Newcastle', 'Miltiadous', 'Istambul', 'BrainLat:CL', 'BrainLat:AR']"}, "version": 21, "at": 1736525623.38819}
{"obj": {"type": "AssignString", "path": ["datasets", "criteria"], "value": "AD criteria: AD & (MMSE<=23 | MoCA<=18)\nHC criteria: HC & (MMSE>=27 | MoCA>=24)"}, "version": 22, "at": 1736525623.418808}
{"obj": {"type": "UploadFile", "path": ["datasets", "before", "Izmir"], "ext": "html", "file_path": null, "tmp_file_name": "datasets_before_Izmir-1736525623.441776-2025-01-10_17.13.43.441776.html", "clean_after_upload": false}, "version": 23, "at": 1736525623.442059}
{"obj": {"type": "UploadFile", "path": ["datasets", "before", "Newcastle"], "ext": "html", "file_path": null, "tmp_file_name": "datasets_before_Newcastle-1736525623.453267-2025-01-10_17.13.43.453267.html", "clean_after_upload": false}, "version": 24, "at": 1736525623.4534998}
{"obj": {"type": "UploadFile", "path": ["datasets", "before", "Miltiadous"], "ext": "html", "file_path": null, "tmp_file_name": "datasets_before_Miltiadous-1736525623.470866-2025-01-10_17.13.43.470866.html", "clean_after_upload": false}, "version": 25, "at": 1736525623.471376}
{"obj": {"type": "UploadFile", "path": ["datasets", "before", "Istambul"], "ext": "html", "file_path": null, "tmp_file_name": "datasets_before_Istambul-1736525623.487649-2025-01-10_17.13.43.487649.html", "clean_after_upload": false}, "version": 26, "at": 1736525623.4878879}
{"obj": {"type": "UploadFile", "path": ["datasets", "before", "BrainLat:CL"], "ext": "html", "file_path": null, "tmp_file_name": "datasets_before_BrainLat:CL-1736525623.493538-2025-01-10_17.13.43.493538.html", "clean_after_upload": false}, "version": 27, "at": 1736525623.49366}
{"obj": {"type": "UploadFile", "path": ["datasets", "before", "BrainLat:AR"], "ext": "html", "file_path": null, "tmp_file_name": "datasets_before_BrainLat:AR-1736525623.501776-2025-01-10_17.13.43.501776.html", "clean_after_upload": false}, "version": 28, "at": 1736525623.502023}
{"obj": {"type": "LogStrings", "path": ["monitoring", "8e508d72", "stdout"], "values": [{"value": "5", "step": null, "ts": 1736525623.504481}]}, "version": 29, "at": 1736525623.504502}
{"obj": {"type": "LogStrings", "path": ["monitoring", "8e508d72", "stdout"], "values": [{"value": "\n", "step": null, "ts": 1736525623.50558}]}, "version": 30, "at": 1736525623.5055869}
{"obj": {"type": "LogStrings", "path": ["monitoring", "8e508d72", "stdout"], "values": [{"value": "Applying Nested Combat...", "step": null, "ts": 1736525623.505708}]}, "version": 31, "at": 1736525623.505718}
{"obj": {"type": "LogStrings", "path": ["monitoring", "8e508d72", "stdout"], "values": [{"value": "\n", "step": null, "ts": 1736525623.5057678}]}, "version": 32, "at": 1736525623.5057752}
{"obj": {"type": "LogStrings", "path": ["monitoring", "8e508d72", "stderr"], "values": [{"value": "/Users/saraiva/PycharmProjects/LTBio/phd_journal/24_12_03/combat_variations.py:38: SettingWithCopyWarning: \nA value is trying to be set on a copy of a slice from a DataFrame\n\nSee the caveats in the documentation: https://pandas.pydata.org/pandas-docs/stable/user_guide/indexing.html#returning-a-view-versus-a-copy\n  covariates['GENDER'].replace('M', 1, inplace=True)\n", "step": null, "ts": 1736525623.6242821}]}, "version": 33, "at": 1736525623.624299}
{"obj": {"type": "LogStrings", "path": ["monitoring", "8e508d72", "stderr"], "values": [{"value": "/Users/saraiva/PycharmProjects/LTBio/phd_journal/24_12_03/combat_variations.py:39: SettingWithCopyWarning: \nA value is trying to be set on a copy of a slice from a DataFrame\n\nSee the caveats in the documentation: https://pandas.pydata.org/pandas-docs/stable/user_guide/indexing.html#returning-a-view-versus-a-copy\n  covariates['GENDER'].replace('F', 0, inplace=True)\n", "step": null, "ts": 1736525623.624817}]}, "version": 34, "at": 1736525623.6248279}
{"obj": {"type": "LogStrings", "path": ["monitoring", "8e508d72", "stdout"], "values": [{"value": "Covariates:", "step": null, "ts": 1736525623.624938}]}, "version": 35, "at": 1736525623.624945}
{"obj": {"type": "LogStrings", "path": ["monitoring", "8e508d72", "stdout"], "values": [{"value": " ", "step": null, "ts": 1736525623.624979}]}, "version": 36, "at": 1736525623.624984}
{"obj": {"type": "LogStrings", "path": ["monitoring", "8e508d72", "stdout"], "values": [{"value": "Index(['SITE', 'GENDER', 'AGE', 'DIAGNOSIS'], dtype='object')", "step": null, "ts": 1736525623.625012}]}, "version": 37, "at": 1736525623.625016}
{"obj": {"type": "LogStrings", "path": ["monitoring", "8e508d72", "stdout"], "values": [{"value": "\n", "step": null, "ts": 1736525623.625098}]}, "version": 38, "at": 1736525623.625103}
{"obj": {"type": "LogStrings", "path": ["monitoring", "8e508d72", "stderr"], "values": [{"value": "/Users/saraiva/PycharmProjects/LTBio/phd_journal/24_12_03/combat_variations.py:208: SettingWithCopyWarning: \nA value is trying to be set on a copy of a slice from a DataFrame.\nTry using .loc[row_indexer,col_indexer] = value instead\n\nSee the caveats in the documentation: https://pandas.pydata.org/pandas-docs/stable/user_guide/indexing.html#returning-a-view-versus-a-copy\n  covariates['DIAGNOSIS'] = pd.factorize(covariates['DIAGNOSIS'])[0]\n", "step": null, "ts": 1736525623.626805}]}, "version": 39, "at": 1736525623.62682}
{"obj": {"type": "LogStrings", "path": ["monitoring", "8e508d72", "stderr"], "values": [{"value": "/Users/saraiva/PycharmProjects/LTBio/phd_journal/24_12_03/combat_variations.py:211: SettingWithCopyWarning: \nA value is trying to be set on a copy of a slice from a DataFrame\n\nSee the caveats in the documentation: https://pandas.pydata.org/pandas-docs/stable/user_guide/indexing.html#returning-a-view-versus-a-copy\n  covariates.dropna(inplace=True, axis=0)\n", "step": null, "ts": 1736525623.627882}]}, "version": 40, "at": 1736525623.627892}
{"obj": {"type": "LogStrings", "path": ["monitoring", "8e508d72", "stdout"], "values": [{"value": "Failed to plot: Alpha1_Frontal", "step": null, "ts": 1736525624.385223}]}, "version": 41, "at": 1736525624.3852532}
{"obj": {"type": "LogStrings", "path": ["monitoring", "8e508d72", "stdout"], "values": [{"value": "\n", "step": null, "ts": 1736525624.386728}]}, "version": 42, "at": 1736525624.386742}
{"obj": {"type": "LogStrings", "path": ["monitoring", "8e508d72", "stdout"], "values": [{"value": "Clusters unbalanced: Alpha1_Central", "step": null, "ts": 1736525624.390113}]}, "version": 43, "at": 1736525624.3901272}
{"obj": {"type": "LogStrings", "path": ["monitoring", "8e508d72", "stdout"], "values": [{"value": "\n", "step": null, "ts": 1736525624.3907142}]}, "version": 44, "at": 1736525624.3907251}
