{"obj": {"type": "AssignString", "path": ["sys", "name"], "value": "no name"}, "version": 1, "at": 1736522147.644614}
{"obj": {"type": "AssignString", "path": ["sys", "description"], "value": ""}, "version": 2, "at": 1736522147.6449301}
{"obj": {"type": "AssignString", "path": ["monitoring", "1c63ac11", "hostname"], "value": "Macmini.fritz.box"}, "version": 3, "at": 1736522147.645121}
{"obj": {"type": "AssignString", "path": ["sys", "hostname"], "value": "Macmini.fritz.box"}, "version": 4, "at": 1736522147.645244}
{"obj": {"type": "AssignString", "path": ["monitoring", "1c63ac11", "pid"], "value": "12623"}, "version": 5, "at": 1736522147.645371}
{"obj": {"type": "AssignString", "path": ["monitoring", "1c63ac11", "tid"], "value": "8445163584"}, "version": 6, "at": 1736522147.645493}
{"obj": {"type": "AddStrings", "path": ["sys", "tags"], "values": ["BrainLat:AR", "Newcastle", "6 datasets", "mmse gap 24-26", "Istambul", "Miltiadous", "BrainLat:CL", "Izmir"]}, "version": 7, "at": 1736522147.645637}
{"obj": {"type": "AssignBool", "path": ["sys", "failed"], "value": false}, "version": 8, "at": 1736522147.645728}
{"obj": {"type": "ClearStringLog", "path": ["monitoring", "1c63ac11", "stdout"]}, "version": 9, "at": 1736522147.645872}
{"obj": {"type": "ClearStringLog", "path": ["monitoring", "1c63ac11", "stderr"]}, "version": 10, "at": 1736522147.6459699}
{"obj": {"type": "AssignString", "path": ["source_code", "entrypoint"], "value": "paper_results_images_each_variant.py"}, "version": 11, "at": 1736522147.6470559}
{"obj": {"type": "UploadFileSet", "path": ["source_code", "files"], "file_globs": ["/Users/saraiva/PycharmProjects/LTBio/phd_journal/24_12_03/*.py"], "reset": "False"}, "version": 12, "at": 1736522147.6472168}
{"obj": {"type": "UploadFile", "path": ["source_code", "diff"], "ext": "patch", "file_path": null, "tmp_file_name": "source_code_diff-1736522147.760699-2025-01-10_16.15.47.760699.patch", "clean_after_upload": false}, "version": 13, "at": 1736522147.761096}
{"obj": {"type": "ConfigFloatSeries", "path": ["monitoring", "1c63ac11", "cpu"], "min": 0.0, "max": 100.0, "unit": "%"}, "version": 14, "at": 1736522147.770562}
{"obj": {"type": "ClearFloatLog", "path": ["monitoring", "1c63ac11", "cpu"]}, "version": 15, "at": 1736522147.770661}
{"obj": {"type": "LogStrings", "path": ["monitoring", "1c63ac11", "stderr"], "values": [{"value": "[neptune] [warning] /Users/saraiva/PycharmProjects/LTBio/phd_journal/24_12_03/paper_results_images_each_variant.py:52: NeptuneWarning: Info (NVML): NVML Shared Library Not Found. GPU usage metrics may not be reported. For more information, see https://docs.neptune.ai/help/nvml_error/\n", "step": null, "ts": 1736522147.770721}]}, "version": 16, "at": 1736522147.770751}
{"obj": {"type": "ConfigFloatSeries", "path": ["monitoring", "1c63ac11", "memory"], "min": 0.0, "max": 16.0, "unit": "GB"}, "version": 17, "at": 1736522147.770872}
{"obj": {"type": "ClearFloatLog", "path": ["monitoring", "1c63ac11", "memory"]}, "version": 18, "at": 1736522147.7709062}
{"obj": {"type": "LogFloats", "path": ["monitoring", "1c63ac11", "cpu"], "values": [{"value": 13.3, "step": null, "ts": 1736522147.771059}]}, "version": 19, "at": 1736522147.771202}
{"obj": {"type": "AssignString", "path": ["datasets", "combination"], "value": "['Izmir', 'Newcastle', 'Miltiadous', 'Istambul', 'BrainLat:CL', 'BrainLat:AR']"}, "version": 20, "at": 1736522147.771623}
{"obj": {"type": "LogFloats", "path": ["monitoring", "1c63ac11", "memory"], "values": [{"value": 10.964340209960938, "step": null, "ts": 1736522147.771059}]}, "version": 21, "at": 1736522147.771724}
{"obj": {"type": "AssignString", "path": ["datasets", "criteria"], "value": "AD criteria: AD & (MMSE<=23 | MoCA<=18)\nHC criteria: HC & (MMSE>=27 | MoCA>=24)"}, "version": 22, "at": 1736522147.8384771}
{"obj": {"type": "UploadFile", "path": ["datasets", "before", "Izmir"], "ext": "html", "file_path": null, "tmp_file_name": "datasets_before_Izmir-1736522147.907001-2025-01-10_16.15.47.907001.html", "clean_after_upload": false}, "version": 23, "at": 1736522147.907295}
{"obj": {"type": "UploadFile", "path": ["datasets", "before", "Newcastle"], "ext": "html", "file_path": null, "tmp_file_name": "datasets_before_Newcastle-1736522147.941368-2025-01-10_16.15.47.941368.html", "clean_after_upload": false}, "version": 24, "at": 1736522147.94158}
{"obj": {"type": "UploadFile", "path": ["datasets", "before", "Miltiadous"], "ext": "html", "file_path": null, "tmp_file_name": "datasets_before_Miltiadous-1736522147.996746-2025-01-10_16.15.47.996746.html", "clean_after_upload": false}, "version": 25, "at": 1736522147.997056}
{"obj": {"type": "UploadFile", "path": ["datasets", "before", "Istambul"], "ext": "html", "file_path": null, "tmp_file_name": "datasets_before_Istambul-1736522148.047615-2025-01-10_16.15.48.047615.html", "clean_after_upload": false}, "version": 26, "at": 1736522148.0478551}
{"obj": {"type": "UploadFile", "path": ["datasets", "before", "BrainLat:CL"], "ext": "html", "file_path": null, "tmp_file_name": "datasets_before_BrainLat:CL-1736522148.06515-2025-01-10_16.15.48.065150.html", "clean_after_upload": false}, "version": 27, "at": 1736522148.065346}
{"obj": {"type": "UploadFile", "path": ["datasets", "before", "BrainLat:AR"], "ext": "html", "file_path": null, "tmp_file_name": "datasets_before_BrainLat:AR-1736522148.089587-2025-01-10_16.15.48.089587.html", "clean_after_upload": false}, "version": 28, "at": 1736522148.0906801}
{"obj": {"type": "LogStrings", "path": ["monitoring", "1c63ac11", "stdout"], "values": [{"value": "5", "step": null, "ts": 1736522148.096782}]}, "version": 29, "at": 1736522148.096811}
{"obj": {"type": "LogStrings", "path": ["monitoring", "1c63ac11", "stdout"], "values": [{"value": "\n", "step": null, "ts": 1736522148.097953}]}, "version": 30, "at": 1736522148.097973}
{"obj": {"type": "LogStrings", "path": ["monitoring", "1c63ac11", "stdout"], "values": [{"value": "Applying Nested Combat...", "step": null, "ts": 1736522148.098229}]}, "version": 31, "at": 1736522148.098248}
{"obj": {"type": "LogStrings", "path": ["monitoring", "1c63ac11", "stdout"], "values": [{"value": "\n", "step": null, "ts": 1736522148.098366}]}, "version": 32, "at": 1736522148.098382}
{"obj": {"type": "LogStrings", "path": ["monitoring", "1c63ac11", "stderr"], "values": [{"value": "/Users/saraiva/PycharmProjects/LTBio/phd_journal/24_12_03/combat_variations.py:38: SettingWithCopyWarning: \nA value is trying to be set on a copy of a slice from a DataFrame\n\nSee the caveats in the documentation: https://pandas.pydata.org/pandas-docs/stable/user_guide/indexing.html#returning-a-view-versus-a-copy\n  covariates['GENDER'].replace('M', 1, inplace=True)\n", "step": null, "ts": 1736522148.3370109}]}, "version": 33, "at": 1736522148.337043}
{"obj": {"type": "LogStrings", "path": ["monitoring", "1c63ac11", "stdout"], "values": [{"value": "Covariates:", "step": null, "ts": 1736522148.338179}]}, "version": 34, "at": 1736522148.338198}
{"obj": {"type": "LogStrings", "path": ["monitoring", "1c63ac11", "stderr"], "values": [{"value": "/Users/saraiva/PycharmProjects/LTBio/phd_journal/24_12_03/combat_variations.py:39: SettingWithCopyWarning: \nA value is trying to be set on a copy of a slice from a DataFrame\n\nSee the caveats in the documentation: https://pandas.pydata.org/pandas-docs/stable/user_guide/indexing.html#returning-a-view-versus-a-copy\n  covariates['GENDER'].replace('F', 0, inplace=True)\n", "step": null, "ts": 1736522148.3383958}]}, "version": 35, "at": 1736522148.338418}
{"obj": {"type": "LogStrings", "path": ["monitoring", "1c63ac11", "stdout"], "values": [{"value": " ", "step": null, "ts": 1736522148.338513}]}, "version": 36, "at": 1736522148.33853}
{"obj": {"type": "LogStrings", "path": ["monitoring", "1c63ac11", "stdout"], "values": [{"value": "Index(['SITE', 'GENDER', 'AGE', 'DIAGNOSIS'], dtype='object')", "step": null, "ts": 1736522148.338597}]}, "version": 37, "at": 1736522148.338612}
{"obj": {"type": "LogStrings", "path": ["monitoring", "1c63ac11", "stdout"], "values": [{"value": "\n", "step": null, "ts": 1736522148.338752}]}, "version": 38, "at": 1736522148.338767}
{"obj": {"type": "LogStrings", "path": ["monitoring", "1c63ac11", "stdout"], "values": [{"value": "Backend MacOSX is interactive backend. Turning interactive mode on.\n", "step": null, "ts": 1736522148.3389068}]}, "version": 39, "at": 1736522148.338922}
{"obj": {"type": "LogStrings", "path": ["monitoring", "1c63ac11", "stderr"], "values": [{"value": "/Users/saraiva/PycharmProjects/LTBio/phd_journal/24_12_03/combat_variations.py:208: SettingWithCopyWarning: \nA value is trying to be set on a copy of a slice from a DataFrame.\nTry using .loc[row_indexer,col_indexer] = value instead\n\nSee the caveats in the documentation: https://pandas.pydata.org/pandas-docs/stable/user_guide/indexing.html#returning-a-view-versus-a-copy\n  covariates['DIAGNOSIS'] = pd.factorize(covariates['DIAGNOSIS'])[0]\n", "step": null, "ts": 1736522149.5460649}]}, "version": 40, "at": 1736522149.546154}
{"obj": {"type": "LogStrings", "path": ["monitoring", "1c63ac11", "stderr"], "values": [{"value": "/Users/saraiva/PycharmProjects/LTBio/phd_journal/24_12_03/combat_variations.py:211: SettingWithCopyWarning: \nA value is trying to be set on a copy of a slice from a DataFrame\n\nSee the caveats in the documentation: https://pandas.pydata.org/pandas-docs/stable/user_guide/indexing.html#returning-a-view-versus-a-copy\n  covariates.dropna(inplace=True, axis=0)\n", "step": null, "ts": 1736522149.550027}]}, "version": 41, "at": 1736522149.550074}
{"obj": {"type": "LogFloats", "path": ["monitoring", "1c63ac11", "cpu"], "values": [{"value": 11.1, "step": null, "ts": 1736522157.7724822}]}, "version": 42, "at": 1736522157.772869}
{"obj": {"type": "LogFloats", "path": ["monitoring", "1c63ac11", "memory"], "values": [{"value": 10.98760986328125, "step": null, "ts": 1736522157.7724822}]}, "version": 43, "at": 1736522157.773212}
{"obj": {"type": "LogFloats", "path": ["monitoring", "1c63ac11", "cpu"], "values": [{"value": 7.7, "step": null, "ts": 1736522167.7738938}]}, "version": 44, "at": 1736522167.7742772}
{"obj": {"type": "LogFloats", "path": ["monitoring", "1c63ac11", "memory"], "values": [{"value": 10.990478515625, "step": null, "ts": 1736522167.7738938}]}, "version": 45, "at": 1736522167.774615}
{"obj": {"type": "LogFloats", "path": ["monitoring", "1c63ac11", "cpu"], "values": [{"value": 8.2, "step": null, "ts": 1736522177.7790878}]}, "version": 46, "at": 1736522177.779642}
{"obj": {"type": "LogFloats", "path": ["monitoring", "1c63ac11", "memory"], "values": [{"value": 10.981597900390625, "step": null, "ts": 1736522177.7790878}]}, "version": 47, "at": 1736522177.7801542}
