{"obj": {"type": "AssignString", "path": ["sys", "name"], "value": "no name"}, "version": 1, "at": 1733766157.7857}
{"obj": {"type": "AssignString", "path": ["sys", "description"], "value": ""}, "version": 2, "at": 1733766157.785912}
{"obj": {"type": "AssignString", "path": ["monitoring", "cce2e7ad", "hostname"], "value": "Macmini.fritz.box"}, "version": 3, "at": 1733766157.78598}
{"obj": {"type": "AssignString", "path": ["sys", "hostname"], "value": "Macmini.fritz.box"}, "version": 4, "at": 1733766157.786027}
{"obj": {"type": "AssignString", "path": ["monitoring", "cce2e7ad", "pid"], "value": "13846"}, "version": 5, "at": 1733766157.7860758}
{"obj": {"type": "AssignString", "path": ["monitoring", "cce2e7ad", "tid"], "value": "8631334976"}, "version": 6, "at": 1733766157.7861278}
{"obj": {"type": "AddStrings", "path": ["sys", "tags"], "values": ["mmse gap 24-26", "3 datasets", "Newcastle", "Izmir"]}, "version": 7, "at": 1733766157.786201}
{"obj": {"type": "AssignBool", "path": ["sys", "failed"], "value": false}, "version": 8, "at": 1733766157.7862442}
{"obj": {"type": "ClearStringLog", "path": ["monitoring", "cce2e7ad", "stdout"]}, "version": 9, "at": 1733766157.786305}
{"obj": {"type": "ClearStringLog", "path": ["monitoring", "cce2e7ad", "stderr"]}, "version": 10, "at": 1733766157.786347}
{"obj": {"type": "AssignString", "path": ["source_code", "entrypoint"], "value": "paper_results_images_each_variant.py"}, "version": 11, "at": 1733766157.786855}
{"obj": {"type": "UploadFileSet", "path": ["source_code", "files"], "file_globs": ["/Users/saraiva/PycharmProjects/LTBio/phd_journal/24_12_03/*.py"], "reset": "False"}, "version": 12, "at": 1733766157.786933}
{"obj": {"type": "UploadFile", "path": ["source_code", "diff"], "ext": "patch", "file_path": null, "tmp_file_name": "source_code_diff-1733766157.986201-2024-12-09_18.42.37.986201.patch", "clean_after_upload": false}, "version": 13, "at": 1733766157.986635}
{"obj": {"type": "ConfigFloatSeries", "path": ["monitoring", "cce2e7ad", "cpu"], "min": 0.0, "max": 100.0, "unit": "%"}, "version": 14, "at": 1733766157.989768}
{"obj": {"type": "ClearFloatLog", "path": ["monitoring", "cce2e7ad", "cpu"]}, "version": 15, "at": 1733766157.990092}
{"obj": {"type": "ConfigFloatSeries", "path": ["monitoring", "cce2e7ad", "memory"], "min": 0.0, "max": 16.0, "unit": "GB"}, "version": 16, "at": 1733766157.9905841}
{"obj": {"type": "ClearFloatLog", "path": ["monitoring", "cce2e7ad", "memory"]}, "version": 17, "at": 1733766157.990887}
{"obj": {"type": "LogFloats", "path": ["monitoring", "cce2e7ad", "cpu"], "values": [{"value": 40.5, "step": null, "ts": 1733766157.9911559}]}, "version": 18, "at": 1733766157.9912598}
{"obj": {"type": "AssignString", "path": ["datasets", "combination"], "value": "['Izmir', 'Newcastle']"}, "version": 19, "at": 1733766157.9915252}
{"obj": {"type": "LogFloats", "path": ["monitoring", "cce2e7ad", "memory"], "values": [{"value": 11.552490234375, "step": null, "ts": 1733766157.9911559}]}, "version": 20, "at": 1733766157.991679}
{"obj": {"type": "AssignString", "path": ["datasets", "criteria"], "value": "AD criteria: AD & (MMSE<=23 | MoCA<=18)\nHC criteria: HC & (MMSE>=27 | MoCA>=24)"}, "version": 21, "at": 1733766158.002756}
{"obj": {"type": "UploadFile", "path": ["datasets", "before", "Izmir"], "ext": "html", "file_path": null, "tmp_file_name": "datasets_before_Izmir-1733766158.023493-2024-12-09_18.42.38.023493.html", "clean_after_upload": false}, "version": 22, "at": 1733766158.0237381}
{"obj": {"type": "UploadFile", "path": ["datasets", "before", "Newcastle"], "ext": "html", "file_path": null, "tmp_file_name": "datasets_before_Newcastle-1733766158.034552-2024-12-09_18.42.38.034552.html", "clean_after_upload": false}, "version": 23, "at": 1733766158.034745}
{"obj": {"type": "LogStrings", "path": ["monitoring", "cce2e7ad", "stdout"], "values": [{"value": "0", "step": null, "ts": 1733766158.036063}]}, "version": 24, "at": 1733766158.036085}
{"obj": {"type": "AssignString", "path": ["harmonization", "params", "method"], "value": "none"}, "version": 25, "at": 1733766158.036293}
{"obj": {"type": "AssignBool", "path": ["harmonization", "params", "log_transform"], "value": true}, "version": 26, "at": 1733766158.036343}
{"obj": {"type": "AssignString", "path": ["harmonization", "params", "standardize"], "value": "none"}, "version": 27, "at": 1733766158.0363789}
{"obj": {"type": "AssignBool", "path": ["harmonization", "params", "cov_age"], "value": true}, "version": 28, "at": 1733766158.0364091}
{"obj": {"type": "AssignBool", "path": ["harmonization", "params", "cov_gender"], "value": true}, "version": 29, "at": 1733766158.036437}
{"obj": {"type": "AssignBool", "path": ["harmonization", "params", "cov_education"], "value": false}, "version": 30, "at": 1733766158.0364642}
{"obj": {"type": "AssignBool", "path": ["harmonization", "params", "cov_diagnosis"], "value": true}, "version": 31, "at": 1733766158.036491}
{"obj": {"type": "LogStrings", "path": ["monitoring", "cce2e7ad", "stdout"], "values": [{"value": "\n", "step": null, "ts": 1733766158.0367072}]}, "version": 32, "at": 1733766158.036714}
{"obj": {"type": "TrackFilesToArtifact", "path": ["datasets", "after", "Izmir_track"], "entries": [["./each_variation/none/Izmir.csv", null]], "project_id": "0185c1d2-e230-4393-98bd-19b911873975"}, "version": 33, "at": 1733766158.0395992}
{"obj": {"type": "UploadFile", "path": ["datasets", "after", "Izmir"], "ext": "csv", "file_path": "/Users/saraiva/PycharmProjects/LTBio/phd_journal/24_12_03/each_variation/none/Izmir.csv", "tmp_file_name": null, "clean_after_upload": false}, "version": 34, "at": 1733766158.039698}
{"obj": {"type": "TrackFilesToArtifact", "path": ["datasets", "after", "Newcastle_track"], "entries": [["./each_variation/none/Newcastle.csv", null]], "project_id": "0185c1d2-e230-4393-98bd-19b911873975"}, "version": 35, "at": 1733766158.041164}
{"obj": {"type": "UploadFile", "path": ["datasets", "after", "Newcastle"], "ext": "csv", "file_path": "/Users/saraiva/PycharmProjects/LTBio/phd_journal/24_12_03/each_variation/none/Newcastle.csv", "tmp_file_name": null, "clean_after_upload": false}, "version": 36, "at": 1733766158.0413718}
{"obj": {"type": "LogStrings", "path": ["monitoring", "cce2e7ad", "stderr"], "values": [{"value": "/Users/saraiva/PycharmProjects/LTBio/venv/lib/python3.10/site-packages/sklearn/manifold/_t_sne.py:795: FutureWarning: The default initialization in TSNE will change from 'random' to 'pca' in 1.2.\n  warnings.warn(\n", "step": null, "ts": 1733766158.051999}]}, "version": 37, "at": 1733766158.05202}
{"obj": {"type": "AssignString", "path": ["simple_diagnosis_discriminant", "norm"], "value": "none"}, "version": 38, "at": 1733766158.53656}
{"obj": {"type": "AssignString", "path": ["simple_diagnosis_discriminant", "features"], "value": "['Delta_Frontal', 'Delta_Central', 'Delta_Parietal', 'Delta_Occipital', 'Delta_Temporal', 'Delta_Limbic', 'Alpha1_Frontal', 'Alpha1_Central', 'Alpha1_Parietal', 'Alpha1_Occipital', 'Alpha1_Temporal', 'Alpha1_Limbic', 'Theta_Frontal', 'Theta_Central', 'Theta_Parietal', 'Theta_Occipital', 'Theta_Temporal', 'Theta_Limbic', 'Alpha2_Frontal', 'Alpha2_Central', 'Alpha2_Parietal', 'Alpha2_Occipital', 'Alpha2_Temporal', 'Alpha2_Limbic', 'Alpha3_Frontal', 'Alpha3_Central', 'Alpha3_Parietal', 'Alpha3_Occipital', 'Alpha3_Temporal', 'Alpha3_Limbic', 'Beta1_Frontal', 'Beta1_Central', 'Beta1_Parietal', 'Beta1_Occipital', 'Beta1_Temporal', 'Beta1_Limbic', 'Beta2_Frontal', 'Beta2_Central', 'Beta2_Parietal', 'Beta2_Occipital', 'Beta2_Temporal', 'Beta2_Limbic', 'Gamma_Frontal', 'Gamma_Central', 'Gamma_Parietal', 'Gamma_Occipital', 'Gamma_Temporal', 'Gamma_Limbic']"}, "version": 39, "at": 1733766158.536649}
{"obj": {"type": "AssignString", "path": ["simple_diagnosis_discriminant", "model_description"], "value": "PCA(n_components=3, random_state=0)"}, "version": 40, "at": 1733766158.537083}
{"obj": {"type": "AssignString", "path": ["classification", "DIAGNOSIS", "norm"], "value": "min-max"}, "version": 41, "at": 1733766158.544599}
{"obj": {"type": "AssignString", "path": ["classification", "DIAGNOSIS", "features"], "value": "[0, 1, 2]"}, "version": 42, "at": 1733766158.545168}
{"obj": {"type": "AssignString", "path": ["classification", "DIAGNOSIS", "class_weight"], "value": "SMOTE augmented"}, "version": 43, "at": 1733766158.5470562}
{"obj": {"type": "AssignBool", "path": ["classification", "DIAGNOSIS", "output_prob"], "value": false}, "version": 44, "at": 1733766158.628104}
{"obj": {"type": "AssignString", "path": ["classification", "DIAGNOSIS", "class_weight"], "value": "SMOTE augmented"}, "version": 45, "at": 1733766158.630316}
{"obj": {"type": "AssignBool", "path": ["classification", "DIAGNOSIS", "output_prob"], "value": false}, "version": 46, "at": 1733766158.7092779}
{"obj": {"type": "AssignString", "path": ["classification", "DIAGNOSIS", "class_weight"], "value": "SMOTE augmented"}, "version": 47, "at": 1733766158.711358}
{"obj": {"type": "AssignBool", "path": ["classification", "DIAGNOSIS", "output_prob"], "value": false}, "version": 48, "at": 1733766158.787807}
{"obj": {"type": "AssignString", "path": ["classification", "DIAGNOSIS", "class_weight"], "value": "SMOTE augmented"}, "version": 49, "at": 1733766158.7898629}
{"obj": {"type": "AssignBool", "path": ["classification", "DIAGNOSIS", "output_prob"], "value": false}, "version": 50, "at": 1733766158.866246}
{"obj": {"type": "AssignString", "path": ["classification", "DIAGNOSIS", "class_weight"], "value": "SMOTE augmented"}, "version": 51, "at": 1733766158.8683782}
{"obj": {"type": "AssignBool", "path": ["classification", "DIAGNOSIS", "output_prob"], "value": false}, "version": 52, "at": 1733766158.9437609}
{"obj": {"type": "AssignString", "path": ["classification", "DIAGNOSIS", "class_weight"], "value": "SMOTE augmented"}, "version": 53, "at": 1733766158.945842}
{"obj": {"type": "AssignBool", "path": ["classification", "DIAGNOSIS", "output_prob"], "value": false}, "version": 54, "at": 1733766159.022345}
{"obj": {"type": "AssignString", "path": ["classification", "DIAGNOSIS", "class_weight"], "value": "SMOTE augmented"}, "version": 55, "at": 1733766159.024388}
{"obj": {"type": "AssignBool", "path": ["classification", "DIAGNOSIS", "output_prob"], "value": false}, "version": 56, "at": 1733766159.098776}
{"obj": {"type": "AssignString", "path": ["classification", "DIAGNOSIS", "class_weight"], "value": "SMOTE augmented"}, "version": 57, "at": 1733766159.100621}
{"obj": {"type": "AssignBool", "path": ["classification", "DIAGNOSIS", "output_prob"], "value": false}, "version": 58, "at": 1733766159.174787}
{"obj": {"type": "AssignString", "path": ["classification", "DIAGNOSIS", "class_weight"], "value": "SMOTE augmented"}, "version": 59, "at": 1733766159.1765718}
{"obj": {"type": "AssignBool", "path": ["classification", "DIAGNOSIS", "output_prob"], "value": false}, "version": 60, "at": 1733766159.250201}
{"obj": {"type": "AssignString", "path": ["classification", "DIAGNOSIS", "class_weight"], "value": "SMOTE augmented"}, "version": 61, "at": 1733766159.25206}
{"obj": {"type": "AssignBool", "path": ["classification", "DIAGNOSIS", "output_prob"], "value": false}, "version": 62, "at": 1733766159.3280041}
{"obj": {"type": "AssignString", "path": ["classification", "DIAGNOSIS", "class_weight"], "value": "SMOTE augmented"}, "version": 63, "at": 1733766159.330074}
{"obj": {"type": "AssignBool", "path": ["classification", "DIAGNOSIS", "output_prob"], "value": false}, "version": 64, "at": 1733766159.404711}
{"obj": {"type": "AssignString", "path": ["classification", "DIAGNOSIS", "class_weight"], "value": "SMOTE augmented"}, "version": 65, "at": 1733766159.406869}
{"obj": {"type": "AssignBool", "path": ["classification", "DIAGNOSIS", "output_prob"], "value": false}, "version": 66, "at": 1733766159.483111}
{"obj": {"type": "AssignString", "path": ["classification", "DIAGNOSIS", "class_weight"], "value": "SMOTE augmented"}, "version": 67, "at": 1733766159.485447}
{"obj": {"type": "LogStrings", "path": ["monitoring", "cce2e7ad", "traceback"], "values": [{"value": "An uncaught exception occurred while run was active on worker Macmini.fritz.box.", "step": null, "ts": 1733766159.4980018}, {"value": "Marking run as failed", "step": null, "ts": 1733766159.4980018}, {"value": "Traceback:", "step": null, "ts": 1733766159.4980018}, {"value": "  File \"/Users/saraiva/PycharmProjects/LTBio/phd_journal/24_12_03/paper_results_images_each_variant.py\", line 43, in <module>\n    make_results(run, out_path, list(dataset_combination), variant, cov_age, cov_gender, cov_education, cov_diagnosis, MMSE_criteria, MoCA_criteria, n_pc)\n", "step": null, "ts": 1733766159.4980018}, {"value": "  File \"/Users/saraiva/PycharmProjects/LTBio/phd_journal/24_12_03/paper_results_each_variant.py\", line 129, in make_results\n    classification_with_var(run, pc, datasets_metadata_concatenated, _out_path=variation_out_path,\n", "step": null, "ts": 1733766159.4980018}, {"value": "  File \"/Users/saraiva/PycharmProjects/LTBio/phd_journal/24_12_03/processing.py\", line 342, in classification_with_var\n    model.fit(X_train, y_train)\n", "step": null, "ts": 1733766159.4980018}, {"value": "  File \"/Users/saraiva/PycharmProjects/LTBio/venv/lib/python3.10/site-packages/sklearn/ensemble/_forest.py\", line 465, in fit\n    trees = [\n", "step": null, "ts": 1733766159.4980018}, {"value": "  File \"/Users/saraiva/PycharmProjects/LTBio/venv/lib/python3.10/site-packages/sklearn/ensemble/_forest.py\", line 466, in <listcomp>\n    self._make_estimator(append=False, random_state=random_state)\n", "step": null, "ts": 1733766159.4980018}, {"value": "  File \"/Users/saraiva/PycharmProjects/LTBio/venv/lib/python3.10/site-packages/sklearn/ensemble/_base.py\", line 186, in _make_estimator\n    _set_random_states(estimator, random_state)\n", "step": null, "ts": 1733766159.4980018}, {"value": "  File \"/Users/saraiva/PycharmProjects/LTBio/venv/lib/python3.10/site-packages/sklearn/ensemble/_base.py\", line 86, in _set_random_states\n    estimator.set_params(**to_set)\n", "step": null, "ts": 1733766159.4980018}]}, "version": 68, "at": 1733766159.498044}
{"obj": {"type": "LogStrings", "path": ["monitoring", "cce2e7ad", "traceback"], "values": [{"value": "  File \"/Users/saraiva/PycharmProjects/LTBio/venv/lib/python3.10/site-packages/sklearn/base.py\", line 239, in set_params\n    valid_params = self.get_params(deep=True)\n", "step": null, "ts": 1733766159.4980018}, {"value": "  File \"/Users/saraiva/PycharmProjects/LTBio/venv/lib/python3.10/site-packages/sklearn/base.py\", line 210, in get_params\n    for key in self._get_param_names():\n", "step": null, "ts": 1733766159.4980018}, {"value": "  File \"/Users/saraiva/PycharmProjects/LTBio/venv/lib/python3.10/site-packages/sklearn/base.py\", line 175, in _get_param_names\n    init_signature = inspect.signature(init)\n", "step": null, "ts": 1733766159.4980018}, {"value": "  File \"/Library/Frameworks/Python.framework/Versions/3.10/lib/python3.10/inspect.py\", line 3250, in signature\n    return Signature.from_callable(obj, follow_wrapped=follow_wrapped,\n", "step": null, "ts": 1733766159.4980018}, {"value": "  File \"/Library/Frameworks/Python.framework/Versions/3.10/lib/python3.10/inspect.py\", line 2998, in from_callable\n    return _signature_from_callable(obj, sigcls=cls,\n", "step": null, "ts": 1733766159.4980018}, {"value": "  File \"/Library/Frameworks/Python.framework/Versions/3.10/lib/python3.10/inspect.py\", line 2459, in _signature_from_callable\n    return _signature_from_function(sigcls, obj,\n", "step": null, "ts": 1733766159.4980018}, {"value": "  File \"/Library/Frameworks/Python.framework/Versions/3.10/lib/python3.10/inspect.py\", line 2369, in _signature_from_function\n    return cls(parameters,\n", "step": null, "ts": 1733766159.4980018}, {"value": "  File \"/Library/Frameworks/Python.framework/Versions/3.10/lib/python3.10/inspect.py\", line 2965, in __init__\n    params = OrderedDict((param.name, param) for param in parameters)\n", "step": null, "ts": 1733766159.4980018}, {"value": "  File \"/Library/Frameworks/Python.framework/Versions/3.10/lib/python3.10/inspect.py\", line 2965, in <genexpr>\n    params = OrderedDict((param.name, param) for param in parameters)\n", "step": null, "ts": 1733766159.4980018}, {"value": "", "step": null, "ts": 1733766159.4980018}]}, "version": 69, "at": 1733766159.4981499}
{"obj": {"type": "AssignBool", "path": ["sys", "failed"], "value": true}, "version": 70, "at": 1733766159.49821}
{"obj": {"type": "LogStrings", "path": ["monitoring", "cce2e7ad", "stderr"], "values": [{"value": "Traceback (most recent call last):\n", "step": null, "ts": 1733766159.498302}]}, "version": 71, "at": 1733766159.498315}
{"obj": {"type": "LogStrings", "path": ["monitoring", "cce2e7ad", "stderr"], "values": [{"value": "  File \"/Users/saraiva/PycharmProjects/LTBio/phd_journal/24_12_03/paper_results_images_each_variant.py\", line 43, in <module>\n", "step": null, "ts": 1733766159.4985971}]}, "version": 72, "at": 1733766159.498606}
{"obj": {"type": "LogStrings", "path": ["monitoring", "cce2e7ad", "stderr"], "values": [{"value": "    ", "step": null, "ts": 1733766159.498959}]}, "version": 73, "at": 1733766159.498971}
{"obj": {"type": "LogStrings", "path": ["monitoring", "cce2e7ad", "stderr"], "values": [{"value": "make_results(run, out_path, list(dataset_combination), variant, cov_age, cov_gender, cov_education, cov_diagnosis, MMSE_criteria, MoCA_criteria, n_pc)", "step": null, "ts": 1733766159.499186}]}, "version": 74, "at": 1733766159.4991958}
{"obj": {"type": "LogStrings", "path": ["monitoring", "cce2e7ad", "stderr"], "values": [{"value": "\n", "step": null, "ts": 1733766159.4992902}]}, "version": 75, "at": 1733766159.4992971}
{"obj": {"type": "LogStrings", "path": ["monitoring", "cce2e7ad", "stderr"], "values": [{"value": "  File \"/Users/saraiva/PycharmProjects/LTBio/phd_journal/24_12_03/paper_results_each_variant.py\", line 129, in make_results\n", "step": null, "ts": 1733766159.499508}]}, "version": 76, "at": 1733766159.499514}
{"obj": {"type": "LogStrings", "path": ["monitoring", "cce2e7ad", "stderr"], "values": [{"value": "    ", "step": null, "ts": 1733766159.49967}]}, "version": 77, "at": 1733766159.499679}
{"obj": {"type": "LogStrings", "path": ["monitoring", "cce2e7ad", "stderr"], "values": [{"value": "classification_with_var(run, pc, datasets_metadata_concatenated, _out_path=variation_out_path,", "step": null, "ts": 1733766159.4999208}]}, "version": 78, "at": 1733766159.499928}
{"obj": {"type": "LogStrings", "path": ["monitoring", "cce2e7ad", "stderr"], "values": [{"value": "\n", "step": null, "ts": 1733766159.5001678}]}, "version": 79, "at": 1733766159.500174}
{"obj": {"type": "LogStrings", "path": ["monitoring", "cce2e7ad", "stderr"], "values": [{"value": "  File \"/Users/saraiva/PycharmProjects/LTBio/phd_journal/24_12_03/processing.py\", line 342, in classification_with_var\n", "step": null, "ts": 1733766159.5005}]}, "version": 80, "at": 1733766159.5005062}
{"obj": {"type": "LogStrings", "path": ["monitoring", "cce2e7ad", "stderr"], "values": [{"value": "    ", "step": null, "ts": 1733766159.5008278}]}, "version": 81, "at": 1733766159.500834}
{"obj": {"type": "LogStrings", "path": ["monitoring", "cce2e7ad", "stderr"], "values": [{"value": "model.fit(X_train, y_train)", "step": null, "ts": 1733766159.501569}]}, "version": 82, "at": 1733766159.50158}
{"obj": {"type": "LogStrings", "path": ["monitoring", "cce2e7ad", "stdout"], "values": [{"value": "[neptune] [info   ] Shutting down background jobs, please wait a moment...\n", "step": null, "ts": 1733766159.502321}]}, "version": 83, "at": 1733766159.5023308}
{"obj": {"type": "LogStrings", "path": ["monitoring", "cce2e7ad", "stderr"], "values": [{"value": "\n", "step": null, "ts": 1733766159.50245}]}, "version": 84, "at": 1733766159.5024571}
{"obj": {"type": "LogStrings", "path": ["monitoring", "cce2e7ad", "stderr"], "values": [{"value": "  File \"/Users/saraiva/PycharmProjects/LTBio/venv/lib/python3.10/site-packages/sklearn/ensemble/_forest.py\", line 465, in fit\n", "step": null, "ts": 1733766159.502491}]}, "version": 85, "at": 1733766159.502496}
{"obj": {"type": "LogStrings", "path": ["monitoring", "cce2e7ad", "stderr"], "values": [{"value": "    ", "step": null, "ts": 1733766159.5025249}]}, "version": 86, "at": 1733766159.50253}
{"obj": {"type": "LogStrings", "path": ["monitoring", "cce2e7ad", "stderr"], "values": [{"value": "trees = [", "step": null, "ts": 1733766159.502555}]}, "version": 87, "at": 1733766159.50256}
{"obj": {"type": "LogStrings", "path": ["monitoring", "cce2e7ad", "stderr"], "values": [{"value": "\n", "step": null, "ts": 1733766159.502584}]}, "version": 88, "at": 1733766159.502589}
{"obj": {"type": "LogStrings", "path": ["monitoring", "cce2e7ad", "stderr"], "values": [{"value": "  File \"/Users/saraiva/PycharmProjects/LTBio/venv/lib/python3.10/site-packages/sklearn/ensemble/_forest.py\", line 466, in <listcomp>\n", "step": null, "ts": 1733766159.50263}]}, "version": 89, "at": 1733766159.502634}
{"obj": {"type": "LogStrings", "path": ["monitoring", "cce2e7ad", "stderr"], "values": [{"value": "    ", "step": null, "ts": 1733766159.50266}]}, "version": 90, "at": 1733766159.5026639}
{"obj": {"type": "LogStrings", "path": ["monitoring", "cce2e7ad", "stderr"], "values": [{"value": "self._make_estimator(append=False, random_state=random_state)", "step": null, "ts": 1733766159.5026891}]}, "version": 91, "at": 1733766159.502694}
{"obj": {"type": "LogStrings", "path": ["monitoring", "cce2e7ad", "stderr"], "values": [{"value": "\n", "step": null, "ts": 1733766159.502719}]}, "version": 92, "at": 1733766159.5027242}
{"obj": {"type": "LogStrings", "path": ["monitoring", "cce2e7ad", "stderr"], "values": [{"value": "  File \"/Users/saraiva/PycharmProjects/LTBio/venv/lib/python3.10/site-packages/sklearn/ensemble/_base.py\", line 186, in _make_estimator\n", "step": null, "ts": 1733766159.502759}]}, "version": 93, "at": 1733766159.50277}
{"obj": {"type": "LogStrings", "path": ["monitoring", "cce2e7ad", "stderr"], "values": [{"value": "    ", "step": null, "ts": 1733766159.502816}]}, "version": 94, "at": 1733766159.502822}
{"obj": {"type": "LogStrings", "path": ["monitoring", "cce2e7ad", "stderr"], "values": [{"value": "_set_random_states(estimator, random_state)", "step": null, "ts": 1733766159.5028539}]}, "version": 95, "at": 1733766159.50286}
{"obj": {"type": "LogStrings", "path": ["monitoring", "cce2e7ad", "stderr"], "values": [{"value": "\n", "step": null, "ts": 1733766159.502889}]}, "version": 96, "at": 1733766159.5028942}
{"obj": {"type": "LogStrings", "path": ["monitoring", "cce2e7ad", "stderr"], "values": [{"value": "  File \"/Users/saraiva/PycharmProjects/LTBio/venv/lib/python3.10/site-packages/sklearn/ensemble/_base.py\", line 86, in _set_random_states\n", "step": null, "ts": 1733766159.502964}]}, "version": 97, "at": 1733766159.502974}
{"obj": {"type": "LogStrings", "path": ["monitoring", "cce2e7ad", "stderr"], "values": [{"value": "    ", "step": null, "ts": 1733766159.5030148}]}, "version": 98, "at": 1733766159.503021}
{"obj": {"type": "LogStrings", "path": ["monitoring", "cce2e7ad", "stderr"], "values": [{"value": "estimator.set_params(**to_set)", "step": null, "ts": 1733766159.503052}]}, "version": 99, "at": 1733766159.503057}
{"obj": {"type": "LogStrings", "path": ["monitoring", "cce2e7ad", "stderr"], "values": [{"value": "\n", "step": null, "ts": 1733766159.5030851}]}, "version": 100, "at": 1733766159.50309}
{"obj": {"type": "LogStrings", "path": ["monitoring", "cce2e7ad", "stderr"], "values": [{"value": "  File \"/Users/saraiva/PycharmProjects/LTBio/venv/lib/python3.10/site-packages/sklearn/base.py\", line 239, in set_params\n", "step": null, "ts": 1733766159.5031219}]}, "version": 101, "at": 1733766159.503127}
{"obj": {"type": "LogStrings", "path": ["monitoring", "cce2e7ad", "stderr"], "values": [{"value": "    ", "step": null, "ts": 1733766159.5031521}]}, "version": 102, "at": 1733766159.503157}
{"obj": {"type": "LogStrings", "path": ["monitoring", "cce2e7ad", "stderr"], "values": [{"value": "valid_params = self.get_params(deep=True)", "step": null, "ts": 1733766159.5031822}]}, "version": 103, "at": 1733766159.503186}
{"obj": {"type": "LogStrings", "path": ["monitoring", "cce2e7ad", "stderr"], "values": [{"value": "\n", "step": null, "ts": 1733766159.50321}]}, "version": 104, "at": 1733766159.503215}
{"obj": {"type": "LogStrings", "path": ["monitoring", "cce2e7ad", "stderr"], "values": [{"value": "  File \"/Users/saraiva/PycharmProjects/LTBio/venv/lib/python3.10/site-packages/sklearn/base.py\", line 210, in get_params\n", "step": null, "ts": 1733766159.503239}]}, "version": 105, "at": 1733766159.503243}
{"obj": {"type": "LogStrings", "path": ["monitoring", "cce2e7ad", "stderr"], "values": [{"value": "    ", "step": null, "ts": 1733766159.503267}]}, "version": 106, "at": 1733766159.5032718}
{"obj": {"type": "LogStrings", "path": ["monitoring", "cce2e7ad", "stderr"], "values": [{"value": "for key in self._get_param_names():", "step": null, "ts": 1733766159.503296}]}, "version": 107, "at": 1733766159.5033002}
{"obj": {"type": "LogStrings", "path": ["monitoring", "cce2e7ad", "stderr"], "values": [{"value": "\n", "step": null, "ts": 1733766159.5033238}]}, "version": 108, "at": 1733766159.503329}
{"obj": {"type": "LogStrings", "path": ["monitoring", "cce2e7ad", "stderr"], "values": [{"value": "  File \"/Users/saraiva/PycharmProjects/LTBio/venv/lib/python3.10/site-packages/sklearn/base.py\", line 175, in _get_param_names\n", "step": null, "ts": 1733766159.5033522}]}, "version": 109, "at": 1733766159.503357}
{"obj": {"type": "LogStrings", "path": ["monitoring", "cce2e7ad", "stderr"], "values": [{"value": "    ", "step": null, "ts": 1733766159.503386}]}, "version": 110, "at": 1733766159.503391}
{"obj": {"type": "LogStrings", "path": ["monitoring", "cce2e7ad", "stderr"], "values": [{"value": "init_signature = inspect.signature(init)", "step": null, "ts": 1733766159.503415}]}, "version": 111, "at": 1733766159.503419}
{"obj": {"type": "LogStrings", "path": ["monitoring", "cce2e7ad", "stderr"], "values": [{"value": "\n", "step": null, "ts": 1733766159.503443}]}, "version": 112, "at": 1733766159.503448}
{"obj": {"type": "LogStrings", "path": ["monitoring", "cce2e7ad", "stderr"], "values": [{"value": "  File \"/Library/Frameworks/Python.framework/Versions/3.10/lib/python3.10/inspect.py\", line 3250, in signature\n", "step": null, "ts": 1733766159.503545}]}, "version": 113, "at": 1733766159.50355}
{"obj": {"type": "LogStrings", "path": ["monitoring", "cce2e7ad", "stderr"], "values": [{"value": "    ", "step": null, "ts": 1733766159.5035741}]}, "version": 114, "at": 1733766159.503579}
{"obj": {"type": "LogStrings", "path": ["monitoring", "cce2e7ad", "stderr"], "values": [{"value": "return Signature.from_callable(obj, follow_wrapped=follow_wrapped,", "step": null, "ts": 1733766159.503603}]}, "version": 115, "at": 1733766159.503607}
{"obj": {"type": "LogStrings", "path": ["monitoring", "cce2e7ad", "stderr"], "values": [{"value": "\n", "step": null, "ts": 1733766159.503631}]}, "version": 116, "at": 1733766159.503635}
{"obj": {"type": "LogStrings", "path": ["monitoring", "cce2e7ad", "stderr"], "values": [{"value": "  File \"/Library/Frameworks/Python.framework/Versions/3.10/lib/python3.10/inspect.py\", line 2998, in from_callable\n", "step": null, "ts": 1733766159.503658}]}, "version": 117, "at": 1733766159.503663}
{"obj": {"type": "LogStrings", "path": ["monitoring", "cce2e7ad", "stderr"], "values": [{"value": "    ", "step": null, "ts": 1733766159.503687}]}, "version": 118, "at": 1733766159.503691}
{"obj": {"type": "LogStrings", "path": ["monitoring", "cce2e7ad", "stderr"], "values": [{"value": "return _signature_from_callable(obj, sigcls=cls,", "step": null, "ts": 1733766159.503715}]}, "version": 119, "at": 1733766159.5037189}
{"obj": {"type": "LogStrings", "path": ["monitoring", "cce2e7ad", "stderr"], "values": [{"value": "\n", "step": null, "ts": 1733766159.503753}]}, "version": 120, "at": 1733766159.5037599}
{"obj": {"type": "LogStrings", "path": ["monitoring", "cce2e7ad", "stderr"], "values": [{"value": "  File \"/Library/Frameworks/Python.framework/Versions/3.10/lib/python3.10/inspect.py\", line 2459, in _signature_from_callable\n", "step": null, "ts": 1733766159.503794}]}, "version": 121, "at": 1733766159.503799}
{"obj": {"type": "LogStrings", "path": ["monitoring", "cce2e7ad", "stderr"], "values": [{"value": "    ", "step": null, "ts": 1733766159.5038269}]}, "version": 122, "at": 1733766159.503832}
{"obj": {"type": "LogStrings", "path": ["monitoring", "cce2e7ad", "stderr"], "values": [{"value": "return _signature_from_function(sigcls, obj,", "step": null, "ts": 1733766159.503857}]}, "version": 123, "at": 1733766159.503862}
{"obj": {"type": "LogStrings", "path": ["monitoring", "cce2e7ad", "stderr"], "values": [{"value": "\n", "step": null, "ts": 1733766159.5038872}]}, "version": 124, "at": 1733766159.503892}
{"obj": {"type": "LogStrings", "path": ["monitoring", "cce2e7ad", "stderr"], "values": [{"value": "  File \"/Library/Frameworks/Python.framework/Versions/3.10/lib/python3.10/inspect.py\", line 2369, in _signature_from_function\n", "step": null, "ts": 1733766159.503916}]}, "version": 125, "at": 1733766159.5039208}
{"obj": {"type": "LogStrings", "path": ["monitoring", "cce2e7ad", "stderr"], "values": [{"value": "    ", "step": null, "ts": 1733766159.5039449}]}, "version": 126, "at": 1733766159.50395}
{"obj": {"type": "LogStrings", "path": ["monitoring", "cce2e7ad", "stderr"], "values": [{"value": "return cls(parameters,", "step": null, "ts": 1733766159.503974}]}, "version": 127, "at": 1733766159.503978}
{"obj": {"type": "LogStrings", "path": ["monitoring", "cce2e7ad", "stderr"], "values": [{"value": "\n", "step": null, "ts": 1733766159.504002}]}, "version": 128, "at": 1733766159.5040069}
{"obj": {"type": "LogStrings", "path": ["monitoring", "cce2e7ad", "stderr"], "values": [{"value": "  File \"/Library/Frameworks/Python.framework/Versions/3.10/lib/python3.10/inspect.py\", line 2965, in __init__\n", "step": null, "ts": 1733766159.504031}]}, "version": 129, "at": 1733766159.504035}
{"obj": {"type": "LogStrings", "path": ["monitoring", "cce2e7ad", "stderr"], "values": [{"value": "    ", "step": null, "ts": 1733766159.5040598}]}, "version": 130, "at": 1733766159.504064}
{"obj": {"type": "LogStrings", "path": ["monitoring", "cce2e7ad", "stderr"], "values": [{"value": "params = OrderedDict((param.name, param) for param in parameters)", "step": null, "ts": 1733766159.504131}]}, "version": 131, "at": 1733766159.5041358}
{"obj": {"type": "LogStrings", "path": ["monitoring", "cce2e7ad", "stderr"], "values": [{"value": "\n", "step": null, "ts": 1733766159.5041611}]}, "version": 132, "at": 1733766159.504166}
{"obj": {"type": "LogStrings", "path": ["monitoring", "cce2e7ad", "stderr"], "values": [{"value": "  File \"/Library/Frameworks/Python.framework/Versions/3.10/lib/python3.10/inspect.py\", line 2965, in <genexpr>\n", "step": null, "ts": 1733766159.5041962}]}, "version": 133, "at": 1733766159.504201}
{"obj": {"type": "LogStrings", "path": ["monitoring", "cce2e7ad", "stderr"], "values": [{"value": "    ", "step": null, "ts": 1733766159.5042298}]}, "version": 134, "at": 1733766159.504235}
{"obj": {"type": "LogStrings", "path": ["monitoring", "cce2e7ad", "stderr"], "values": [{"value": "params = OrderedDict((param.name, param) for param in parameters)", "step": null, "ts": 1733766159.504259}]}, "version": 135, "at": 1733766159.5042639}
{"obj": {"type": "LogStrings", "path": ["monitoring", "cce2e7ad", "stderr"], "values": [{"value": "\n", "step": null, "ts": 1733766159.504288}]}, "version": 136, "at": 1733766159.5042932}
{"obj": {"type": "LogStrings", "path": ["monitoring", "cce2e7ad", "stderr"], "values": [{"value": "KeyboardInterrupt", "step": null, "ts": 1733766159.504317}]}, "version": 137, "at": 1733766159.504321}
{"obj": {"type": "LogStrings", "path": ["monitoring", "cce2e7ad", "stderr"], "values": [{"value": "", "step": null, "ts": 1733766159.5043452}]}, "version": 138, "at": 1733766159.50435}
{"obj": {"type": "LogStrings", "path": ["monitoring", "cce2e7ad", "stderr"], "values": [{"value": "\n", "step": null, "ts": 1733766159.504404}]}, "version": 139, "at": 1733766159.504411}
