{"obj": {"type": "AssignString", "path": ["sys", "name"], "value": "no name"}, "version": 1, "at": 1736521261.45269}
{"obj": {"type": "AssignString", "path": ["sys", "description"], "value": ""}, "version": 2, "at": 1736521261.453046}
{"obj": {"type": "AssignString", "path": ["monitoring", "745901c1", "hostname"], "value": "Macmini.fritz.box"}, "version": 3, "at": 1736521261.453197}
{"obj": {"type": "AssignString", "path": ["sys", "hostname"], "value": "Macmini.fritz.box"}, "version": 4, "at": 1736521261.4533188}
{"obj": {"type": "AssignString", "path": ["monitoring", "745901c1", "pid"], "value": "12123"}, "version": 5, "at": 1736521261.453446}
{"obj": {"type": "AssignString", "path": ["monitoring", "745901c1", "tid"], "value": "8445163584"}, "version": 6, "at": 1736521261.453571}
{"obj": {"type": "AddStrings", "path": ["sys", "tags"], "values": ["BrainLat:AR", "Istambul", "BrainLat:CL", "Izmir", "Newcastle", "Miltiadous", "6 datasets", "mmse gap 24-26"]}, "version": 7, "at": 1736521261.4537191}
{"obj": {"type": "AssignBool", "path": ["sys", "failed"], "value": false}, "version": 8, "at": 1736521261.4538062}
{"obj": {"type": "ClearStringLog", "path": ["monitoring", "745901c1", "stdout"]}, "version": 9, "at": 1736521261.45395}
{"obj": {"type": "ClearStringLog", "path": ["monitoring", "745901c1", "stderr"]}, "version": 10, "at": 1736521261.4540522}
{"obj": {"type": "AssignString", "path": ["source_code", "entrypoint"], "value": "paper_results_images_each_variant.py"}, "version": 11, "at": 1736521261.455182}
{"obj": {"type": "UploadFileSet", "path": ["source_code", "files"], "file_globs": ["/Users/saraiva/PycharmProjects/LTBio/phd_journal/24_12_03/*.py"], "reset": "False"}, "version": 12, "at": 1736521261.455348}
{"obj": {"type": "UploadFile", "path": ["source_code", "diff"], "ext": "patch", "file_path": null, "tmp_file_name": "source_code_diff-1736521261.572187-2025-01-10_16.01.01.572187.patch", "clean_after_upload": false}, "version": 13, "at": 1736521261.572602}
{"obj": {"type": "ConfigFloatSeries", "path": ["monitoring", "745901c1", "cpu"], "min": 0.0, "max": 100.0, "unit": "%"}, "version": 14, "at": 1736521261.582326}
{"obj": {"type": "ClearFloatLog", "path": ["monitoring", "745901c1", "cpu"]}, "version": 15, "at": 1736521261.582516}
{"obj": {"type": "LogStrings", "path": ["monitoring", "745901c1", "stderr"], "values": [{"value": "[neptune] [warning] /Users/saraiva/PycharmProjects/LTBio/phd_journal/24_12_03/paper_results_images_each_variant.py:52: NeptuneWarning: Info (NVML): NVML Shared Library Not Found. GPU usage metrics may not be reported. For more information, see https://docs.neptune.ai/help/nvml_error/\n", "step": null, "ts": 1736521261.582581}]}, "version": 16, "at": 1736521261.582616}
{"obj": {"type": "ConfigFloatSeries", "path": ["monitoring", "745901c1", "memory"], "min": 0.0, "max": 16.0, "unit": "GB"}, "version": 17, "at": 1736521261.582752}
{"obj": {"type": "ClearFloatLog", "path": ["monitoring", "745901c1", "memory"]}, "version": 18, "at": 1736521261.582797}
{"obj": {"type": "LogFloats", "path": ["monitoring", "745901c1", "cpu"], "values": [{"value": 36.9, "step": null, "ts": 1736521261.582984}]}, "version": 19, "at": 1736521261.583126}
{"obj": {"type": "LogFloats", "path": ["monitoring", "745901c1", "memory"], "values": [{"value": 11.020431518554688, "step": null, "ts": 1736521261.582984}]}, "version": 20, "at": 1736521261.5834339}
{"obj": {"type": "AssignString", "path": ["datasets", "combination"], "value": "['Izmir', 'Newcastle', 'Miltiadous', 'Istambul', 'BrainLat:CL', 'BrainLat:AR']"}, "version": 21, "at": 1736521261.5836139}
{"obj": {"type": "AssignString", "path": ["datasets", "criteria"], "value": "AD criteria: AD & (MMSE<=23 | MoCA<=18)\nHC criteria: HC & (MMSE>=27 | MoCA>=24)"}, "version": 22, "at": 1736521261.651715}
{"obj": {"type": "UploadFile", "path": ["datasets", "before", "Izmir"], "ext": "html", "file_path": null, "tmp_file_name": "datasets_before_Izmir-1736521261.801291-2025-01-10_16.01.01.801291.html", "clean_after_upload": false}, "version": 23, "at": 1736521261.802903}
{"obj": {"type": "UploadFile", "path": ["datasets", "before", "Newcastle"], "ext": "html", "file_path": null, "tmp_file_name": "datasets_before_Newcastle-1736521261.885765-2025-01-10_16.01.01.885765.html", "clean_after_upload": false}, "version": 24, "at": 1736521261.886085}
{"obj": {"type": "UploadFile", "path": ["datasets", "before", "Miltiadous"], "ext": "html", "file_path": null, "tmp_file_name": "datasets_before_Miltiadous-1736521261.990473-2025-01-10_16.01.01.990473.html", "clean_after_upload": false}, "version": 25, "at": 1736521261.99118}
{"obj": {"type": "UploadFile", "path": ["datasets", "before", "Istambul"], "ext": "html", "file_path": null, "tmp_file_name": "datasets_before_Istambul-1736521262.130055-2025-01-10_16.01.02.130055.html", "clean_after_upload": false}, "version": 26, "at": 1736521262.131671}
{"obj": {"type": "UploadFile", "path": ["datasets", "before", "BrainLat:CL"], "ext": "html", "file_path": null, "tmp_file_name": "datasets_before_BrainLat:CL-1736521262.168439-2025-01-10_16.01.02.168439.html", "clean_after_upload": false}, "version": 27, "at": 1736521262.168772}
{"obj": {"type": "UploadFile", "path": ["datasets", "before", "BrainLat:AR"], "ext": "html", "file_path": null, "tmp_file_name": "datasets_before_BrainLat:AR-1736521262.222002-2025-01-10_16.01.02.222002.html", "clean_after_upload": false}, "version": 28, "at": 1736521262.225369}
{"obj": {"type": "LogStrings", "path": ["monitoring", "745901c1", "stdout"], "values": [{"value": "5", "step": null, "ts": 1736521262.256212}]}, "version": 29, "at": 1736521262.2562501}
{"obj": {"type": "LogStrings", "path": ["monitoring", "745901c1", "stdout"], "values": [{"value": "\n", "step": null, "ts": 1736521262.257639}]}, "version": 30, "at": 1736521262.257664}
{"obj": {"type": "LogStrings", "path": ["monitoring", "745901c1", "stdout"], "values": [{"value": "Applying Nested Combat...", "step": null, "ts": 1736521262.257762}]}, "version": 31, "at": 1736521262.257779}
{"obj": {"type": "LogStrings", "path": ["monitoring", "745901c1", "stdout"], "values": [{"value": "\n", "step": null, "ts": 1736521262.257845}]}, "version": 32, "at": 1736521262.2578602}
{"obj": {"type": "LogStrings", "path": ["monitoring", "745901c1", "stderr"], "values": [{"value": "/Users/saraiva/PycharmProjects/LTBio/phd_journal/24_12_03/combat_variations.py:38: SettingWithCopyWarning: \nA value is trying to be set on a copy of a slice from a DataFrame\n\nSee the caveats in the documentation: https://pandas.pydata.org/pandas-docs/stable/user_guide/indexing.html#returning-a-view-versus-a-copy\n  covariates['GENDER'].replace('M', 1, inplace=True)\n", "step": null, "ts": 1736521262.80736}]}, "version": 33, "at": 1736521262.807453}
{"obj": {"type": "LogStrings", "path": ["monitoring", "745901c1", "stdout"], "values": [{"value": "Covariates:", "step": null, "ts": 1736521262.811604}]}, "version": 34, "at": 1736521262.811637}
{"obj": {"type": "LogStrings", "path": ["monitoring", "745901c1", "stdout"], "values": [{"value": " ", "step": null, "ts": 1736521262.811921}]}, "version": 35, "at": 1736521262.811939}
{"obj": {"type": "LogStrings", "path": ["monitoring", "745901c1", "stderr"], "values": [{"value": "/Users/saraiva/PycharmProjects/LTBio/phd_journal/24_12_03/combat_variations.py:39: SettingWithCopyWarning: \nA value is trying to be set on a copy of a slice from a DataFrame\n\nSee the caveats in the documentation: https://pandas.pydata.org/pandas-docs/stable/user_guide/indexing.html#returning-a-view-versus-a-copy\n  covariates['GENDER'].replace('F', 0, inplace=True)\n", "step": null, "ts": 1736521262.8121128}]}, "version": 36, "at": 1736521262.812129}
{"obj": {"type": "LogStrings", "path": ["monitoring", "745901c1", "stdout"], "values": [{"value": "Index(['SITE', 'GENDER', 'AGE', 'DIAGNOSIS'], dtype='object')", "step": null, "ts": 1736521262.812247}]}, "version": 37, "at": 1736521262.8122618}
{"obj": {"type": "LogStrings", "path": ["monitoring", "745901c1", "stdout"], "values": [{"value": "\n", "step": null, "ts": 1736521262.812355}]}, "version": 38, "at": 1736521262.8123689}
{"obj": {"type": "LogStrings", "path": ["monitoring", "745901c1", "stderr"], "values": [{"value": "/Users/saraiva/PycharmProjects/LTBio/phd_journal/24_12_03/combat_variations.py:208: SettingWithCopyWarning: \nA value is trying to be set on a copy of a slice from a DataFrame\n\nSee the caveats in the documentation: https://pandas.pydata.org/pandas-docs/stable/user_guide/indexing.html#returning-a-view-versus-a-copy\n  covariates.dropna(inplace=True, axis=0)\n", "step": null, "ts": 1736521262.832756}]}, "version": 39, "at": 1736521262.83279}
{"obj": {"type": "LogStrings", "path": ["monitoring", "745901c1", "stderr"], "values": [{"value": "Traceback (most recent call last):\n", "step": null, "ts": 1736521262.943491}]}, "version": 40, "at": 1736521262.943522}
{"obj": {"type": "LogStrings", "path": ["monitoring", "745901c1", "stderr"], "values": [{"value": "", "step": null, "ts": 1736521262.943786}]}, "version": 41, "at": 1736521262.943806}
{"obj": {"type": "LogStrings", "path": ["monitoring", "745901c1", "stderr"], "values": [{"value": "  File \"/Users/saraiva/PycharmProjects/LTBio/phd_journal/24_12_03/paper_results_images_each_variant.py\", line 73, in <module>\n    make_results(run, out_path, list(dataset_combination), variant, cov_age, cov_gender, cov_education, cov_diagnosis, MMSE_criteria, MoCA_criteria, n_pc)\n", "step": null, "ts": 1736521262.943934}]}, "version": 42, "at": 1736521262.9439511}
{"obj": {"type": "LogStrings", "path": ["monitoring", "745901c1", "stderr"], "values": [{"value": "", "step": null, "ts": 1736521262.944022}]}, "version": 43, "at": 1736521262.9440372}
{"obj": {"type": "LogStrings", "path": ["monitoring", "745901c1", "stderr"], "values": [{"value": "  File \"/Users/saraiva/PycharmProjects/LTBio/phd_journal/24_12_03/paper_results_each_variant.py\", line 78, in make_results\n    datasets, dist_parameters = apply_combat(run, datasets, datasets_metadata, _out_path=variation_out_path,\n", "step": null, "ts": 1736521262.944101}]}, "version": 44, "at": 1736521262.944115}
{"obj": {"type": "LogStrings", "path": ["monitoring", "745901c1", "stderr"], "values": [{"value": "", "step": null, "ts": 1736521262.944431}]}, "version": 45, "at": 1736521262.944452}
{"obj": {"type": "LogStrings", "path": ["monitoring", "745901c1", "stderr"], "values": [{"value": "  File \"/Users/saraiva/PycharmProjects/LTBio/phd_journal/24_12_03/processing.py\", line 90, in apply_combat\n    X, dist_parameters = nested_combat(X, all_metadata, gmm_type='+', _out_path=_out_path,\n", "step": null, "ts": 1736521262.944531}]}, "version": 46, "at": 1736521262.9445472}
{"obj": {"type": "LogStrings", "path": ["monitoring", "745901c1", "stderr"], "values": [{"value": "", "step": null, "ts": 1736521262.9446132}]}, "version": 47, "at": 1736521262.944627}
{"obj": {"type": "LogStrings", "path": ["monitoring", "745901c1", "stderr"], "values": [{"value": "  File \"/Users/saraiva/PycharmProjects/LTBio/phd_journal/24_12_03/combat_variations.py\", line 225, in nested_combat\n    instrumentation_by_sample = covariates['SITE'].map(instrumentation).apply(pd.Series)\n", "step": null, "ts": 1736521262.9446862}]}, "version": 48, "at": 1736521262.9446988}
{"obj": {"type": "LogStrings", "path": ["monitoring", "745901c1", "stderr"], "values": [{"value": "", "step": null, "ts": 1736521262.944756}]}, "version": 49, "at": 1736521262.94477}
{"obj": {"type": "LogStrings", "path": ["monitoring", "745901c1", "stderr"], "values": [{"value": "  File \"/Users/saraiva/PycharmProjects/LTBio/venv/lib/python3.10/site-packages/pandas/core/series.py\", line 4433, in apply\n    return SeriesApply(self, func, convert_dtype, args, kwargs).apply()\n", "step": null, "ts": 1736521262.9448261}]}, "version": 50, "at": 1736521262.944839}
{"obj": {"type": "LogStrings", "path": ["monitoring", "745901c1", "stderr"], "values": [{"value": "", "step": null, "ts": 1736521262.9448938}]}, "version": 51, "at": 1736521262.944907}
{"obj": {"type": "LogStrings", "path": ["monitoring", "745901c1", "stderr"], "values": [{"value": "  File \"/Users/saraiva/PycharmProjects/LTBio/venv/lib/python3.10/site-packages/pandas/core/apply.py\", line 1082, in apply\n    return self.apply_standard()\n", "step": null, "ts": 1736521262.944963}]}, "version": 52, "at": 1736521262.9449751}
{"obj": {"type": "LogStrings", "path": ["monitoring", "745901c1", "stderr"], "values": [{"value": "", "step": null, "ts": 1736521262.945032}]}, "version": 53, "at": 1736521262.945044}
{"obj": {"type": "LogStrings", "path": ["monitoring", "745901c1", "stderr"], "values": [{"value": "  File \"/Users/saraiva/PycharmProjects/LTBio/venv/lib/python3.10/site-packages/pandas/core/apply.py\", line 1137, in apply_standard\n    mapped = lib.map_infer(\n", "step": null, "ts": 1736521262.945101}]}, "version": 54, "at": 1736521262.9451141}
{"obj": {"type": "LogStrings", "path": ["monitoring", "745901c1", "stdout"], "values": [{"value": "[neptune] [info   ] Shutting down background jobs, please wait a moment...\n", "step": null, "ts": 1736521262.945185}]}, "version": 55, "at": 1736521262.9452019}
{"obj": {"type": "LogStrings", "path": ["monitoring", "745901c1", "stderr"], "values": [{"value": "", "step": null, "ts": 1736521262.9453309}]}, "version": 56, "at": 1736521262.945347}
{"obj": {"type": "LogStrings", "path": ["monitoring", "745901c1", "stderr"], "values": [{"value": "  File \"pandas/_libs/lib.pyx\", line 2870, in pandas._libs.lib.map_infer\n", "step": null, "ts": 1736521262.945407}]}, "version": 57, "at": 1736521262.94542}
{"obj": {"type": "LogStrings", "path": ["monitoring", "745901c1", "stderr"], "values": [{"value": "", "step": null, "ts": 1736521262.9454741}]}, "version": 58, "at": 1736521262.945487}
{"obj": {"type": "LogStrings", "path": ["monitoring", "745901c1", "stderr"], "values": [{"value": "  File \"/Users/saraiva/PycharmProjects/LTBio/venv/lib/python3.10/site-packages/pandas/core/series.py\", line 417, in __init__\n    data, index = self._init_dict(data, index, dtype)\n", "step": null, "ts": 1736521262.945539}]}, "version": 59, "at": 1736521262.9455519}
{"obj": {"type": "LogStrings", "path": ["monitoring", "745901c1", "stderr"], "values": [{"value": "", "step": null, "ts": 1736521262.945606}]}, "version": 60, "at": 1736521262.9456189}
{"obj": {"type": "LogStrings", "path": ["monitoring", "745901c1", "stderr"], "values": [{"value": "  File \"/Users/saraiva/PycharmProjects/LTBio/venv/lib/python3.10/site-packages/pandas/core/series.py\", line 506, in _init_dict\n    s = create_series_with_explicit_dtype(\n", "step": null, "ts": 1736521262.945674}]}, "version": 61, "at": 1736521262.945687}
{"obj": {"type": "LogStrings", "path": ["monitoring", "745901c1", "stderr"], "values": [{"value": "", "step": null, "ts": 1736521262.94574}]}, "version": 62, "at": 1736521262.945753}
{"obj": {"type": "LogStrings", "path": ["monitoring", "745901c1", "stderr"], "values": [{"value": "  File \"/Users/saraiva/PycharmProjects/LTBio/venv/lib/python3.10/site-packages/pandas/core/construction.py\", line 856, in create_series_with_explicit_dtype\n    return Series(\n", "step": null, "ts": 1736521262.9458072}]}, "version": 63, "at": 1736521262.945821}
{"obj": {"type": "LogStrings", "path": ["monitoring", "745901c1", "stderr"], "values": [{"value": "", "step": null, "ts": 1736521262.945874}]}, "version": 64, "at": 1736521262.945886}
{"obj": {"type": "LogStrings", "path": ["monitoring", "745901c1", "stderr"], "values": [{"value": "  File \"/Users/saraiva/PycharmProjects/LTBio/venv/lib/python3.10/site-packages/pandas/core/series.py\", line 460, in __init__\n    self.name = name\n", "step": null, "ts": 1736521262.9459388}]}, "version": 65, "at": 1736521262.945952}
{"obj": {"type": "LogStrings", "path": ["monitoring", "745901c1", "stderr"], "values": [{"value": "", "step": null, "ts": 1736521262.946004}]}, "version": 66, "at": 1736521262.946016}
{"obj": {"type": "LogStrings", "path": ["monitoring", "745901c1", "stderr"], "values": [{"value": "  File \"/Users/saraiva/PycharmProjects/LTBio/venv/lib/python3.10/site-packages/pandas/core/generic.py\", line 5597, in __setattr__\n    object.__setattr__(self, name, value)\n", "step": null, "ts": 1736521262.946068}]}, "version": 67, "at": 1736521262.94608}
{"obj": {"type": "LogStrings", "path": ["monitoring", "745901c1", "stderr"], "values": [{"value": "", "step": null, "ts": 1736521262.946132}]}, "version": 68, "at": 1736521262.946145}
{"obj": {"type": "LogStrings", "path": ["monitoring", "745901c1", "stderr"], "values": [{"value": "  File \"/Users/saraiva/PycharmProjects/LTBio/venv/lib/python3.10/site-packages/pandas/core/series.py\", line 640, in name\n    @name.setter\n", "step": null, "ts": 1736521262.946197}]}, "version": 69, "at": 1736521262.9462101}
{"obj": {"type": "LogStrings", "path": ["monitoring", "745901c1", "stderr"], "values": [{"value": "", "step": null, "ts": 1736521262.9462662}]}, "version": 70, "at": 1736521262.9462779}
{"obj": {"type": "LogStrings", "path": ["monitoring", "745901c1", "stderr"], "values": [{"value": "KeyboardInterrupt\n", "step": null, "ts": 1736521262.94633}]}, "version": 71, "at": 1736521262.946343}
{"obj": {"type": "LogStrings", "path": ["monitoring", "745901c1", "stderr"], "values": [{"value": "", "step": null, "ts": 1736521262.9463968}]}, "version": 72, "at": 1736521262.94641}
