{"obj": {"type": "AssignString", "path": ["sys", "name"], "value": "no name"}, "version": 1, "at": 1740575509.232417}
{"obj": {"type": "AssignString", "path": ["sys", "description"], "value": ""}, "version": 2, "at": 1740575509.232867}
{"obj": {"type": "AssignString", "path": ["monitoring", "ec6402cc", "hostname"], "value": "dc82c50b-0c3a-4156-92a7-9794208d46df.fritz.box"}, "version": 3, "at": 1740575509.233084}
{"obj": {"type": "AssignString", "path": ["sys", "hostname"], "value": "dc82c50b-0c3a-4156-92a7-9794208d46df.fritz.box"}, "version": 4, "at": 1740575509.233265}
{"obj": {"type": "AssignString", "path": ["monitoring", "ec6402cc", "pid"], "value": "1988"}, "version": 5, "at": 1740575509.233454}
{"obj": {"type": "AssignString", "path": ["monitoring", "ec6402cc", "tid"], "value": "8454731840"}, "version": 6, "at": 1740575509.23363}
{"obj": {"type": "AddStrings", "path": ["sys", "tags"], "values": ["Newcastle", "6 datasets", "Istambul", "Izmir", "Miltiadous", "BrainLat:AR", "BrainLat:CL", "mmse gap 24-26", "covariates eval"]}, "version": 7, "at": 1740575509.233833}
{"obj": {"type": "AssignBool", "path": ["sys", "failed"], "value": false}, "version": 8, "at": 1740575509.233948}
{"obj": {"type": "ClearStringLog", "path": ["monitoring", "ec6402cc", "stdout"]}, "version": 9, "at": 1740575509.234136}
{"obj": {"type": "ClearStringLog", "path": ["monitoring", "ec6402cc", "stderr"]}, "version": 10, "at": 1740575509.234266}
{"obj": {"type": "AssignString", "path": ["source_code", "entrypoint"], "value": "paper_results_images_each_variant.py"}, "version": 11, "at": 1740575509.235731}
{"obj": {"type": "UploadFileSet", "path": ["source_code", "files"], "file_globs": ["/Users/saraiva/PycharmProjects/LTBio/phd_journal/24_12_03/*.py"], "reset": "False"}, "version": 12, "at": 1740575509.235937}
{"obj": {"type": "UploadFile", "path": ["source_code", "diff"], "ext": "patch", "file_path": null, "tmp_file_name": "source_code_diff-1740575509.326536-2025-02-26_14.11.49.326536.patch", "clean_after_upload": false}, "version": 13, "at": 1740575509.326936}
{"obj": {"type": "ConfigFloatSeries", "path": ["monitoring", "ec6402cc", "cpu"], "min": 0.0, "max": 100.0, "unit": "%"}, "version": 14, "at": 1740575509.338681}
{"obj": {"type": "ClearFloatLog", "path": ["monitoring", "ec6402cc", "cpu"]}, "version": 15, "at": 1740575509.338838}
{"obj": {"type": "LogStrings", "path": ["monitoring", "ec6402cc", "stderr"], "values": [{"value": "[neptune] [warning] /Users/saraiva/PycharmProjects/LTBio/phd_journal/24_12_03/paper_results_images_each_variant.py:43: NeptuneWarning: Info (NVML): NVML Shared Library Not Found. GPU usage metrics may not be reported. For more information, see https://docs.neptune.ai/help/nvml_error/\n", "step": null, "ts": 1740575509.3389099}]}, "version": 16, "at": 1740575509.338946}
{"obj": {"type": "ConfigFloatSeries", "path": ["monitoring", "ec6402cc", "memory"], "min": 0.0, "max": 16.0, "unit": "GB"}, "version": 17, "at": 1740575509.339079}
{"obj": {"type": "ClearFloatLog", "path": ["monitoring", "ec6402cc", "memory"]}, "version": 18, "at": 1740575509.339113}
{"obj": {"type": "LogFloats", "path": ["monitoring", "ec6402cc", "cpu"], "values": [{"value": 37.7, "step": null, "ts": 1740575509.3394072}]}, "version": 19, "at": 1740575509.3395681}
{"obj": {"type": "AssignString", "path": ["datasets", "combination"], "value": "['Izmir', 'Newcastle', 'Miltiadous', 'Istambul', 'BrainLat:CL', 'BrainLat:AR']"}, "version": 20, "at": 1740575509.340081}
{"obj": {"type": "LogFloats", "path": ["monitoring", "ec6402cc", "memory"], "values": [{"value": 10.7760009765625, "step": null, "ts": 1740575509.3394072}]}, "version": 21, "at": 1740575509.340199}
{"obj": {"type": "LogStrings", "path": ["monitoring", "ec6402cc", "stdout"], "values": [{"value": "cov_age: True, cov_gender: True, cov_education: True, cov_diagnosis: True", "step": null, "ts": 1740575509.340673}]}, "version": 22, "at": 1740575509.3406951}
{"obj": {"type": "LogStrings", "path": ["monitoring", "ec6402cc", "stdout"], "values": [{"value": "\n", "step": null, "ts": 1740575509.340827}]}, "version": 23, "at": 1740575509.340843}
{"obj": {"type": "AssignString", "path": ["datasets", "criteria"], "value": "AD criteria: AD & (MMSE<=23 | MoCA<=18)\nHC criteria: HC & (MMSE>=27 | MoCA>=24)"}, "version": 24, "at": 1740575509.624767}
{"obj": {"type": "UploadFile", "path": ["datasets", "before", "Izmir"], "ext": "html", "file_path": null, "tmp_file_name": "datasets_before_Izmir-1740575509.694354-2025-02-26_14.11.49.694354.html", "clean_after_upload": false}, "version": 25, "at": 1740575509.695273}
{"obj": {"type": "UploadFile", "path": ["datasets", "before", "Newcastle"], "ext": "html", "file_path": null, "tmp_file_name": "datasets_before_Newcastle-1740575509.732386-2025-02-26_14.11.49.732386.html", "clean_after_upload": false}, "version": 26, "at": 1740575509.732716}
{"obj": {"type": "UploadFile", "path": ["datasets", "before", "Miltiadous"], "ext": "html", "file_path": null, "tmp_file_name": "datasets_before_Miltiadous-1740575509.795773-2025-02-26_14.11.49.795773.html", "clean_after_upload": false}, "version": 27, "at": 1740575509.796866}
{"obj": {"type": "UploadFile", "path": ["datasets", "before", "Istambul"], "ext": "html", "file_path": null, "tmp_file_name": "datasets_before_Istambul-1740575509.859076-2025-02-26_14.11.49.859076.html", "clean_after_upload": false}, "version": 28, "at": 1740575509.860023}
{"obj": {"type": "UploadFile", "path": ["datasets", "before", "BrainLat:CL"], "ext": "html", "file_path": null, "tmp_file_name": "datasets_before_BrainLat:CL-1740575509.883765-2025-02-26_14.11.49.883765.html", "clean_after_upload": false}, "version": 29, "at": 1740575509.884206}
{"obj": {"type": "UploadFile", "path": ["datasets", "before", "BrainLat:AR"], "ext": "html", "file_path": null, "tmp_file_name": "datasets_before_BrainLat:AR-1740575509.919643-2025-02-26_14.11.49.919643.html", "clean_after_upload": false}, "version": 30, "at": 1740575509.920208}
{"obj": {"type": "LogStrings", "path": ["monitoring", "ec6402cc", "stdout"], "values": [{"value": "3", "step": null, "ts": 1740575509.928927}]}, "version": 31, "at": 1740575509.928989}
{"obj": {"type": "LogStrings", "path": ["monitoring", "ec6402cc", "stdout"], "values": [{"value": "\n", "step": null, "ts": 1740575509.9330099}]}, "version": 32, "at": 1740575509.933104}
{"obj": {"type": "LogStrings", "path": ["monitoring", "ec6402cc", "stdout"], "values": [{"value": "Applying NeuroHarmonize...", "step": null, "ts": 1740575509.93362}]}, "version": 33, "at": 1740575509.933642}
{"obj": {"type": "LogStrings", "path": ["monitoring", "ec6402cc", "stdout"], "values": [{"value": "\n", "step": null, "ts": 1740575509.934006}]}, "version": 34, "at": 1740575509.934036}
{"obj": {"type": "LogStrings", "path": ["monitoring", "ec6402cc", "stderr"], "values": [{"value": "/Users/saraiva/PycharmProjects/LTBio/phd_journal/24_12_03/combat_variations.py:40: SettingWithCopyWarning: \nA value is trying to be set on a copy of a slice from a DataFrame\n\nSee the caveats in the documentation: https://pandas.pydata.org/pandas-docs/stable/user_guide/indexing.html#returning-a-view-versus-a-copy\n  covariates['GENDER'].replace('M', 1, inplace=True)\n", "step": null, "ts": 1740575510.220242}]}, "version": 35, "at": 1740575510.220278}
{"obj": {"type": "LogStrings", "path": ["monitoring", "ec6402cc", "stderr"], "values": [{"value": "/Users/saraiva/PycharmProjects/LTBio/phd_journal/24_12_03/combat_variations.py:41: SettingWithCopyWarning: \nA value is trying to be set on a copy of a slice from a DataFrame\n\nSee the caveats in the documentation: https://pandas.pydata.org/pandas-docs/stable/user_guide/indexing.html#returning-a-view-versus-a-copy\n  covariates['GENDER'].replace('F', 0, inplace=True)\n", "step": null, "ts": 1740575510.22108}]}, "version": 36, "at": 1740575510.221101}
{"obj": {"type": "LogStrings", "path": ["monitoring", "ec6402cc", "stdout"], "values": [{"value": "Covariates:", "step": null, "ts": 1740575510.221963}]}, "version": 37, "at": 1740575510.221987}
{"obj": {"type": "LogStrings", "path": ["monitoring", "ec6402cc", "stdout"], "values": [{"value": " ", "step": null, "ts": 1740575510.22221}]}, "version": 38, "at": 1740575510.2222269}
{"obj": {"type": "LogStrings", "path": ["monitoring", "ec6402cc", "stdout"], "values": [{"value": "Index(['SITE', 'GENDER', 'AGE', 'EDUCATION YEARS', 'DIAGNOSIS'], dtype='object')", "step": null, "ts": 1740575510.2223492}]}, "version": 39, "at": 1740575510.2223701}
{"obj": {"type": "LogStrings", "path": ["monitoring", "ec6402cc", "stdout"], "values": [{"value": "\n", "step": null, "ts": 1740575510.2225301}]}, "version": 40, "at": 1740575510.2225652}
{"obj": {"type": "LogStrings", "path": ["monitoring", "ec6402cc", "stderr"], "values": [{"value": "/Users/saraiva/PycharmProjects/LTBio/phd_journal/24_12_03/combat_variations.py:133: SettingWithCopyWarning: \nA value is trying to be set on a copy of a slice from a DataFrame\n\nSee the caveats in the documentation: https://pandas.pydata.org/pandas-docs/stable/user_guide/indexing.html#returning-a-view-versus-a-copy\n  covariates['DIAGNOSIS'].replace('AD', 1, inplace=True)\n", "step": null, "ts": 1740575510.224161}]}, "version": 41, "at": 1740575510.224214}
{"obj": {"type": "LogStrings", "path": ["monitoring", "ec6402cc", "stderr"], "values": [{"value": "/Users/saraiva/PycharmProjects/LTBio/phd_journal/24_12_03/combat_variations.py:134: SettingWithCopyWarning: \nA value is trying to be set on a copy of a slice from a DataFrame\n\nSee the caveats in the documentation: https://pandas.pydata.org/pandas-docs/stable/user_guide/indexing.html#returning-a-view-versus-a-copy\n  covariates['DIAGNOSIS'].replace('HC', 0, inplace=True)\n", "step": null, "ts": 1740575510.226138}]}, "version": 42, "at": 1740575510.226167}
{"obj": {"type": "LogStrings", "path": ["monitoring", "ec6402cc", "stderr"], "values": [{"value": "/Users/saraiva/PycharmProjects/LTBio/phd_journal/24_12_03/combat_variations.py:137: SettingWithCopyWarning: \nA value is trying to be set on a copy of a slice from a DataFrame\n\nSee the caveats in the documentation: https://pandas.pydata.org/pandas-docs/stable/user_guide/indexing.html#returning-a-view-versus-a-copy\n  covariates.dropna(inplace=True, axis=0)\n", "step": null, "ts": 1740575510.230231}]}, "version": 43, "at": 1740575510.230263}
{"obj": {"type": "LogStrings", "path": ["monitoring", "ec6402cc", "stdout"], "values": [{"value": "Backend MacOSX is interactive backend. Turning interactive mode on.\n", "step": null, "ts": 1740575510.231551}]}, "version": 44, "at": 1740575510.231584}
{"obj": {"type": "LogFloats", "path": ["monitoring", "ec6402cc", "cpu"], "values": [{"value": 27.7, "step": null, "ts": 1740575519.342253}]}, "version": 45, "at": 1740575519.342443}
{"obj": {"type": "LogFloats", "path": ["monitoring", "ec6402cc", "memory"], "values": [{"value": 10.690460205078125, "step": null, "ts": 1740575519.342253}]}, "version": 46, "at": 1740575519.342666}
{"obj": {"type": "LogFloats", "path": ["monitoring", "ec6402cc", "cpu"], "values": [{"value": 15.9, "step": null, "ts": 1740575529.3447711}]}, "version": 47, "at": 1740575529.3454888}
{"obj": {"type": "LogFloats", "path": ["monitoring", "ec6402cc", "memory"], "values": [{"value": 10.720657348632812, "step": null, "ts": 1740575529.3447711}]}, "version": 48, "at": 1740575529.345831}
{"obj": {"type": "LogFloats", "path": ["monitoring", "ec6402cc", "cpu"], "values": [{"value": 8.3, "step": null, "ts": 1740575539.351028}]}, "version": 49, "at": 1740575539.352566}
{"obj": {"type": "LogFloats", "path": ["monitoring", "ec6402cc", "memory"], "values": [{"value": 10.675949096679688, "step": null, "ts": 1740575539.351028}]}, "version": 50, "at": 1740575539.353602}
{"obj": {"type": "LogFloats", "path": ["monitoring", "ec6402cc", "cpu"], "values": [{"value": 9.1, "step": null, "ts": 1740575549.3543339}]}, "version": 51, "at": 1740575549.354614}
{"obj": {"type": "LogFloats", "path": ["monitoring", "ec6402cc", "memory"], "values": [{"value": 10.702102661132812, "step": null, "ts": 1740575549.3543339}]}, "version": 52, "at": 1740575549.3548748}
{"obj": {"type": "LogFloats", "path": ["monitoring", "ec6402cc", "cpu"], "values": [{"value": 15.5, "step": null, "ts": 1740575559.355166}]}, "version": 53, "at": 1740575559.3553522}
{"obj": {"type": "LogFloats", "path": ["monitoring", "ec6402cc", "memory"], "values": [{"value": 10.658035278320312, "step": null, "ts": 1740575559.355166}]}, "version": 54, "at": 1740575559.355497}
{"obj": {"type": "LogFloats", "path": ["monitoring", "ec6402cc", "cpu"], "values": [{"value": 9.7, "step": null, "ts": 1740575569.360689}]}, "version": 55, "at": 1740575569.362186}
{"obj": {"type": "LogFloats", "path": ["monitoring", "ec6402cc", "memory"], "values": [{"value": 10.624191284179688, "step": null, "ts": 1740575569.360689}]}, "version": 56, "at": 1740575569.363296}
{"obj": {"type": "LogFloats", "path": ["monitoring", "ec6402cc", "cpu"], "values": [{"value": 7.2, "step": null, "ts": 1740575579.368021}]}, "version": 57, "at": 1740575579.368434}
{"obj": {"type": "LogFloats", "path": ["monitoring", "ec6402cc", "memory"], "values": [{"value": 10.62091064453125, "step": null, "ts": 1740575579.368021}]}, "version": 58, "at": 1740575579.368766}
{"obj": {"type": "LogFloats", "path": ["monitoring", "ec6402cc", "cpu"], "values": [{"value": 9.6, "step": null, "ts": 1740575589.373489}]}, "version": 59, "at": 1740575589.374849}
{"obj": {"type": "LogFloats", "path": ["monitoring", "ec6402cc", "memory"], "values": [{"value": 10.630859375, "step": null, "ts": 1740575589.373489}]}, "version": 60, "at": 1740575589.3757498}
{"obj": {"type": "LogFloats", "path": ["monitoring", "ec6402cc", "cpu"], "values": [{"value": 14.6, "step": null, "ts": 1740575599.376493}]}, "version": 61, "at": 1740575599.376878}
{"obj": {"type": "LogFloats", "path": ["monitoring", "ec6402cc", "memory"], "values": [{"value": 10.653289794921875, "step": null, "ts": 1740575599.376493}]}, "version": 62, "at": 1740575599.377192}
{"obj": {"type": "LogFloats", "path": ["monitoring", "ec6402cc", "cpu"], "values": [{"value": 8.2, "step": null, "ts": 1740575609.382449}]}, "version": 63, "at": 1740575609.38387}
{"obj": {"type": "LogFloats", "path": ["monitoring", "ec6402cc", "memory"], "values": [{"value": 10.624496459960938, "step": null, "ts": 1740575609.382449}]}, "version": 64, "at": 1740575609.385466}
{"obj": {"type": "LogFloats", "path": ["monitoring", "ec6402cc", "cpu"], "values": [{"value": 7.3, "step": null, "ts": 1740575619.3901298}]}, "version": 65, "at": 1740575619.391548}
{"obj": {"type": "LogFloats", "path": ["monitoring", "ec6402cc", "memory"], "values": [{"value": 10.63385009765625, "step": null, "ts": 1740575619.3901298}]}, "version": 66, "at": 1740575619.39265}
{"obj": {"type": "LogFloats", "path": ["monitoring", "ec6402cc", "cpu"], "values": [{"value": 8.1, "step": null, "ts": 1740575629.3940532}]}, "version": 67, "at": 1740575629.395534}
{"obj": {"type": "LogFloats", "path": ["monitoring", "ec6402cc", "memory"], "values": [{"value": 10.60626220703125, "step": null, "ts": 1740575629.3940532}]}, "version": 68, "at": 1740575629.396574}
{"obj": {"type": "LogFloats", "path": ["monitoring", "ec6402cc", "cpu"], "values": [{"value": 9.1, "step": null, "ts": 1740575639.39769}]}, "version": 69, "at": 1740575639.3981152}
{"obj": {"type": "LogFloats", "path": ["monitoring", "ec6402cc", "memory"], "values": [{"value": 10.614990234375, "step": null, "ts": 1740575639.39769}]}, "version": 70, "at": 1740575639.398508}
{"obj": {"type": "LogFloats", "path": ["monitoring", "ec6402cc", "cpu"], "values": [{"value": 9.2, "step": null, "ts": 1740575649.403735}]}, "version": 71, "at": 1740575649.404624}
{"obj": {"type": "LogFloats", "path": ["monitoring", "ec6402cc", "memory"], "values": [{"value": 10.619415283203125, "step": null, "ts": 1740575649.403735}]}, "version": 72, "at": 1740575649.405205}
{"obj": {"type": "LogFloats", "path": ["monitoring", "ec6402cc", "cpu"], "values": [{"value": 5.8, "step": null, "ts": 1740575659.4104}]}, "version": 73, "at": 1740575659.4109702}
{"obj": {"type": "LogFloats", "path": ["monitoring", "ec6402cc", "memory"], "values": [{"value": 10.594558715820312, "step": null, "ts": 1740575659.4104}]}, "version": 74, "at": 1740575659.411508}
{"obj": {"type": "LogFloats", "path": ["monitoring", "ec6402cc", "cpu"], "values": [{"value": 22.8, "step": null, "ts": 1740575669.4663281}]}, "version": 75, "at": 1740575669.46655}
{"obj": {"type": "LogFloats", "path": ["monitoring", "ec6402cc", "memory"], "values": [{"value": 10.62738037109375, "step": null, "ts": 1740575669.4663281}]}, "version": 76, "at": 1740575669.466731}
