{"obj": {"type": "AssignString", "path": ["sys", "name"], "value": "no name"}, "version": 1, "at": 1740652604.548683}
{"obj": {"type": "AssignString", "path": ["sys", "description"], "value": ""}, "version": 2, "at": 1740652604.5489001}
{"obj": {"type": "AssignString", "path": ["monitoring", "a5d100ea", "hostname"], "value": "Macmini.fritz.box"}, "version": 3, "at": 1740652604.548985}
{"obj": {"type": "AssignString", "path": ["sys", "hostname"], "value": "Macmini.fritz.box"}, "version": 4, "at": 1740652604.549047}
{"obj": {"type": "AssignString", "path": ["monitoring", "a5d100ea", "pid"], "value": "2421"}, "version": 5, "at": 1740652604.549106}
{"obj": {"type": "AssignString", "path": ["monitoring", "a5d100ea", "tid"], "value": "8272164928"}, "version": 6, "at": 1740652604.549163}
{"obj": {"type": "AddStrings", "path": ["sys", "tags"], "values": ["Istambul", "Miltiadous", "Izmir", "mmse gap 24-26", "Newcastle", "6 datasets", "BrainLat:AR", "BrainLat:CL"]}, "version": 7, "at": 1740652604.549268}
{"obj": {"type": "AssignBool", "path": ["sys", "failed"], "value": false}, "version": 8, "at": 1740652604.549324}
{"obj": {"type": "ClearStringLog", "path": ["monitoring", "a5d100ea", "stdout"]}, "version": 9, "at": 1740652604.549414}
{"obj": {"type": "ClearStringLog", "path": ["monitoring", "a5d100ea", "stderr"]}, "version": 10, "at": 1740652604.5494652}
{"obj": {"type": "AssignString", "path": ["source_code", "entrypoint"], "value": "paper_results_images_each_variant.py"}, "version": 11, "at": 1740652604.550139}
{"obj": {"type": "UploadFileSet", "path": ["source_code", "files"], "file_globs": ["/Users/saraiva/PycharmProjects/LTBio/phd_journal/24_12_03/*.py"], "reset": "False"}, "version": 12, "at": 1740652604.550242}
{"obj": {"type": "UploadFile", "path": ["source_code", "diff"], "ext": "patch", "file_path": null, "tmp_file_name": "source_code_diff-1740652605.076007-2025-02-27_11.36.45.076007.patch", "clean_after_upload": false}, "version": 13, "at": 1740652605.07725}
{"obj": {"type": "UploadFile", "path": ["source_code", "upstream_diff_3b418be51d27388452aa285d9c0c7a3f33a203ee"], "ext": "patch", "file_path": null, "tmp_file_name": "source_code_upstream_diff_3b418be51d27388452aa285d9c0c7a3f33a203ee-1740652605.082621-2025-02-27_11.36.45.082621.patch", "clean_after_upload": false}, "version": 14, "at": 1740652605.084759}
{"obj": {"type": "ConfigFloatSeries", "path": ["monitoring", "a5d100ea", "cpu"], "min": 0.0, "max": 100.0, "unit": "%"}, "version": 15, "at": 1740652605.0925078}
{"obj": {"type": "ClearFloatLog", "path": ["monitoring", "a5d100ea", "cpu"]}, "version": 16, "at": 1740652605.092586}
{"obj": {"type": "LogStrings", "path": ["monitoring", "a5d100ea", "stderr"], "values": [{"value": "[neptune] [warning] /Users/saraiva/PycharmProjects/LTBio/phd_journal/24_12_03/paper_results_images_each_variant.py:52: NeptuneWarning: Info (NVML): NVML Shared Library Not Found. GPU usage metrics may not be reported. For more information, see https://docs.neptune.ai/help/nvml_error/\n", "step": null, "ts": 1740652605.0927}]}, "version": 17, "at": 1740652605.092719}
{"obj": {"type": "ConfigFloatSeries", "path": ["monitoring", "a5d100ea", "memory"], "min": 0.0, "max": 16.0, "unit": "GB"}, "version": 18, "at": 1740652605.092778}
{"obj": {"type": "ClearFloatLog", "path": ["monitoring", "a5d100ea", "memory"]}, "version": 19, "at": 1740652605.0928}
{"obj": {"type": "LogFloats", "path": ["monitoring", "a5d100ea", "cpu"], "values": [{"value": 14.2, "step": null, "ts": 1740652605.092871}]}, "version": 20, "at": 1740652605.0929549}
{"obj": {"type": "LogFloats", "path": ["monitoring", "a5d100ea", "memory"], "values": [{"value": 11.823959350585938, "step": null, "ts": 1740652605.092871}]}, "version": 21, "at": 1740652605.093004}
{"obj": {"type": "AssignString", "path": ["datasets", "combination"], "value": "['Izmir', 'Newcastle', 'Miltiadous', 'Istambul', 'BrainLat:CL', 'BrainLat:AR']"}, "version": 22, "at": 1740652605.09322}
{"obj": {"type": "AssignString", "path": ["datasets", "criteria"], "value": "AD criteria: AD & (MMSE<=23 | MoCA<=18)\nHC criteria: HC & (MMSE>=27 | MoCA>=24)"}, "version": 23, "at": 1740652605.125359}
{"obj": {"type": "UploadFile", "path": ["datasets", "before", "Izmir"], "ext": "html", "file_path": null, "tmp_file_name": "datasets_before_Izmir-1740652605.147382-2025-02-27_11.36.45.147382.html", "clean_after_upload": false}, "version": 24, "at": 1740652605.147837}
{"obj": {"type": "UploadFile", "path": ["datasets", "before", "Newcastle"], "ext": "html", "file_path": null, "tmp_file_name": "datasets_before_Newcastle-1740652605.158458-2025-02-27_11.36.45.158458.html", "clean_after_upload": false}, "version": 25, "at": 1740652605.158897}
{"obj": {"type": "UploadFile", "path": ["datasets", "before", "Miltiadous"], "ext": "html", "file_path": null, "tmp_file_name": "datasets_before_Miltiadous-1740652605.175829-2025-02-27_11.36.45.175829.html", "clean_after_upload": false}, "version": 26, "at": 1740652605.176516}
{"obj": {"type": "UploadFile", "path": ["datasets", "before", "Istambul"], "ext": "html", "file_path": null, "tmp_file_name": "datasets_before_Istambul-1740652605.192003-2025-02-27_11.36.45.192003.html", "clean_after_upload": false}, "version": 27, "at": 1740652605.1921768}
{"obj": {"type": "UploadFile", "path": ["datasets", "before", "BrainLat:CL"], "ext": "html", "file_path": null, "tmp_file_name": "datasets_before_BrainLat:CL-1740652605.197758-2025-02-27_11.36.45.197758.html", "clean_after_upload": false}, "version": 28, "at": 1740652605.197896}
{"obj": {"type": "UploadFile", "path": ["datasets", "before", "BrainLat:AR"], "ext": "html", "file_path": null, "tmp_file_name": "datasets_before_BrainLat:AR-1740652605.205626-2025-02-27_11.36.45.205626.html", "clean_after_upload": false}, "version": 29, "at": 1740652605.2058198}
{"obj": {"type": "LogStrings", "path": ["monitoring", "a5d100ea", "stdout"], "values": [{"value": "3", "step": null, "ts": 1740652605.208124}]}, "version": 30, "at": 1740652605.208143}
{"obj": {"type": "LogStrings", "path": ["monitoring", "a5d100ea", "stdout"], "values": [{"value": "\n", "step": null, "ts": 1740652605.2092218}]}, "version": 31, "at": 1740652605.209229}
{"obj": {"type": "LogStrings", "path": ["monitoring", "a5d100ea", "stdout"], "values": [{"value": "Applying NeuroHarmonize...", "step": null, "ts": 1740652605.2093198}]}, "version": 32, "at": 1740652605.209325}
{"obj": {"type": "LogStrings", "path": ["monitoring", "a5d100ea", "stdout"], "values": [{"value": "\n", "step": null, "ts": 1740652605.2093902}]}, "version": 33, "at": 1740652605.209394}
{"obj": {"type": "LogStrings", "path": ["monitoring", "a5d100ea", "stderr"], "values": [{"value": "/Users/saraiva/PycharmProjects/LTBio/phd_journal/24_12_03/combat_variations.py:34: SettingWithCopyWarning: \nA value is trying to be set on a copy of a slice from a DataFrame\n\nSee the caveats in the documentation: https://pandas.pydata.org/pandas-docs/stable/user_guide/indexing.html#returning-a-view-versus-a-copy\n  covariates['GENDER'].replace('M', 1, inplace=True)\n", "step": null, "ts": 1740652605.325035}]}, "version": 34, "at": 1740652605.325054}
{"obj": {"type": "LogStrings", "path": ["monitoring", "a5d100ea", "stdout"], "values": [{"value": "Covariates:", "step": null, "ts": 1740652605.325511}]}, "version": 35, "at": 1740652605.325519}
{"obj": {"type": "LogStrings", "path": ["monitoring", "a5d100ea", "stderr"], "values": [{"value": "/Users/saraiva/PycharmProjects/LTBio/phd_journal/24_12_03/combat_variations.py:35: SettingWithCopyWarning: \nA value is trying to be set on a copy of a slice from a DataFrame\n\nSee the caveats in the documentation: https://pandas.pydata.org/pandas-docs/stable/user_guide/indexing.html#returning-a-view-versus-a-copy\n  covariates['GENDER'].replace('F', 0, inplace=True)\n", "step": null, "ts": 1740652605.325618}]}, "version": 36, "at": 1740652605.3256278}
{"obj": {"type": "LogStrings", "path": ["monitoring", "a5d100ea", "stdout"], "values": [{"value": " ", "step": null, "ts": 1740652605.3257222}]}, "version": 37, "at": 1740652605.325728}
{"obj": {"type": "LogStrings", "path": ["monitoring", "a5d100ea", "stdout"], "values": [{"value": "Index(['SITE', 'GENDER', 'AGE', 'DIAGNOSIS'], dtype='object')", "step": null, "ts": 1740652605.325789}]}, "version": 38, "at": 1740652605.325794}
{"obj": {"type": "LogStrings", "path": ["monitoring", "a5d100ea", "stdout"], "values": [{"value": "\n", "step": null, "ts": 1740652605.325838}]}, "version": 39, "at": 1740652605.3258429}
{"obj": {"type": "LogStrings", "path": ["monitoring", "a5d100ea", "stderr"], "values": [{"value": "/Users/saraiva/PycharmProjects/LTBio/phd_journal/24_12_03/combat_variations.py:127: SettingWithCopyWarning: \nA value is trying to be set on a copy of a slice from a DataFrame\n\nSee the caveats in the documentation: https://pandas.pydata.org/pandas-docs/stable/user_guide/indexing.html#returning-a-view-versus-a-copy\n  covariates['DIAGNOSIS'].replace('AD', 1, inplace=True)\n", "step": null, "ts": 1740652605.326171}]}, "version": 40, "at": 1740652605.326176}
{"obj": {"type": "LogStrings", "path": ["monitoring", "a5d100ea", "stderr"], "values": [{"value": "/Users/saraiva/PycharmProjects/LTBio/phd_journal/24_12_03/combat_variations.py:128: SettingWithCopyWarning: \nA value is trying to be set on a copy of a slice from a DataFrame\n\nSee the caveats in the documentation: https://pandas.pydata.org/pandas-docs/stable/user_guide/indexing.html#returning-a-view-versus-a-copy\n  covariates['DIAGNOSIS'].replace('HC', 0, inplace=True)\n", "step": null, "ts": 1740652605.3267689}]}, "version": 41, "at": 1740652605.3267798}
{"obj": {"type": "LogStrings", "path": ["monitoring", "a5d100ea", "stderr"], "values": [{"value": "/Users/saraiva/PycharmProjects/LTBio/phd_journal/24_12_03/combat_variations.py:131: SettingWithCopyWarning: \nA value is trying to be set on a copy of a slice from a DataFrame\n\nSee the caveats in the documentation: https://pandas.pydata.org/pandas-docs/stable/user_guide/indexing.html#returning-a-view-versus-a-copy\n  covariates.dropna(inplace=True, axis=0)\n", "step": null, "ts": 1740652605.328788}]}, "version": 42, "at": 1740652605.328801}
{"obj": {"type": "LogStrings", "path": ["monitoring", "a5d100ea", "stdout"], "values": [{"value": "\n[neuroHarmonize]: smoothing more than 10 variables may take several minutes of computation.", "step": null, "ts": 1740652605.335144}]}, "version": 43, "at": 1740652605.3351839}
{"obj": {"type": "LogStrings", "path": ["monitoring", "a5d100ea", "stdout"], "values": [{"value": "\n", "step": null, "ts": 1740652605.3372538}]}, "version": 44, "at": 1740652605.3372622}
{"obj": {"type": "LogFloats", "path": ["monitoring", "a5d100ea", "cpu"], "values": [{"value": 97.7, "step": null, "ts": 1740652615.0980968}]}, "version": 45, "at": 1740652615.0983849}
{"obj": {"type": "LogFloats", "path": ["monitoring", "a5d100ea", "memory"], "values": [{"value": 11.822952270507812, "step": null, "ts": 1740652615.0980968}]}, "version": 46, "at": 1740652615.098628}
{"obj": {"type": "LogStrings", "path": ["monitoring", "a5d100ea", "traceback"], "values": [{"value": "An uncaught exception occurred while run was active on worker Macmini.fritz.box.", "step": null, "ts": 1740652618.8449862}, {"value": "Marking run as failed", "step": null, "ts": 1740652618.8449862}, {"value": "Traceback:", "step": null, "ts": 1740652618.8449862}, {"value": "  File \"/Users/saraiva/PycharmProjects/LTBio/phd_journal/24_12_03/paper_results_images_each_variant.py\", line 73, in <module>\n    make_results(run, out_path, list(dataset_combination), variant, cov_age, cov_gender, cov_education, cov_diagnosis, MMSE_criteria, MoCA_criteria, n_pc)\n", "step": null, "ts": 1740652618.8449862}, {"value": "  File \"/Users/saraiva/PycharmProjects/LTBio/phd_journal/24_12_03/paper_results_each_variant.py\", line 78, in make_results\n    datasets, dist_parameters = apply_combat(run, datasets, datasets_metadata, _out_path=variation_out_path,\n", "step": null, "ts": 1740652618.8449862}, {"value": "  File \"/Users/saraiva/PycharmProjects/LTBio/phd_journal/24_12_03/processing.py\", line 81, in apply_combat\n    X, dist_parameters = neuro_harmonize(X, all_metadata, cov_age=cov_age,\n", "step": null, "ts": 1740652618.8449862}, {"value": "  File \"/Users/saraiva/PycharmProjects/LTBio/phd_journal/24_12_03/combat_variations.py\", line 138, in neuro_harmonize\n    combat_model, harmonized_data = harmonizationLearn(data, covariates, smooth_terms=non_linear_covars)\n", "step": null, "ts": 1740652618.8449862}, {"value": "  File \"/Users/saraiva/PycharmProjects/LTBio/venv/lib/python3.10/site-packages/neuroHarmonize/harmonizationLearn.py\", line 192, in harmonizationLearn\n    s_data, stand_mean, var_pooled, mod_mean, B_hat = standardizeAcrossFeatures(\n", "step": null, "ts": 1740652618.8449862}, {"value": "  File \"/Users/saraiva/PycharmProjects/LTBio/venv/lib/python3.10/site-packages/neuroHarmonize/harmonizationLearn.py\", line 309, in standardizeAcrossFeatures\n    gam_bs.alpha = gam_bs.select_penweight_kfold()[0]\n", "step": null, "ts": 1740652618.8449862}, {"value": "  File \"/Users/saraiva/PycharmProjects/LTBio/venv/lib/python3.10/site-packages/statsmodels/gam/generalized_additive_model.py\", line 916, in select_penweight_kfold\n    gam_cv_res = gam_cv.fit()\n", "step": null, "ts": 1740652618.8449862}]}, "version": 47, "at": 1740652618.845022}
{"obj": {"type": "LogStrings", "path": ["monitoring", "a5d100ea", "traceback"], "values": [{"value": "  File \"/Users/saraiva/PycharmProjects/LTBio/venv/lib/python3.10/site-packages/statsmodels/gam/gam_cross_validation/gam_cross_validation.py\", line 205, in fit\n    cv_err = gam_cv.fit(**kwargs)\n", "step": null, "ts": 1740652618.8449862}, {"value": "  File \"/Users/saraiva/PycharmProjects/LTBio/venv/lib/python3.10/site-packages/statsmodels/gam/gam_cross_validation/gam_cross_validation.py\", line 40, in fit\n    cv_err.append(self._error(train_index, test_index, **kwargs))\n", "step": null, "ts": 1740652618.8449862}, {"value": "  File \"/Users/saraiva/PycharmProjects/LTBio/venv/lib/python3.10/site-packages/statsmodels/gam/gam_cross_validation/gam_cross_validation.py\", line 120, in _error\n    gam_res = gam.fit(**kwargs)\n", "step": null, "ts": 1740652618.8449862}, {"value": "  File \"/Users/saraiva/PycharmProjects/LTBio/venv/lib/python3.10/site-packages/statsmodels/gam/generalized_additive_model.py\", line 634, in fit\n    res = self._fit_pirls(self.alpha, start_params=start_params,\n", "step": null, "ts": 1740652618.8449862}, {"value": "  File \"/Users/saraiva/PycharmProjects/LTBio/venv/lib/python3.10/site-packages/statsmodels/gam/generalized_additive_model.py\", line 723, in _fit_pirls\n    wls_results = penalized_wls(wlsendog, wlsexog, spl_s, self.weights)\n", "step": null, "ts": 1740652618.8449862}, {"value": "  File \"/Users/saraiva/PycharmProjects/LTBio/venv/lib/python3.10/site-packages/statsmodels/gam/generalized_additive_model.py\", line 966, in penalized_wls\n    wls_results = lm.WLS(aug_y, aug_x, aug_weights).fit()\n", "step": null, "ts": 1740652618.8449862}, {"value": "  File \"/Users/saraiva/PycharmProjects/LTBio/venv/lib/python3.10/site-packages/statsmodels/regression/linear_model.py\", line 306, in fit\n    self.pinv_wexog, singular_values = pinv_extended(self.wexog)\n", "step": null, "ts": 1740652618.8449862}, {"value": "  File \"/Users/saraiva/PycharmProjects/LTBio/venv/lib/python3.10/site-packages/statsmodels/tools/tools.py\", line 349, in pinv_extended\n    res = np.dot(np.transpose(vt), np.multiply(s[:, np.core.newaxis],\n", "step": null, "ts": 1740652618.8449862}, {"value": "  File \"<__array_function__ internals>\", line 180, in dot\n", "step": null, "ts": 1740652618.8449862}, {"value": "", "step": null, "ts": 1740652618.8449862}]}, "version": 48, "at": 1740652618.845123}
{"obj": {"type": "AssignBool", "path": ["sys", "failed"], "value": true}, "version": 49, "at": 1740652618.845189}
{"obj": {"type": "LogStrings", "path": ["monitoring", "a5d100ea", "stderr"], "values": [{"value": "Traceback (most recent call last):\n", "step": null, "ts": 1740652618.845352}]}, "version": 50, "at": 1740652618.8453891}
{"obj": {"type": "LogStrings", "path": ["monitoring", "a5d100ea", "stderr"], "values": [{"value": "  File \"/Users/saraiva/PycharmProjects/LTBio/phd_journal/24_12_03/paper_results_images_each_variant.py\", line 73, in <module>\n", "step": null, "ts": 1740652618.846008}]}, "version": 51, "at": 1740652618.8460329}
{"obj": {"type": "LogStrings", "path": ["monitoring", "a5d100ea", "stderr"], "values": [{"value": "    ", "step": null, "ts": 1740652618.8465989}]}, "version": 52, "at": 1740652618.8466141}
{"obj": {"type": "LogStrings", "path": ["monitoring", "a5d100ea", "stderr"], "values": [{"value": "make_results(run, out_path, list(dataset_combination), variant, cov_age, cov_gender, cov_education, cov_diagnosis, MMSE_criteria, MoCA_criteria, n_pc)", "step": null, "ts": 1740652618.846685}]}, "version": 53, "at": 1740652618.846692}
{"obj": {"type": "LogStrings", "path": ["monitoring", "a5d100ea", "stderr"], "values": [{"value": "\n", "step": null, "ts": 1740652618.8467321}]}, "version": 54, "at": 1740652618.846737}
{"obj": {"type": "LogStrings", "path": ["monitoring", "a5d100ea", "stderr"], "values": [{"value": "  File \"/Users/saraiva/PycharmProjects/LTBio/phd_journal/24_12_03/paper_results_each_variant.py\", line 78, in make_results\n", "step": null, "ts": 1740652618.846772}]}, "version": 55, "at": 1740652618.8467798}
{"obj": {"type": "LogStrings", "path": ["monitoring", "a5d100ea", "stderr"], "values": [{"value": "    ", "step": null, "ts": 1740652618.8468192}]}, "version": 56, "at": 1740652618.846824}
{"obj": {"type": "LogStrings", "path": ["monitoring", "a5d100ea", "stderr"], "values": [{"value": "datasets, dist_parameters = apply_combat(run, datasets, datasets_metadata, _out_path=variation_out_path,", "step": null, "ts": 1740652618.846859}]}, "version": 57, "at": 1740652618.846863}
{"obj": {"type": "LogStrings", "path": ["monitoring", "a5d100ea", "stderr"], "values": [{"value": "\n", "step": null, "ts": 1740652618.8468962}]}, "version": 58, "at": 1740652618.846901}
{"obj": {"type": "LogStrings", "path": ["monitoring", "a5d100ea", "stderr"], "values": [{"value": "  File \"/Users/saraiva/PycharmProjects/LTBio/phd_journal/24_12_03/processing.py\", line 81, in apply_combat\n", "step": null, "ts": 1740652618.846932}]}, "version": 59, "at": 1740652618.846936}
{"obj": {"type": "LogStrings", "path": ["monitoring", "a5d100ea", "stderr"], "values": [{"value": "    ", "step": null, "ts": 1740652618.84697}]}, "version": 60, "at": 1740652618.846977}
{"obj": {"type": "LogStrings", "path": ["monitoring", "a5d100ea", "stderr"], "values": [{"value": "X, dist_parameters = neuro_harmonize(X, all_metadata, cov_age=cov_age,", "step": null, "ts": 1740652618.8470101}]}, "version": 61, "at": 1740652618.847015}
{"obj": {"type": "LogStrings", "path": ["monitoring", "a5d100ea", "stderr"], "values": [{"value": "\n", "step": null, "ts": 1740652618.847074}]}, "version": 62, "at": 1740652618.8470778}
{"obj": {"type": "LogStrings", "path": ["monitoring", "a5d100ea", "stderr"], "values": [{"value": "  File \"/Users/saraiva/PycharmProjects/LTBio/phd_journal/24_12_03/combat_variations.py\", line 138, in neuro_harmonize\n", "step": null, "ts": 1740652618.847109}]}, "version": 63, "at": 1740652618.847114}
{"obj": {"type": "LogStrings", "path": ["monitoring", "a5d100ea", "stderr"], "values": [{"value": "    ", "step": null, "ts": 1740652618.847456}]}, "version": 64, "at": 1740652618.847494}
{"obj": {"type": "LogStrings", "path": ["monitoring", "a5d100ea", "stderr"], "values": [{"value": "combat_model, harmonized_data = harmonizationLearn(data, covariates, smooth_terms=non_linear_covars)", "step": null, "ts": 1740652618.847667}]}, "version": 65, "at": 1740652618.8476841}
{"obj": {"type": "LogStrings", "path": ["monitoring", "a5d100ea", "stderr"], "values": [{"value": "\n", "step": null, "ts": 1740652618.8477921}]}, "version": 66, "at": 1740652618.847809}
{"obj": {"type": "LogStrings", "path": ["monitoring", "a5d100ea", "stderr"], "values": [{"value": "  File \"/Users/saraiva/PycharmProjects/LTBio/venv/lib/python3.10/site-packages/neuroHarmonize/harmonizationLearn.py\", line 192, in harmonizationLearn\n", "step": null, "ts": 1740652618.847898}]}, "version": 67, "at": 1740652618.847915}
{"obj": {"type": "LogStrings", "path": ["monitoring", "a5d100ea", "stderr"], "values": [{"value": "    ", "step": null, "ts": 1740652618.848151}]}, "version": 68, "at": 1740652618.8481731}
{"obj": {"type": "LogStrings", "path": ["monitoring", "a5d100ea", "stderr"], "values": [{"value": "s_data, stand_mean, var_pooled, mod_mean, B_hat = standardizeAcrossFeatures(", "step": null, "ts": 1740652618.848304}]}, "version": 69, "at": 1740652618.848321}
{"obj": {"type": "LogStrings", "path": ["monitoring", "a5d100ea", "stderr"], "values": [{"value": "\n", "step": null, "ts": 1740652618.8484411}]}, "version": 70, "at": 1740652618.848459}
{"obj": {"type": "LogStrings", "path": ["monitoring", "a5d100ea", "stderr"], "values": [{"value": "  File \"/Users/saraiva/PycharmProjects/LTBio/venv/lib/python3.10/site-packages/neuroHarmonize/harmonizationLearn.py\", line 309, in standardizeAcrossFeatures\n", "step": null, "ts": 1740652618.848594}]}, "version": 71, "at": 1740652618.848611}
{"obj": {"type": "LogStrings", "path": ["monitoring", "a5d100ea", "stderr"], "values": [{"value": "    ", "step": null, "ts": 1740652618.8488462}]}, "version": 72, "at": 1740652618.848864}
{"obj": {"type": "LogStrings", "path": ["monitoring", "a5d100ea", "stderr"], "values": [{"value": "gam_bs.alpha = gam_bs.select_penweight_kfold()[0]", "step": null, "ts": 1740652618.8489978}]}, "version": 73, "at": 1740652618.849015}
{"obj": {"type": "LogStrings", "path": ["monitoring", "a5d100ea", "stderr"], "values": [{"value": "\n", "step": null, "ts": 1740652618.8491788}]}, "version": 74, "at": 1740652618.849195}
{"obj": {"type": "LogStrings", "path": ["monitoring", "a5d100ea", "stderr"], "values": [{"value": "  File \"/Users/saraiva/PycharmProjects/LTBio/venv/lib/python3.10/site-packages/statsmodels/gam/generalized_additive_model.py\", line 916, in select_penweight_kfold\n", "step": null, "ts": 1740652618.849283}]}, "version": 75, "at": 1740652618.849298}
{"obj": {"type": "LogStrings", "path": ["monitoring", "a5d100ea", "stderr"], "values": [{"value": "    ", "step": null, "ts": 1740652618.8496552}]}, "version": 76, "at": 1740652618.849673}
{"obj": {"type": "LogStrings", "path": ["monitoring", "a5d100ea", "stderr"], "values": [{"value": "gam_cv_res = gam_cv.fit()", "step": null, "ts": 1740652618.849791}]}, "version": 77, "at": 1740652618.84981}
{"obj": {"type": "LogStrings", "path": ["monitoring", "a5d100ea", "stderr"], "values": [{"value": "\n", "step": null, "ts": 1740652618.849924}]}, "version": 78, "at": 1740652618.849943}
{"obj": {"type": "LogStrings", "path": ["monitoring", "a5d100ea", "stderr"], "values": [{"value": "  File \"/Users/saraiva/PycharmProjects/LTBio/venv/lib/python3.10/site-packages/statsmodels/gam/gam_cross_validation/gam_cross_validation.py\", line 205, in fit\n", "step": null, "ts": 1740652618.850086}]}, "version": 79, "at": 1740652618.850102}
{"obj": {"type": "LogStrings", "path": ["monitoring", "a5d100ea", "stderr"], "values": [{"value": "    ", "step": null, "ts": 1740652618.8503098}]}, "version": 80, "at": 1740652618.850326}
{"obj": {"type": "LogStrings", "path": ["monitoring", "a5d100ea", "stderr"], "values": [{"value": "cv_err = gam_cv.fit(**kwargs)", "step": null, "ts": 1740652618.8504372}]}, "version": 81, "at": 1740652618.850454}
{"obj": {"type": "LogStrings", "path": ["monitoring", "a5d100ea", "stderr"], "values": [{"value": "\n", "step": null, "ts": 1740652618.8505669}]}, "version": 82, "at": 1740652618.8505821}
{"obj": {"type": "LogStrings", "path": ["monitoring", "a5d100ea", "stderr"], "values": [{"value": "  File \"/Users/saraiva/PycharmProjects/LTBio/venv/lib/python3.10/site-packages/statsmodels/gam/gam_cross_validation/gam_cross_validation.py\", line 40, in fit\n", "step": null, "ts": 1740652618.850715}]}, "version": 83, "at": 1740652618.850731}
{"obj": {"type": "LogStrings", "path": ["monitoring", "a5d100ea", "stderr"], "values": [{"value": "    ", "step": null, "ts": 1740652618.850898}]}, "version": 84, "at": 1740652618.850914}
{"obj": {"type": "LogStrings", "path": ["monitoring", "a5d100ea", "stderr"], "values": [{"value": "cv_err.append(self._error(train_index, test_index, **kwargs))", "step": null, "ts": 1740652618.8510258}]}, "version": 85, "at": 1740652618.8510442}
{"obj": {"type": "LogStrings", "path": ["monitoring", "a5d100ea", "stderr"], "values": [{"value": "\n", "step": null, "ts": 1740652618.851158}]}, "version": 86, "at": 1740652618.8511739}
{"obj": {"type": "LogStrings", "path": ["monitoring", "a5d100ea", "stderr"], "values": [{"value": "  File \"/Users/saraiva/PycharmProjects/LTBio/venv/lib/python3.10/site-packages/statsmodels/gam/gam_cross_validation/gam_cross_validation.py\", line 120, in _error\n", "step": null, "ts": 1740652618.851285}]}, "version": 87, "at": 1740652618.851302}
{"obj": {"type": "LogStrings", "path": ["monitoring", "a5d100ea", "stderr"], "values": [{"value": "    ", "step": null, "ts": 1740652618.851501}]}, "version": 88, "at": 1740652618.8515189}
{"obj": {"type": "LogStrings", "path": ["monitoring", "a5d100ea", "stderr"], "values": [{"value": "gam_res = gam.fit(**kwargs)", "step": null, "ts": 1740652618.851634}]}, "version": 89, "at": 1740652618.85165}
{"obj": {"type": "LogStrings", "path": ["monitoring", "a5d100ea", "stderr"], "values": [{"value": "\n", "step": null, "ts": 1740652618.8517618}]}, "version": 90, "at": 1740652618.851779}
{"obj": {"type": "LogStrings", "path": ["monitoring", "a5d100ea", "stderr"], "values": [{"value": "  File \"/Users/saraiva/PycharmProjects/LTBio/venv/lib/python3.10/site-packages/statsmodels/gam/generalized_additive_model.py\", line 634, in fit\n", "step": null, "ts": 1740652618.8518882}]}, "version": 91, "at": 1740652618.851906}
{"obj": {"type": "LogStrings", "path": ["monitoring", "a5d100ea", "stderr"], "values": [{"value": "    ", "step": null, "ts": 1740652618.852319}]}, "version": 92, "at": 1740652618.8523421}
{"obj": {"type": "LogStrings", "path": ["monitoring", "a5d100ea", "stderr"], "values": [{"value": "res = self._fit_pirls(self.alpha, start_params=start_params,", "step": null, "ts": 1740652618.852471}]}, "version": 93, "at": 1740652618.8524868}
{"obj": {"type": "LogStrings", "path": ["monitoring", "a5d100ea", "stderr"], "values": [{"value": "\n", "step": null, "ts": 1740652618.8526158}]}, "version": 94, "at": 1740652618.8526342}
{"obj": {"type": "LogStrings", "path": ["monitoring", "a5d100ea", "stderr"], "values": [{"value": "  File \"/Users/saraiva/PycharmProjects/LTBio/venv/lib/python3.10/site-packages/statsmodels/gam/generalized_additive_model.py\", line 723, in _fit_pirls\n", "step": null, "ts": 1740652618.8527691}]}, "version": 95, "at": 1740652618.8527849}
{"obj": {"type": "LogStrings", "path": ["monitoring", "a5d100ea", "stderr"], "values": [{"value": "    ", "step": null, "ts": 1740652618.853139}]}, "version": 96, "at": 1740652618.85316}
{"obj": {"type": "LogStrings", "path": ["monitoring", "a5d100ea", "stderr"], "values": [{"value": "wls_results = penalized_wls(wlsendog, wlsexog, spl_s, self.weights)", "step": null, "ts": 1740652618.853287}]}, "version": 97, "at": 1740652618.853305}
{"obj": {"type": "LogStrings", "path": ["monitoring", "a5d100ea", "stderr"], "values": [{"value": "\n", "step": null, "ts": 1740652618.853396}]}, "version": 98, "at": 1740652618.853411}
{"obj": {"type": "LogStrings", "path": ["monitoring", "a5d100ea", "stderr"], "values": [{"value": "  File \"/Users/saraiva/PycharmProjects/LTBio/venv/lib/python3.10/site-packages/statsmodels/gam/generalized_additive_model.py\", line 966, in penalized_wls\n", "step": null, "ts": 1740652618.853493}]}, "version": 99, "at": 1740652618.853508}
{"obj": {"type": "LogStrings", "path": ["monitoring", "a5d100ea", "stderr"], "values": [{"value": "    ", "step": null, "ts": 1740652618.853847}]}, "version": 100, "at": 1740652618.853869}
{"obj": {"type": "LogStrings", "path": ["monitoring", "a5d100ea", "stderr"], "values": [{"value": "wls_results = lm.WLS(aug_y, aug_x, aug_weights).fit()", "step": null, "ts": 1740652618.8540008}]}, "version": 101, "at": 1740652618.854016}
{"obj": {"type": "LogStrings", "path": ["monitoring", "a5d100ea", "stderr"], "values": [{"value": "\n", "step": null, "ts": 1740652618.854133}]}, "version": 102, "at": 1740652618.854151}
{"obj": {"type": "LogStrings", "path": ["monitoring", "a5d100ea", "stderr"], "values": [{"value": "  File \"/Users/saraiva/PycharmProjects/LTBio/venv/lib/python3.10/site-packages/statsmodels/regression/linear_model.py\", line 306, in fit\n", "step": null, "ts": 1740652618.8542678}]}, "version": 103, "at": 1740652618.85429}
{"obj": {"type": "LogStrings", "path": ["monitoring", "a5d100ea", "stderr"], "values": [{"value": "    ", "step": null, "ts": 1740652618.854542}]}, "version": 104, "at": 1740652618.854557}
{"obj": {"type": "LogStrings", "path": ["monitoring", "a5d100ea", "stderr"], "values": [{"value": "self.pinv_wexog, singular_values = pinv_extended(self.wexog)", "step": null, "ts": 1740652618.8546739}]}, "version": 105, "at": 1740652618.854691}
{"obj": {"type": "LogStrings", "path": ["monitoring", "a5d100ea", "stderr"], "values": [{"value": "\n", "step": null, "ts": 1740652618.8548071}]}, "version": 106, "at": 1740652618.854826}
{"obj": {"type": "LogStrings", "path": ["monitoring", "a5d100ea", "stderr"], "values": [{"value": "  File \"/Users/saraiva/PycharmProjects/LTBio/venv/lib/python3.10/site-packages/statsmodels/tools/tools.py\", line 349, in pinv_extended\n", "step": null, "ts": 1740652618.8551161}]}, "version": 107, "at": 1740652618.8551328}
{"obj": {"type": "LogStrings", "path": ["monitoring", "a5d100ea", "stderr"], "values": [{"value": "    ", "step": null, "ts": 1740652618.855374}]}, "version": 108, "at": 1740652618.855395}
{"obj": {"type": "LogStrings", "path": ["monitoring", "a5d100ea", "stderr"], "values": [{"value": "res = np.dot(np.transpose(vt), np.multiply(s[:, np.core.newaxis],", "step": null, "ts": 1740652618.85552}]}, "version": 109, "at": 1740652618.855537}
{"obj": {"type": "LogStrings", "path": ["monitoring", "a5d100ea", "stderr"], "values": [{"value": "\n", "step": null, "ts": 1740652618.855655}]}, "version": 110, "at": 1740652618.8556721}
{"obj": {"type": "LogStrings", "path": ["monitoring", "a5d100ea", "stderr"], "values": [{"value": "  File \"<__array_function__ internals>\", line 180, in dot\n", "step": null, "ts": 1740652618.855772}]}, "version": 111, "at": 1740652618.8557901}
{"obj": {"type": "LogStrings", "path": ["monitoring", "a5d100ea", "stderr"], "values": [{"value": "KeyboardInterrupt", "step": null, "ts": 1740652618.85602}]}, "version": 112, "at": 1740652618.8560388}
{"obj": {"type": "LogStrings", "path": ["monitoring", "a5d100ea", "stderr"], "values": [{"value": "", "step": null, "ts": 1740652618.856158}]}, "version": 113, "at": 1740652618.8561752}
{"obj": {"type": "LogStrings", "path": ["monitoring", "a5d100ea", "stderr"], "values": [{"value": "\n", "step": null, "ts": 1740652618.856596}]}, "version": 114, "at": 1740652618.8566148}
{"obj": {"type": "LogStrings", "path": ["monitoring", "a5d100ea", "stdout"], "values": [{"value": "[neptune] [info   ] Shutting down background jobs, please wait a moment...\n", "step": null, "ts": 1740652618.856817}]}, "version": 115, "at": 1740652618.856838}
