{"obj": {"type": "AssignString", "path": ["sys", "name"], "value": "no name"}, "version": 1, "at": 1733687557.915531}
{"obj": {"type": "AssignString", "path": ["sys", "description"], "value": ""}, "version": 2, "at": 1733687557.915754}
{"obj": {"type": "AssignString", "path": ["monitoring", "ee139297", "hostname"], "value": "Macmini.fritz.box"}, "version": 3, "at": 1733687557.915841}
{"obj": {"type": "AssignString", "path": ["sys", "hostname"], "value": "Macmini.fritz.box"}, "version": 4, "at": 1733687557.915903}
{"obj": {"type": "AssignString", "path": ["monitoring", "ee139297", "pid"], "value": "15208"}, "version": 5, "at": 1733687557.915967}
{"obj": {"type": "AssignString", "path": ["monitoring", "ee139297", "tid"], "value": "8515762240"}, "version": 6, "at": 1733687557.916026}
{"obj": {"type": "AddStrings", "path": ["sys", "tags"], "values": ["mmse gap 24-26", "4 datasets"]}, "version": 7, "at": 1733687557.916113}
{"obj": {"type": "AssignBool", "path": ["sys", "failed"], "value": false}, "version": 8, "at": 1733687557.916171}
{"obj": {"type": "ClearStringLog", "path": ["monitoring", "ee139297", "stdout"]}, "version": 9, "at": 1733687557.916245}
{"obj": {"type": "ClearStringLog", "path": ["monitoring", "ee139297", "stderr"]}, "version": 10, "at": 1733687557.916296}
{"obj": {"type": "AssignString", "path": ["source_code", "entrypoint"], "value": "paper_results_images_each_variant.py"}, "version": 11, "at": 1733687557.9170072}
{"obj": {"type": "UploadFileSet", "path": ["source_code", "files"], "file_globs": ["/Users/saraiva/PycharmProjects/LTBio/phd_journal/24_12_03/*.py"], "reset": "False"}, "version": 12, "at": 1733687557.917108}
{"obj": {"type": "UploadFile", "path": ["source_code", "diff"], "ext": "patch", "file_path": null, "tmp_file_name": "source_code_diff-1733687558.043929-2024-12-08_20.52.38.043929.patch", "clean_after_upload": false}, "version": 13, "at": 1733687558.044258}
{"obj": {"type": "ConfigFloatSeries", "path": ["monitoring", "ee139297", "cpu"], "min": 0.0, "max": 100.0, "unit": "%"}, "version": 14, "at": 1733687558.049479}
{"obj": {"type": "ClearFloatLog", "path": ["monitoring", "ee139297", "cpu"]}, "version": 15, "at": 1733687558.0495749}
{"obj": {"type": "LogStrings", "path": ["monitoring", "ee139297", "stderr"], "values": [{"value": "[neptune] [warning] /Users/saraiva/PycharmProjects/LTBio/phd_journal/24_12_03/paper_results_images_each_variant.py:6: NeptuneWarning: Info (NVML): NVML Shared Library Not Found. GPU usage metrics may not be reported. For more information, see https://docs.neptune.ai/help/nvml_error/\n", "step": null, "ts": 1733687558.04982}]}, "version": 16, "at": 1733687558.0498402}
{"obj": {"type": "ConfigFloatSeries", "path": ["monitoring", "ee139297", "memory"], "min": 0.0, "max": 16.0, "unit": "GB"}, "version": 17, "at": 1733687558.0499158}
{"obj": {"type": "ClearFloatLog", "path": ["monitoring", "ee139297", "memory"]}, "version": 18, "at": 1733687558.049939}
{"obj": {"type": "LogFloats", "path": ["monitoring", "ee139297", "cpu"], "values": [{"value": 41.3, "step": null, "ts": 1733687558.0500102}]}, "version": 19, "at": 1733687558.0500858}
{"obj": {"type": "LogFloats", "path": ["monitoring", "ee139297", "memory"], "values": [{"value": 10.249969482421875, "step": null, "ts": 1733687558.0500102}]}, "version": 20, "at": 1733687558.0502641}
{"obj": {"type": "AssignString", "path": ["datasets", "criteria"], "value": "AD criteria: AD & (MMSE<=23 | MoCA<=18)\nHC criteria: HC & (MMSE>=27 | MoCA>=24)"}, "version": 21, "at": 1733687558.0771499}
{"obj": {"type": "LogStrings", "path": ["monitoring", "ee139297", "stdout"], "values": [{"value": "\nDataset: Newcastle", "step": null, "ts": 1733687558.0787132}]}, "version": 22, "at": 1733687558.078731}
{"obj": {"type": "LogStrings", "path": ["monitoring", "ee139297", "stdout"], "values": [{"value": "\n", "step": null, "ts": 1733687558.07895}]}, "version": 23, "at": 1733687558.078958}
{"obj": {"type": "LogStrings", "path": ["monitoring", "ee139297", "stdout"], "values": [{"value": "Total: 36", "step": null, "ts": 1733687558.079008}]}, "version": 24, "at": 1733687558.0790138}
{"obj": {"type": "LogStrings", "path": ["monitoring", "ee139297", "stdout"], "values": [{"value": "\n", "step": null, "ts": 1733687558.0790458}]}, "version": 25, "at": 1733687558.079051}
{"obj": {"type": "LogStrings", "path": ["monitoring", "ee139297", "stdout"], "values": [{"value": "AD: 19", "step": null, "ts": 1733687558.079078}]}, "version": 26, "at": 1733687558.079083}
{"obj": {"type": "LogStrings", "path": ["monitoring", "ee139297", "stdout"], "values": [{"value": "\n", "step": null, "ts": 1733687558.0791109}]}, "version": 27, "at": 1733687558.079116}
{"obj": {"type": "LogStrings", "path": ["monitoring", "ee139297", "stdout"], "values": [{"value": "HC: 17", "step": null, "ts": 1733687558.079145}]}, "version": 28, "at": 1733687558.07915}
{"obj": {"type": "UploadFile", "path": ["datasets", "before", "Newcastle"], "ext": "html", "file_path": null, "tmp_file_name": "datasets_before_Newcastle-1733687558.091188-2024-12-08_20.52.38.091188.html", "clean_after_upload": false}, "version": 29, "at": 1733687558.091396}
{"obj": {"type": "LogStrings", "path": ["monitoring", "ee139297", "stdout"], "values": [{"value": "\n", "step": null, "ts": 1733687558.1107929}]}, "version": 30, "at": 1733687558.1108081}
{"obj": {"type": "LogStrings", "path": ["monitoring", "ee139297", "stdout"], "values": [{"value": "\nDataset: Izmir", "step": null, "ts": 1733687558.112551}]}, "version": 31, "at": 1733687558.112559}
{"obj": {"type": "LogStrings", "path": ["monitoring", "ee139297", "stdout"], "values": [{"value": "\n", "step": null, "ts": 1733687558.1125991}]}, "version": 32, "at": 1733687558.1126049}
{"obj": {"type": "LogStrings", "path": ["monitoring", "ee139297", "stdout"], "values": [{"value": "Total: 80", "step": null, "ts": 1733687558.1126359}]}, "version": 33, "at": 1733687558.112641}
{"obj": {"type": "LogStrings", "path": ["monitoring", "ee139297", "stdout"], "values": [{"value": "\n", "step": null, "ts": 1733687558.112679}]}, "version": 34, "at": 1733687558.112684}
{"obj": {"type": "LogStrings", "path": ["monitoring", "ee139297", "stdout"], "values": [{"value": "AD: 20", "step": null, "ts": 1733687558.112712}]}, "version": 35, "at": 1733687558.1127172}
{"obj": {"type": "LogStrings", "path": ["monitoring", "ee139297", "stdout"], "values": [{"value": "\n", "step": null, "ts": 1733687558.112743}]}, "version": 36, "at": 1733687558.1127481}
{"obj": {"type": "LogStrings", "path": ["monitoring", "ee139297", "stdout"], "values": [{"value": "HC: 60", "step": null, "ts": 1733687558.1127748}]}, "version": 37, "at": 1733687558.112779}
{"obj": {"type": "LogStrings", "path": ["monitoring", "ee139297", "stdout"], "values": [{"value": "\n", "step": null, "ts": 1733687558.1128042}]}, "version": 38, "at": 1733687558.112808}
{"obj": {"type": "LogStrings", "path": ["monitoring", "ee139297", "stdout"], "values": [{"value": "\nDataset: Istambul", "step": null, "ts": 1733687558.112834}]}, "version": 39, "at": 1733687558.1128378}
{"obj": {"type": "LogStrings", "path": ["monitoring", "ee139297", "stdout"], "values": [{"value": "\n", "step": null, "ts": 1733687558.11289}]}, "version": 40, "at": 1733687558.112899}
{"obj": {"type": "LogStrings", "path": ["monitoring", "ee139297", "stdout"], "values": [{"value": "Total: 59", "step": null, "ts": 1733687558.1129348}]}, "version": 41, "at": 1733687558.112941}
{"obj": {"type": "LogStrings", "path": ["monitoring", "ee139297", "stdout"], "values": [{"value": "\n", "step": null, "ts": 1733687558.1129699}]}, "version": 42, "at": 1733687558.1129751}
{"obj": {"type": "LogStrings", "path": ["monitoring", "ee139297", "stdout"], "values": [{"value": "AD: 24", "step": null, "ts": 1733687558.113011}]}, "version": 43, "at": 1733687558.1130161}
{"obj": {"type": "LogStrings", "path": ["monitoring", "ee139297", "stdout"], "values": [{"value": "\n", "step": null, "ts": 1733687558.1130428}]}, "version": 44, "at": 1733687558.1130471}
{"obj": {"type": "LogStrings", "path": ["monitoring", "ee139297", "stdout"], "values": [{"value": "HC: 35", "step": null, "ts": 1733687558.1130722}]}, "version": 45, "at": 1733687558.113077}
{"obj": {"type": "LogStrings", "path": ["monitoring", "ee139297", "stdout"], "values": [{"value": "\n", "step": null, "ts": 1733687558.113101}]}, "version": 46, "at": 1733687558.1131048}
{"obj": {"type": "LogStrings", "path": ["monitoring", "ee139297", "stdout"], "values": [{"value": "\nDataset: Miltiadous", "step": null, "ts": 1733687558.11313}]}, "version": 47, "at": 1733687558.1131341}
{"obj": {"type": "LogStrings", "path": ["monitoring", "ee139297", "stdout"], "values": [{"value": "\n", "step": null, "ts": 1733687558.113159}]}, "version": 48, "at": 1733687558.113164}
{"obj": {"type": "LogStrings", "path": ["monitoring", "ee139297", "stdout"], "values": [{"value": "Total: 65", "step": null, "ts": 1733687558.113188}]}, "version": 49, "at": 1733687558.113193}
{"obj": {"type": "LogStrings", "path": ["monitoring", "ee139297", "stdout"], "values": [{"value": "\n", "step": null, "ts": 1733687558.1132212}]}, "version": 50, "at": 1733687558.113226}
{"obj": {"type": "LogStrings", "path": ["monitoring", "ee139297", "stdout"], "values": [{"value": "AD: 36", "step": null, "ts": 1733687558.1132522}]}, "version": 51, "at": 1733687558.113257}
{"obj": {"type": "UploadFile", "path": ["datasets", "before", "Izmir"], "ext": "html", "file_path": null, "tmp_file_name": "datasets_before_Izmir-1733687558.113322-2024-12-08_20.52.38.113322.html", "clean_after_upload": false}, "version": 52, "at": 1733687558.1135302}
{"obj": {"type": "LogStrings", "path": ["monitoring", "ee139297", "stdout"], "values": [{"value": "\n", "step": null, "ts": 1733687558.129375}]}, "version": 53, "at": 1733687558.129387}
{"obj": {"type": "UploadFile", "path": ["datasets", "before", "Istambul"], "ext": "html", "file_path": null, "tmp_file_name": "datasets_before_Istambul-1733687558.129622-2024-12-08_20.52.38.129622.html", "clean_after_upload": false}, "version": 54, "at": 1733687558.129822}
{"obj": {"type": "LogStrings", "path": ["monitoring", "ee139297", "stdout"], "values": [{"value": "HC: 29", "step": null, "ts": 1733687558.146341}]}, "version": 55, "at": 1733687558.146353}
{"obj": {"type": "UploadFile", "path": ["datasets", "before", "Miltiadous"], "ext": "html", "file_path": null, "tmp_file_name": "datasets_before_Miltiadous-1733687558.147315-2024-12-08_20.52.38.147315.html", "clean_after_upload": false}, "version": 56, "at": 1733687558.147468}
{"obj": {"type": "LogStrings", "path": ["monitoring", "ee139297", "stdout"], "values": [{"value": "\n", "step": null, "ts": 1733687558.147708}]}, "version": 57, "at": 1733687558.147718}
{"obj": {"type": "LogStrings", "path": ["monitoring", "ee139297", "stdout"], "values": [{"value": "Covariates:", "step": null, "ts": 1733687558.150707}]}, "version": 58, "at": 1733687558.150718}
{"obj": {"type": "LogStrings", "path": ["monitoring", "ee139297", "stdout"], "values": [{"value": " ", "step": null, "ts": 1733687558.151226}]}, "version": 59, "at": 1733687558.151232}
{"obj": {"type": "LogStrings", "path": ["monitoring", "ee139297", "stdout"], "values": [{"value": "Index(['AGE', 'GENDER', 'SITE', 'DIAGNOSIS'], dtype='object')", "step": null, "ts": 1733687558.1513422}]}, "version": 60, "at": 1733687558.151347}
{"obj": {"type": "LogStrings", "path": ["monitoring", "ee139297", "stdout"], "values": [{"value": "\n", "step": null, "ts": 1733687558.151378}]}, "version": 61, "at": 1733687558.151383}
{"obj": {"type": "AssignString", "path": ["harmonization", "params", "method"], "value": "neuroharmonize"}, "version": 62, "at": 1733687558.16432}
{"obj": {"type": "AssignBool", "path": ["harmonization", "params", "log_transform"], "value": true}, "version": 63, "at": 1733687558.164387}
{"obj": {"type": "AssignString", "path": ["harmonization", "params", "standardize"], "value": "none"}, "version": 64, "at": 1733687558.164435}
{"obj": {"type": "AssignBool", "path": ["harmonization", "params", "cov_age"], "value": true}, "version": 65, "at": 1733687558.164473}
{"obj": {"type": "AssignBool", "path": ["harmonization", "params", "cov_gender"], "value": true}, "version": 66, "at": 1733687558.164512}
{"obj": {"type": "AssignBool", "path": ["harmonization", "params", "cov_education"], "value": false}, "version": 67, "at": 1733687558.164552}
{"obj": {"type": "AssignBool", "path": ["harmonization", "params", "cov_diagnosis"], "value": true}, "version": 68, "at": 1733687558.1645892}
{"obj": {"type": "TrackFilesToArtifact", "path": ["datasets", "after", "Newcastle_track"], "entries": [["./each_variation/neuroharmonize/Newcastle.csv", null]], "project_id": "0185c1d2-e230-4393-98bd-19b911873975"}, "version": 69, "at": 1733687558.16466}
{"obj": {"type": "UploadFile", "path": ["datasets", "after", "Newcastle"], "ext": "csv", "file_path": "/Users/saraiva/PycharmProjects/LTBio/phd_journal/24_12_03/each_variation/neuroharmonize/Newcastle.csv", "tmp_file_name": null, "clean_after_upload": false}, "version": 70, "at": 1733687558.164761}
{"obj": {"type": "TrackFilesToArtifact", "path": ["datasets", "after", "Izmir_track"], "entries": [["./each_variation/neuroharmonize/Izmir.csv", null]], "project_id": "0185c1d2-e230-4393-98bd-19b911873975"}, "version": 71, "at": 1733687558.164802}
{"obj": {"type": "UploadFile", "path": ["datasets", "after", "Izmir"], "ext": "csv", "file_path": "/Users/saraiva/PycharmProjects/LTBio/phd_journal/24_12_03/each_variation/neuroharmonize/Izmir.csv", "tmp_file_name": null, "clean_after_upload": false}, "version": 72, "at": 1733687558.164865}
{"obj": {"type": "TrackFilesToArtifact", "path": ["datasets", "after", "Istambul_track"], "entries": [["./each_variation/neuroharmonize/Istambul.csv", null]], "project_id": "0185c1d2-e230-4393-98bd-19b911873975"}, "version": 73, "at": 1733687558.1649}
{"obj": {"type": "UploadFile", "path": ["datasets", "after", "Istambul"], "ext": "csv", "file_path": "/Users/saraiva/PycharmProjects/LTBio/phd_journal/24_12_03/each_variation/neuroharmonize/Istambul.csv", "tmp_file_name": null, "clean_after_upload": false}, "version": 74, "at": 1733687558.1649559}
{"obj": {"type": "TrackFilesToArtifact", "path": ["datasets", "after", "Miltiadous_track"], "entries": [["./each_variation/neuroharmonize/Miltiadous.csv", null]], "project_id": "0185c1d2-e230-4393-98bd-19b911873975"}, "version": 75, "at": 1733687558.16499}
{"obj": {"type": "UploadFile", "path": ["datasets", "after", "Miltiadous"], "ext": "csv", "file_path": "/Users/saraiva/PycharmProjects/LTBio/phd_journal/24_12_03/each_variation/neuroharmonize/Miltiadous.csv", "tmp_file_name": null, "clean_after_upload": false}, "version": 76, "at": 1733687558.165045}
{"obj": {"type": "AssignString", "path": ["harmonization", "batch_effects_dist", "Istambul", "normal_dist"], "value": "[ 0.35572034  0.15412548  0.40365214 ... -0.02590402  0.35541918\n  0.40260442]"}, "version": 77, "at": 1733687558.191666}
{"obj": {"type": "AssignString", "path": ["harmonization", "batch_effects_dist", "Istambul", "gamma_hat"], "value": "[-1.56202688e-01  5.73460161e-01  6.49291215e-01  3.77508096e-01\n  1.64621793e-01  1.15249078e-01  2.13428718e-04  2.42809179e-01\n  1.62986498e-01  6.43637783e-02 -4.89691287e-02  1.65063396e-02\n -1.86397887e-02  4.39173993e-01  4.61813165e-01  3.29432233e-01\n  1.90794497e-01  1.41282603e-01  4.43759297e-01  3.97701991e-01\n  5.17833074e-01  5.43510049e-01  4.11677007e-01  4.58758001e-01\n  7.66000739e-01  5.77049911e-01  6.25272162e-01  5.54987433e-01\n  5.88187775e-01  5.57056677e-01 -2.03227678e-01  2.28714746e-01\n  3.70318409e-01  3.50973818e-01 -4.27777624e-02  1.31976552e-01\n -4.42229428e-01  1.60176870e-01  2.87438398e-01  2.25562230e-01\n -2.73997412e-01 -1.07641984e-01 -5.50808375e-01 -1.36601106e-02\n  4.76414066e-02 -3.39966799e-02 -4.13231753e-01 -3.63661598e-01]"}, "version": 78, "at": 1733687558.191895}
{"obj": {"type": "AssignString", "path": ["harmonization", "batch_effects_dist", "Istambul", "inverse_gamma_dist"], "value": "[1.96862637 1.31962432 1.24293962 ... 0.87723001 0.85661267 0.48777245]"}, "version": 79, "at": 1733687558.1920042}
{"obj": {"type": "AssignString", "path": ["harmonization", "batch_effects_dist", "Istambul", "delta_hat"], "value": "[0.79319083 1.39146262 1.32216386 0.97937332 1.49366483 1.05252733\n 1.07106682 0.90481113 0.47676902 0.44392248 0.71272172 0.67829796\n 1.24730421 1.22060971 0.998281   0.97877747 1.56247471 1.38179077\n 0.87793347 0.67480833 0.56554312 0.80799394 0.7154613  0.5601555\n 1.22681802 1.28226882 0.98749344 1.04046576 0.88802117 0.95546021\n 1.02185239 0.88826369 0.8653282  1.32441649 1.16843343 1.1400456\n 0.59002872 0.98167695 0.95875586 1.18042057 0.73166269 0.90295662\n 0.47979169 0.59978982 0.45347103 0.5519853  0.58375677 0.481181  ]"}, "version": 80, "at": 1733687558.1921868}
{"obj": {"type": "AssignString", "path": ["harmonization", "batch_effects_dist", "Izmir", "normal_dist"], "value": "[ 0.2675098   0.02842499  0.32435532 ... -0.18508401  0.26715263\n  0.32311275]"}, "version": 81, "at": 1733687558.192301}
{"obj": {"type": "AssignString", "path": ["harmonization", "batch_effects_dist", "Izmir", "gamma_hat"], "value": "[-0.85612698 -0.59950595 -0.65396915 -0.70988384 -0.74538821 -0.76398511\n  0.21291663  0.36605525  0.54963129  0.48885593  0.56267268  0.374513\n -0.40510824 -0.052443    0.00273255 -0.13724619 -0.10980032 -0.21419985\n  0.10430107  0.18355594  0.15836083  0.03564909  0.19039665  0.01646344\n  0.10757766  0.05600738  0.02827859 -0.04441917  0.08851607 -0.08565017\n  0.25016872  0.47295242  0.52066391  0.27368673  0.45131065  0.23232273\n  0.12632816  0.43057265  0.54590486  0.39472528  0.36664326  0.12544412\n  0.0758524   0.30192277  0.45415252  0.37056592  0.33748344 -0.01618512]"}, "version": 82, "at": 1733687558.192472}
{"obj": {"type": "AssignString", "path": ["harmonization", "batch_effects_dist", "Izmir", "inverse_gamma_dist"], "value": "[1.32383336 1.39841137 1.09348689 ... 1.10065631 1.68237428 0.778771  ]"}, "version": 83, "at": 1733687558.192565}
{"obj": {"type": "AssignString", "path": ["harmonization", "batch_effects_dist", "Izmir", "delta_hat"], "value": "[1.01663259 0.99512839 0.87637219 0.82060983 0.78751925 1.01304841\n 1.31908146 1.69135812 2.08057104 2.01295265 1.88887503 1.71542534\n 0.83208087 1.21415276 1.29324172 1.16064158 0.91869872 0.9150131\n 1.29520533 1.66273188 1.66559594 1.44840791 1.40905676 1.47594076\n 1.27602824 1.15470029 1.35768131 1.33264492 1.36909512 1.34817277\n 1.26069753 1.63407417 1.47082761 1.02911081 1.32287277 1.19968276\n 1.01011447 1.68815052 1.79385208 1.43611201 1.40099465 1.08555098\n 1.17850758 1.75981445 2.12196774 1.82167483 1.42373452 0.96296343]"}, "version": 84, "at": 1733687558.192736}
{"obj": {"type": "AssignString", "path": ["harmonization", "batch_effects_dist", "Miltiadous", "normal_dist"], "value": "[ 0.10913067 -0.15919462  0.1729285  ... -0.39881615  0.10872983\n  0.17153397]"}, "version": 85, "at": 1733687558.192914}
{"obj": {"type": "AssignString", "path": ["harmonization", "batch_effects_dist", "Miltiadous", "gamma_hat"], "value": "[ 0.87853677 -0.03956629 -0.06818241  0.22819535  0.18896139  0.890817\n -0.03808057 -0.52690655 -0.66218743 -0.49380069 -0.54116752 -0.07313075\n  0.46926074 -0.34679272 -0.4708952  -0.21676852 -0.28622311  0.39215005\n -0.25396024 -0.41975068 -0.44964484 -0.28783223 -0.37804005  0.01984179\n -0.39903821 -0.36828596 -0.30051584 -0.15111149 -0.26317342  0.07892229\n  0.28976837 -0.49419198 -0.70618516 -0.41579564 -0.33100367  0.23899465\n  0.61965384 -0.32227657 -0.636306   -0.42982089 -0.100124    0.59269267\n  0.64234037 -0.06950898 -0.42085358 -0.23786551 -0.00898595  0.84098583]"}, "version": 86, "at": 1733687558.1930869}
{"obj": {"type": "AssignString", "path": ["harmonization", "batch_effects_dist", "Miltiadous", "inverse_gamma_dist"], "value": "[0.79545831 0.44847935 0.88729118 ... 0.71578917 0.78599217 0.71967442]"}, "version": 87, "at": 1733687558.193175}
{"obj": {"type": "AssignString", "path": ["harmonization", "batch_effects_dist", "Miltiadous", "delta_hat"], "value": "[1.30454135 0.77537942 0.78506351 1.23428235 0.78034662 1.25462683\n 0.86488249 0.60105012 0.52511645 0.63873859 0.46010231 0.8290928\n 1.19090796 0.7646952  0.78606687 1.01778881 0.6974647  1.12942637\n 0.84597038 0.68104278 0.74065468 0.83735851 0.83576536 1.05037065\n 0.61329489 0.65736927 0.78992552 0.81255805 0.90004251 0.94150184\n 0.9381895  0.59716525 0.71606367 0.9420856  0.5698635  1.00298429\n 1.54371293 0.52275072 0.45705126 0.71949689 0.77546344 1.42846097\n 1.31512547 0.74565121 0.42623353 0.84380395 0.78758805 1.90712288]"}, "version": 88, "at": 1733687558.193344}
{"obj": {"type": "AssignString", "path": ["harmonization", "batch_effects_dist", "Newcastle", "normal_dist"], "value": "[-0.09497829 -0.3844897  -0.02614319 ... -0.64303099 -0.09541079\n -0.02764782]"}, "version": 89, "at": 1733687558.193449}
{"obj": {"type": "AssignString", "path": ["harmonization", "batch_effects_dist", "Newcastle", "gamma_hat"], "value": "[ 0.57225631  0.46383709  0.51225575  0.54680645  1.04544113 -0.09955533\n -0.40474128 -0.26003432 -0.29290344 -0.30024702 -0.19302074 -0.72726154\n  0.08351273  0.02293613  0.08729465  0.15647631  0.44810146 -0.46359551\n -0.500513   -0.30180828 -0.3887251  -0.45027569 -0.41522423 -0.82426427\n -0.77396592 -0.40522077 -0.54499486 -0.53801328 -0.68550255 -0.86511886\n -0.74605578 -0.53355236 -0.48888508 -0.43265768 -0.33515903 -1.16408577\n -0.67478378 -0.63745195 -0.53531567 -0.47077323 -0.18493204 -1.17249101\n -0.42562839 -0.52304975 -0.32743226 -0.33828364 -0.05649763 -0.88647875]"}, "version": 90, "at": 1733687558.19362}
{"obj": {"type": "AssignString", "path": ["harmonization", "batch_effects_dist", "Newcastle", "inverse_gamma_dist"], "value": "[0.59345046 0.70545196 0.56389122 ... 0.60030948 0.8694452  0.91534741]"}, "version": 91, "at": 1733687558.1937}
{"obj": {"type": "AssignString", "path": ["harmonization", "batch_effects_dist", "Newcastle", "delta_hat"], "value": "[0.86258028 0.88730693 1.25248653 1.12497431 1.17746386 0.53218494\n 0.52337743 0.44104158 0.41070947 0.40999907 0.57127043 0.34509079\n 0.73439593 0.69560217 0.8464379  0.75433536 0.91890078 0.43676608\n 0.93190096 0.74053031 0.80612916 0.71774806 0.96282221 0.67679827\n 0.82249859 0.92387005 0.71180924 0.63915207 0.64952964 0.50918689\n 0.60266652 0.60486486 0.79392881 0.6168746  0.89293281 0.42604065\n 0.77661896 0.46407999 0.38361615 0.34385592 1.06443791 0.29852818\n 0.99719865 0.52757633 0.5366938  0.28768825 1.2360413  0.39890075]"}, "version": 92, "at": 1733687558.193859}
{"obj": {"type": "LogStrings", "path": ["monitoring", "ee139297", "stderr"], "values": [{"value": "/Users/saraiva/PycharmProjects/LTBio/venv/lib/python3.10/site-packages/sklearn/manifold/_t_sne.py:795: FutureWarning: The default initialization in TSNE will change from 'random' to 'pca' in 1.2.\n  warnings.warn(\n", "step": null, "ts": 1733687558.2620292}]}, "version": 93, "at": 1733687558.2620878}
{"obj": {"type": "LogStrings", "path": ["monitoring", "ee139297", "stdout"], "values": [{"value": "Applying min-max norm...", "step": null, "ts": 1733687558.858918}]}, "version": 94, "at": 1733687558.85894}
{"obj": {"type": "LogStrings", "path": ["monitoring", "ee139297", "stdout"], "values": [{"value": "\n", "step": null, "ts": 1733687558.859235}]}, "version": 95, "at": 1733687558.859245}
{"obj": {"type": "AssignString", "path": ["classification", "DIAGNOSIS", "norm"], "value": "min-max"}, "version": 96, "at": 1733687558.859756}
{"obj": {"type": "LogStrings", "path": ["monitoring", "ee139297", "stdout"], "values": [{"value": "Classification with DIAGNOSIS", "step": null, "ts": 1733687558.8605871}]}, "version": 97, "at": 1733687558.860599}
{"obj": {"type": "AssignString", "path": ["classification", "DIAGNOSIS", "features"], "value": "['Delta_Frontal', 'Delta_Central', 'Delta_Parietal', 'Delta_Occipital', 'Delta_Temporal', 'Delta_Limbic', 'Alpha1_Frontal', 'Alpha1_Central', 'Alpha1_Parietal', 'Alpha1_Occipital', 'Alpha1_Temporal', 'Alpha1_Limbic', 'Theta_Frontal', 'Theta_Central', 'Theta_Parietal', 'Theta_Occipital', 'Theta_Temporal', 'Theta_Limbic', 'Alpha2_Frontal', 'Alpha2_Central', 'Alpha2_Parietal', 'Alpha2_Occipital', 'Alpha2_Temporal', 'Alpha2_Limbic', 'Alpha3_Frontal', 'Alpha3_Central', 'Alpha3_Parietal', 'Alpha3_Occipital', 'Alpha3_Temporal', 'Alpha3_Limbic', 'Beta1_Frontal', 'Beta1_Central', 'Beta1_Parietal', 'Beta1_Occipital', 'Beta1_Temporal', 'Beta1_Limbic', 'Beta2_Frontal', 'Beta2_Central', 'Beta2_Parietal', 'Beta2_Occipital', 'Beta2_Temporal', 'Beta2_Limbic', 'Gamma_Frontal', 'Gamma_Central', 'Gamma_Parietal', 'Gamma_Occipital', 'Gamma_Temporal', 'Gamma_Limbic']"}, "version": 98, "at": 1733687558.8614578}
{"obj": {"type": "LogStrings", "path": ["monitoring", "ee139297", "stdout"], "values": [{"value": "\n", "step": null, "ts": 1733687558.861738}]}, "version": 99, "at": 1733687558.861749}
{"obj": {"type": "AssignString", "path": ["classification", "DIAGNOSIS", "class_weight"], "value": "{1: 1.207070707070707, 0: 0.8535714285714285}"}, "version": 100, "at": 1733687558.862578}
{"obj": {"type": "LogStrings", "path": ["monitoring", "ee139297", "stdout"], "values": [{"value": "Targets:", "step": null, "ts": 1733687558.862635}]}, "version": 101, "at": 1733687558.862644}
{"obj": {"type": "AssignString", "path": ["classification", "DIAGNOSIS", "class_weight"], "value": "n.a."}, "version": 102, "at": 1733687558.8626938}
{"obj": {"type": "LogStrings", "path": ["monitoring", "ee139297", "stdout"], "values": [{"value": " ", "step": null, "ts": 1733687558.86319}]}, "version": 103, "at": 1733687558.8631968}
{"obj": {"type": "LogStrings", "path": ["monitoring", "ee139297", "stdout"], "values": [{"value": "[0 1]", "step": null, "ts": 1733687558.863719}]}, "version": 104, "at": 1733687558.863729}
{"obj": {"type": "LogStrings", "path": ["monitoring", "ee139297", "stdout"], "values": [{"value": "\n", "step": null, "ts": 1733687558.8640199}]}, "version": 105, "at": 1733687558.8640268}
{"obj": {"type": "LogStrings", "path": ["monitoring", "ee139297", "stdout"], "values": [{"value": "{'activation': 'relu', 'alpha': 0.0001, 'batch_size': 'auto', 'beta_1': 0.9, 'beta_2': 0.999, 'early_stopping': False, 'epsilon': 1e-08, 'hidden_layer_sizes': (20, 10, 5), 'learning_rate': 'constant', 'learning_rate_init': 0.001, 'max_fun': 15000, 'max_iter': 1000, 'momentum': 0.9, 'n_iter_no_change': 10, 'nesterovs_momentum': True, 'power_t': 0.5, 'random_state': 0, 'shuffle': True, 'solver': 'adam', 'tol': 0.0001, 'validation_fraction': 0.1, 'verbose': False, 'warm_start': False}", "step": null, "ts": 1733687558.864097}]}, "version": 106, "at": 1733687558.864106}
{"obj": {"type": "LogStrings", "path": ["monitoring", "ee139297", "stdout"], "values": [{"value": "\n", "step": null, "ts": 1733687558.864371}]}, "version": 107, "at": 1733687558.864377}
{"obj": {"type": "LogStrings", "path": ["monitoring", "ee139297", "stdout"], "values": [{"value": "Selected features:", "step": null, "ts": 1733687558.864453}]}, "version": 108, "at": 1733687558.86446}
{"obj": {"type": "LogStrings", "path": ["monitoring", "ee139297", "stdout"], "values": [{"value": "\n", "step": null, "ts": 1733687558.864514}]}, "version": 109, "at": 1733687558.864523}
{"obj": {"type": "LogStrings", "path": ["monitoring", "ee139297", "stdout"], "values": [{"value": "Index(['Delta_Frontal', 'Delta_Central', 'Delta_Parietal', 'Delta_Occipital',\n       'Delta_Temporal', 'Delta_Limbic', 'Alpha1_Frontal', 'Alpha1_Central',\n       'Alpha1_Parietal', 'Alpha1_Occipital', 'Alpha1_Temporal',\n       'Alpha1_Limbic', 'Theta_Frontal', 'Theta_Central', 'Theta_Parietal',\n       'Theta_Occipital', 'Theta_Temporal', 'Theta_Limbic', 'Alpha2_Frontal',\n       'Alpha2_Central', 'Alpha2_Parietal', 'Alpha2_Occipital',\n       'Alpha2_Temporal', 'Alpha2_Limbic', 'Alpha3_Frontal', 'Alpha3_Central',\n       'Alpha3_Parietal', 'Alpha3_Occipital', 'Alpha3_Temporal',\n       'Alpha3_Limbic', 'Beta1_Frontal', 'Beta1_Central', 'Beta1_Parietal',\n       'Beta1_Occipital', 'Beta1_Temporal', 'Beta1_Limbic', 'Beta2_Frontal',\n       'Beta2_Central', 'Beta2_Parietal', 'Beta2_Occipital', 'Beta2_Temporal',\n       'Beta2_Limbic', 'Gamma_Frontal', 'Gamma_Central', 'Gamma_Parietal',\n       'Gamma_Occipital', 'Gamma_Temporal', 'Gamma_Limbic'],\n      dtype='object')", "step": null, "ts": 1733687558.864568}]}, "version": 110, "at": 1733687558.864574}
{"obj": {"type": "LogStrings", "path": ["monitoring", "ee139297", "stdout"], "values": [{"value": "\n", "step": null, "ts": 1733687558.864734}]}, "version": 111, "at": 1733687558.8647418}
{"obj": {"type": "AssignBool", "path": ["classification", "DIAGNOSIS", "output_prob"], "value": false}, "version": 112, "at": 1733687559.131236}
{"obj": {"type": "AssignString", "path": ["classification", "DIAGNOSIS", "class_weight"], "value": "{1: 1.207070707070707, 0: 0.8535714285714285}"}, "version": 113, "at": 1733687559.13227}
{"obj": {"type": "AssignString", "path": ["classification", "DIAGNOSIS", "class_weight"], "value": "n.a."}, "version": 114, "at": 1733687559.13236}
{"obj": {"type": "AssignBool", "path": ["classification", "DIAGNOSIS", "output_prob"], "value": false}, "version": 115, "at": 1733687559.380658}
{"obj": {"type": "AssignString", "path": ["classification", "DIAGNOSIS", "class_weight"], "value": "{1: 1.219387755102041, 0: 0.8475177304964538}"}, "version": 116, "at": 1733687559.381663}
{"obj": {"type": "AssignString", "path": ["classification", "DIAGNOSIS", "class_weight"], "value": "n.a."}, "version": 117, "at": 1733687559.381703}
{"obj": {"type": "AssignBool", "path": ["classification", "DIAGNOSIS", "output_prob"], "value": false}, "version": 118, "at": 1733687559.645626}
{"obj": {"type": "AssignString", "path": ["classification", "DIAGNOSIS", "class_weight"], "value": "{1: 1.207070707070707, 0: 0.8535714285714285}"}, "version": 119, "at": 1733687559.646656}
{"obj": {"type": "AssignString", "path": ["classification", "DIAGNOSIS", "class_weight"], "value": "n.a."}, "version": 120, "at": 1733687559.6466959}
{"obj": {"type": "AssignBool", "path": ["classification", "DIAGNOSIS", "output_prob"], "value": false}, "version": 121, "at": 1733687559.979241}
{"obj": {"type": "AssignString", "path": ["classification", "DIAGNOSIS", "class_weight"], "value": "{1: 1.207070707070707, 0: 0.8535714285714285}"}, "version": 122, "at": 1733687559.980265}
{"obj": {"type": "AssignString", "path": ["classification", "DIAGNOSIS", "class_weight"], "value": "n.a."}, "version": 123, "at": 1733687559.980305}
{"obj": {"type": "AssignBool", "path": ["classification", "DIAGNOSIS", "output_prob"], "value": false}, "version": 124, "at": 1733687560.3140469}
{"obj": {"type": "AssignString", "path": ["classification", "DIAGNOSIS", "class_weight"], "value": "{1: 1.207070707070707, 0: 0.8535714285714285}"}, "version": 125, "at": 1733687560.315051}
{"obj": {"type": "AssignString", "path": ["classification", "DIAGNOSIS", "class_weight"], "value": "n.a."}, "version": 126, "at": 1733687560.315094}
{"obj": {"type": "AssignBool", "path": ["classification", "DIAGNOSIS", "output_prob"], "value": false}, "version": 127, "at": 1733687560.560559}
{"obj": {"type": "AssignString", "path": ["classification", "DIAGNOSIS", "class_weight"], "value": "{1: 1.207070707070707, 0: 0.8535714285714285}"}, "version": 128, "at": 1733687560.561569}
{"obj": {"type": "AssignString", "path": ["classification", "DIAGNOSIS", "class_weight"], "value": "n.a."}, "version": 129, "at": 1733687560.561609}
{"obj": {"type": "AssignBool", "path": ["classification", "DIAGNOSIS", "output_prob"], "value": false}, "version": 130, "at": 1733687560.8827882}
{"obj": {"type": "AssignString", "path": ["classification", "DIAGNOSIS", "class_weight"], "value": "{1: 1.207070707070707, 0: 0.8535714285714285}"}, "version": 131, "at": 1733687560.883917}
{"obj": {"type": "AssignString", "path": ["classification", "DIAGNOSIS", "class_weight"], "value": "n.a."}, "version": 132, "at": 1733687560.8839638}
{"obj": {"type": "AssignBool", "path": ["classification", "DIAGNOSIS", "output_prob"], "value": false}, "version": 133, "at": 1733687561.22282}
{"obj": {"type": "AssignString", "path": ["classification", "DIAGNOSIS", "class_weight"], "value": "{1: 1.207070707070707, 0: 0.8535714285714285}"}, "version": 134, "at": 1733687561.2239308}
{"obj": {"type": "AssignString", "path": ["classification", "DIAGNOSIS", "class_weight"], "value": "n.a."}, "version": 135, "at": 1733687561.223978}
{"obj": {"type": "AssignBool", "path": ["classification", "DIAGNOSIS", "output_prob"], "value": false}, "version": 136, "at": 1733687561.547209}
{"obj": {"type": "AssignString", "path": ["classification", "DIAGNOSIS", "class_weight"], "value": "{1: 1.219387755102041, 0: 0.8475177304964538}"}, "version": 137, "at": 1733687561.5482671}
{"obj": {"type": "AssignString", "path": ["classification", "DIAGNOSIS", "class_weight"], "value": "n.a."}, "version": 138, "at": 1733687561.548307}
{"obj": {"type": "AssignBool", "path": ["classification", "DIAGNOSIS", "output_prob"], "value": false}, "version": 139, "at": 1733687561.8839612}
{"obj": {"type": "AssignString", "path": ["classification", "DIAGNOSIS", "class_weight"], "value": "{1: 1.207070707070707, 0: 0.8535714285714285}"}, "version": 140, "at": 1733687561.885055}
{"obj": {"type": "AssignString", "path": ["classification", "DIAGNOSIS", "class_weight"], "value": "n.a."}, "version": 141, "at": 1733687561.885098}
{"obj": {"type": "AssignBool", "path": ["classification", "DIAGNOSIS", "output_prob"], "value": false}, "version": 142, "at": 1733687562.209561}
{"obj": {"type": "AssignString", "path": ["classification", "DIAGNOSIS", "class_weight"], "value": "{1: 1.219387755102041, 0: 0.8475177304964538}"}, "version": 143, "at": 1733687562.210579}
{"obj": {"type": "AssignString", "path": ["classification", "DIAGNOSIS", "class_weight"], "value": "n.a."}, "version": 144, "at": 1733687562.2106218}
{"obj": {"type": "AssignBool", "path": ["classification", "DIAGNOSIS", "output_prob"], "value": false}, "version": 145, "at": 1733687562.5491269}
{"obj": {"type": "LogStrings", "path": ["monitoring", "ee139297", "stderr"], "values": [{"value": "/Users/saraiva/PycharmProjects/LTBio/venv/lib/python3.10/site-packages/sklearn/neural_network/_multilayer_perceptron.py:702: ConvergenceWarning: Stochastic Optimizer: Maximum iterations (1000) reached and the optimization hasn't converged yet.\n  warnings.warn(\n", "step": null, "ts": 1733687562.549439}]}, "version": 146, "at": 1733687562.549454}
{"obj": {"type": "AssignString", "path": ["classification", "DIAGNOSIS", "class_weight"], "value": "{1: 1.207070707070707, 0: 0.8535714285714285}"}, "version": 147, "at": 1733687562.550362}
{"obj": {"type": "AssignString", "path": ["classification", "DIAGNOSIS", "class_weight"], "value": "n.a."}, "version": 148, "at": 1733687562.550399}
{"obj": {"type": "AssignBool", "path": ["classification", "DIAGNOSIS", "output_prob"], "value": false}, "version": 149, "at": 1733687562.877682}
{"obj": {"type": "AssignString", "path": ["classification", "DIAGNOSIS", "class_weight"], "value": "{1: 1.207070707070707, 0: 0.8535714285714285}"}, "version": 150, "at": 1733687562.878732}
{"obj": {"type": "AssignString", "path": ["classification", "DIAGNOSIS", "class_weight"], "value": "n.a."}, "version": 151, "at": 1733687562.878776}
{"obj": {"type": "AssignBool", "path": ["classification", "DIAGNOSIS", "output_prob"], "value": false}, "version": 152, "at": 1733687563.202355}
{"obj": {"type": "AssignString", "path": ["classification", "DIAGNOSIS", "class_weight"], "value": "{1: 1.207070707070707, 0: 0.8535714285714285}"}, "version": 153, "at": 1733687563.203369}
{"obj": {"type": "AssignString", "path": ["classification", "DIAGNOSIS", "class_weight"], "value": "n.a."}, "version": 154, "at": 1733687563.2034109}
{"obj": {"type": "AssignBool", "path": ["classification", "DIAGNOSIS", "output_prob"], "value": false}, "version": 155, "at": 1733687563.524815}
{"obj": {"type": "AssignString", "path": ["classification", "DIAGNOSIS", "class_weight"], "value": "{1: 1.219387755102041, 0: 0.8475177304964538}"}, "version": 156, "at": 1733687563.5258539}
{"obj": {"type": "AssignString", "path": ["classification", "DIAGNOSIS", "class_weight"], "value": "n.a."}, "version": 157, "at": 1733687563.5258949}
{"obj": {"type": "AssignBool", "path": ["classification", "DIAGNOSIS", "output_prob"], "value": false}, "version": 158, "at": 1733687563.86139}
{"obj": {"type": "AssignString", "path": ["classification", "DIAGNOSIS", "class_weight"], "value": "{1: 1.219387755102041, 0: 0.8475177304964538}"}, "version": 159, "at": 1733687563.862435}
{"obj": {"type": "AssignString", "path": ["classification", "DIAGNOSIS", "class_weight"], "value": "n.a."}, "version": 160, "at": 1733687563.862478}
{"obj": {"type": "AssignBool", "path": ["classification", "DIAGNOSIS", "output_prob"], "value": false}, "version": 161, "at": 1733687564.184746}
{"obj": {"type": "AssignString", "path": ["classification", "DIAGNOSIS", "class_weight"], "value": "{1: 1.207070707070707, 0: 0.8535714285714285}"}, "version": 162, "at": 1733687564.185778}
{"obj": {"type": "AssignString", "path": ["classification", "DIAGNOSIS", "class_weight"], "value": "n.a."}, "version": 163, "at": 1733687564.185819}
{"obj": {"type": "AssignBool", "path": ["classification", "DIAGNOSIS", "output_prob"], "value": false}, "version": 164, "at": 1733687564.523252}
{"obj": {"type": "LogStrings", "path": ["monitoring", "ee139297", "stderr"], "values": [{"value": "/Users/saraiva/PycharmProjects/LTBio/venv/lib/python3.10/site-packages/sklearn/neural_network/_multilayer_perceptron.py:702: ConvergenceWarning: Stochastic Optimizer: Maximum iterations (1000) reached and the optimization hasn't converged yet.\n  warnings.warn(\n", "step": null, "ts": 1733687564.523594}]}, "version": 165, "at": 1733687564.52361}
{"obj": {"type": "AssignString", "path": ["classification", "DIAGNOSIS", "class_weight"], "value": "{1: 1.207070707070707, 0: 0.8535714285714285}"}, "version": 166, "at": 1733687564.5244439}
{"obj": {"type": "AssignString", "path": ["classification", "DIAGNOSIS", "class_weight"], "value": "n.a."}, "version": 167, "at": 1733687564.524487}
{"obj": {"type": "AssignBool", "path": ["classification", "DIAGNOSIS", "output_prob"], "value": false}, "version": 168, "at": 1733687564.827609}
{"obj": {"type": "AssignString", "path": ["classification", "DIAGNOSIS", "class_weight"], "value": "{1: 1.219387755102041, 0: 0.8475177304964538}"}, "version": 169, "at": 1733687564.828649}
{"obj": {"type": "AssignString", "path": ["classification", "DIAGNOSIS", "class_weight"], "value": "n.a."}, "version": 170, "at": 1733687564.828692}
{"obj": {"type": "AssignBool", "path": ["classification", "DIAGNOSIS", "output_prob"], "value": false}, "version": 171, "at": 1733687565.161001}
{"obj": {"type": "AssignString", "path": ["classification", "DIAGNOSIS", "class_weight"], "value": "{1: 1.207070707070707, 0: 0.8535714285714285}"}, "version": 172, "at": 1733687565.1620522}
{"obj": {"type": "AssignString", "path": ["classification", "DIAGNOSIS", "class_weight"], "value": "n.a."}, "version": 173, "at": 1733687565.162092}
{"obj": {"type": "AssignBool", "path": ["classification", "DIAGNOSIS", "output_prob"], "value": false}, "version": 174, "at": 1733687565.483691}
{"obj": {"type": "AssignString", "path": ["classification", "DIAGNOSIS", "class_weight"], "value": "{1: 1.219387755102041, 0: 0.8475177304964538}"}, "version": 175, "at": 1733687565.48467}
{"obj": {"type": "AssignString", "path": ["classification", "DIAGNOSIS", "class_weight"], "value": "n.a."}, "version": 176, "at": 1733687565.48471}
{"obj": {"type": "AssignBool", "path": ["classification", "DIAGNOSIS", "output_prob"], "value": false}, "version": 177, "at": 1733687565.813024}
{"obj": {"type": "AssignString", "path": ["classification", "DIAGNOSIS", "class_weight"], "value": "{1: 1.207070707070707, 0: 0.8535714285714285}"}, "version": 178, "at": 1733687565.814059}
{"obj": {"type": "AssignString", "path": ["classification", "DIAGNOSIS", "class_weight"], "value": "n.a."}, "version": 179, "at": 1733687565.8141}
{"obj": {"type": "AssignBool", "path": ["classification", "DIAGNOSIS", "output_prob"], "value": false}, "version": 180, "at": 1733687566.1475468}
{"obj": {"type": "AssignString", "path": ["classification", "DIAGNOSIS", "class_weight"], "value": "{1: 1.219387755102041, 0: 0.8475177304964538}"}, "version": 181, "at": 1733687566.148586}
{"obj": {"type": "AssignString", "path": ["classification", "DIAGNOSIS", "class_weight"], "value": "n.a."}, "version": 182, "at": 1733687566.1486259}
{"obj": {"type": "AssignBool", "path": ["classification", "DIAGNOSIS", "output_prob"], "value": false}, "version": 183, "at": 1733687566.479869}
{"obj": {"type": "AssignString", "path": ["classification", "DIAGNOSIS", "class_weight"], "value": "{1: 1.219387755102041, 0: 0.8475177304964538}"}, "version": 184, "at": 1733687566.480899}
{"obj": {"type": "AssignString", "path": ["classification", "DIAGNOSIS", "class_weight"], "value": "n.a."}, "version": 185, "at": 1733687566.480939}
{"obj": {"type": "AssignBool", "path": ["classification", "DIAGNOSIS", "output_prob"], "value": false}, "version": 186, "at": 1733687566.813569}
{"obj": {"type": "AssignString", "path": ["classification", "DIAGNOSIS", "class_weight"], "value": "{1: 1.207070707070707, 0: 0.8535714285714285}"}, "version": 187, "at": 1733687566.8147058}
{"obj": {"type": "AssignString", "path": ["classification", "DIAGNOSIS", "class_weight"], "value": "n.a."}, "version": 188, "at": 1733687566.814768}
{"obj": {"type": "AssignBool", "path": ["classification", "DIAGNOSIS", "output_prob"], "value": false}, "version": 189, "at": 1733687567.081774}
{"obj": {"type": "AssignString", "path": ["classification", "DIAGNOSIS", "class_weight"], "value": "{1: 1.219387755102041, 0: 0.8475177304964538}"}, "version": 190, "at": 1733687567.082953}
{"obj": {"type": "AssignString", "path": ["classification", "DIAGNOSIS", "class_weight"], "value": "n.a."}, "version": 191, "at": 1733687567.082996}
{"obj": {"type": "AssignBool", "path": ["classification", "DIAGNOSIS", "output_prob"], "value": false}, "version": 192, "at": 1733687567.4159071}
{"obj": {"type": "AssignString", "path": ["classification", "DIAGNOSIS", "class_weight"], "value": "{1: 1.207070707070707, 0: 0.8535714285714285}"}, "version": 193, "at": 1733687567.416936}
{"obj": {"type": "AssignString", "path": ["classification", "DIAGNOSIS", "class_weight"], "value": "n.a."}, "version": 194, "at": 1733687567.416975}
{"obj": {"type": "AssignBool", "path": ["classification", "DIAGNOSIS", "output_prob"], "value": false}, "version": 195, "at": 1733687567.751762}
{"obj": {"type": "LogStrings", "path": ["monitoring", "ee139297", "stderr"], "values": [{"value": "/Users/saraiva/PycharmProjects/LTBio/venv/lib/python3.10/site-packages/sklearn/neural_network/_multilayer_perceptron.py:702: ConvergenceWarning: Stochastic Optimizer: Maximum iterations (1000) reached and the optimization hasn't converged yet.\n  warnings.warn(\n", "step": null, "ts": 1733687567.752084}]}, "version": 196, "at": 1733687567.752099}
{"obj": {"type": "AssignString", "path": ["classification", "DIAGNOSIS", "class_weight"], "value": "{1: 1.207070707070707, 0: 0.8535714285714285}"}, "version": 197, "at": 1733687567.752892}
{"obj": {"type": "AssignString", "path": ["classification", "DIAGNOSIS", "class_weight"], "value": "n.a."}, "version": 198, "at": 1733687567.752931}
{"obj": {"type": "AssignBool", "path": ["classification", "DIAGNOSIS", "output_prob"], "value": false}, "version": 199, "at": 1733687568.050349}
{"obj": {"type": "AssignString", "path": ["classification", "DIAGNOSIS", "class_weight"], "value": "{1: 1.207070707070707, 0: 0.8535714285714285}"}, "version": 200, "at": 1733687568.051361}
{"obj": {"type": "AssignString", "path": ["classification", "DIAGNOSIS", "class_weight"], "value": "n.a."}, "version": 201, "at": 1733687568.051402}
{"obj": {"type": "LogFloats", "path": ["monitoring", "ee139297", "cpu"], "values": [{"value": 48.9, "step": null, "ts": 1733687568.055242}]}, "version": 202, "at": 1733687568.0553348}
{"obj": {"type": "LogFloats", "path": ["monitoring", "ee139297", "memory"], "values": [{"value": 10.264480590820312, "step": null, "ts": 1733687568.055242}]}, "version": 203, "at": 1733687568.055399}
{"obj": {"type": "AssignBool", "path": ["classification", "DIAGNOSIS", "output_prob"], "value": false}, "version": 204, "at": 1733687568.390254}
{"obj": {"type": "LogStrings", "path": ["monitoring", "ee139297", "stderr"], "values": [{"value": "/Users/saraiva/PycharmProjects/LTBio/venv/lib/python3.10/site-packages/sklearn/neural_network/_multilayer_perceptron.py:702: ConvergenceWarning: Stochastic Optimizer: Maximum iterations (1000) reached and the optimization hasn't converged yet.\n  warnings.warn(\n", "step": null, "ts": 1733687568.3905869}]}, "version": 205, "at": 1733687568.3906}
{"obj": {"type": "AssignString", "path": ["classification", "DIAGNOSIS", "class_weight"], "value": "{1: 1.207070707070707, 0: 0.8535714285714285}"}, "version": 206, "at": 1733687568.391419}
{"obj": {"type": "AssignString", "path": ["classification", "DIAGNOSIS", "class_weight"], "value": "n.a."}, "version": 207, "at": 1733687568.391456}
{"obj": {"type": "AssignBool", "path": ["classification", "DIAGNOSIS", "output_prob"], "value": false}, "version": 208, "at": 1733687568.717078}
{"obj": {"type": "AssignString", "path": ["classification", "DIAGNOSIS", "class_weight"], "value": "{1: 1.219387755102041, 0: 0.8475177304964538}"}, "version": 209, "at": 1733687568.718106}
{"obj": {"type": "AssignString", "path": ["classification", "DIAGNOSIS", "class_weight"], "value": "n.a."}, "version": 210, "at": 1733687568.718147}
{"obj": {"type": "AssignBool", "path": ["classification", "DIAGNOSIS", "output_prob"], "value": false}, "version": 211, "at": 1733687569.018622}
{"obj": {"type": "AssignString", "path": ["classification", "DIAGNOSIS", "class_weight"], "value": "{1: 1.219387755102041, 0: 0.8475177304964538}"}, "version": 212, "at": 1733687569.019663}
{"obj": {"type": "AssignString", "path": ["classification", "DIAGNOSIS", "class_weight"], "value": "n.a."}, "version": 213, "at": 1733687569.0197031}
{"obj": {"type": "AssignBool", "path": ["classification", "DIAGNOSIS", "output_prob"], "value": false}, "version": 214, "at": 1733687569.354344}
{"obj": {"type": "AssignString", "path": ["classification", "DIAGNOSIS", "class_weight"], "value": "{1: 1.219387755102041, 0: 0.8475177304964538}"}, "version": 215, "at": 1733687569.3553548}
{"obj": {"type": "AssignString", "path": ["classification", "DIAGNOSIS", "class_weight"], "value": "n.a."}, "version": 216, "at": 1733687569.3553941}
{"obj": {"type": "AssignBool", "path": ["classification", "DIAGNOSIS", "output_prob"], "value": false}, "version": 217, "at": 1733687569.656055}
{"obj": {"type": "AssignString", "path": ["classification", "DIAGNOSIS", "class_weight"], "value": "{1: 1.207070707070707, 0: 0.8535714285714285}"}, "version": 218, "at": 1733687569.657067}
{"obj": {"type": "AssignString", "path": ["classification", "DIAGNOSIS", "class_weight"], "value": "n.a."}, "version": 219, "at": 1733687569.657106}
{"obj": {"type": "AssignBool", "path": ["classification", "DIAGNOSIS", "output_prob"], "value": false}, "version": 220, "at": 1733687569.940442}
{"obj": {"type": "AssignString", "path": ["classification", "DIAGNOSIS", "class_weight"], "value": "{1: 1.219387755102041, 0: 0.8475177304964538}"}, "version": 221, "at": 1733687569.941442}
{"obj": {"type": "AssignString", "path": ["classification", "DIAGNOSIS", "class_weight"], "value": "n.a."}, "version": 222, "at": 1733687569.941483}
{"obj": {"type": "AssignBool", "path": ["classification", "DIAGNOSIS", "output_prob"], "value": false}, "version": 223, "at": 1733687570.2740989}
{"obj": {"type": "AssignString", "path": ["classification", "DIAGNOSIS", "class_weight"], "value": "{1: 1.207070707070707, 0: 0.8535714285714285}"}, "version": 224, "at": 1733687570.27524}
{"obj": {"type": "AssignString", "path": ["classification", "DIAGNOSIS", "class_weight"], "value": "n.a."}, "version": 225, "at": 1733687570.275281}
