{"obj": {"type": "AssignString", "path": ["sys", "name"], "value": "no name"}, "version": 1, "at": 1733765647.159874}
{"obj": {"type": "AssignString", "path": ["sys", "description"], "value": ""}, "version": 2, "at": 1733765647.160064}
{"obj": {"type": "AssignString", "path": ["monitoring", "7322420b", "hostname"], "value": "Macmini.fritz.box"}, "version": 3, "at": 1733765647.160138}
{"obj": {"type": "AssignString", "path": ["sys", "hostname"], "value": "Macmini.fritz.box"}, "version": 4, "at": 1733765647.160191}
{"obj": {"type": "AssignString", "path": ["monitoring", "7322420b", "pid"], "value": "13418"}, "version": 5, "at": 1733765647.160241}
{"obj": {"type": "AssignString", "path": ["monitoring", "7322420b", "tid"], "value": "8631334976"}, "version": 6, "at": 1733765647.16029}
{"obj": {"type": "AddStrings", "path": ["sys", "tags"], "values": ["3 datasets", "mmse gap 24-26", "Newcastle", "Izmir"]}, "version": 7, "at": 1733765647.160361}
{"obj": {"type": "AssignBool", "path": ["sys", "failed"], "value": false}, "version": 8, "at": 1733765647.160404}
{"obj": {"type": "ClearStringLog", "path": ["monitoring", "7322420b", "stdout"]}, "version": 9, "at": 1733765647.1604722}
{"obj": {"type": "ClearStringLog", "path": ["monitoring", "7322420b", "stderr"]}, "version": 10, "at": 1733765647.160515}
{"obj": {"type": "AssignString", "path": ["source_code", "entrypoint"], "value": "paper_results_images_each_variant.py"}, "version": 11, "at": 1733765647.1609988}
{"obj": {"type": "UploadFileSet", "path": ["source_code", "files"], "file_globs": ["/Users/saraiva/PycharmProjects/LTBio/phd_journal/24_12_03/*.py"], "reset": "False"}, "version": 12, "at": 1733765647.161083}
{"obj": {"type": "UploadFile", "path": ["source_code", "diff"], "ext": "patch", "file_path": null, "tmp_file_name": "source_code_diff-1733765647.274292-2024-12-09_18.34.07.274292.patch", "clean_after_upload": false}, "version": 13, "at": 1733765647.275821}
{"obj": {"type": "ConfigFloatSeries", "path": ["monitoring", "7322420b", "cpu"], "min": 0.0, "max": 100.0, "unit": "%"}, "version": 14, "at": 1733765647.278951}
{"obj": {"type": "ClearFloatLog", "path": ["monitoring", "7322420b", "cpu"]}, "version": 15, "at": 1733765647.2789912}
{"obj": {"type": "ConfigFloatSeries", "path": ["monitoring", "7322420b", "memory"], "min": 0.0, "max": 16.0, "unit": "GB"}, "version": 16, "at": 1733765647.2795892}
{"obj": {"type": "ClearFloatLog", "path": ["monitoring", "7322420b", "memory"]}, "version": 17, "at": 1733765647.279615}
{"obj": {"type": "LogFloats", "path": ["monitoring", "7322420b", "cpu"], "values": [{"value": 81.0, "step": null, "ts": 1733765647.279681}]}, "version": 18, "at": 1733765647.279755}
{"obj": {"type": "LogFloats", "path": ["monitoring", "7322420b", "memory"], "values": [{"value": 11.334671020507812, "step": null, "ts": 1733765647.279681}]}, "version": 19, "at": 1733765647.279799}
{"obj": {"type": "AssignString", "path": ["datasets", "combination"], "value": "['Izmir', 'Newcastle']"}, "version": 20, "at": 1733765647.280493}
{"obj": {"type": "AssignString", "path": ["datasets", "criteria"], "value": "AD criteria: AD & (MMSE<=23 | MoCA<=18)\nHC criteria: HC & (MMSE>=27 | MoCA>=24)"}, "version": 21, "at": 1733765647.289396}
{"obj": {"type": "UploadFile", "path": ["datasets", "before", "Izmir"], "ext": "html", "file_path": null, "tmp_file_name": "datasets_before_Izmir-1733765647.309819-2024-12-09_18.34.07.309819.html", "clean_after_upload": false}, "version": 22, "at": 1733765647.310412}
{"obj": {"type": "UploadFile", "path": ["datasets", "before", "Newcastle"], "ext": "html", "file_path": null, "tmp_file_name": "datasets_before_Newcastle-1733765647.321433-2024-12-09_18.34.07.321433.html", "clean_after_upload": false}, "version": 23, "at": 1733765647.321831}
{"obj": {"type": "LogStrings", "path": ["monitoring", "7322420b", "stdout"], "values": [{"value": "0", "step": null, "ts": 1733765647.323206}]}, "version": 24, "at": 1733765647.323216}
{"obj": {"type": "LogStrings", "path": ["monitoring", "7322420b", "stdout"], "values": [{"value": "\n", "step": null, "ts": 1733765647.323251}]}, "version": 25, "at": 1733765647.323256}
{"obj": {"type": "AssignString", "path": ["harmonization", "params", "method"], "value": "none"}, "version": 26, "at": 1733765647.323764}
{"obj": {"type": "AssignBool", "path": ["harmonization", "params", "log_transform"], "value": true}, "version": 27, "at": 1733765647.3238258}
{"obj": {"type": "AssignString", "path": ["harmonization", "params", "standardize"], "value": "none"}, "version": 28, "at": 1733765647.323921}
{"obj": {"type": "AssignBool", "path": ["harmonization", "params", "cov_age"], "value": true}, "version": 29, "at": 1733765647.3239648}
{"obj": {"type": "AssignBool", "path": ["harmonization", "params", "cov_gender"], "value": true}, "version": 30, "at": 1733765647.3239949}
{"obj": {"type": "AssignBool", "path": ["harmonization", "params", "cov_education"], "value": false}, "version": 31, "at": 1733765647.324023}
{"obj": {"type": "AssignBool", "path": ["harmonization", "params", "cov_diagnosis"], "value": true}, "version": 32, "at": 1733765647.32405}
{"obj": {"type": "TrackFilesToArtifact", "path": ["datasets", "after", "Izmir_track"], "entries": [["./each_variation/none/Izmir.csv", null]], "project_id": "0185c1d2-e230-4393-98bd-19b911873975"}, "version": 33, "at": 1733765647.326993}
{"obj": {"type": "UploadFile", "path": ["datasets", "after", "Izmir"], "ext": "csv", "file_path": "/Users/saraiva/PycharmProjects/LTBio/phd_journal/24_12_03/each_variation/none/Izmir.csv", "tmp_file_name": null, "clean_after_upload": false}, "version": 34, "at": 1733765647.327074}
{"obj": {"type": "TrackFilesToArtifact", "path": ["datasets", "after", "Newcastle_track"], "entries": [["./each_variation/none/Newcastle.csv", null]], "project_id": "0185c1d2-e230-4393-98bd-19b911873975"}, "version": 35, "at": 1733765647.328743}
{"obj": {"type": "UploadFile", "path": ["datasets", "after", "Newcastle"], "ext": "csv", "file_path": "/Users/saraiva/PycharmProjects/LTBio/phd_journal/24_12_03/each_variation/none/Newcastle.csv", "tmp_file_name": null, "clean_after_upload": false}, "version": 36, "at": 1733765647.3288069}
{"obj": {"type": "LogStrings", "path": ["monitoring", "7322420b", "stderr"], "values": [{"value": "/Users/saraiva/PycharmProjects/LTBio/venv/lib/python3.10/site-packages/sklearn/manifold/_t_sne.py:795: FutureWarning: The default initialization in TSNE will change from 'random' to 'pca' in 1.2.\n  warnings.warn(\n", "step": null, "ts": 1733765647.3394449}]}, "version": 37, "at": 1733765647.339455}
{"obj": {"type": "AssignString", "path": ["simple_diagnosis_discriminant", "norm"], "value": "none"}, "version": 38, "at": 1733765647.8275928}
{"obj": {"type": "AssignString", "path": ["simple_diagnosis_discriminant", "features"], "value": "['Delta_Frontal', 'Delta_Central', 'Delta_Parietal', 'Delta_Occipital', 'Delta_Temporal', 'Delta_Limbic', 'Alpha1_Frontal', 'Alpha1_Central', 'Alpha1_Parietal', 'Alpha1_Occipital', 'Alpha1_Temporal', 'Alpha1_Limbic', 'Theta_Frontal', 'Theta_Central', 'Theta_Parietal', 'Theta_Occipital', 'Theta_Temporal', 'Theta_Limbic', 'Alpha2_Frontal', 'Alpha2_Central', 'Alpha2_Parietal', 'Alpha2_Occipital', 'Alpha2_Temporal', 'Alpha2_Limbic', 'Alpha3_Frontal', 'Alpha3_Central', 'Alpha3_Parietal', 'Alpha3_Occipital', 'Alpha3_Temporal', 'Alpha3_Limbic', 'Beta1_Frontal', 'Beta1_Central', 'Beta1_Parietal', 'Beta1_Occipital', 'Beta1_Temporal', 'Beta1_Limbic', 'Beta2_Frontal', 'Beta2_Central', 'Beta2_Parietal', 'Beta2_Occipital', 'Beta2_Temporal', 'Beta2_Limbic', 'Gamma_Frontal', 'Gamma_Central', 'Gamma_Parietal', 'Gamma_Occipital', 'Gamma_Temporal', 'Gamma_Limbic']"}, "version": 39, "at": 1733765647.82773}
{"obj": {"type": "LogStrings", "path": ["monitoring", "7322420b", "stdout"], "values": [{"value": "Selected features:", "step": null, "ts": 1733765647.82797}]}, "version": 40, "at": 1733765647.827977}
{"obj": {"type": "AssignString", "path": ["simple_diagnosis_discriminant", "model_description"], "value": "PCA(n_components=range(2, 16), random_state=0)"}, "version": 41, "at": 1733765647.828544}
{"obj": {"type": "LogStrings", "path": ["monitoring", "7322420b", "stdout"], "values": [{"value": "\n", "step": null, "ts": 1733765647.8293152}]}, "version": 42, "at": 1733765647.829322}
{"obj": {"type": "LogStrings", "path": ["monitoring", "7322420b", "stdout"], "values": [{"value": "['Delta_Frontal', 'Delta_Central', 'Delta_Parietal', 'Delta_Occipital', 'Delta_Temporal', 'Delta_Limbic', 'Alpha1_Frontal', 'Alpha1_Central', 'Alpha1_Parietal', 'Alpha1_Occipital', 'Alpha1_Temporal', 'Alpha1_Limbic', 'Theta_Frontal', 'Theta_Central', 'Theta_Parietal', 'Theta_Occipital', 'Theta_Temporal', 'Theta_Limbic', 'Alpha2_Frontal', 'Alpha2_Central', 'Alpha2_Parietal', 'Alpha2_Occipital', 'Alpha2_Temporal', 'Alpha2_Limbic', 'Alpha3_Frontal', 'Alpha3_Central', 'Alpha3_Parietal', 'Alpha3_Occipital', 'Alpha3_Temporal', 'Alpha3_Limbic', 'Beta1_Frontal', 'Beta1_Central', 'Beta1_Parietal', 'Beta1_Occipital', 'Beta1_Temporal', 'Beta1_Limbic', 'Beta2_Frontal', 'Beta2_Central', 'Beta2_Parietal', 'Beta2_Occipital', 'Beta2_Temporal', 'Beta2_Limbic', 'Gamma_Frontal', 'Gamma_Central', 'Gamma_Parietal', 'Gamma_Occipital', 'Gamma_Temporal', 'Gamma_Limbic']", "step": null, "ts": 1733765647.8300102}]}, "version": 43, "at": 1733765647.830019}
{"obj": {"type": "LogStrings", "path": ["monitoring", "7322420b", "stdout"], "values": [{"value": "\n", "step": null, "ts": 1733765647.830121}]}, "version": 44, "at": 1733765647.830129}
{"obj": {"type": "LogStrings", "path": ["monitoring", "7322420b", "stdout"], "values": [{"value": "'<=' not supported between instances of 'int' and 'range'", "step": null, "ts": 1733765647.830464}]}, "version": 45, "at": 1733765647.830504}
{"obj": {"type": "LogStrings", "path": ["monitoring", "7322420b", "stdout"], "values": [{"value": "\n", "step": null, "ts": 1733765647.8306282}]}, "version": 46, "at": 1733765647.8306339}
{"obj": {"type": "LogStrings", "path": ["monitoring", "7322420b", "stdout"], "values": [{"value": "neuroharmonize variant", "step": null, "ts": 1733765647.830792}]}, "version": 47, "at": 1733765647.8307981}
{"obj": {"type": "LogStrings", "path": ["monitoring", "7322420b", "stdout"], "values": [{"value": "\n", "step": null, "ts": 1733765647.830933}]}, "version": 48, "at": 1733765647.830938}
{"obj": {"type": "LogStrings", "path": ["monitoring", "7322420b", "stdout"], "values": [{"value": "[neptune] [info   ] Neptune initialized. Open in the app: https://app.neptune.ai/Combat4EEG/CombatManuscript/e/CB-134\n", "step": null, "ts": 1733765648.2553248}]}, "version": 49, "at": 1733765648.255341}
{"obj": {"type": "LogStrings", "path": ["monitoring", "7322420b", "stdout"], "values": [{"value": "0", "step": null, "ts": 1733765648.302065}]}, "version": 50, "at": 1733765648.3020742}
{"obj": {"type": "LogStrings", "path": ["monitoring", "7322420b", "stdout"], "values": [{"value": "\n", "step": null, "ts": 1733765648.302773}]}, "version": 51, "at": 1733765648.30278}
{"obj": {"type": "LogStrings", "path": ["monitoring", "7322420b", "stderr"], "values": [{"value": "/Users/saraiva/PycharmProjects/LTBio/venv/lib/python3.10/site-packages/sklearn/manifold/_t_sne.py:795: FutureWarning: The default initialization in TSNE will change from 'random' to 'pca' in 1.2.\n  warnings.warn(\n", "step": null, "ts": 1733765648.318434}]}, "version": 52, "at": 1733765648.318447}
{"obj": {"type": "LogStrings", "path": ["monitoring", "7322420b", "stdout"], "values": [{"value": "Selected features:", "step": null, "ts": 1733765648.809526}]}, "version": 53, "at": 1733765648.809537}
{"obj": {"type": "LogStrings", "path": ["monitoring", "7322420b", "stdout"], "values": [{"value": "\n", "step": null, "ts": 1733765648.810336}]}, "version": 54, "at": 1733765648.8103418}
{"obj": {"type": "LogStrings", "path": ["monitoring", "7322420b", "stdout"], "values": [{"value": "['Delta_Frontal', 'Delta_Central', 'Delta_Parietal', 'Delta_Occipital', 'Delta_Temporal', 'Delta_Limbic', 'Alpha1_Frontal', 'Alpha1_Central', 'Alpha1_Parietal', 'Alpha1_Occipital', 'Alpha1_Temporal', 'Alpha1_Limbic', 'Theta_Frontal', 'Theta_Central', 'Theta_Parietal', 'Theta_Occipital', 'Theta_Temporal', 'Theta_Limbic', 'Alpha2_Frontal', 'Alpha2_Central', 'Alpha2_Parietal', 'Alpha2_Occipital', 'Alpha2_Temporal', 'Alpha2_Limbic', 'Alpha3_Frontal', 'Alpha3_Central', 'Alpha3_Parietal', 'Alpha3_Occipital', 'Alpha3_Temporal', 'Alpha3_Limbic', 'Beta1_Frontal', 'Beta1_Central', 'Beta1_Parietal', 'Beta1_Occipital', 'Beta1_Temporal', 'Beta1_Limbic', 'Beta2_Frontal', 'Beta2_Central', 'Beta2_Parietal', 'Beta2_Occipital', 'Beta2_Temporal', 'Beta2_Limbic', 'Gamma_Frontal', 'Gamma_Central', 'Gamma_Parietal', 'Gamma_Occipital', 'Gamma_Temporal', 'Gamma_Limbic']", "step": null, "ts": 1733765648.8105679}]}, "version": 55, "at": 1733765648.810575}
{"obj": {"type": "LogStrings", "path": ["monitoring", "7322420b", "stdout"], "values": [{"value": "\n", "step": null, "ts": 1733765648.8119428}]}, "version": 56, "at": 1733765648.811954}
{"obj": {"type": "LogStrings", "path": ["monitoring", "7322420b", "stdout"], "values": [{"value": "'<=' not supported between instances of 'int' and 'range'", "step": null, "ts": 1733765648.812063}]}, "version": 57, "at": 1733765648.8120692}
{"obj": {"type": "LogStrings", "path": ["monitoring", "7322420b", "stdout"], "values": [{"value": "\n", "step": null, "ts": 1733765648.812595}]}, "version": 58, "at": 1733765648.812604}
{"obj": {"type": "LogStrings", "path": ["monitoring", "7322420b", "stdout"], "values": [{"value": "4 PCs", "step": null, "ts": 1733765648.812882}]}, "version": 59, "at": 1733765648.812887}
{"obj": {"type": "LogStrings", "path": ["monitoring", "7322420b", "stdout"], "values": [{"value": "\n", "step": null, "ts": 1733765648.813183}]}, "version": 60, "at": 1733765648.813188}
{"obj": {"type": "LogStrings", "path": ["monitoring", "7322420b", "stdout"], "values": [{"value": "none variant", "step": null, "ts": 1733765648.813707}]}, "version": 61, "at": 1733765648.813712}
{"obj": {"type": "LogStrings", "path": ["monitoring", "7322420b", "stdout"], "values": [{"value": "\n", "step": null, "ts": 1733765648.813916}]}, "version": 62, "at": 1733765648.813921}
{"obj": {"type": "LogStrings", "path": ["monitoring", "7322420b", "stdout"], "values": [{"value": "[neptune] [info   ] Neptune initialized. Open in the app: https://app.neptune.ai/Combat4EEG/CombatManuscript/e/CB-135\n", "step": null, "ts": 1733765649.147558}]}, "version": 63, "at": 1733765649.14757}
{"obj": {"type": "LogStrings", "path": ["monitoring", "7322420b", "stdout"], "values": [{"value": "0", "step": null, "ts": 1733765649.1918159}]}, "version": 64, "at": 1733765649.191821}
{"obj": {"type": "LogStrings", "path": ["monitoring", "7322420b", "stdout"], "values": [{"value": "\n", "step": null, "ts": 1733765649.1920278}]}, "version": 65, "at": 1733765649.192033}
{"obj": {"type": "LogStrings", "path": ["monitoring", "7322420b", "stderr"], "values": [{"value": "/Users/saraiva/PycharmProjects/LTBio/venv/lib/python3.10/site-packages/sklearn/manifold/_t_sne.py:795: FutureWarning: The default initialization in TSNE will change from 'random' to 'pca' in 1.2.\n  warnings.warn(\n", "step": null, "ts": 1733765649.209559}]}, "version": 66, "at": 1733765649.20957}
{"obj": {"type": "LogStrings", "path": ["monitoring", "7322420b", "stdout"], "values": [{"value": "Selected features:", "step": null, "ts": 1733765649.698195}]}, "version": 67, "at": 1733765649.6982012}
{"obj": {"type": "LogStrings", "path": ["monitoring", "7322420b", "stdout"], "values": [{"value": "\n", "step": null, "ts": 1733765649.699073}]}, "version": 68, "at": 1733765649.6990778}
{"obj": {"type": "LogStrings", "path": ["monitoring", "7322420b", "stdout"], "values": [{"value": "['Delta_Frontal', 'Delta_Central', 'Delta_Parietal', 'Delta_Occipital', 'Delta_Temporal', 'Delta_Limbic', 'Alpha1_Frontal', 'Alpha1_Central', 'Alpha1_Parietal', 'Alpha1_Occipital', 'Alpha1_Temporal', 'Alpha1_Limbic', 'Theta_Frontal', 'Theta_Central', 'Theta_Parietal', 'Theta_Occipital', 'Theta_Temporal', 'Theta_Limbic', 'Alpha2_Frontal', 'Alpha2_Central', 'Alpha2_Parietal', 'Alpha2_Occipital', 'Alpha2_Temporal', 'Alpha2_Limbic', 'Alpha3_Frontal', 'Alpha3_Central', 'Alpha3_Parietal', 'Alpha3_Occipital', 'Alpha3_Temporal', 'Alpha3_Limbic', 'Beta1_Frontal', 'Beta1_Central', 'Beta1_Parietal', 'Beta1_Occipital', 'Beta1_Temporal', 'Beta1_Limbic', 'Beta2_Frontal', 'Beta2_Central', 'Beta2_Parietal', 'Beta2_Occipital', 'Beta2_Temporal', 'Beta2_Limbic', 'Gamma_Frontal', 'Gamma_Central', 'Gamma_Parietal', 'Gamma_Occipital', 'Gamma_Temporal', 'Gamma_Limbic']", "step": null, "ts": 1733765649.699436}]}, "version": 69, "at": 1733765649.699441}
{"obj": {"type": "LogStrings", "path": ["monitoring", "7322420b", "stdout"], "values": [{"value": "\n", "step": null, "ts": 1733765649.700288}]}, "version": 70, "at": 1733765649.700295}
{"obj": {"type": "LogStrings", "path": ["monitoring", "7322420b", "stdout"], "values": [{"value": "'<=' not supported between instances of 'int' and 'range'", "step": null, "ts": 1733765649.701225}]}, "version": 71, "at": 1733765649.70123}
{"obj": {"type": "LogStrings", "path": ["monitoring", "7322420b", "stdout"], "values": [{"value": "\n", "step": null, "ts": 1733765649.701589}]}, "version": 72, "at": 1733765649.7015948}
{"obj": {"type": "LogStrings", "path": ["monitoring", "7322420b", "stdout"], "values": [{"value": "neuroharmonize variant", "step": null, "ts": 1733765649.701791}]}, "version": 73, "at": 1733765649.701796}
{"obj": {"type": "LogStrings", "path": ["monitoring", "7322420b", "stdout"], "values": [{"value": "\n", "step": null, "ts": 1733765649.7027001}]}, "version": 74, "at": 1733765649.7027059}
{"obj": {"type": "LogStrings", "path": ["monitoring", "7322420b", "stdout"], "values": [{"value": "[neptune] [info   ] Neptune initialized. Open in the app: https://app.neptune.ai/Combat4EEG/CombatManuscript/e/CB-136\n", "step": null, "ts": 1733765650.024616}]}, "version": 75, "at": 1733765650.024627}
{"obj": {"type": "LogStrings", "path": ["monitoring", "7322420b", "stdout"], "values": [{"value": "0", "step": null, "ts": 1733765650.0713239}]}, "version": 76, "at": 1733765650.071332}
{"obj": {"type": "LogStrings", "path": ["monitoring", "7322420b", "stdout"], "values": [{"value": "\n", "step": null, "ts": 1733765650.071446}]}, "version": 77, "at": 1733765650.071451}
{"obj": {"type": "LogStrings", "path": ["monitoring", "7322420b", "stderr"], "values": [{"value": "/Users/saraiva/PycharmProjects/LTBio/venv/lib/python3.10/site-packages/sklearn/manifold/_t_sne.py:795: FutureWarning: The default initialization in TSNE will change from 'random' to 'pca' in 1.2.\n  warnings.warn(\n", "step": null, "ts": 1733765650.087231}]}, "version": 78, "at": 1733765650.087239}
{"obj": {"type": "LogStrings", "path": ["monitoring", "7322420b", "stdout"], "values": [{"value": "Selected features:", "step": null, "ts": 1733765650.577303}]}, "version": 79, "at": 1733765650.577313}
{"obj": {"type": "LogStrings", "path": ["monitoring", "7322420b", "stdout"], "values": [{"value": "\n", "step": null, "ts": 1733765650.5780458}]}, "version": 80, "at": 1733765650.578052}
{"obj": {"type": "LogStrings", "path": ["monitoring", "7322420b", "stdout"], "values": [{"value": "['Delta_Frontal', 'Delta_Central', 'Delta_Parietal', 'Delta_Occipital', 'Delta_Temporal', 'Delta_Limbic', 'Alpha1_Frontal', 'Alpha1_Central', 'Alpha1_Parietal', 'Alpha1_Occipital', 'Alpha1_Temporal', 'Alpha1_Limbic', 'Theta_Frontal', 'Theta_Central', 'Theta_Parietal', 'Theta_Occipital', 'Theta_Temporal', 'Theta_Limbic', 'Alpha2_Frontal', 'Alpha2_Central', 'Alpha2_Parietal', 'Alpha2_Occipital', 'Alpha2_Temporal', 'Alpha2_Limbic', 'Alpha3_Frontal', 'Alpha3_Central', 'Alpha3_Parietal', 'Alpha3_Occipital', 'Alpha3_Temporal', 'Alpha3_Limbic', 'Beta1_Frontal', 'Beta1_Central', 'Beta1_Parietal', 'Beta1_Occipital', 'Beta1_Temporal', 'Beta1_Limbic', 'Beta2_Frontal', 'Beta2_Central', 'Beta2_Parietal', 'Beta2_Occipital', 'Beta2_Temporal', 'Beta2_Limbic', 'Gamma_Frontal', 'Gamma_Central', 'Gamma_Parietal', 'Gamma_Occipital', 'Gamma_Temporal', 'Gamma_Limbic']", "step": null, "ts": 1733765650.578754}]}, "version": 81, "at": 1733765650.578759}
{"obj": {"type": "LogStrings", "path": ["monitoring", "7322420b", "stdout"], "values": [{"value": "\n", "step": null, "ts": 1733765650.5789819}]}, "version": 82, "at": 1733765650.5789871}
{"obj": {"type": "LogStrings", "path": ["monitoring", "7322420b", "stdout"], "values": [{"value": "'<=' not supported between instances of 'int' and 'range'", "step": null, "ts": 1733765650.5803661}]}, "version": 83, "at": 1733765650.580374}
{"obj": {"type": "LogStrings", "path": ["monitoring", "7322420b", "stdout"], "values": [{"value": "\n", "step": null, "ts": 1733765650.5809479}]}, "version": 84, "at": 1733765650.580982}
{"obj": {"type": "LogStrings", "path": ["monitoring", "7322420b", "stdout"], "values": [{"value": "5 PCs", "step": null, "ts": 1733765650.581412}]}, "version": 85, "at": 1733765650.5814168}
{"obj": {"type": "LogStrings", "path": ["monitoring", "7322420b", "stdout"], "values": [{"value": "\n", "step": null, "ts": 1733765650.581964}]}, "version": 86, "at": 1733765650.58197}
{"obj": {"type": "LogStrings", "path": ["monitoring", "7322420b", "stdout"], "values": [{"value": "none variant", "step": null, "ts": 1733765650.58236}]}, "version": 87, "at": 1733765650.582365}
{"obj": {"type": "LogStrings", "path": ["monitoring", "7322420b", "stdout"], "values": [{"value": "\n", "step": null, "ts": 1733765650.583153}]}, "version": 88, "at": 1733765650.583157}
{"obj": {"type": "LogStrings", "path": ["monitoring", "7322420b", "stdout"], "values": [{"value": "[neptune] [info   ] Neptune initialized. Open in the app: https://app.neptune.ai/Combat4EEG/CombatManuscript/e/CB-137\n", "step": null, "ts": 1733765650.950259}]}, "version": 89, "at": 1733765650.95027}
{"obj": {"type": "LogStrings", "path": ["monitoring", "7322420b", "stdout"], "values": [{"value": "0", "step": null, "ts": 1733765650.996396}]}, "version": 90, "at": 1733765650.996407}
{"obj": {"type": "LogStrings", "path": ["monitoring", "7322420b", "stdout"], "values": [{"value": "\n", "step": null, "ts": 1733765650.9973178}]}, "version": 91, "at": 1733765650.997323}
{"obj": {"type": "LogStrings", "path": ["monitoring", "7322420b", "stderr"], "values": [{"value": "/Users/saraiva/PycharmProjects/LTBio/venv/lib/python3.10/site-packages/sklearn/manifold/_t_sne.py:795: FutureWarning: The default initialization in TSNE will change from 'random' to 'pca' in 1.2.\n  warnings.warn(\n", "step": null, "ts": 1733765651.015115}]}, "version": 92, "at": 1733765651.015124}
{"obj": {"type": "LogStrings", "path": ["monitoring", "7322420b", "stdout"], "values": [{"value": "Selected features:", "step": null, "ts": 1733765651.505769}]}, "version": 93, "at": 1733765651.50578}
{"obj": {"type": "LogStrings", "path": ["monitoring", "7322420b", "stdout"], "values": [{"value": "\n", "step": null, "ts": 1733765651.506251}]}, "version": 94, "at": 1733765651.5062568}
{"obj": {"type": "LogStrings", "path": ["monitoring", "7322420b", "stdout"], "values": [{"value": "['Delta_Frontal', 'Delta_Central', 'Delta_Parietal', 'Delta_Occipital', 'Delta_Temporal', 'Delta_Limbic', 'Alpha1_Frontal', 'Alpha1_Central', 'Alpha1_Parietal', 'Alpha1_Occipital', 'Alpha1_Temporal', 'Alpha1_Limbic', 'Theta_Frontal', 'Theta_Central', 'Theta_Parietal', 'Theta_Occipital', 'Theta_Temporal', 'Theta_Limbic', 'Alpha2_Frontal', 'Alpha2_Central', 'Alpha2_Parietal', 'Alpha2_Occipital', 'Alpha2_Temporal', 'Alpha2_Limbic', 'Alpha3_Frontal', 'Alpha3_Central', 'Alpha3_Parietal', 'Alpha3_Occipital', 'Alpha3_Temporal', 'Alpha3_Limbic', 'Beta1_Frontal', 'Beta1_Central', 'Beta1_Parietal', 'Beta1_Occipital', 'Beta1_Temporal', 'Beta1_Limbic', 'Beta2_Frontal', 'Beta2_Central', 'Beta2_Parietal', 'Beta2_Occipital', 'Beta2_Temporal', 'Beta2_Limbic', 'Gamma_Frontal', 'Gamma_Central', 'Gamma_Parietal', 'Gamma_Occipital', 'Gamma_Temporal', 'Gamma_Limbic']", "step": null, "ts": 1733765651.507605}]}, "version": 95, "at": 1733765651.50761}
{"obj": {"type": "LogStrings", "path": ["monitoring", "7322420b", "stdout"], "values": [{"value": "\n", "step": null, "ts": 1733765651.507809}]}, "version": 96, "at": 1733765651.507814}
{"obj": {"type": "LogStrings", "path": ["monitoring", "7322420b", "stdout"], "values": [{"value": "'<=' not supported between instances of 'int' and 'range'", "step": null, "ts": 1733765651.510109}]}, "version": 97, "at": 1733765651.5101151}
{"obj": {"type": "LogStrings", "path": ["monitoring", "7322420b", "stdout"], "values": [{"value": "\n", "step": null, "ts": 1733765651.5110059}]}, "version": 98, "at": 1733765651.5110111}
{"obj": {"type": "LogStrings", "path": ["monitoring", "7322420b", "stdout"], "values": [{"value": "neuroharmonize variant", "step": null, "ts": 1733765651.5123358}]}, "version": 99, "at": 1733765651.512341}
{"obj": {"type": "LogStrings", "path": ["monitoring", "7322420b", "stdout"], "values": [{"value": "\n", "step": null, "ts": 1733765651.512848}]}, "version": 100, "at": 1733765651.512853}
{"obj": {"type": "LogStrings", "path": ["monitoring", "7322420b", "stdout"], "values": [{"value": "[neptune] [info   ] Neptune initialized. Open in the app: https://app.neptune.ai/Combat4EEG/CombatManuscript/e/CB-138\n", "step": null, "ts": 1733765651.929931}]}, "version": 101, "at": 1733765651.92994}
{"obj": {"type": "LogStrings", "path": ["monitoring", "7322420b", "stdout"], "values": [{"value": "0", "step": null, "ts": 1733765651.974473}]}, "version": 102, "at": 1733765651.974483}
{"obj": {"type": "LogStrings", "path": ["monitoring", "7322420b", "stdout"], "values": [{"value": "\n", "step": null, "ts": 1733765651.975059}]}, "version": 103, "at": 1733765651.9750679}
{"obj": {"type": "LogStrings", "path": ["monitoring", "7322420b", "stderr"], "values": [{"value": "/Users/saraiva/PycharmProjects/LTBio/venv/lib/python3.10/site-packages/sklearn/manifold/_t_sne.py:795: FutureWarning: The default initialization in TSNE will change from 'random' to 'pca' in 1.2.\n  warnings.warn(\n", "step": null, "ts": 1733765651.992244}]}, "version": 104, "at": 1733765651.9922528}
{"obj": {"type": "LogStrings", "path": ["monitoring", "7322420b", "stdout"], "values": [{"value": "Selected features:", "step": null, "ts": 1733765652.481083}]}, "version": 105, "at": 1733765652.481097}
{"obj": {"type": "LogStrings", "path": ["monitoring", "7322420b", "stdout"], "values": [{"value": "\n", "step": null, "ts": 1733765652.483362}]}, "version": 106, "at": 1733765652.483368}
{"obj": {"type": "LogStrings", "path": ["monitoring", "7322420b", "stdout"], "values": [{"value": "['Delta_Frontal', 'Delta_Central', 'Delta_Parietal', 'Delta_Occipital', 'Delta_Temporal', 'Delta_Limbic', 'Alpha1_Frontal', 'Alpha1_Central', 'Alpha1_Parietal', 'Alpha1_Occipital', 'Alpha1_Temporal', 'Alpha1_Limbic', 'Theta_Frontal', 'Theta_Central', 'Theta_Parietal', 'Theta_Occipital', 'Theta_Temporal', 'Theta_Limbic', 'Alpha2_Frontal', 'Alpha2_Central', 'Alpha2_Parietal', 'Alpha2_Occipital', 'Alpha2_Temporal', 'Alpha2_Limbic', 'Alpha3_Frontal', 'Alpha3_Central', 'Alpha3_Parietal', 'Alpha3_Occipital', 'Alpha3_Temporal', 'Alpha3_Limbic', 'Beta1_Frontal', 'Beta1_Central', 'Beta1_Parietal', 'Beta1_Occipital', 'Beta1_Temporal', 'Beta1_Limbic', 'Beta2_Frontal', 'Beta2_Central', 'Beta2_Parietal', 'Beta2_Occipital', 'Beta2_Temporal', 'Beta2_Limbic', 'Gamma_Frontal', 'Gamma_Central', 'Gamma_Parietal', 'Gamma_Occipital', 'Gamma_Temporal', 'Gamma_Limbic']", "step": null, "ts": 1733765652.484821}]}, "version": 107, "at": 1733765652.484826}
{"obj": {"type": "LogStrings", "path": ["monitoring", "7322420b", "stdout"], "values": [{"value": "\n", "step": null, "ts": 1733765652.4856708}]}, "version": 108, "at": 1733765652.485676}
{"obj": {"type": "LogStrings", "path": ["monitoring", "7322420b", "stdout"], "values": [{"value": "'<=' not supported between instances of 'int' and 'range'", "step": null, "ts": 1733765652.4861681}]}, "version": 109, "at": 1733765652.486176}
{"obj": {"type": "LogStrings", "path": ["monitoring", "7322420b", "stdout"], "values": [{"value": "\n", "step": null, "ts": 1733765652.487052}]}, "version": 110, "at": 1733765652.487057}
{"obj": {"type": "LogStrings", "path": ["monitoring", "7322420b", "stdout"], "values": [{"value": "6 PCs", "step": null, "ts": 1733765652.488837}]}, "version": 111, "at": 1733765652.48887}
{"obj": {"type": "LogStrings", "path": ["monitoring", "7322420b", "stdout"], "values": [{"value": "\n", "step": null, "ts": 1733765652.489889}]}, "version": 112, "at": 1733765652.489894}
{"obj": {"type": "LogStrings", "path": ["monitoring", "7322420b", "stdout"], "values": [{"value": "none variant", "step": null, "ts": 1733765652.490149}]}, "version": 113, "at": 1733765652.490154}
{"obj": {"type": "LogStrings", "path": ["monitoring", "7322420b", "stdout"], "values": [{"value": "\n", "step": null, "ts": 1733765652.490221}]}, "version": 114, "at": 1733765652.490226}
{"obj": {"type": "LogStrings", "path": ["monitoring", "7322420b", "stdout"], "values": [{"value": "[neptune] [info   ] Neptune initialized. Open in the app: https://app.neptune.ai/Combat4EEG/CombatManuscript/e/CB-139\n", "step": null, "ts": 1733765652.824067}]}, "version": 115, "at": 1733765652.824076}
{"obj": {"type": "LogStrings", "path": ["monitoring", "7322420b", "stdout"], "values": [{"value": "0", "step": null, "ts": 1733765652.870476}]}, "version": 116, "at": 1733765652.870483}
{"obj": {"type": "LogStrings", "path": ["monitoring", "7322420b", "stdout"], "values": [{"value": "\n", "step": null, "ts": 1733765652.870875}]}, "version": 117, "at": 1733765652.870882}
{"obj": {"type": "LogStrings", "path": ["monitoring", "7322420b", "stderr"], "values": [{"value": "/Users/saraiva/PycharmProjects/LTBio/venv/lib/python3.10/site-packages/sklearn/manifold/_t_sne.py:795: FutureWarning: The default initialization in TSNE will change from 'random' to 'pca' in 1.2.\n  warnings.warn(\n", "step": null, "ts": 1733765652.889529}]}, "version": 118, "at": 1733765652.889536}
{"obj": {"type": "LogStrings", "path": ["monitoring", "7322420b", "stdout"], "values": [{"value": "Selected features:", "step": null, "ts": 1733765653.368387}]}, "version": 119, "at": 1733765653.3683982}
{"obj": {"type": "LogStrings", "path": ["monitoring", "7322420b", "stdout"], "values": [{"value": "\n", "step": null, "ts": 1733765653.36898}]}, "version": 120, "at": 1733765653.3689861}
{"obj": {"type": "LogStrings", "path": ["monitoring", "7322420b", "stdout"], "values": [{"value": "['Delta_Frontal', 'Delta_Central', 'Delta_Parietal', 'Delta_Occipital', 'Delta_Temporal', 'Delta_Limbic', 'Alpha1_Frontal', 'Alpha1_Central', 'Alpha1_Parietal', 'Alpha1_Occipital', 'Alpha1_Temporal', 'Alpha1_Limbic', 'Theta_Frontal', 'Theta_Central', 'Theta_Parietal', 'Theta_Occipital', 'Theta_Temporal', 'Theta_Limbic', 'Alpha2_Frontal', 'Alpha2_Central', 'Alpha2_Parietal', 'Alpha2_Occipital', 'Alpha2_Temporal', 'Alpha2_Limbic', 'Alpha3_Frontal', 'Alpha3_Central', 'Alpha3_Parietal', 'Alpha3_Occipital', 'Alpha3_Temporal', 'Alpha3_Limbic', 'Beta1_Frontal', 'Beta1_Central', 'Beta1_Parietal', 'Beta1_Occipital', 'Beta1_Temporal', 'Beta1_Limbic', 'Beta2_Frontal', 'Beta2_Central', 'Beta2_Parietal', 'Beta2_Occipital', 'Beta2_Temporal', 'Beta2_Limbic', 'Gamma_Frontal', 'Gamma_Central', 'Gamma_Parietal', 'Gamma_Occipital', 'Gamma_Temporal', 'Gamma_Limbic']", "step": null, "ts": 1733765653.370431}]}, "version": 121, "at": 1733765653.3704362}
{"obj": {"type": "LogStrings", "path": ["monitoring", "7322420b", "stdout"], "values": [{"value": "\n", "step": null, "ts": 1733765653.373989}]}, "version": 122, "at": 1733765653.3739939}
{"obj": {"type": "LogStrings", "path": ["monitoring", "7322420b", "stdout"], "values": [{"value": "'<=' not supported between instances of 'int' and 'range'", "step": null, "ts": 1733765653.374308}]}, "version": 123, "at": 1733765653.374315}
{"obj": {"type": "LogStrings", "path": ["monitoring", "7322420b", "stdout"], "values": [{"value": "\n", "step": null, "ts": 1733765653.3751922}]}, "version": 124, "at": 1733765653.375197}
{"obj": {"type": "LogStrings", "path": ["monitoring", "7322420b", "stdout"], "values": [{"value": "neuroharmonize variant", "step": null, "ts": 1733765653.376065}]}, "version": 125, "at": 1733765653.376069}
{"obj": {"type": "LogStrings", "path": ["monitoring", "7322420b", "stdout"], "values": [{"value": "\n", "step": null, "ts": 1733765653.376846}]}, "version": 126, "at": 1733765653.3768508}
{"obj": {"type": "LogStrings", "path": ["monitoring", "7322420b", "stdout"], "values": [{"value": "[neptune] [info   ] Neptune initialized. Open in the app: https://app.neptune.ai/Combat4EEG/CombatManuscript/e/CB-140\n", "step": null, "ts": 1733765653.702849}]}, "version": 127, "at": 1733765653.702861}
{"obj": {"type": "LogStrings", "path": ["monitoring", "7322420b", "stdout"], "values": [{"value": "0", "step": null, "ts": 1733765653.75058}]}, "version": 128, "at": 1733765653.750588}
{"obj": {"type": "LogStrings", "path": ["monitoring", "7322420b", "stdout"], "values": [{"value": "\n", "step": null, "ts": 1733765653.751481}]}, "version": 129, "at": 1733765653.751486}
{"obj": {"type": "LogStrings", "path": ["monitoring", "7322420b", "stderr"], "values": [{"value": "/Users/saraiva/PycharmProjects/LTBio/venv/lib/python3.10/site-packages/sklearn/manifold/_t_sne.py:795: FutureWarning: The default initialization in TSNE will change from 'random' to 'pca' in 1.2.\n  warnings.warn(\n", "step": null, "ts": 1733765653.766934}]}, "version": 130, "at": 1733765653.766946}
{"obj": {"type": "LogStrings", "path": ["monitoring", "7322420b", "stdout"], "values": [{"value": "Selected features:", "step": null, "ts": 1733765654.267415}]}, "version": 131, "at": 1733765654.267421}
{"obj": {"type": "LogStrings", "path": ["monitoring", "7322420b", "stdout"], "values": [{"value": "\n", "step": null, "ts": 1733765654.2682612}]}, "version": 132, "at": 1733765654.268268}
{"obj": {"type": "LogStrings", "path": ["monitoring", "7322420b", "stdout"], "values": [{"value": "['Delta_Frontal', 'Delta_Central', 'Delta_Parietal', 'Delta_Occipital', 'Delta_Temporal', 'Delta_Limbic', 'Alpha1_Frontal', 'Alpha1_Central', 'Alpha1_Parietal', 'Alpha1_Occipital', 'Alpha1_Temporal', 'Alpha1_Limbic', 'Theta_Frontal', 'Theta_Central', 'Theta_Parietal', 'Theta_Occipital', 'Theta_Temporal', 'Theta_Limbic', 'Alpha2_Frontal', 'Alpha2_Central', 'Alpha2_Parietal', 'Alpha2_Occipital', 'Alpha2_Temporal', 'Alpha2_Limbic', 'Alpha3_Frontal', 'Alpha3_Central', 'Alpha3_Parietal', 'Alpha3_Occipital', 'Alpha3_Temporal', 'Alpha3_Limbic', 'Beta1_Frontal', 'Beta1_Central', 'Beta1_Parietal', 'Beta1_Occipital', 'Beta1_Temporal', 'Beta1_Limbic', 'Beta2_Frontal', 'Beta2_Central', 'Beta2_Parietal', 'Beta2_Occipital', 'Beta2_Temporal', 'Beta2_Limbic', 'Gamma_Frontal', 'Gamma_Central', 'Gamma_Parietal', 'Gamma_Occipital', 'Gamma_Temporal', 'Gamma_Limbic']", "step": null, "ts": 1733765654.268847}]}, "version": 133, "at": 1733765654.268853}
{"obj": {"type": "LogStrings", "path": ["monitoring", "7322420b", "stdout"], "values": [{"value": "\n", "step": null, "ts": 1733765654.270277}]}, "version": 134, "at": 1733765654.270282}
{"obj": {"type": "LogStrings", "path": ["monitoring", "7322420b", "stdout"], "values": [{"value": "'<=' not supported between instances of 'int' and 'range'", "step": null, "ts": 1733765654.271936}]}, "version": 135, "at": 1733765654.271965}
{"obj": {"type": "LogStrings", "path": ["monitoring", "7322420b", "stdout"], "values": [{"value": "\n", "step": null, "ts": 1733765654.2731771}]}, "version": 136, "at": 1733765654.273184}
{"obj": {"type": "LogStrings", "path": ["monitoring", "7322420b", "stdout"], "values": [{"value": "7 PCs", "step": null, "ts": 1733765654.275021}]}, "version": 137, "at": 1733765654.2750258}
{"obj": {"type": "LogStrings", "path": ["monitoring", "7322420b", "stdout"], "values": [{"value": "\n", "step": null, "ts": 1733765654.2756412}]}, "version": 138, "at": 1733765654.275646}
{"obj": {"type": "LogStrings", "path": ["monitoring", "7322420b", "stdout"], "values": [{"value": "none variant", "step": null, "ts": 1733765654.276801}]}, "version": 139, "at": 1733765654.2768059}
{"obj": {"type": "LogStrings", "path": ["monitoring", "7322420b", "stdout"], "values": [{"value": "\n", "step": null, "ts": 1733765654.277719}]}, "version": 140, "at": 1733765654.2777238}
{"obj": {"type": "LogStrings", "path": ["monitoring", "7322420b", "stdout"], "values": [{"value": "[neptune] [info   ] Neptune initialized. Open in the app: https://app.neptune.ai/Combat4EEG/CombatManuscript/e/CB-141\n", "step": null, "ts": 1733765654.683685}]}, "version": 141, "at": 1733765654.683698}
{"obj": {"type": "LogStrings", "path": ["monitoring", "7322420b", "stdout"], "values": [{"value": "0", "step": null, "ts": 1733765654.731176}]}, "version": 142, "at": 1733765654.7311842}
{"obj": {"type": "LogStrings", "path": ["monitoring", "7322420b", "stdout"], "values": [{"value": "\n", "step": null, "ts": 1733765654.732407}]}, "version": 143, "at": 1733765654.7324128}
{"obj": {"type": "LogStrings", "path": ["monitoring", "7322420b", "stderr"], "values": [{"value": "/Users/saraiva/PycharmProjects/LTBio/venv/lib/python3.10/site-packages/sklearn/manifold/_t_sne.py:795: FutureWarning: The default initialization in TSNE will change from 'random' to 'pca' in 1.2.\n  warnings.warn(\n", "step": null, "ts": 1733765654.7473128}]}, "version": 144, "at": 1733765654.7473202}
{"obj": {"type": "LogStrings", "path": ["monitoring", "7322420b", "stdout"], "values": [{"value": "Selected features:", "step": null, "ts": 1733765655.23512}]}, "version": 145, "at": 1733765655.235126}
{"obj": {"type": "LogStrings", "path": ["monitoring", "7322420b", "stdout"], "values": [{"value": "\n", "step": null, "ts": 1733765655.236005}]}, "version": 146, "at": 1733765655.236012}
{"obj": {"type": "LogStrings", "path": ["monitoring", "7322420b", "stdout"], "values": [{"value": "['Delta_Frontal', 'Delta_Central', 'Delta_Parietal', 'Delta_Occipital', 'Delta_Temporal', 'Delta_Limbic', 'Alpha1_Frontal', 'Alpha1_Central', 'Alpha1_Parietal', 'Alpha1_Occipital', 'Alpha1_Temporal', 'Alpha1_Limbic', 'Theta_Frontal', 'Theta_Central', 'Theta_Parietal', 'Theta_Occipital', 'Theta_Temporal', 'Theta_Limbic', 'Alpha2_Frontal', 'Alpha2_Central', 'Alpha2_Parietal', 'Alpha2_Occipital', 'Alpha2_Temporal', 'Alpha2_Limbic', 'Alpha3_Frontal', 'Alpha3_Central', 'Alpha3_Parietal', 'Alpha3_Occipital', 'Alpha3_Temporal', 'Alpha3_Limbic', 'Beta1_Frontal', 'Beta1_Central', 'Beta1_Parietal', 'Beta1_Occipital', 'Beta1_Temporal', 'Beta1_Limbic', 'Beta2_Frontal', 'Beta2_Central', 'Beta2_Parietal', 'Beta2_Occipital', 'Beta2_Temporal', 'Beta2_Limbic', 'Gamma_Frontal', 'Gamma_Central', 'Gamma_Parietal', 'Gamma_Occipital', 'Gamma_Temporal', 'Gamma_Limbic']", "step": null, "ts": 1733765655.238708}]}, "version": 147, "at": 1733765655.2387378}
{"obj": {"type": "LogStrings", "path": ["monitoring", "7322420b", "stdout"], "values": [{"value": "\n", "step": null, "ts": 1733765655.239991}]}, "version": 148, "at": 1733765655.239997}
{"obj": {"type": "LogStrings", "path": ["monitoring", "7322420b", "stdout"], "values": [{"value": "'<=' not supported between instances of 'int' and 'range'", "step": null, "ts": 1733765655.242107}]}, "version": 149, "at": 1733765655.242113}
{"obj": {"type": "LogStrings", "path": ["monitoring", "7322420b", "stdout"], "values": [{"value": "\n", "step": null, "ts": 1733765655.244082}]}, "version": 150, "at": 1733765655.244087}
{"obj": {"type": "LogStrings", "path": ["monitoring", "7322420b", "stdout"], "values": [{"value": "neuroharmonize variant", "step": null, "ts": 1733765655.2445052}]}, "version": 151, "at": 1733765655.244534}
{"obj": {"type": "LogStrings", "path": ["monitoring", "7322420b", "stdout"], "values": [{"value": "\n", "step": null, "ts": 1733765655.246123}]}, "version": 152, "at": 1733765655.246128}
{"obj": {"type": "LogStrings", "path": ["monitoring", "7322420b", "stdout"], "values": [{"value": "[neptune] [info   ] Neptune initialized. Open in the app: https://app.neptune.ai/Combat4EEG/CombatManuscript/e/CB-142\n", "step": null, "ts": 1733765655.664608}]}, "version": 153, "at": 1733765655.664618}
{"obj": {"type": "LogStrings", "path": ["monitoring", "7322420b", "stdout"], "values": [{"value": "0", "step": null, "ts": 1733765655.711832}]}, "version": 154, "at": 1733765655.71184}
{"obj": {"type": "LogStrings", "path": ["monitoring", "7322420b", "stdout"], "values": [{"value": "\n", "step": null, "ts": 1733765655.713613}]}, "version": 155, "at": 1733765655.7136178}
{"obj": {"type": "LogStrings", "path": ["monitoring", "7322420b", "stderr"], "values": [{"value": "/Users/saraiva/PycharmProjects/LTBio/venv/lib/python3.10/site-packages/sklearn/manifold/_t_sne.py:795: FutureWarning: The default initialization in TSNE will change from 'random' to 'pca' in 1.2.\n  warnings.warn(\n", "step": null, "ts": 1733765655.728492}]}, "version": 156, "at": 1733765655.728499}
{"obj": {"type": "LogStrings", "path": ["monitoring", "7322420b", "stdout"], "values": [{"value": "Selected features:", "step": null, "ts": 1733765656.2293718}]}, "version": 157, "at": 1733765656.229383}
{"obj": {"type": "LogStrings", "path": ["monitoring", "7322420b", "stdout"], "values": [{"value": "\n", "step": null, "ts": 1733765656.2311108}]}, "version": 158, "at": 1733765656.231141}
{"obj": {"type": "LogStrings", "path": ["monitoring", "7322420b", "stdout"], "values": [{"value": "['Delta_Frontal', 'Delta_Central', 'Delta_Parietal', 'Delta_Occipital', 'Delta_Temporal', 'Delta_Limbic', 'Alpha1_Frontal', 'Alpha1_Central', 'Alpha1_Parietal', 'Alpha1_Occipital', 'Alpha1_Temporal', 'Alpha1_Limbic', 'Theta_Frontal', 'Theta_Central', 'Theta_Parietal', 'Theta_Occipital', 'Theta_Temporal', 'Theta_Limbic', 'Alpha2_Frontal', 'Alpha2_Central', 'Alpha2_Parietal', 'Alpha2_Occipital', 'Alpha2_Temporal', 'Alpha2_Limbic', 'Alpha3_Frontal', 'Alpha3_Central', 'Alpha3_Parietal', 'Alpha3_Occipital', 'Alpha3_Temporal', 'Alpha3_Limbic', 'Beta1_Frontal', 'Beta1_Central', 'Beta1_Parietal', 'Beta1_Occipital', 'Beta1_Temporal', 'Beta1_Limbic', 'Beta2_Frontal', 'Beta2_Central', 'Beta2_Parietal', 'Beta2_Occipital', 'Beta2_Temporal', 'Beta2_Limbic', 'Gamma_Frontal', 'Gamma_Central', 'Gamma_Parietal', 'Gamma_Occipital', 'Gamma_Temporal', 'Gamma_Limbic']", "step": null, "ts": 1733765656.232567}]}, "version": 159, "at": 1733765656.2325718}
{"obj": {"type": "LogStrings", "path": ["monitoring", "7322420b", "stdout"], "values": [{"value": "\n", "step": null, "ts": 1733765656.233217}]}, "version": 160, "at": 1733765656.233221}
{"obj": {"type": "LogStrings", "path": ["monitoring", "7322420b", "stdout"], "values": [{"value": "'<=' not supported between instances of 'int' and 'range'", "step": null, "ts": 1733765656.236813}]}, "version": 161, "at": 1733765656.236819}
{"obj": {"type": "LogStrings", "path": ["monitoring", "7322420b", "stdout"], "values": [{"value": "\n", "step": null, "ts": 1733765656.237198}]}, "version": 162, "at": 1733765656.237204}
{"obj": {"type": "LogStrings", "path": ["monitoring", "7322420b", "stdout"], "values": [{"value": "8 PCs", "step": null, "ts": 1733765656.238474}]}, "version": 163, "at": 1733765656.2384791}
{"obj": {"type": "LogStrings", "path": ["monitoring", "7322420b", "stdout"], "values": [{"value": "\n", "step": null, "ts": 1733765656.240603}]}, "version": 164, "at": 1733765656.240632}
{"obj": {"type": "LogStrings", "path": ["monitoring", "7322420b", "stdout"], "values": [{"value": "none variant", "step": null, "ts": 1733765656.242522}]}, "version": 165, "at": 1733765656.242526}
{"obj": {"type": "LogStrings", "path": ["monitoring", "7322420b", "stdout"], "values": [{"value": "\n", "step": null, "ts": 1733765656.243229}]}, "version": 166, "at": 1733765656.2432342}
{"obj": {"type": "LogStrings", "path": ["monitoring", "7322420b", "stdout"], "values": [{"value": "[neptune] [info   ] Neptune initialized. Open in the app: https://app.neptune.ai/Combat4EEG/CombatManuscript/e/CB-143\n", "step": null, "ts": 1733765656.646807}]}, "version": 167, "at": 1733765656.6468182}
{"obj": {"type": "LogStrings", "path": ["monitoring", "7322420b", "stdout"], "values": [{"value": "0", "step": null, "ts": 1733765656.694043}]}, "version": 168, "at": 1733765656.6940491}
{"obj": {"type": "LogStrings", "path": ["monitoring", "7322420b", "stdout"], "values": [{"value": "\n", "step": null, "ts": 1733765656.694386}]}, "version": 169, "at": 1733765656.694391}
{"obj": {"type": "LogStrings", "path": ["monitoring", "7322420b", "stderr"], "values": [{"value": "/Users/saraiva/PycharmProjects/LTBio/venv/lib/python3.10/site-packages/sklearn/manifold/_t_sne.py:795: FutureWarning: The default initialization in TSNE will change from 'random' to 'pca' in 1.2.\n  warnings.warn(\n", "step": null, "ts": 1733765656.710659}]}, "version": 170, "at": 1733765656.710668}
{"obj": {"type": "LogStrings", "path": ["monitoring", "7322420b", "stdout"], "values": [{"value": "Selected features:", "step": null, "ts": 1733765657.202719}]}, "version": 171, "at": 1733765657.2027268}
{"obj": {"type": "LogStrings", "path": ["monitoring", "7322420b", "stdout"], "values": [{"value": "\n", "step": null, "ts": 1733765657.204851}]}, "version": 172, "at": 1733765657.204879}
{"obj": {"type": "LogStrings", "path": ["monitoring", "7322420b", "stdout"], "values": [{"value": "['Delta_Frontal', 'Delta_Central', 'Delta_Parietal', 'Delta_Occipital', 'Delta_Temporal', 'Delta_Limbic', 'Alpha1_Frontal', 'Alpha1_Central', 'Alpha1_Parietal', 'Alpha1_Occipital', 'Alpha1_Temporal', 'Alpha1_Limbic', 'Theta_Frontal', 'Theta_Central', 'Theta_Parietal', 'Theta_Occipital', 'Theta_Temporal', 'Theta_Limbic', 'Alpha2_Frontal', 'Alpha2_Central', 'Alpha2_Parietal', 'Alpha2_Occipital', 'Alpha2_Temporal', 'Alpha2_Limbic', 'Alpha3_Frontal', 'Alpha3_Central', 'Alpha3_Parietal', 'Alpha3_Occipital', 'Alpha3_Temporal', 'Alpha3_Limbic', 'Beta1_Frontal', 'Beta1_Central', 'Beta1_Parietal', 'Beta1_Occipital', 'Beta1_Temporal', 'Beta1_Limbic', 'Beta2_Frontal', 'Beta2_Central', 'Beta2_Parietal', 'Beta2_Occipital', 'Beta2_Temporal', 'Beta2_Limbic', 'Gamma_Frontal', 'Gamma_Central', 'Gamma_Parietal', 'Gamma_Occipital', 'Gamma_Temporal', 'Gamma_Limbic']", "step": null, "ts": 1733765657.2063391}]}, "version": 173, "at": 1733765657.206344}
{"obj": {"type": "LogStrings", "path": ["monitoring", "7322420b", "stdout"], "values": [{"value": "\n", "step": null, "ts": 1733765657.207034}]}, "version": 174, "at": 1733765657.207041}
{"obj": {"type": "LogStrings", "path": ["monitoring", "7322420b", "stdout"], "values": [{"value": "'<=' not supported between instances of 'int' and 'range'", "step": null, "ts": 1733765657.208987}]}, "version": 175, "at": 1733765657.208992}
{"obj": {"type": "LogStrings", "path": ["monitoring", "7322420b", "stdout"], "values": [{"value": "\n", "step": null, "ts": 1733765657.2104828}]}, "version": 176, "at": 1733765657.2104871}
{"obj": {"type": "LogStrings", "path": ["monitoring", "7322420b", "stdout"], "values": [{"value": "neuroharmonize variant", "step": null, "ts": 1733765657.2118049}]}, "version": 177, "at": 1733765657.21181}
{"obj": {"type": "LogStrings", "path": ["monitoring", "7322420b", "stdout"], "values": [{"value": "\n", "step": null, "ts": 1733765657.213381}]}, "version": 178, "at": 1733765657.213386}
{"obj": {"type": "LogFloats", "path": ["monitoring", "7322420b", "cpu"], "values": [{"value": 93.3, "step": null, "ts": 1733765657.2845209}]}, "version": 179, "at": 1733765657.285398}
{"obj": {"type": "LogFloats", "path": ["monitoring", "7322420b", "memory"], "values": [{"value": 11.317886352539062, "step": null, "ts": 1733765657.2845209}]}, "version": 180, "at": 1733765657.285761}
{"obj": {"type": "LogStrings", "path": ["monitoring", "7322420b", "stdout"], "values": [{"value": "[neptune] [info   ] Neptune initialized. Open in the app: https://app.neptune.ai/Combat4EEG/CombatManuscript/e/CB-144\n", "step": null, "ts": 1733765657.5400581}]}, "version": 181, "at": 1733765657.540087}
{"obj": {"type": "LogStrings", "path": ["monitoring", "7322420b", "stdout"], "values": [{"value": "0", "step": null, "ts": 1733765657.587739}]}, "version": 182, "at": 1733765657.5877461}
{"obj": {"type": "LogStrings", "path": ["monitoring", "7322420b", "stdout"], "values": [{"value": "\n", "step": null, "ts": 1733765657.589052}]}, "version": 183, "at": 1733765657.5890582}
{"obj": {"type": "LogStrings", "path": ["monitoring", "7322420b", "stderr"], "values": [{"value": "/Users/saraiva/PycharmProjects/LTBio/venv/lib/python3.10/site-packages/sklearn/manifold/_t_sne.py:795: FutureWarning: The default initialization in TSNE will change from 'random' to 'pca' in 1.2.\n  warnings.warn(\n", "step": null, "ts": 1733765657.6061518}]}, "version": 184, "at": 1733765657.60616}
{"obj": {"type": "LogStrings", "path": ["monitoring", "7322420b", "stdout"], "values": [{"value": "Selected features:", "step": null, "ts": 1733765658.096761}]}, "version": 185, "at": 1733765658.096767}
{"obj": {"type": "LogStrings", "path": ["monitoring", "7322420b", "stdout"], "values": [{"value": "\n", "step": null, "ts": 1733765658.097831}]}, "version": 186, "at": 1733765658.097837}
{"obj": {"type": "LogStrings", "path": ["monitoring", "7322420b", "stdout"], "values": [{"value": "['Delta_Frontal', 'Delta_Central', 'Delta_Parietal', 'Delta_Occipital', 'Delta_Temporal', 'Delta_Limbic', 'Alpha1_Frontal', 'Alpha1_Central', 'Alpha1_Parietal', 'Alpha1_Occipital', 'Alpha1_Temporal', 'Alpha1_Limbic', 'Theta_Frontal', 'Theta_Central', 'Theta_Parietal', 'Theta_Occipital', 'Theta_Temporal', 'Theta_Limbic', 'Alpha2_Frontal', 'Alpha2_Central', 'Alpha2_Parietal', 'Alpha2_Occipital', 'Alpha2_Temporal', 'Alpha2_Limbic', 'Alpha3_Frontal', 'Alpha3_Central', 'Alpha3_Parietal', 'Alpha3_Occipital', 'Alpha3_Temporal', 'Alpha3_Limbic', 'Beta1_Frontal', 'Beta1_Central', 'Beta1_Parietal', 'Beta1_Occipital', 'Beta1_Temporal', 'Beta1_Limbic', 'Beta2_Frontal', 'Beta2_Central', 'Beta2_Parietal', 'Beta2_Occipital', 'Beta2_Temporal', 'Beta2_Limbic', 'Gamma_Frontal', 'Gamma_Central', 'Gamma_Parietal', 'Gamma_Occipital', 'Gamma_Temporal', 'Gamma_Limbic']", "step": null, "ts": 1733765658.099036}]}, "version": 187, "at": 1733765658.099042}
{"obj": {"type": "LogStrings", "path": ["monitoring", "7322420b", "stdout"], "values": [{"value": "\n", "step": null, "ts": 1733765658.1007402}]}, "version": 188, "at": 1733765658.100746}
{"obj": {"type": "LogStrings", "path": ["monitoring", "7322420b", "stdout"], "values": [{"value": "'<=' not supported between instances of 'int' and 'range'", "step": null, "ts": 1733765658.104855}]}, "version": 189, "at": 1733765658.104861}
{"obj": {"type": "LogStrings", "path": ["monitoring", "7322420b", "stdout"], "values": [{"value": "\n", "step": null, "ts": 1733765658.1064372}]}, "version": 190, "at": 1733765658.106442}
{"obj": {"type": "LogStrings", "path": ["monitoring", "7322420b", "stdout"], "values": [{"value": "9 PCs", "step": null, "ts": 1733765658.107777}]}, "version": 191, "at": 1733765658.107782}
{"obj": {"type": "LogStrings", "path": ["monitoring", "7322420b", "stdout"], "values": [{"value": "\n", "step": null, "ts": 1733765658.1094022}]}, "version": 192, "at": 1733765658.109407}
{"obj": {"type": "LogStrings", "path": ["monitoring", "7322420b", "stdout"], "values": [{"value": "none variant", "step": null, "ts": 1733765658.110375}]}, "version": 193, "at": 1733765658.11038}
{"obj": {"type": "LogStrings", "path": ["monitoring", "7322420b", "stdout"], "values": [{"value": "\n", "step": null, "ts": 1733765658.11078}]}, "version": 194, "at": 1733765658.110785}
{"obj": {"type": "LogStrings", "path": ["monitoring", "7322420b", "stdout"], "values": [{"value": "[neptune] [info   ] Neptune initialized. Open in the app: https://app.neptune.ai/Combat4EEG/CombatManuscript/e/CB-145\n", "step": null, "ts": 1733765658.436786}]}, "version": 195, "at": 1733765658.436796}
{"obj": {"type": "LogStrings", "path": ["monitoring", "7322420b", "stdout"], "values": [{"value": "0", "step": null, "ts": 1733765658.4862678}]}, "version": 196, "at": 1733765658.486275}
{"obj": {"type": "LogStrings", "path": ["monitoring", "7322420b", "stdout"], "values": [{"value": "\n", "step": null, "ts": 1733765658.4879098}]}, "version": 197, "at": 1733765658.487914}
{"obj": {"type": "LogStrings", "path": ["monitoring", "7322420b", "stderr"], "values": [{"value": "/Users/saraiva/PycharmProjects/LTBio/venv/lib/python3.10/site-packages/sklearn/manifold/_t_sne.py:795: FutureWarning: The default initialization in TSNE will change from 'random' to 'pca' in 1.2.\n  warnings.warn(\n", "step": null, "ts": 1733765658.502945}]}, "version": 198, "at": 1733765658.5029519}
{"obj": {"type": "LogStrings", "path": ["monitoring", "7322420b", "stdout"], "values": [{"value": "Selected features:", "step": null, "ts": 1733765658.992239}]}, "version": 199, "at": 1733765658.992245}
{"obj": {"type": "LogStrings", "path": ["monitoring", "7322420b", "stdout"], "values": [{"value": "\n", "step": null, "ts": 1733765658.993022}]}, "version": 200, "at": 1733765658.993027}
{"obj": {"type": "LogStrings", "path": ["monitoring", "7322420b", "stdout"], "values": [{"value": "['Delta_Frontal', 'Delta_Central', 'Delta_Parietal', 'Delta_Occipital', 'Delta_Temporal', 'Delta_Limbic', 'Alpha1_Frontal', 'Alpha1_Central', 'Alpha1_Parietal', 'Alpha1_Occipital', 'Alpha1_Temporal', 'Alpha1_Limbic', 'Theta_Frontal', 'Theta_Central', 'Theta_Parietal', 'Theta_Occipital', 'Theta_Temporal', 'Theta_Limbic', 'Alpha2_Frontal', 'Alpha2_Central', 'Alpha2_Parietal', 'Alpha2_Occipital', 'Alpha2_Temporal', 'Alpha2_Limbic', 'Alpha3_Frontal', 'Alpha3_Central', 'Alpha3_Parietal', 'Alpha3_Occipital', 'Alpha3_Temporal', 'Alpha3_Limbic', 'Beta1_Frontal', 'Beta1_Central', 'Beta1_Parietal', 'Beta1_Occipital', 'Beta1_Temporal', 'Beta1_Limbic', 'Beta2_Frontal', 'Beta2_Central', 'Beta2_Parietal', 'Beta2_Occipital', 'Beta2_Temporal', 'Beta2_Limbic', 'Gamma_Frontal', 'Gamma_Central', 'Gamma_Parietal', 'Gamma_Occipital', 'Gamma_Temporal', 'Gamma_Limbic']", "step": null, "ts": 1733765658.9953642}]}, "version": 201, "at": 1733765658.995369}
{"obj": {"type": "LogStrings", "path": ["monitoring", "7322420b", "stdout"], "values": [{"value": "\n", "step": null, "ts": 1733765658.996904}]}, "version": 202, "at": 1733765658.9969091}
{"obj": {"type": "LogStrings", "path": ["monitoring", "7322420b", "stdout"], "values": [{"value": "'<=' not supported between instances of 'int' and 'range'", "step": null, "ts": 1733765658.999904}]}, "version": 203, "at": 1733765658.9999099}
{"obj": {"type": "LogStrings", "path": ["monitoring", "7322420b", "stdout"], "values": [{"value": "\n", "step": null, "ts": 1733765659.003228}]}, "version": 204, "at": 1733765659.00326}
{"obj": {"type": "LogStrings", "path": ["monitoring", "7322420b", "stdout"], "values": [{"value": "neuroharmonize variant", "step": null, "ts": 1733765659.004199}]}, "version": 205, "at": 1733765659.004204}
{"obj": {"type": "LogStrings", "path": ["monitoring", "7322420b", "stdout"], "values": [{"value": "\n", "step": null, "ts": 1733765659.004791}]}, "version": 206, "at": 1733765659.0047958}
{"obj": {"type": "LogStrings", "path": ["monitoring", "7322420b", "stdout"], "values": [{"value": "[neptune] [info   ] Neptune initialized. Open in the app: https://app.neptune.ai/Combat4EEG/CombatManuscript/e/CB-146\n", "step": null, "ts": 1733765659.402145}]}, "version": 207, "at": 1733765659.402157}
{"obj": {"type": "LogStrings", "path": ["monitoring", "7322420b", "stdout"], "values": [{"value": "0", "step": null, "ts": 1733765659.447901}]}, "version": 208, "at": 1733765659.4479098}
{"obj": {"type": "LogStrings", "path": ["monitoring", "7322420b", "stdout"], "values": [{"value": "\n", "step": null, "ts": 1733765659.4479969}]}, "version": 209, "at": 1733765659.448004}
{"obj": {"type": "LogStrings", "path": ["monitoring", "7322420b", "stderr"], "values": [{"value": "/Users/saraiva/PycharmProjects/LTBio/venv/lib/python3.10/site-packages/sklearn/manifold/_t_sne.py:795: FutureWarning: The default initialization in TSNE will change from 'random' to 'pca' in 1.2.\n  warnings.warn(\n", "step": null, "ts": 1733765659.4654}]}, "version": 210, "at": 1733765659.465408}
{"obj": {"type": "LogStrings", "path": ["monitoring", "7322420b", "stdout"], "values": [{"value": "Selected features:", "step": null, "ts": 1733765659.953453}]}, "version": 211, "at": 1733765659.953459}
{"obj": {"type": "LogStrings", "path": ["monitoring", "7322420b", "stdout"], "values": [{"value": "\n", "step": null, "ts": 1733765659.95404}]}, "version": 212, "at": 1733765659.954047}
{"obj": {"type": "LogStrings", "path": ["monitoring", "7322420b", "stdout"], "values": [{"value": "['Delta_Frontal', 'Delta_Central', 'Delta_Parietal', 'Delta_Occipital', 'Delta_Temporal', 'Delta_Limbic', 'Alpha1_Frontal', 'Alpha1_Central', 'Alpha1_Parietal', 'Alpha1_Occipital', 'Alpha1_Temporal', 'Alpha1_Limbic', 'Theta_Frontal', 'Theta_Central', 'Theta_Parietal', 'Theta_Occipital', 'Theta_Temporal', 'Theta_Limbic', 'Alpha2_Frontal', 'Alpha2_Central', 'Alpha2_Parietal', 'Alpha2_Occipital', 'Alpha2_Temporal', 'Alpha2_Limbic', 'Alpha3_Frontal', 'Alpha3_Central', 'Alpha3_Parietal', 'Alpha3_Occipital', 'Alpha3_Temporal', 'Alpha3_Limbic', 'Beta1_Frontal', 'Beta1_Central', 'Beta1_Parietal', 'Beta1_Occipital', 'Beta1_Temporal', 'Beta1_Limbic', 'Beta2_Frontal', 'Beta2_Central', 'Beta2_Parietal', 'Beta2_Occipital', 'Beta2_Temporal', 'Beta2_Limbic', 'Gamma_Frontal', 'Gamma_Central', 'Gamma_Parietal', 'Gamma_Occipital', 'Gamma_Temporal', 'Gamma_Limbic']", "step": null, "ts": 1733765659.956002}]}, "version": 213, "at": 1733765659.956007}
{"obj": {"type": "LogStrings", "path": ["monitoring", "7322420b", "stdout"], "values": [{"value": "\n", "step": null, "ts": 1733765659.957707}]}, "version": 214, "at": 1733765659.9577112}
{"obj": {"type": "LogStrings", "path": ["monitoring", "7322420b", "stdout"], "values": [{"value": "'<=' not supported between instances of 'int' and 'range'", "step": null, "ts": 1733765659.960396}]}, "version": 215, "at": 1733765659.960403}
{"obj": {"type": "LogStrings", "path": ["monitoring", "7322420b", "stdout"], "values": [{"value": "\n", "step": null, "ts": 1733765659.961022}]}, "version": 216, "at": 1733765659.961029}
{"obj": {"type": "LogStrings", "path": ["monitoring", "7322420b", "stdout"], "values": [{"value": "10 PCs", "step": null, "ts": 1733765659.962771}]}, "version": 217, "at": 1733765659.962776}
{"obj": {"type": "LogStrings", "path": ["monitoring", "7322420b", "stdout"], "values": [{"value": "\n", "step": null, "ts": 1733765659.963392}]}, "version": 218, "at": 1733765659.963399}
{"obj": {"type": "LogStrings", "path": ["monitoring", "7322420b", "stdout"], "values": [{"value": "none variant", "step": null, "ts": 1733765659.965183}]}, "version": 219, "at": 1733765659.965188}
{"obj": {"type": "LogStrings", "path": ["monitoring", "7322420b", "stdout"], "values": [{"value": "\n", "step": null, "ts": 1733765659.9664488}]}, "version": 220, "at": 1733765659.966454}
{"obj": {"type": "LogStrings", "path": ["monitoring", "7322420b", "stdout"], "values": [{"value": "[neptune] [info   ] Neptune initialized. Open in the app: https://app.neptune.ai/Combat4EEG/CombatManuscript/e/CB-147\n", "step": null, "ts": 1733765660.3897111}]}, "version": 221, "at": 1733765660.3897212}
{"obj": {"type": "LogStrings", "path": ["monitoring", "7322420b", "stdout"], "values": [{"value": "0", "step": null, "ts": 1733765660.4363918}]}, "version": 222, "at": 1733765660.4364002}
{"obj": {"type": "LogStrings", "path": ["monitoring", "7322420b", "stdout"], "values": [{"value": "\n", "step": null, "ts": 1733765660.4384289}]}, "version": 223, "at": 1733765660.4384341}
{"obj": {"type": "LogStrings", "path": ["monitoring", "7322420b", "stderr"], "values": [{"value": "/Users/saraiva/PycharmProjects/LTBio/venv/lib/python3.10/site-packages/sklearn/manifold/_t_sne.py:795: FutureWarning: The default initialization in TSNE will change from 'random' to 'pca' in 1.2.\n  warnings.warn(\n", "step": null, "ts": 1733765660.456506}]}, "version": 224, "at": 1733765660.456518}
{"obj": {"type": "LogStrings", "path": ["monitoring", "7322420b", "stdout"], "values": [{"value": "Selected features:", "step": null, "ts": 1733765660.941509}]}, "version": 225, "at": 1733765660.941515}
{"obj": {"type": "LogStrings", "path": ["monitoring", "7322420b", "stdout"], "values": [{"value": "\n", "step": null, "ts": 1733765660.942604}]}, "version": 226, "at": 1733765660.9426088}
{"obj": {"type": "LogStrings", "path": ["monitoring", "7322420b", "stdout"], "values": [{"value": "['Delta_Frontal', 'Delta_Central', 'Delta_Parietal', 'Delta_Occipital', 'Delta_Temporal', 'Delta_Limbic', 'Alpha1_Frontal', 'Alpha1_Central', 'Alpha1_Parietal', 'Alpha1_Occipital', 'Alpha1_Temporal', 'Alpha1_Limbic', 'Theta_Frontal', 'Theta_Central', 'Theta_Parietal', 'Theta_Occipital', 'Theta_Temporal', 'Theta_Limbic', 'Alpha2_Frontal', 'Alpha2_Central', 'Alpha2_Parietal', 'Alpha2_Occipital', 'Alpha2_Temporal', 'Alpha2_Limbic', 'Alpha3_Frontal', 'Alpha3_Central', 'Alpha3_Parietal', 'Alpha3_Occipital', 'Alpha3_Temporal', 'Alpha3_Limbic', 'Beta1_Frontal', 'Beta1_Central', 'Beta1_Parietal', 'Beta1_Occipital', 'Beta1_Temporal', 'Beta1_Limbic', 'Beta2_Frontal', 'Beta2_Central', 'Beta2_Parietal', 'Beta2_Occipital', 'Beta2_Temporal', 'Beta2_Limbic', 'Gamma_Frontal', 'Gamma_Central', 'Gamma_Parietal', 'Gamma_Occipital', 'Gamma_Temporal', 'Gamma_Limbic']", "step": null, "ts": 1733765660.9451132}]}, "version": 227, "at": 1733765660.945118}
{"obj": {"type": "LogStrings", "path": ["monitoring", "7322420b", "stdout"], "values": [{"value": "\n", "step": null, "ts": 1733765660.9462762}]}, "version": 228, "at": 1733765660.94628}
{"obj": {"type": "LogStrings", "path": ["monitoring", "7322420b", "stdout"], "values": [{"value": "'<=' not supported between instances of 'int' and 'range'", "step": null, "ts": 1733765660.948492}]}, "version": 229, "at": 1733765660.9484968}
{"obj": {"type": "LogStrings", "path": ["monitoring", "7322420b", "stdout"], "values": [{"value": "\n", "step": null, "ts": 1733765660.949934}]}, "version": 230, "at": 1733765660.949939}
{"obj": {"type": "LogStrings", "path": ["monitoring", "7322420b", "stdout"], "values": [{"value": "neuroharmonize variant", "step": null, "ts": 1733765660.952297}]}, "version": 231, "at": 1733765660.952302}
{"obj": {"type": "LogStrings", "path": ["monitoring", "7322420b", "stdout"], "values": [{"value": "\n", "step": null, "ts": 1733765660.95365}]}, "version": 232, "at": 1733765660.953654}
{"obj": {"type": "LogStrings", "path": ["monitoring", "7322420b", "stdout"], "values": [{"value": "[neptune] [info   ] Neptune initialized. Open in the app: https://app.neptune.ai/Combat4EEG/CombatManuscript/e/CB-148\n", "step": null, "ts": 1733765661.3773491}]}, "version": 233, "at": 1733765661.377357}
{"obj": {"type": "LogStrings", "path": ["monitoring", "7322420b", "stdout"], "values": [{"value": "0", "step": null, "ts": 1733765661.427676}]}, "version": 234, "at": 1733765661.427684}
{"obj": {"type": "LogStrings", "path": ["monitoring", "7322420b", "stdout"], "values": [{"value": "\n", "step": null, "ts": 1733765661.4304352}]}, "version": 235, "at": 1733765661.430442}
{"obj": {"type": "LogStrings", "path": ["monitoring", "7322420b", "stderr"], "values": [{"value": "/Users/saraiva/PycharmProjects/LTBio/venv/lib/python3.10/site-packages/sklearn/manifold/_t_sne.py:795: FutureWarning: The default initialization in TSNE will change from 'random' to 'pca' in 1.2.\n  warnings.warn(\n", "step": null, "ts": 1733765661.4473011}]}, "version": 236, "at": 1733765661.447308}
{"obj": {"type": "LogStrings", "path": ["monitoring", "7322420b", "stdout"], "values": [{"value": "Selected features:", "step": null, "ts": 1733765661.943462}]}, "version": 237, "at": 1733765661.943468}
{"obj": {"type": "LogStrings", "path": ["monitoring", "7322420b", "stdout"], "values": [{"value": "\n", "step": null, "ts": 1733765661.945}]}, "version": 238, "at": 1733765661.945005}
