{"obj": {"type": "AssignString", "path": ["sys", "name"], "value": "no name"}, "version": 1, "at": 1733736828.138709}
{"obj": {"type": "AssignString", "path": ["sys", "description"], "value": ""}, "version": 2, "at": 1733736828.138915}
{"obj": {"type": "AssignString", "path": ["monitoring", "4477ad71", "hostname"], "value": "Macmini.fritz.box"}, "version": 3, "at": 1733736828.138999}
{"obj": {"type": "AssignString", "path": ["sys", "hostname"], "value": "Macmini.fritz.box"}, "version": 4, "at": 1733736828.1390588}
{"obj": {"type": "AssignString", "path": ["monitoring", "4477ad71", "pid"], "value": "3712"}, "version": 5, "at": 1733736828.13912}
{"obj": {"type": "AssignString", "path": ["monitoring", "4477ad71", "tid"], "value": "8631334976"}, "version": 6, "at": 1733736828.139179}
{"obj": {"type": "AddStrings", "path": ["sys", "tags"], "values": ["mmse gap 24-26", "4 datasets"]}, "version": 7, "at": 1733736828.1392581}
{"obj": {"type": "AssignBool", "path": ["sys", "failed"], "value": false}, "version": 8, "at": 1733736828.139322}
{"obj": {"type": "ClearStringLog", "path": ["monitoring", "4477ad71", "stdout"]}, "version": 9, "at": 1733736828.1394088}
{"obj": {"type": "ClearStringLog", "path": ["monitoring", "4477ad71", "stderr"]}, "version": 10, "at": 1733736828.1394591}
{"obj": {"type": "AssignString", "path": ["source_code", "entrypoint"], "value": "paper_results_images_each_variant.py"}, "version": 11, "at": 1733736828.1401432}
{"obj": {"type": "UploadFileSet", "path": ["source_code", "files"], "file_globs": ["/Users/saraiva/PycharmProjects/LTBio/phd_journal/24_12_03/*.py"], "reset": "False"}, "version": 12, "at": 1733736828.1402361}
{"obj": {"type": "UploadFile", "path": ["source_code", "diff"], "ext": "patch", "file_path": null, "tmp_file_name": "source_code_diff-1733736828.241501-2024-12-09_10.33.48.241501.patch", "clean_after_upload": false}, "version": 13, "at": 1733736828.2418182}
{"obj": {"type": "ConfigFloatSeries", "path": ["monitoring", "4477ad71", "cpu"], "min": 0.0, "max": 100.0, "unit": "%"}, "version": 14, "at": 1733736828.247241}
{"obj": {"type": "ClearFloatLog", "path": ["monitoring", "4477ad71", "cpu"]}, "version": 15, "at": 1733736828.2473059}
{"obj": {"type": "LogStrings", "path": ["monitoring", "4477ad71", "stderr"], "values": [{"value": "[neptune] [warning] /Users/saraiva/PycharmProjects/LTBio/phd_journal/24_12_03/paper_results_images_each_variant.py:6: NeptuneWarning: Info (NVML): NVML Shared Library Not Found. GPU usage metrics may not be reported. For more information, see https://docs.neptune.ai/help/nvml_error/\n", "step": null, "ts": 1733736828.247349}]}, "version": 16, "at": 1733736828.2473722}
{"obj": {"type": "ConfigFloatSeries", "path": ["monitoring", "4477ad71", "memory"], "min": 0.0, "max": 16.0, "unit": "GB"}, "version": 17, "at": 1733736828.247433}
{"obj": {"type": "ClearFloatLog", "path": ["monitoring", "4477ad71", "memory"]}, "version": 18, "at": 1733736828.247454}
{"obj": {"type": "LogFloats", "path": ["monitoring", "4477ad71", "cpu"], "values": [{"value": 23.9, "step": null, "ts": 1733736828.247512}]}, "version": 19, "at": 1733736828.247576}
{"obj": {"type": "LogFloats", "path": ["monitoring", "4477ad71", "memory"], "values": [{"value": 9.997802734375, "step": null, "ts": 1733736828.247512}]}, "version": 20, "at": 1733736828.247699}
{"obj": {"type": "AssignString", "path": ["datasets", "criteria"], "value": "AD criteria: AD & (MMSE<=23 | MoCA<=18)\nHC criteria: HC & (MMSE>=27 | MoCA>=24)"}, "version": 21, "at": 1733736828.2700958}
{"obj": {"type": "LogStrings", "path": ["monitoring", "4477ad71", "stdout"], "values": [{"value": "\nDataset: Newcastle", "step": null, "ts": 1733736828.271785}]}, "version": 22, "at": 1733736828.271801}
{"obj": {"type": "LogStrings", "path": ["monitoring", "4477ad71", "stdout"], "values": [{"value": "\n", "step": null, "ts": 1733736828.271898}]}, "version": 23, "at": 1733736828.271905}
{"obj": {"type": "LogStrings", "path": ["monitoring", "4477ad71", "stdout"], "values": [{"value": "Total: 36", "step": null, "ts": 1733736828.2719512}]}, "version": 24, "at": 1733736828.271957}
{"obj": {"type": "LogStrings", "path": ["monitoring", "4477ad71", "stdout"], "values": [{"value": "\n", "step": null, "ts": 1733736828.2719822}]}, "version": 25, "at": 1733736828.271987}
{"obj": {"type": "LogStrings", "path": ["monitoring", "4477ad71", "stdout"], "values": [{"value": "AD: 19", "step": null, "ts": 1733736828.27201}]}, "version": 26, "at": 1733736828.2720141}
{"obj": {"type": "LogStrings", "path": ["monitoring", "4477ad71", "stdout"], "values": [{"value": "\n", "step": null, "ts": 1733736828.272037}]}, "version": 27, "at": 1733736828.272042}
{"obj": {"type": "LogStrings", "path": ["monitoring", "4477ad71", "stdout"], "values": [{"value": "HC: 17", "step": null, "ts": 1733736828.272065}]}, "version": 28, "at": 1733736828.2720692}
{"obj": {"type": "LogStrings", "path": ["monitoring", "4477ad71", "stdout"], "values": [{"value": "\n", "step": null, "ts": 1733736828.272091}]}, "version": 29, "at": 1733736828.272096}
{"obj": {"type": "UploadFile", "path": ["datasets", "before", "Newcastle"], "ext": "html", "file_path": null, "tmp_file_name": "datasets_before_Newcastle-1733736828.283562-2024-12-09_10.33.48.283562.html", "clean_after_upload": false}, "version": 30, "at": 1733736828.2837481}
{"obj": {"type": "LogStrings", "path": ["monitoring", "4477ad71", "stdout"], "values": [{"value": "\nDataset: Izmir", "step": null, "ts": 1733736828.3024871}]}, "version": 31, "at": 1733736828.3025012}
{"obj": {"type": "LogStrings", "path": ["monitoring", "4477ad71", "stdout"], "values": [{"value": "\n", "step": null, "ts": 1733736828.302551}]}, "version": 32, "at": 1733736828.302558}
{"obj": {"type": "LogStrings", "path": ["monitoring", "4477ad71", "stdout"], "values": [{"value": "Total: 80", "step": null, "ts": 1733736828.30259}]}, "version": 33, "at": 1733736828.3025951}
{"obj": {"type": "LogStrings", "path": ["monitoring", "4477ad71", "stdout"], "values": [{"value": "\n", "step": null, "ts": 1733736828.3026218}]}, "version": 34, "at": 1733736828.302627}
{"obj": {"type": "LogStrings", "path": ["monitoring", "4477ad71", "stdout"], "values": [{"value": "AD: 20", "step": null, "ts": 1733736828.3040462}]}, "version": 35, "at": 1733736828.304055}
{"obj": {"type": "LogStrings", "path": ["monitoring", "4477ad71", "stdout"], "values": [{"value": "\n", "step": null, "ts": 1733736828.304093}]}, "version": 36, "at": 1733736828.304099}
{"obj": {"type": "UploadFile", "path": ["datasets", "before", "Izmir"], "ext": "html", "file_path": null, "tmp_file_name": "datasets_before_Izmir-1733736828.304138-2024-12-09_10.33.48.304138.html", "clean_after_upload": false}, "version": 37, "at": 1733736828.3044338}
{"obj": {"type": "LogStrings", "path": ["monitoring", "4477ad71", "stdout"], "values": [{"value": "HC: 60", "step": null, "ts": 1733736828.3199959}]}, "version": 38, "at": 1733736828.3200052}
{"obj": {"type": "LogStrings", "path": ["monitoring", "4477ad71", "stdout"], "values": [{"value": "\n", "step": null, "ts": 1733736828.3200462}]}, "version": 39, "at": 1733736828.320052}
{"obj": {"type": "UploadFile", "path": ["datasets", "before", "Istambul"], "ext": "html", "file_path": null, "tmp_file_name": "datasets_before_Istambul-1733736828.320095-2024-12-09_10.33.48.320095.html", "clean_after_upload": false}, "version": 40, "at": 1733736828.320232}
{"obj": {"type": "LogStrings", "path": ["monitoring", "4477ad71", "stdout"], "values": [{"value": "\nDataset: Istambul", "step": null, "ts": 1733736828.386039}]}, "version": 41, "at": 1733736828.38606}
{"obj": {"type": "LogStrings", "path": ["monitoring", "4477ad71", "stdout"], "values": [{"value": "\n", "step": null, "ts": 1733736828.3861718}]}, "version": 42, "at": 1733736828.3861802}
{"obj": {"type": "LogStrings", "path": ["monitoring", "4477ad71", "stdout"], "values": [{"value": "Total: 59", "step": null, "ts": 1733736828.387729}]}, "version": 43, "at": 1733736828.3877382}
{"obj": {"type": "LogStrings", "path": ["monitoring", "4477ad71", "stdout"], "values": [{"value": "\n", "step": null, "ts": 1733736828.387777}]}, "version": 44, "at": 1733736828.3877828}
{"obj": {"type": "LogStrings", "path": ["monitoring", "4477ad71", "stdout"], "values": [{"value": "AD: 24", "step": null, "ts": 1733736828.387813}]}, "version": 45, "at": 1733736828.387818}
{"obj": {"type": "LogStrings", "path": ["monitoring", "4477ad71", "stdout"], "values": [{"value": "\n", "step": null, "ts": 1733736828.388052}]}, "version": 46, "at": 1733736828.388062}
{"obj": {"type": "LogStrings", "path": ["monitoring", "4477ad71", "stdout"], "values": [{"value": "HC: 35", "step": null, "ts": 1733736828.388105}]}, "version": 47, "at": 1733736828.3881118}
{"obj": {"type": "LogStrings", "path": ["monitoring", "4477ad71", "stdout"], "values": [{"value": "\n", "step": null, "ts": 1733736828.388142}]}, "version": 48, "at": 1733736828.388148}
{"obj": {"type": "LogStrings", "path": ["monitoring", "4477ad71", "stdout"], "values": [{"value": "\nDataset: Miltiadous", "step": null, "ts": 1733736828.388176}]}, "version": 49, "at": 1733736828.388181}
{"obj": {"type": "LogStrings", "path": ["monitoring", "4477ad71", "stdout"], "values": [{"value": "\n", "step": null, "ts": 1733736828.3882189}]}, "version": 50, "at": 1733736828.388224}
{"obj": {"type": "LogStrings", "path": ["monitoring", "4477ad71", "stdout"], "values": [{"value": "Total: 65", "step": null, "ts": 1733736828.388256}]}, "version": 51, "at": 1733736828.388261}
{"obj": {"type": "LogStrings", "path": ["monitoring", "4477ad71", "stdout"], "values": [{"value": "\n", "step": null, "ts": 1733736828.388285}]}, "version": 52, "at": 1733736828.3882902}
{"obj": {"type": "LogStrings", "path": ["monitoring", "4477ad71", "stdout"], "values": [{"value": "AD: 36", "step": null, "ts": 1733736828.388314}]}, "version": 53, "at": 1733736828.388319}
{"obj": {"type": "LogStrings", "path": ["monitoring", "4477ad71", "stdout"], "values": [{"value": "\n", "step": null, "ts": 1733736828.388343}]}, "version": 54, "at": 1733736828.3883479}
{"obj": {"type": "LogStrings", "path": ["monitoring", "4477ad71", "stdout"], "values": [{"value": "HC: 29", "step": null, "ts": 1733736828.388371}]}, "version": 55, "at": 1733736828.388376}
{"obj": {"type": "LogStrings", "path": ["monitoring", "4477ad71", "stdout"], "values": [{"value": "\n", "step": null, "ts": 1733736828.3884559}]}, "version": 56, "at": 1733736828.388461}
{"obj": {"type": "UploadFile", "path": ["datasets", "before", "Miltiadous"], "ext": "html", "file_path": null, "tmp_file_name": "datasets_before_Miltiadous-1733736828.38851-2024-12-09_10.33.48.388510.html", "clean_after_upload": false}, "version": 57, "at": 1733736828.388706}
{"obj": {"type": "AssignString", "path": ["harmonization", "params", "method"], "value": "neuroharmonize"}, "version": 58, "at": 1733736828.3942451}
{"obj": {"type": "AssignBool", "path": ["harmonization", "params", "log_transform"], "value": true}, "version": 59, "at": 1733736828.394324}
{"obj": {"type": "AssignString", "path": ["harmonization", "params", "standardize"], "value": "none"}, "version": 60, "at": 1733736828.3943748}
{"obj": {"type": "AssignBool", "path": ["harmonization", "params", "cov_age"], "value": true}, "version": 61, "at": 1733736828.394421}
{"obj": {"type": "AssignBool", "path": ["harmonization", "params", "cov_gender"], "value": true}, "version": 62, "at": 1733736828.394461}
{"obj": {"type": "AssignBool", "path": ["harmonization", "params", "cov_education"], "value": false}, "version": 63, "at": 1733736828.394502}
{"obj": {"type": "AssignBool", "path": ["harmonization", "params", "cov_diagnosis"], "value": true}, "version": 64, "at": 1733736828.3945448}
{"obj": {"type": "TrackFilesToArtifact", "path": ["datasets", "after", "Newcastle_track"], "entries": [["./each_variation/neuroharmonize/Newcastle.csv", null]], "project_id": "0185c1d2-e230-4393-98bd-19b911873975"}, "version": 65, "at": 1733736828.39461}
{"obj": {"type": "UploadFile", "path": ["datasets", "after", "Newcastle"], "ext": "csv", "file_path": "/Users/saraiva/PycharmProjects/LTBio/phd_journal/24_12_03/each_variation/neuroharmonize/Newcastle.csv", "tmp_file_name": null, "clean_after_upload": false}, "version": 66, "at": 1733736828.3947148}
{"obj": {"type": "TrackFilesToArtifact", "path": ["datasets", "after", "Izmir_track"], "entries": [["./each_variation/neuroharmonize/Izmir.csv", null]], "project_id": "0185c1d2-e230-4393-98bd-19b911873975"}, "version": 67, "at": 1733736828.394756}
{"obj": {"type": "UploadFile", "path": ["datasets", "after", "Izmir"], "ext": "csv", "file_path": "/Users/saraiva/PycharmProjects/LTBio/phd_journal/24_12_03/each_variation/neuroharmonize/Izmir.csv", "tmp_file_name": null, "clean_after_upload": false}, "version": 68, "at": 1733736828.3948212}
{"obj": {"type": "TrackFilesToArtifact", "path": ["datasets", "after", "Istambul_track"], "entries": [["./each_variation/neuroharmonize/Istambul.csv", null]], "project_id": "0185c1d2-e230-4393-98bd-19b911873975"}, "version": 69, "at": 1733736828.394857}
{"obj": {"type": "UploadFile", "path": ["datasets", "after", "Istambul"], "ext": "csv", "file_path": "/Users/saraiva/PycharmProjects/LTBio/phd_journal/24_12_03/each_variation/neuroharmonize/Istambul.csv", "tmp_file_name": null, "clean_after_upload": false}, "version": 70, "at": 1733736828.3949142}
{"obj": {"type": "TrackFilesToArtifact", "path": ["datasets", "after", "Miltiadous_track"], "entries": [["./each_variation/neuroharmonize/Miltiadous.csv", null]], "project_id": "0185c1d2-e230-4393-98bd-19b911873975"}, "version": 71, "at": 1733736828.3949509}
{"obj": {"type": "UploadFile", "path": ["datasets", "after", "Miltiadous"], "ext": "csv", "file_path": "/Users/saraiva/PycharmProjects/LTBio/phd_journal/24_12_03/each_variation/neuroharmonize/Miltiadous.csv", "tmp_file_name": null, "clean_after_upload": false}, "version": 72, "at": 1733736828.395008}
{"obj": {"type": "LogStrings", "path": ["monitoring", "4477ad71", "stdout"], "values": [{"value": "Covariates:", "step": null, "ts": 1733736828.396215}]}, "version": 73, "at": 1733736828.396258}
{"obj": {"type": "LogStrings", "path": ["monitoring", "4477ad71", "stdout"], "values": [{"value": " ", "step": null, "ts": 1733736828.397295}]}, "version": 74, "at": 1733736828.397315}
{"obj": {"type": "LogStrings", "path": ["monitoring", "4477ad71", "stdout"], "values": [{"value": "Index(['AGE', 'GENDER', 'SITE', 'DIAGNOSIS'], dtype='object')", "step": null, "ts": 1733736828.397425}]}, "version": 75, "at": 1733736828.397443}
{"obj": {"type": "LogStrings", "path": ["monitoring", "4477ad71", "stdout"], "values": [{"value": "\n", "step": null, "ts": 1733736828.397544}]}, "version": 76, "at": 1733736828.397561}
{"obj": {"type": "AssignString", "path": ["harmonization", "batch_effects_dist", "Istambul", "normal_dist"], "value": "[ 0.35572034  0.15412548  0.40365214 ... -0.02590402  0.35541918\n  0.40260442]"}, "version": 77, "at": 1733736828.420783}
{"obj": {"type": "AssignString", "path": ["harmonization", "batch_effects_dist", "Istambul", "gamma_hat"], "value": "[-1.56202688e-01  5.73460161e-01  6.49291215e-01  3.77508096e-01\n  1.64621793e-01  1.15249078e-01  2.13428718e-04  2.42809179e-01\n  1.62986498e-01  6.43637783e-02 -4.89691287e-02  1.65063396e-02\n -1.86397887e-02  4.39173993e-01  4.61813165e-01  3.29432233e-01\n  1.90794497e-01  1.41282603e-01  4.43759297e-01  3.97701991e-01\n  5.17833074e-01  5.43510049e-01  4.11677007e-01  4.58758001e-01\n  7.66000739e-01  5.77049911e-01  6.25272162e-01  5.54987433e-01\n  5.88187775e-01  5.57056677e-01 -2.03227678e-01  2.28714746e-01\n  3.70318409e-01  3.50973818e-01 -4.27777624e-02  1.31976552e-01\n -4.42229428e-01  1.60176870e-01  2.87438398e-01  2.25562230e-01\n -2.73997412e-01 -1.07641984e-01 -5.50808375e-01 -1.36601106e-02\n  4.76414066e-02 -3.39966799e-02 -4.13231753e-01 -3.63661598e-01]"}, "version": 78, "at": 1733736828.4215071}
{"obj": {"type": "AssignString", "path": ["harmonization", "batch_effects_dist", "Istambul", "inverse_gamma_dist"], "value": "[0.49499397 0.73115201 0.95551515 ... 0.58712352 0.96333132 1.02080801]"}, "version": 79, "at": 1733736828.421818}
{"obj": {"type": "AssignString", "path": ["harmonization", "batch_effects_dist", "Istambul", "delta_hat"], "value": "[0.79319083 1.39146262 1.32216386 0.97937332 1.49366483 1.05252733\n 1.07106682 0.90481113 0.47676902 0.44392248 0.71272172 0.67829796\n 1.24730421 1.22060971 0.998281   0.97877747 1.56247471 1.38179077\n 0.87793347 0.67480833 0.56554312 0.80799394 0.7154613  0.5601555\n 1.22681802 1.28226882 0.98749344 1.04046576 0.88802117 0.95546021\n 1.02185239 0.88826369 0.8653282  1.32441649 1.16843343 1.1400456\n 0.59002872 0.98167695 0.95875586 1.18042057 0.73166269 0.90295662\n 0.47979169 0.59978982 0.45347103 0.5519853  0.58375677 0.481181  ]"}, "version": 80, "at": 1733736828.422312}
{"obj": {"type": "AssignString", "path": ["harmonization", "batch_effects_dist", "Izmir", "normal_dist"], "value": "[ 0.2675098   0.02842499  0.32435532 ... -0.18508401  0.26715263\n  0.32311275]"}, "version": 81, "at": 1733736828.422634}
{"obj": {"type": "AssignString", "path": ["harmonization", "batch_effects_dist", "Izmir", "gamma_hat"], "value": "[-0.85612698 -0.59950595 -0.65396915 -0.70988384 -0.74538821 -0.76398511\n  0.21291663  0.36605525  0.54963129  0.48885593  0.56267268  0.374513\n -0.40510824 -0.052443    0.00273255 -0.13724619 -0.10980032 -0.21419985\n  0.10430107  0.18355594  0.15836083  0.03564909  0.19039665  0.01646344\n  0.10757766  0.05600738  0.02827859 -0.04441917  0.08851607 -0.08565017\n  0.25016872  0.47295242  0.52066391  0.27368673  0.45131065  0.23232273\n  0.12632816  0.43057265  0.54590486  0.39472528  0.36664326  0.12544412\n  0.0758524   0.30192277  0.45415252  0.37056592  0.33748344 -0.01618512]"}, "version": 82, "at": 1733736828.4231539}
{"obj": {"type": "AssignString", "path": ["harmonization", "batch_effects_dist", "Izmir", "inverse_gamma_dist"], "value": "[0.75828707 1.42617955 1.17846508 ... 1.64826996 1.25041081 1.05975659]"}, "version": 83, "at": 1733736828.423407}
{"obj": {"type": "AssignString", "path": ["harmonization", "batch_effects_dist", "Izmir", "delta_hat"], "value": "[1.01663259 0.99512839 0.87637219 0.82060983 0.78751925 1.01304841\n 1.31908146 1.69135812 2.08057104 2.01295265 1.88887503 1.71542534\n 0.83208087 1.21415276 1.29324172 1.16064158 0.91869872 0.9150131\n 1.29520533 1.66273188 1.66559594 1.44840791 1.40905676 1.47594076\n 1.27602824 1.15470029 1.35768131 1.33264492 1.36909512 1.34817277\n 1.26069753 1.63407417 1.47082761 1.02911081 1.32287277 1.19968276\n 1.01011447 1.68815052 1.79385208 1.43611201 1.40099465 1.08555098\n 1.17850758 1.75981445 2.12196774 1.82167483 1.42373452 0.96296343]"}, "version": 84, "at": 1733736828.423625}
{"obj": {"type": "AssignString", "path": ["harmonization", "batch_effects_dist", "Miltiadous", "normal_dist"], "value": "[ 0.10913067 -0.15919462  0.1729285  ... -0.39881615  0.10872983\n  0.17153397]"}, "version": 85, "at": 1733736828.423805}
{"obj": {"type": "AssignString", "path": ["harmonization", "batch_effects_dist", "Miltiadous", "gamma_hat"], "value": "[ 0.87853677 -0.03956629 -0.06818241  0.22819535  0.18896139  0.890817\n -0.03808057 -0.52690655 -0.66218743 -0.49380069 -0.54116752 -0.07313075\n  0.46926074 -0.34679272 -0.4708952  -0.21676852 -0.28622311  0.39215005\n -0.25396024 -0.41975068 -0.44964484 -0.28783223 -0.37804005  0.01984179\n -0.39903821 -0.36828596 -0.30051584 -0.15111149 -0.26317342  0.07892229\n  0.28976837 -0.49419198 -0.70618516 -0.41579564 -0.33100367  0.23899465\n  0.61965384 -0.32227657 -0.636306   -0.42982089 -0.100124    0.59269267\n  0.64234037 -0.06950898 -0.42085358 -0.23786551 -0.00898595  0.84098583]"}, "version": 86, "at": 1733736828.4239879}
{"obj": {"type": "AssignString", "path": ["harmonization", "batch_effects_dist", "Miltiadous", "inverse_gamma_dist"], "value": "[0.72060618 1.38784013 0.49567794 ... 1.23923787 0.80020798 0.46852747]"}, "version": 87, "at": 1733736828.424084}
{"obj": {"type": "AssignString", "path": ["harmonization", "batch_effects_dist", "Miltiadous", "delta_hat"], "value": "[1.30454135 0.77537942 0.78506351 1.23428235 0.78034662 1.25462683\n 0.86488249 0.60105012 0.52511645 0.63873859 0.46010231 0.8290928\n 1.19090796 0.7646952  0.78606687 1.01778881 0.6974647  1.12942637\n 0.84597038 0.68104278 0.74065468 0.83735851 0.83576536 1.05037065\n 0.61329489 0.65736927 0.78992552 0.81255805 0.90004251 0.94150184\n 0.9381895  0.59716525 0.71606367 0.9420856  0.5698635  1.00298429\n 1.54371293 0.52275072 0.45705126 0.71949689 0.77546344 1.42846097\n 1.31512547 0.74565121 0.42623353 0.84380395 0.78758805 1.90712288]"}, "version": 88, "at": 1733736828.4242601}
{"obj": {"type": "AssignString", "path": ["harmonization", "batch_effects_dist", "Newcastle", "normal_dist"], "value": "[-0.09497829 -0.3844897  -0.02614319 ... -0.64303099 -0.09541079\n -0.02764782]"}, "version": 89, "at": 1733736828.424373}
{"obj": {"type": "AssignString", "path": ["harmonization", "batch_effects_dist", "Newcastle", "gamma_hat"], "value": "[ 0.57225631  0.46383709  0.51225575  0.54680645  1.04544113 -0.09955533\n -0.40474128 -0.26003432 -0.29290344 -0.30024702 -0.19302074 -0.72726154\n  0.08351273  0.02293613  0.08729465  0.15647631  0.44810146 -0.46359551\n -0.500513   -0.30180828 -0.3887251  -0.45027569 -0.41522423 -0.82426427\n -0.77396592 -0.40522077 -0.54499486 -0.53801328 -0.68550255 -0.86511886\n -0.74605578 -0.53355236 -0.48888508 -0.43265768 -0.33515903 -1.16408577\n -0.67478378 -0.63745195 -0.53531567 -0.47077323 -0.18493204 -1.17249101\n -0.42562839 -0.52304975 -0.32743226 -0.33828364 -0.05649763 -0.88647875]"}, "version": 90, "at": 1733736828.424545}
{"obj": {"type": "AssignString", "path": ["harmonization", "batch_effects_dist", "Newcastle", "inverse_gamma_dist"], "value": "[0.44978245 0.64864814 0.3740271  ... 1.67912234 0.70251731 0.8774122 ]"}, "version": 91, "at": 1733736828.425892}
{"obj": {"type": "AssignString", "path": ["harmonization", "batch_effects_dist", "Newcastle", "delta_hat"], "value": "[0.86258028 0.88730693 1.25248653 1.12497431 1.17746386 0.53218494\n 0.52337743 0.44104158 0.41070947 0.40999907 0.57127043 0.34509079\n 0.73439593 0.69560217 0.8464379  0.75433536 0.91890078 0.43676608\n 0.93190096 0.74053031 0.80612916 0.71774806 0.96282221 0.67679827\n 0.82249859 0.92387005 0.71180924 0.63915207 0.64952964 0.50918689\n 0.60266652 0.60486486 0.79392881 0.6168746  0.89293281 0.42604065\n 0.77661896 0.46407999 0.38361615 0.34385592 1.06443791 0.29852818\n 0.99719865 0.52757633 0.5366938  0.28768825 1.2360413  0.39890075]"}, "version": 92, "at": 1733736828.4264588}
{"obj": {"type": "LogStrings", "path": ["monitoring", "4477ad71", "stderr"], "values": [{"value": "/Users/saraiva/PycharmProjects/LTBio/venv/lib/python3.10/site-packages/sklearn/manifold/_t_sne.py:795: FutureWarning: The default initialization in TSNE will change from 'random' to 'pca' in 1.2.\n  warnings.warn(\n", "step": null, "ts": 1733736828.507334}]}, "version": 93, "at": 1733736828.507392}
{"obj": {"type": "LogStrings", "path": ["monitoring", "4477ad71", "stdout"], "values": [{"value": "Applying min-max norm...", "step": null, "ts": 1733736829.3954759}]}, "version": 94, "at": 1733736829.395496}
{"obj": {"type": "LogStrings", "path": ["monitoring", "4477ad71", "stdout"], "values": [{"value": "\n", "step": null, "ts": 1733736829.395851}]}, "version": 95, "at": 1733736829.395861}
{"obj": {"type": "AssignString", "path": ["classification", "DIAGNOSIS", "norm"], "value": "min-max"}, "version": 96, "at": 1733736829.396373}
{"obj": {"type": "LogStrings", "path": ["monitoring", "4477ad71", "stdout"], "values": [{"value": "Classification with DIAGNOSIS", "step": null, "ts": 1733736829.397215}]}, "version": 97, "at": 1733736829.397226}
{"obj": {"type": "AssignString", "path": ["classification", "DIAGNOSIS", "features"], "value": "['Delta_Frontal', 'Delta_Central', 'Delta_Parietal', 'Delta_Occipital', 'Delta_Temporal', 'Delta_Limbic', 'Alpha1_Frontal', 'Alpha1_Central', 'Alpha1_Parietal', 'Alpha1_Occipital', 'Alpha1_Temporal', 'Alpha1_Limbic', 'Theta_Frontal', 'Theta_Central', 'Theta_Parietal', 'Theta_Occipital', 'Theta_Temporal', 'Theta_Limbic', 'Alpha2_Frontal', 'Alpha2_Central', 'Alpha2_Parietal', 'Alpha2_Occipital', 'Alpha2_Temporal', 'Alpha2_Limbic', 'Alpha3_Frontal', 'Alpha3_Central', 'Alpha3_Parietal', 'Alpha3_Occipital', 'Alpha3_Temporal', 'Alpha3_Limbic', 'Beta1_Frontal', 'Beta1_Central', 'Beta1_Parietal', 'Beta1_Occipital', 'Beta1_Temporal', 'Beta1_Limbic', 'Beta2_Frontal', 'Beta2_Central', 'Beta2_Parietal', 'Beta2_Occipital', 'Beta2_Temporal', 'Beta2_Limbic', 'Gamma_Frontal', 'Gamma_Central', 'Gamma_Parietal', 'Gamma_Occipital', 'Gamma_Temporal', 'Gamma_Limbic']"}, "version": 98, "at": 1733736829.397482}
{"obj": {"type": "LogStrings", "path": ["monitoring", "4477ad71", "stdout"], "values": [{"value": "\n", "step": null, "ts": 1733736829.39829}]}, "version": 99, "at": 1733736829.398304}
{"obj": {"type": "LogStrings", "path": ["monitoring", "4477ad71", "stdout"], "values": [{"value": "Targets:", "step": null, "ts": 1733736829.3989959}]}, "version": 100, "at": 1733736829.399005}
{"obj": {"type": "LogStrings", "path": ["monitoring", "4477ad71", "stdout"], "values": [{"value": " ", "step": null, "ts": 1733736829.399341}]}, "version": 101, "at": 1733736829.399348}
{"obj": {"type": "LogStrings", "path": ["monitoring", "4477ad71", "stdout"], "values": [{"value": "[0 1]", "step": null, "ts": 1733736829.399382}]}, "version": 102, "at": 1733736829.3993878}
{"obj": {"type": "LogStrings", "path": ["monitoring", "4477ad71", "stdout"], "values": [{"value": "\n", "step": null, "ts": 1733736829.3995688}]}, "version": 103, "at": 1733736829.3995788}
