{"obj": {"type": "AssignString", "path": ["sys", "name"], "value": "no name"}, "version": 1, "at": 1733765649.034224}
{"obj": {"type": "AssignString", "path": ["sys", "description"], "value": ""}, "version": 2, "at": 1733765649.03438}
{"obj": {"type": "AssignString", "path": ["monitoring", "7322420b", "hostname"], "value": "Macmini.fritz.box"}, "version": 3, "at": 1733765649.034431}
{"obj": {"type": "AssignString", "path": ["sys", "hostname"], "value": "Macmini.fritz.box"}, "version": 4, "at": 1733765649.0344682}
{"obj": {"type": "AssignString", "path": ["monitoring", "7322420b", "pid"], "value": "13418"}, "version": 5, "at": 1733765649.034505}
{"obj": {"type": "AssignString", "path": ["monitoring", "7322420b", "tid"], "value": "8631334976"}, "version": 6, "at": 1733765649.0345411}
{"obj": {"type": "AddStrings", "path": ["sys", "tags"], "values": ["mmse gap 24-26", "4 datasets", "Newcastle", "Izmir"]}, "version": 7, "at": 1733765649.034595}
{"obj": {"type": "AssignBool", "path": ["sys", "failed"], "value": false}, "version": 8, "at": 1733765649.034629}
{"obj": {"type": "ClearStringLog", "path": ["monitoring", "7322420b", "stdout"]}, "version": 9, "at": 1733765649.034679}
{"obj": {"type": "ClearStringLog", "path": ["monitoring", "7322420b", "stderr"]}, "version": 10, "at": 1733765649.0347111}
{"obj": {"type": "AssignString", "path": ["source_code", "entrypoint"], "value": "paper_results_images_each_variant.py"}, "version": 11, "at": 1733765649.035456}
{"obj": {"type": "UploadFileSet", "path": ["source_code", "files"], "file_globs": ["/Users/saraiva/PycharmProjects/LTBio/phd_journal/24_12_03/*.py"], "reset": "False"}, "version": 12, "at": 1733765649.0355341}
{"obj": {"type": "UploadFile", "path": ["source_code", "diff"], "ext": "patch", "file_path": null, "tmp_file_name": "source_code_diff-1733765649.14525-2024-12-09_18.34.09.145250.patch", "clean_after_upload": false}, "version": 13, "at": 1733765649.146473}
{"obj": {"type": "ConfigFloatSeries", "path": ["monitoring", "7322420b", "cpu"], "min": 0.0, "max": 100.0, "unit": "%"}, "version": 14, "at": 1733765649.1498399}
{"obj": {"type": "ClearFloatLog", "path": ["monitoring", "7322420b", "cpu"]}, "version": 15, "at": 1733765649.149877}
{"obj": {"type": "ConfigFloatSeries", "path": ["monitoring", "7322420b", "memory"], "min": 0.0, "max": 16.0, "unit": "GB"}, "version": 16, "at": 1733765649.149962}
{"obj": {"type": "ClearFloatLog", "path": ["monitoring", "7322420b", "memory"]}, "version": 17, "at": 1733765649.150448}
{"obj": {"type": "LogFloats", "path": ["monitoring", "7322420b", "cpu"], "values": [{"value": 84.0, "step": null, "ts": 1733765649.150603}]}, "version": 18, "at": 1733765649.15068}
{"obj": {"type": "LogFloats", "path": ["monitoring", "7322420b", "memory"], "values": [{"value": 11.30853271484375, "step": null, "ts": 1733765649.150603}]}, "version": 19, "at": 1733765649.15073}
{"obj": {"type": "AssignString", "path": ["datasets", "combination"], "value": "['Izmir', 'Newcastle']"}, "version": 20, "at": 1733765649.151053}
{"obj": {"type": "AssignString", "path": ["datasets", "criteria"], "value": "AD criteria: AD & (MMSE<=23 | MoCA<=18)\nHC criteria: HC & (MMSE>=27 | MoCA>=24)"}, "version": 21, "at": 1733765649.159413}
{"obj": {"type": "UploadFile", "path": ["datasets", "before", "Izmir"], "ext": "html", "file_path": null, "tmp_file_name": "datasets_before_Izmir-1733765649.179885-2024-12-09_18.34.09.179885.html", "clean_after_upload": false}, "version": 22, "at": 1733765649.180108}
{"obj": {"type": "UploadFile", "path": ["datasets", "before", "Newcastle"], "ext": "html", "file_path": null, "tmp_file_name": "datasets_before_Newcastle-1733765649.190641-2024-12-09_18.34.09.190641.html", "clean_after_upload": false}, "version": 23, "at": 1733765649.19077}
{"obj": {"type": "LogStrings", "path": ["monitoring", "7322420b", "stdout"], "values": [{"value": "0", "step": null, "ts": 1733765649.1917188}]}, "version": 24, "at": 1733765649.1917288}
{"obj": {"type": "LogStrings", "path": ["monitoring", "7322420b", "stdout"], "values": [{"value": "\n", "step": null, "ts": 1733765649.1917691}]}, "version": 25, "at": 1733765649.191774}
{"obj": {"type": "AssignString", "path": ["harmonization", "params", "method"], "value": "none"}, "version": 26, "at": 1733765649.192624}
{"obj": {"type": "AssignBool", "path": ["harmonization", "params", "log_transform"], "value": true}, "version": 27, "at": 1733765649.1926641}
{"obj": {"type": "AssignString", "path": ["harmonization", "params", "standardize"], "value": "none"}, "version": 28, "at": 1733765649.1926951}
{"obj": {"type": "AssignBool", "path": ["harmonization", "params", "cov_age"], "value": true}, "version": 29, "at": 1733765649.192721}
{"obj": {"type": "AssignBool", "path": ["harmonization", "params", "cov_gender"], "value": true}, "version": 30, "at": 1733765649.192747}
{"obj": {"type": "AssignBool", "path": ["harmonization", "params", "cov_education"], "value": false}, "version": 31, "at": 1733765649.192773}
{"obj": {"type": "AssignBool", "path": ["harmonization", "params", "cov_diagnosis"], "value": true}, "version": 32, "at": 1733765649.192798}
{"obj": {"type": "TrackFilesToArtifact", "path": ["datasets", "after", "Izmir_track"], "entries": [["./each_variation/none/Izmir.csv", null]], "project_id": "0185c1d2-e230-4393-98bd-19b911873975"}, "version": 33, "at": 1733765649.1959}
{"obj": {"type": "UploadFile", "path": ["datasets", "after", "Izmir"], "ext": "csv", "file_path": "/Users/saraiva/PycharmProjects/LTBio/phd_journal/24_12_03/each_variation/none/Izmir.csv", "tmp_file_name": null, "clean_after_upload": false}, "version": 34, "at": 1733765649.19599}
{"obj": {"type": "TrackFilesToArtifact", "path": ["datasets", "after", "Newcastle_track"], "entries": [["./each_variation/none/Newcastle.csv", null]], "project_id": "0185c1d2-e230-4393-98bd-19b911873975"}, "version": 35, "at": 1733765649.1974258}
{"obj": {"type": "UploadFile", "path": ["datasets", "after", "Newcastle"], "ext": "csv", "file_path": "/Users/saraiva/PycharmProjects/LTBio/phd_journal/24_12_03/each_variation/none/Newcastle.csv", "tmp_file_name": null, "clean_after_upload": false}, "version": 36, "at": 1733765649.197492}
{"obj": {"type": "LogStrings", "path": ["monitoring", "7322420b", "stderr"], "values": [{"value": "/Users/saraiva/PycharmProjects/LTBio/venv/lib/python3.10/site-packages/sklearn/manifold/_t_sne.py:795: FutureWarning: The default initialization in TSNE will change from 'random' to 'pca' in 1.2.\n  warnings.warn(\n", "step": null, "ts": 1733765649.209604}]}, "version": 37, "at": 1733765649.209614}
{"obj": {"type": "AssignString", "path": ["simple_diagnosis_discriminant", "norm"], "value": "none"}, "version": 38, "at": 1733765649.6978}
{"obj": {"type": "AssignString", "path": ["simple_diagnosis_discriminant", "features"], "value": "['Delta_Frontal', 'Delta_Central', 'Delta_Parietal', 'Delta_Occipital', 'Delta_Temporal', 'Delta_Limbic', 'Alpha1_Frontal', 'Alpha1_Central', 'Alpha1_Parietal', 'Alpha1_Occipital', 'Alpha1_Temporal', 'Alpha1_Limbic', 'Theta_Frontal', 'Theta_Central', 'Theta_Parietal', 'Theta_Occipital', 'Theta_Temporal', 'Theta_Limbic', 'Alpha2_Frontal', 'Alpha2_Central', 'Alpha2_Parietal', 'Alpha2_Occipital', 'Alpha2_Temporal', 'Alpha2_Limbic', 'Alpha3_Frontal', 'Alpha3_Central', 'Alpha3_Parietal', 'Alpha3_Occipital', 'Alpha3_Temporal', 'Alpha3_Limbic', 'Beta1_Frontal', 'Beta1_Central', 'Beta1_Parietal', 'Beta1_Occipital', 'Beta1_Temporal', 'Beta1_Limbic', 'Beta2_Frontal', 'Beta2_Central', 'Beta2_Parietal', 'Beta2_Occipital', 'Beta2_Temporal', 'Beta2_Limbic', 'Gamma_Frontal', 'Gamma_Central', 'Gamma_Parietal', 'Gamma_Occipital', 'Gamma_Temporal', 'Gamma_Limbic']"}, "version": 39, "at": 1733765649.6980858}
{"obj": {"type": "LogStrings", "path": ["monitoring", "7322420b", "stdout"], "values": [{"value": "Selected features:", "step": null, "ts": 1733765649.69852}]}, "version": 40, "at": 1733765649.698526}
{"obj": {"type": "AssignString", "path": ["simple_diagnosis_discriminant", "model_description"], "value": "PCA(n_components=range(2, 16), random_state=0)"}, "version": 41, "at": 1733765649.699189}
{"obj": {"type": "LogStrings", "path": ["monitoring", "7322420b", "stdout"], "values": [{"value": "\n", "step": null, "ts": 1733765649.7002501}]}, "version": 42, "at": 1733765649.700256}
{"obj": {"type": "LogStrings", "path": ["monitoring", "7322420b", "stdout"], "values": [{"value": "['Delta_Frontal', 'Delta_Central', 'Delta_Parietal', 'Delta_Occipital', 'Delta_Temporal', 'Delta_Limbic', 'Alpha1_Frontal', 'Alpha1_Central', 'Alpha1_Parietal', 'Alpha1_Occipital', 'Alpha1_Temporal', 'Alpha1_Limbic', 'Theta_Frontal', 'Theta_Central', 'Theta_Parietal', 'Theta_Occipital', 'Theta_Temporal', 'Theta_Limbic', 'Alpha2_Frontal', 'Alpha2_Central', 'Alpha2_Parietal', 'Alpha2_Occipital', 'Alpha2_Temporal', 'Alpha2_Limbic', 'Alpha3_Frontal', 'Alpha3_Central', 'Alpha3_Parietal', 'Alpha3_Occipital', 'Alpha3_Temporal', 'Alpha3_Limbic', 'Beta1_Frontal', 'Beta1_Central', 'Beta1_Parietal', 'Beta1_Occipital', 'Beta1_Temporal', 'Beta1_Limbic', 'Beta2_Frontal', 'Beta2_Central', 'Beta2_Parietal', 'Beta2_Occipital', 'Beta2_Temporal', 'Beta2_Limbic', 'Gamma_Frontal', 'Gamma_Central', 'Gamma_Parietal', 'Gamma_Occipital', 'Gamma_Temporal', 'Gamma_Limbic']", "step": null, "ts": 1733765649.7018619}]}, "version": 43, "at": 1733765649.701869}
{"obj": {"type": "LogStrings", "path": ["monitoring", "7322420b", "stdout"], "values": [{"value": "\n", "step": null, "ts": 1733765649.7022169}]}, "version": 44, "at": 1733765649.702222}
{"obj": {"type": "LogStrings", "path": ["monitoring", "7322420b", "stdout"], "values": [{"value": "'<=' not supported between instances of 'int' and 'range'", "step": null, "ts": 1733765649.7029262}]}, "version": 45, "at": 1733765649.702931}
{"obj": {"type": "LogStrings", "path": ["monitoring", "7322420b", "stdout"], "values": [{"value": "\n", "step": null, "ts": 1733765649.703066}]}, "version": 46, "at": 1733765649.7030709}
{"obj": {"type": "LogStrings", "path": ["monitoring", "7322420b", "stdout"], "values": [{"value": "neuroharmonize variant", "step": null, "ts": 1733765649.703166}]}, "version": 47, "at": 1733765649.703171}
{"obj": {"type": "LogStrings", "path": ["monitoring", "7322420b", "stdout"], "values": [{"value": "\n", "step": null, "ts": 1733765649.703236}]}, "version": 48, "at": 1733765649.7032409}
{"obj": {"type": "LogStrings", "path": ["monitoring", "7322420b", "stdout"], "values": [{"value": "[neptune] [info   ] Neptune initialized. Open in the app: https://app.neptune.ai/Combat4EEG/CombatManuscript/e/CB-136\n", "step": null, "ts": 1733765650.024815}]}, "version": 49, "at": 1733765650.024828}
{"obj": {"type": "LogStrings", "path": ["monitoring", "7322420b", "stdout"], "values": [{"value": "0", "step": null, "ts": 1733765650.071151}]}, "version": 50, "at": 1733765650.071158}
{"obj": {"type": "LogStrings", "path": ["monitoring", "7322420b", "stdout"], "values": [{"value": "\n", "step": null, "ts": 1733765650.071197}]}, "version": 51, "at": 1733765650.071202}
{"obj": {"type": "LogStrings", "path": ["monitoring", "7322420b", "stderr"], "values": [{"value": "/Users/saraiva/PycharmProjects/LTBio/venv/lib/python3.10/site-packages/sklearn/manifold/_t_sne.py:795: FutureWarning: The default initialization in TSNE will change from 'random' to 'pca' in 1.2.\n  warnings.warn(\n", "step": null, "ts": 1733765650.087146}]}, "version": 52, "at": 1733765650.087158}
{"obj": {"type": "LogStrings", "path": ["monitoring", "7322420b", "stdout"], "values": [{"value": "Selected features:", "step": null, "ts": 1733765650.577182}]}, "version": 53, "at": 1733765650.577188}
{"obj": {"type": "LogStrings", "path": ["monitoring", "7322420b", "stdout"], "values": [{"value": "\n", "step": null, "ts": 1733765650.5781171}]}, "version": 54, "at": 1733765650.578122}
{"obj": {"type": "LogStrings", "path": ["monitoring", "7322420b", "stdout"], "values": [{"value": "['Delta_Frontal', 'Delta_Central', 'Delta_Parietal', 'Delta_Occipital', 'Delta_Temporal', 'Delta_Limbic', 'Alpha1_Frontal', 'Alpha1_Central', 'Alpha1_Parietal', 'Alpha1_Occipital', 'Alpha1_Temporal', 'Alpha1_Limbic', 'Theta_Frontal', 'Theta_Central', 'Theta_Parietal', 'Theta_Occipital', 'Theta_Temporal', 'Theta_Limbic', 'Alpha2_Frontal', 'Alpha2_Central', 'Alpha2_Parietal', 'Alpha2_Occipital', 'Alpha2_Temporal', 'Alpha2_Limbic', 'Alpha3_Frontal', 'Alpha3_Central', 'Alpha3_Parietal', 'Alpha3_Occipital', 'Alpha3_Temporal', 'Alpha3_Limbic', 'Beta1_Frontal', 'Beta1_Central', 'Beta1_Parietal', 'Beta1_Occipital', 'Beta1_Temporal', 'Beta1_Limbic', 'Beta2_Frontal', 'Beta2_Central', 'Beta2_Parietal', 'Beta2_Occipital', 'Beta2_Temporal', 'Beta2_Limbic', 'Gamma_Frontal', 'Gamma_Central', 'Gamma_Parietal', 'Gamma_Occipital', 'Gamma_Temporal', 'Gamma_Limbic']", "step": null, "ts": 1733765650.5788858}]}, "version": 55, "at": 1733765650.578891}
{"obj": {"type": "LogStrings", "path": ["monitoring", "7322420b", "stdout"], "values": [{"value": "\n", "step": null, "ts": 1733765650.579694}]}, "version": 56, "at": 1733765650.579701}
{"obj": {"type": "LogStrings", "path": ["monitoring", "7322420b", "stdout"], "values": [{"value": "'<=' not supported between instances of 'int' and 'range'", "step": null, "ts": 1733765650.580656}]}, "version": 57, "at": 1733765650.580662}
{"obj": {"type": "LogStrings", "path": ["monitoring", "7322420b", "stdout"], "values": [{"value": "\n", "step": null, "ts": 1733765650.581155}]}, "version": 58, "at": 1733765650.581163}
{"obj": {"type": "LogStrings", "path": ["monitoring", "7322420b", "stdout"], "values": [{"value": "5 PCs", "step": null, "ts": 1733765650.5816672}]}, "version": 59, "at": 1733765650.581672}
{"obj": {"type": "LogStrings", "path": ["monitoring", "7322420b", "stdout"], "values": [{"value": "\n", "step": null, "ts": 1733765650.5823119}]}, "version": 60, "at": 1733765650.582318}
{"obj": {"type": "LogStrings", "path": ["monitoring", "7322420b", "stdout"], "values": [{"value": "none variant", "step": null, "ts": 1733765650.5829818}]}, "version": 61, "at": 1733765650.582987}
{"obj": {"type": "LogStrings", "path": ["monitoring", "7322420b", "stdout"], "values": [{"value": "\n", "step": null, "ts": 1733765650.5830998}]}, "version": 62, "at": 1733765650.583105}
{"obj": {"type": "LogStrings", "path": ["monitoring", "7322420b", "stdout"], "values": [{"value": "[neptune] [info   ] Neptune initialized. Open in the app: https://app.neptune.ai/Combat4EEG/CombatManuscript/e/CB-137\n", "step": null, "ts": 1733765650.949409}]}, "version": 63, "at": 1733765650.94942}
{"obj": {"type": "LogStrings", "path": ["monitoring", "7322420b", "stdout"], "values": [{"value": "0", "step": null, "ts": 1733765650.9970932}]}, "version": 64, "at": 1733765650.9971}
{"obj": {"type": "LogStrings", "path": ["monitoring", "7322420b", "stdout"], "values": [{"value": "\n", "step": null, "ts": 1733765650.997431}]}, "version": 65, "at": 1733765650.9974358}
{"obj": {"type": "LogStrings", "path": ["monitoring", "7322420b", "stderr"], "values": [{"value": "/Users/saraiva/PycharmProjects/LTBio/venv/lib/python3.10/site-packages/sklearn/manifold/_t_sne.py:795: FutureWarning: The default initialization in TSNE will change from 'random' to 'pca' in 1.2.\n  warnings.warn(\n", "step": null, "ts": 1733765651.0152378}]}, "version": 66, "at": 1733765651.015247}
{"obj": {"type": "LogStrings", "path": ["monitoring", "7322420b", "stdout"], "values": [{"value": "Selected features:", "step": null, "ts": 1733765651.505823}]}, "version": 67, "at": 1733765651.505833}
{"obj": {"type": "LogStrings", "path": ["monitoring", "7322420b", "stdout"], "values": [{"value": "\n", "step": null, "ts": 1733765651.506787}]}, "version": 68, "at": 1733765651.506794}
{"obj": {"type": "LogStrings", "path": ["monitoring", "7322420b", "stdout"], "values": [{"value": "['Delta_Frontal', 'Delta_Central', 'Delta_Parietal', 'Delta_Occipital', 'Delta_Temporal', 'Delta_Limbic', 'Alpha1_Frontal', 'Alpha1_Central', 'Alpha1_Parietal', 'Alpha1_Occipital', 'Alpha1_Temporal', 'Alpha1_Limbic', 'Theta_Frontal', 'Theta_Central', 'Theta_Parietal', 'Theta_Occipital', 'Theta_Temporal', 'Theta_Limbic', 'Alpha2_Frontal', 'Alpha2_Central', 'Alpha2_Parietal', 'Alpha2_Occipital', 'Alpha2_Temporal', 'Alpha2_Limbic', 'Alpha3_Frontal', 'Alpha3_Central', 'Alpha3_Parietal', 'Alpha3_Occipital', 'Alpha3_Temporal', 'Alpha3_Limbic', 'Beta1_Frontal', 'Beta1_Central', 'Beta1_Parietal', 'Beta1_Occipital', 'Beta1_Temporal', 'Beta1_Limbic', 'Beta2_Frontal', 'Beta2_Central', 'Beta2_Parietal', 'Beta2_Occipital', 'Beta2_Temporal', 'Beta2_Limbic', 'Gamma_Frontal', 'Gamma_Central', 'Gamma_Parietal', 'Gamma_Occipital', 'Gamma_Temporal', 'Gamma_Limbic']", "step": null, "ts": 1733765651.507841}]}, "version": 69, "at": 1733765651.5078459}
{"obj": {"type": "LogStrings", "path": ["monitoring", "7322420b", "stdout"], "values": [{"value": "\n", "step": null, "ts": 1733765651.5083652}]}, "version": 70, "at": 1733765651.5083709}
{"obj": {"type": "LogStrings", "path": ["monitoring", "7322420b", "stdout"], "values": [{"value": "'<=' not supported between instances of 'int' and 'range'", "step": null, "ts": 1733765651.510147}]}, "version": 71, "at": 1733765651.510153}
{"obj": {"type": "LogStrings", "path": ["monitoring", "7322420b", "stdout"], "values": [{"value": "\n", "step": null, "ts": 1733765651.5107431}]}, "version": 72, "at": 1733765651.510748}
{"obj": {"type": "LogStrings", "path": ["monitoring", "7322420b", "stdout"], "values": [{"value": "neuroharmonize variant", "step": null, "ts": 1733765651.51197}]}, "version": 73, "at": 1733765651.512008}
{"obj": {"type": "LogStrings", "path": ["monitoring", "7322420b", "stdout"], "values": [{"value": "\n", "step": null, "ts": 1733765651.512409}]}, "version": 74, "at": 1733765651.512415}
{"obj": {"type": "LogStrings", "path": ["monitoring", "7322420b", "stdout"], "values": [{"value": "[neptune] [info   ] Neptune initialized. Open in the app: https://app.neptune.ai/Combat4EEG/CombatManuscript/e/CB-138\n", "step": null, "ts": 1733765651.929983}]}, "version": 75, "at": 1733765651.929995}
{"obj": {"type": "LogStrings", "path": ["monitoring", "7322420b", "stdout"], "values": [{"value": "0", "step": null, "ts": 1733765651.9746199}]}, "version": 76, "at": 1733765651.974627}
{"obj": {"type": "LogStrings", "path": ["monitoring", "7322420b", "stdout"], "values": [{"value": "\n", "step": null, "ts": 1733765651.975748}]}, "version": 77, "at": 1733765651.975753}
{"obj": {"type": "LogStrings", "path": ["monitoring", "7322420b", "stderr"], "values": [{"value": "/Users/saraiva/PycharmProjects/LTBio/venv/lib/python3.10/site-packages/sklearn/manifold/_t_sne.py:795: FutureWarning: The default initialization in TSNE will change from 'random' to 'pca' in 1.2.\n  warnings.warn(\n", "step": null, "ts": 1733765651.992691}]}, "version": 78, "at": 1733765651.9926999}
{"obj": {"type": "LogStrings", "path": ["monitoring", "7322420b", "stdout"], "values": [{"value": "Selected features:", "step": null, "ts": 1733765652.481368}]}, "version": 79, "at": 1733765652.481376}
{"obj": {"type": "LogStrings", "path": ["monitoring", "7322420b", "stdout"], "values": [{"value": "\n", "step": null, "ts": 1733765652.4823492}]}, "version": 80, "at": 1733765652.482357}
{"obj": {"type": "LogStrings", "path": ["monitoring", "7322420b", "stdout"], "values": [{"value": "['Delta_Frontal', 'Delta_Central', 'Delta_Parietal', 'Delta_Occipital', 'Delta_Temporal', 'Delta_Limbic', 'Alpha1_Frontal', 'Alpha1_Central', 'Alpha1_Parietal', 'Alpha1_Occipital', 'Alpha1_Temporal', 'Alpha1_Limbic', 'Theta_Frontal', 'Theta_Central', 'Theta_Parietal', 'Theta_Occipital', 'Theta_Temporal', 'Theta_Limbic', 'Alpha2_Frontal', 'Alpha2_Central', 'Alpha2_Parietal', 'Alpha2_Occipital', 'Alpha2_Temporal', 'Alpha2_Limbic', 'Alpha3_Frontal', 'Alpha3_Central', 'Alpha3_Parietal', 'Alpha3_Occipital', 'Alpha3_Temporal', 'Alpha3_Limbic', 'Beta1_Frontal', 'Beta1_Central', 'Beta1_Parietal', 'Beta1_Occipital', 'Beta1_Temporal', 'Beta1_Limbic', 'Beta2_Frontal', 'Beta2_Central', 'Beta2_Parietal', 'Beta2_Occipital', 'Beta2_Temporal', 'Beta2_Limbic', 'Gamma_Frontal', 'Gamma_Central', 'Gamma_Parietal', 'Gamma_Occipital', 'Gamma_Temporal', 'Gamma_Limbic']", "step": null, "ts": 1733765652.4831429}]}, "version": 81, "at": 1733765652.483152}
{"obj": {"type": "LogStrings", "path": ["monitoring", "7322420b", "stdout"], "values": [{"value": "\n", "step": null, "ts": 1733765652.483679}]}, "version": 82, "at": 1733765652.483684}
{"obj": {"type": "LogStrings", "path": ["monitoring", "7322420b", "stdout"], "values": [{"value": "'<=' not supported between instances of 'int' and 'range'", "step": null, "ts": 1733765652.4858072}]}, "version": 83, "at": 1733765652.485813}
{"obj": {"type": "LogStrings", "path": ["monitoring", "7322420b", "stdout"], "values": [{"value": "\n", "step": null, "ts": 1733765652.486329}]}, "version": 84, "at": 1733765652.486335}
{"obj": {"type": "LogStrings", "path": ["monitoring", "7322420b", "stdout"], "values": [{"value": "6 PCs", "step": null, "ts": 1733765652.487114}]}, "version": 85, "at": 1733765652.48712}
{"obj": {"type": "LogStrings", "path": ["monitoring", "7322420b", "stdout"], "values": [{"value": "\n", "step": null, "ts": 1733765652.4877582}]}, "version": 86, "at": 1733765652.487763}
{"obj": {"type": "LogStrings", "path": ["monitoring", "7322420b", "stdout"], "values": [{"value": "none variant", "step": null, "ts": 1733765652.489013}]}, "version": 87, "at": 1733765652.489019}
{"obj": {"type": "LogStrings", "path": ["monitoring", "7322420b", "stdout"], "values": [{"value": "\n", "step": null, "ts": 1733765652.489671}]}, "version": 88, "at": 1733765652.489676}
{"obj": {"type": "LogStrings", "path": ["monitoring", "7322420b", "stdout"], "values": [{"value": "[neptune] [info   ] Neptune initialized. Open in the app: https://app.neptune.ai/Combat4EEG/CombatManuscript/e/CB-139\n", "step": null, "ts": 1733765652.823858}]}, "version": 89, "at": 1733765652.82387}
{"obj": {"type": "LogStrings", "path": ["monitoring", "7322420b", "stdout"], "values": [{"value": "0", "step": null, "ts": 1733765652.870249}]}, "version": 90, "at": 1733765652.870259}
{"obj": {"type": "LogStrings", "path": ["monitoring", "7322420b", "stdout"], "values": [{"value": "\n", "step": null, "ts": 1733765652.871038}]}, "version": 91, "at": 1733765652.871043}
{"obj": {"type": "LogStrings", "path": ["monitoring", "7322420b", "stderr"], "values": [{"value": "/Users/saraiva/PycharmProjects/LTBio/venv/lib/python3.10/site-packages/sklearn/manifold/_t_sne.py:795: FutureWarning: The default initialization in TSNE will change from 'random' to 'pca' in 1.2.\n  warnings.warn(\n", "step": null, "ts": 1733765652.889319}]}, "version": 92, "at": 1733765652.889329}
{"obj": {"type": "LogStrings", "path": ["monitoring", "7322420b", "stdout"], "values": [{"value": "Selected features:", "step": null, "ts": 1733765653.368435}]}, "version": 93, "at": 1733765653.3684428}
{"obj": {"type": "LogStrings", "path": ["monitoring", "7322420b", "stdout"], "values": [{"value": "\n", "step": null, "ts": 1733765653.3691578}]}, "version": 94, "at": 1733765653.3691661}
{"obj": {"type": "LogStrings", "path": ["monitoring", "7322420b", "stdout"], "values": [{"value": "['Delta_Frontal', 'Delta_Central', 'Delta_Parietal', 'Delta_Occipital', 'Delta_Temporal', 'Delta_Limbic', 'Alpha1_Frontal', 'Alpha1_Central', 'Alpha1_Parietal', 'Alpha1_Occipital', 'Alpha1_Temporal', 'Alpha1_Limbic', 'Theta_Frontal', 'Theta_Central', 'Theta_Parietal', 'Theta_Occipital', 'Theta_Temporal', 'Theta_Limbic', 'Alpha2_Frontal', 'Alpha2_Central', 'Alpha2_Parietal', 'Alpha2_Occipital', 'Alpha2_Temporal', 'Alpha2_Limbic', 'Alpha3_Frontal', 'Alpha3_Central', 'Alpha3_Parietal', 'Alpha3_Occipital', 'Alpha3_Temporal', 'Alpha3_Limbic', 'Beta1_Frontal', 'Beta1_Central', 'Beta1_Parietal', 'Beta1_Occipital', 'Beta1_Temporal', 'Beta1_Limbic', 'Beta2_Frontal', 'Beta2_Central', 'Beta2_Parietal', 'Beta2_Occipital', 'Beta2_Temporal', 'Beta2_Limbic', 'Gamma_Frontal', 'Gamma_Central', 'Gamma_Parietal', 'Gamma_Occipital', 'Gamma_Temporal', 'Gamma_Limbic']", "step": null, "ts": 1733765653.370122}]}, "version": 95, "at": 1733765653.3701298}
{"obj": {"type": "LogStrings", "path": ["monitoring", "7322420b", "stdout"], "values": [{"value": "\n", "step": null, "ts": 1733765653.3738081}]}, "version": 96, "at": 1733765653.373813}
{"obj": {"type": "LogStrings", "path": ["monitoring", "7322420b", "stdout"], "values": [{"value": "'<=' not supported between instances of 'int' and 'range'", "step": null, "ts": 1733765653.374534}]}, "version": 97, "at": 1733765653.37454}
{"obj": {"type": "LogStrings", "path": ["monitoring", "7322420b", "stdout"], "values": [{"value": "\n", "step": null, "ts": 1733765653.375413}]}, "version": 98, "at": 1733765653.3754182}
{"obj": {"type": "LogStrings", "path": ["monitoring", "7322420b", "stdout"], "values": [{"value": "neuroharmonize variant", "step": null, "ts": 1733765653.3760362}]}, "version": 99, "at": 1733765653.376041}
{"obj": {"type": "LogStrings", "path": ["monitoring", "7322420b", "stdout"], "values": [{"value": "\n", "step": null, "ts": 1733765653.377269}]}, "version": 100, "at": 1733765653.377275}
{"obj": {"type": "LogStrings", "path": ["monitoring", "7322420b", "stdout"], "values": [{"value": "[neptune] [info   ] Neptune initialized. Open in the app: https://app.neptune.ai/Combat4EEG/CombatManuscript/e/CB-140\n", "step": null, "ts": 1733765653.7036989}]}, "version": 101, "at": 1733765653.703707}
{"obj": {"type": "LogStrings", "path": ["monitoring", "7322420b", "stdout"], "values": [{"value": "0", "step": null, "ts": 1733765653.750407}]}, "version": 102, "at": 1733765653.7504141}
{"obj": {"type": "LogStrings", "path": ["monitoring", "7322420b", "stdout"], "values": [{"value": "\n", "step": null, "ts": 1733765653.7510898}]}, "version": 103, "at": 1733765653.751096}
{"obj": {"type": "LogStrings", "path": ["monitoring", "7322420b", "stderr"], "values": [{"value": "/Users/saraiva/PycharmProjects/LTBio/venv/lib/python3.10/site-packages/sklearn/manifold/_t_sne.py:795: FutureWarning: The default initialization in TSNE will change from 'random' to 'pca' in 1.2.\n  warnings.warn(\n", "step": null, "ts": 1733765653.766978}]}, "version": 104, "at": 1733765653.766986}
{"obj": {"type": "LogStrings", "path": ["monitoring", "7322420b", "stdout"], "values": [{"value": "Selected features:", "step": null, "ts": 1733765654.267123}]}, "version": 105, "at": 1733765654.2671301}
{"obj": {"type": "LogStrings", "path": ["monitoring", "7322420b", "stdout"], "values": [{"value": "\n", "step": null, "ts": 1733765654.268616}]}, "version": 106, "at": 1733765654.2686222}
{"obj": {"type": "LogStrings", "path": ["monitoring", "7322420b", "stdout"], "values": [{"value": "['Delta_Frontal', 'Delta_Central', 'Delta_Parietal', 'Delta_Occipital', 'Delta_Temporal', 'Delta_Limbic', 'Alpha1_Frontal', 'Alpha1_Central', 'Alpha1_Parietal', 'Alpha1_Occipital', 'Alpha1_Temporal', 'Alpha1_Limbic', 'Theta_Frontal', 'Theta_Central', 'Theta_Parietal', 'Theta_Occipital', 'Theta_Temporal', 'Theta_Limbic', 'Alpha2_Frontal', 'Alpha2_Central', 'Alpha2_Parietal', 'Alpha2_Occipital', 'Alpha2_Temporal', 'Alpha2_Limbic', 'Alpha3_Frontal', 'Alpha3_Central', 'Alpha3_Parietal', 'Alpha3_Occipital', 'Alpha3_Temporal', 'Alpha3_Limbic', 'Beta1_Frontal', 'Beta1_Central', 'Beta1_Parietal', 'Beta1_Occipital', 'Beta1_Temporal', 'Beta1_Limbic', 'Beta2_Frontal', 'Beta2_Central', 'Beta2_Parietal', 'Beta2_Occipital', 'Beta2_Temporal', 'Beta2_Limbic', 'Gamma_Frontal', 'Gamma_Central', 'Gamma_Parietal', 'Gamma_Occipital', 'Gamma_Temporal', 'Gamma_Limbic']", "step": null, "ts": 1733765654.2699368}]}, "version": 107, "at": 1733765654.269942}
{"obj": {"type": "LogStrings", "path": ["monitoring", "7322420b", "stdout"], "values": [{"value": "\n", "step": null, "ts": 1733765654.272068}]}, "version": 108, "at": 1733765654.272078}
{"obj": {"type": "LogStrings", "path": ["monitoring", "7322420b", "stdout"], "values": [{"value": "'<=' not supported between instances of 'int' and 'range'", "step": null, "ts": 1733765654.272382}]}, "version": 109, "at": 1733765654.272387}
{"obj": {"type": "LogStrings", "path": ["monitoring", "7322420b", "stdout"], "values": [{"value": "\n", "step": null, "ts": 1733765654.2741702}]}, "version": 110, "at": 1733765654.274175}
{"obj": {"type": "LogStrings", "path": ["monitoring", "7322420b", "stdout"], "values": [{"value": "7 PCs", "step": null, "ts": 1733765654.27491}]}, "version": 111, "at": 1733765654.274915}
{"obj": {"type": "LogStrings", "path": ["monitoring", "7322420b", "stdout"], "values": [{"value": "\n", "step": null, "ts": 1733765654.2752361}]}, "version": 112, "at": 1733765654.275241}
{"obj": {"type": "LogStrings", "path": ["monitoring", "7322420b", "stdout"], "values": [{"value": "none variant", "step": null, "ts": 1733765654.276253}]}, "version": 113, "at": 1733765654.2762601}
{"obj": {"type": "LogStrings", "path": ["monitoring", "7322420b", "stdout"], "values": [{"value": "\n", "step": null, "ts": 1733765654.2771652}]}, "version": 114, "at": 1733765654.27717}
{"obj": {"type": "LogStrings", "path": ["monitoring", "7322420b", "stdout"], "values": [{"value": "[neptune] [info   ] Neptune initialized. Open in the app: https://app.neptune.ai/Combat4EEG/CombatManuscript/e/CB-141\n", "step": null, "ts": 1733765654.685152}]}, "version": 115, "at": 1733765654.685164}
{"obj": {"type": "LogStrings", "path": ["monitoring", "7322420b", "stdout"], "values": [{"value": "0", "step": null, "ts": 1733765654.7309911}]}, "version": 116, "at": 1733765654.730996}
{"obj": {"type": "LogStrings", "path": ["monitoring", "7322420b", "stdout"], "values": [{"value": "\n", "step": null, "ts": 1733765654.731586}]}, "version": 117, "at": 1733765654.731592}
{"obj": {"type": "LogStrings", "path": ["monitoring", "7322420b", "stderr"], "values": [{"value": "/Users/saraiva/PycharmProjects/LTBio/venv/lib/python3.10/site-packages/sklearn/manifold/_t_sne.py:795: FutureWarning: The default initialization in TSNE will change from 'random' to 'pca' in 1.2.\n  warnings.warn(\n", "step": null, "ts": 1733765654.747127}]}, "version": 118, "at": 1733765654.747138}
{"obj": {"type": "LogStrings", "path": ["monitoring", "7322420b", "stdout"], "values": [{"value": "Selected features:", "step": null, "ts": 1733765655.2351518}]}, "version": 119, "at": 1733765655.235158}
{"obj": {"type": "LogStrings", "path": ["monitoring", "7322420b", "stdout"], "values": [{"value": "\n", "step": null, "ts": 1733765655.2374122}]}, "version": 120, "at": 1733765655.2374341}
{"obj": {"type": "LogStrings", "path": ["monitoring", "7322420b", "stdout"], "values": [{"value": "['Delta_Frontal', 'Delta_Central', 'Delta_Parietal', 'Delta_Occipital', 'Delta_Temporal', 'Delta_Limbic', 'Alpha1_Frontal', 'Alpha1_Central', 'Alpha1_Parietal', 'Alpha1_Occipital', 'Alpha1_Temporal', 'Alpha1_Limbic', 'Theta_Frontal', 'Theta_Central', 'Theta_Parietal', 'Theta_Occipital', 'Theta_Temporal', 'Theta_Limbic', 'Alpha2_Frontal', 'Alpha2_Central', 'Alpha2_Parietal', 'Alpha2_Occipital', 'Alpha2_Temporal', 'Alpha2_Limbic', 'Alpha3_Frontal', 'Alpha3_Central', 'Alpha3_Parietal', 'Alpha3_Occipital', 'Alpha3_Temporal', 'Alpha3_Limbic', 'Beta1_Frontal', 'Beta1_Central', 'Beta1_Parietal', 'Beta1_Occipital', 'Beta1_Temporal', 'Beta1_Limbic', 'Beta2_Frontal', 'Beta2_Central', 'Beta2_Parietal', 'Beta2_Occipital', 'Beta2_Temporal', 'Beta2_Limbic', 'Gamma_Frontal', 'Gamma_Central', 'Gamma_Parietal', 'Gamma_Occipital', 'Gamma_Temporal', 'Gamma_Limbic']", "step": null, "ts": 1733765655.239552}]}, "version": 121, "at": 1733765655.239558}
{"obj": {"type": "LogStrings", "path": ["monitoring", "7322420b", "stdout"], "values": [{"value": "\n", "step": null, "ts": 1733765655.241222}]}, "version": 122, "at": 1733765655.241229}
{"obj": {"type": "LogStrings", "path": ["monitoring", "7322420b", "stdout"], "values": [{"value": "'<=' not supported between instances of 'int' and 'range'", "step": null, "ts": 1733765655.243105}]}, "version": 123, "at": 1733765655.243111}
{"obj": {"type": "LogStrings", "path": ["monitoring", "7322420b", "stdout"], "values": [{"value": "\n", "step": null, "ts": 1733765655.245089}]}, "version": 124, "at": 1733765655.245095}
{"obj": {"type": "LogStrings", "path": ["monitoring", "7322420b", "stdout"], "values": [{"value": "neuroharmonize variant", "step": null, "ts": 1733765655.24595}]}, "version": 125, "at": 1733765655.245955}
{"obj": {"type": "LogStrings", "path": ["monitoring", "7322420b", "stdout"], "values": [{"value": "\n", "step": null, "ts": 1733765655.246621}]}, "version": 126, "at": 1733765655.2466261}
{"obj": {"type": "LogStrings", "path": ["monitoring", "7322420b", "stdout"], "values": [{"value": "[neptune] [info   ] Neptune initialized. Open in the app: https://app.neptune.ai/Combat4EEG/CombatManuscript/e/CB-142\n", "step": null, "ts": 1733765655.664881}]}, "version": 127, "at": 1733765655.66489}
{"obj": {"type": "LogStrings", "path": ["monitoring", "7322420b", "stdout"], "values": [{"value": "0", "step": null, "ts": 1733765655.7117581}]}, "version": 128, "at": 1733765655.7117639}
{"obj": {"type": "LogStrings", "path": ["monitoring", "7322420b", "stdout"], "values": [{"value": "\n", "step": null, "ts": 1733765655.712607}]}, "version": 129, "at": 1733765655.7126122}
{"obj": {"type": "LogStrings", "path": ["monitoring", "7322420b", "stderr"], "values": [{"value": "/Users/saraiva/PycharmProjects/LTBio/venv/lib/python3.10/site-packages/sklearn/manifold/_t_sne.py:795: FutureWarning: The default initialization in TSNE will change from 'random' to 'pca' in 1.2.\n  warnings.warn(\n", "step": null, "ts": 1733765655.728309}]}, "version": 130, "at": 1733765655.728318}
{"obj": {"type": "LogStrings", "path": ["monitoring", "7322420b", "stdout"], "values": [{"value": "Selected features:", "step": null, "ts": 1733765656.229904}]}, "version": 131, "at": 1733765656.229933}
{"obj": {"type": "LogStrings", "path": ["monitoring", "7322420b", "stdout"], "values": [{"value": "\n", "step": null, "ts": 1733765656.23227}]}, "version": 132, "at": 1733765656.232276}
{"obj": {"type": "LogStrings", "path": ["monitoring", "7322420b", "stdout"], "values": [{"value": "['Delta_Frontal', 'Delta_Central', 'Delta_Parietal', 'Delta_Occipital', 'Delta_Temporal', 'Delta_Limbic', 'Alpha1_Frontal', 'Alpha1_Central', 'Alpha1_Parietal', 'Alpha1_Occipital', 'Alpha1_Temporal', 'Alpha1_Limbic', 'Theta_Frontal', 'Theta_Central', 'Theta_Parietal', 'Theta_Occipital', 'Theta_Temporal', 'Theta_Limbic', 'Alpha2_Frontal', 'Alpha2_Central', 'Alpha2_Parietal', 'Alpha2_Occipital', 'Alpha2_Temporal', 'Alpha2_Limbic', 'Alpha3_Frontal', 'Alpha3_Central', 'Alpha3_Parietal', 'Alpha3_Occipital', 'Alpha3_Temporal', 'Alpha3_Limbic', 'Beta1_Frontal', 'Beta1_Central', 'Beta1_Parietal', 'Beta1_Occipital', 'Beta1_Temporal', 'Beta1_Limbic', 'Beta2_Frontal', 'Beta2_Central', 'Beta2_Parietal', 'Beta2_Occipital', 'Beta2_Temporal', 'Beta2_Limbic', 'Gamma_Frontal', 'Gamma_Central', 'Gamma_Parietal', 'Gamma_Occipital', 'Gamma_Temporal', 'Gamma_Limbic']", "step": null, "ts": 1733765656.233134}]}, "version": 133, "at": 1733765656.233139}
{"obj": {"type": "LogStrings", "path": ["monitoring", "7322420b", "stdout"], "values": [{"value": "\n", "step": null, "ts": 1733765656.234431}]}, "version": 134, "at": 1733765656.234436}
{"obj": {"type": "LogStrings", "path": ["monitoring", "7322420b", "stdout"], "values": [{"value": "'<=' not supported between instances of 'int' and 'range'", "step": null, "ts": 1733765656.236653}]}, "version": 135, "at": 1733765656.236659}
{"obj": {"type": "LogStrings", "path": ["monitoring", "7322420b", "stdout"], "values": [{"value": "\n", "step": null, "ts": 1733765656.23732}]}, "version": 136, "at": 1733765656.237325}
{"obj": {"type": "LogStrings", "path": ["monitoring", "7322420b", "stdout"], "values": [{"value": "8 PCs", "step": null, "ts": 1733765656.2386718}]}, "version": 137, "at": 1733765656.238677}
{"obj": {"type": "LogStrings", "path": ["monitoring", "7322420b", "stdout"], "values": [{"value": "\n", "step": null, "ts": 1733765656.239307}]}, "version": 138, "at": 1733765656.2393138}
{"obj": {"type": "LogStrings", "path": ["monitoring", "7322420b", "stdout"], "values": [{"value": "none variant", "step": null, "ts": 1733765656.240343}]}, "version": 139, "at": 1733765656.2403479}
{"obj": {"type": "LogStrings", "path": ["monitoring", "7322420b", "stdout"], "values": [{"value": "\n", "step": null, "ts": 1733765656.241219}]}, "version": 140, "at": 1733765656.241224}
{"obj": {"type": "LogStrings", "path": ["monitoring", "7322420b", "stdout"], "values": [{"value": "[neptune] [info   ] Neptune initialized. Open in the app: https://app.neptune.ai/Combat4EEG/CombatManuscript/e/CB-143\n", "step": null, "ts": 1733765656.6469078}]}, "version": 141, "at": 1733765656.64692}
{"obj": {"type": "LogStrings", "path": ["monitoring", "7322420b", "stdout"], "values": [{"value": "0", "step": null, "ts": 1733765656.693204}]}, "version": 142, "at": 1733765656.693214}
{"obj": {"type": "LogStrings", "path": ["monitoring", "7322420b", "stdout"], "values": [{"value": "\n", "step": null, "ts": 1733765656.694897}]}, "version": 143, "at": 1733765656.694902}
{"obj": {"type": "LogStrings", "path": ["monitoring", "7322420b", "stderr"], "values": [{"value": "/Users/saraiva/PycharmProjects/LTBio/venv/lib/python3.10/site-packages/sklearn/manifold/_t_sne.py:795: FutureWarning: The default initialization in TSNE will change from 'random' to 'pca' in 1.2.\n  warnings.warn(\n", "step": null, "ts": 1733765656.7102668}]}, "version": 144, "at": 1733765656.7102752}
{"obj": {"type": "LogStrings", "path": ["monitoring", "7322420b", "stdout"], "values": [{"value": "Selected features:", "step": null, "ts": 1733765657.202568}]}, "version": 145, "at": 1733765657.2025778}
{"obj": {"type": "LogStrings", "path": ["monitoring", "7322420b", "stdout"], "values": [{"value": "\n", "step": null, "ts": 1733765657.203912}]}, "version": 146, "at": 1733765657.203918}
{"obj": {"type": "LogStrings", "path": ["monitoring", "7322420b", "stdout"], "values": [{"value": "['Delta_Frontal', 'Delta_Central', 'Delta_Parietal', 'Delta_Occipital', 'Delta_Temporal', 'Delta_Limbic', 'Alpha1_Frontal', 'Alpha1_Central', 'Alpha1_Parietal', 'Alpha1_Occipital', 'Alpha1_Temporal', 'Alpha1_Limbic', 'Theta_Frontal', 'Theta_Central', 'Theta_Parietal', 'Theta_Occipital', 'Theta_Temporal', 'Theta_Limbic', 'Alpha2_Frontal', 'Alpha2_Central', 'Alpha2_Parietal', 'Alpha2_Occipital', 'Alpha2_Temporal', 'Alpha2_Limbic', 'Alpha3_Frontal', 'Alpha3_Central', 'Alpha3_Parietal', 'Alpha3_Occipital', 'Alpha3_Temporal', 'Alpha3_Limbic', 'Beta1_Frontal', 'Beta1_Central', 'Beta1_Parietal', 'Beta1_Occipital', 'Beta1_Temporal', 'Beta1_Limbic', 'Beta2_Frontal', 'Beta2_Central', 'Beta2_Parietal', 'Beta2_Occipital', 'Beta2_Temporal', 'Beta2_Limbic', 'Gamma_Frontal', 'Gamma_Central', 'Gamma_Parietal', 'Gamma_Occipital', 'Gamma_Temporal', 'Gamma_Limbic']", "step": null, "ts": 1733765657.206039}]}, "version": 147, "at": 1733765657.206045}
{"obj": {"type": "LogStrings", "path": ["monitoring", "7322420b", "stdout"], "values": [{"value": "\n", "step": null, "ts": 1733765657.206696}]}, "version": 148, "at": 1733765657.206701}
{"obj": {"type": "LogStrings", "path": ["monitoring", "7322420b", "stdout"], "values": [{"value": "'<=' not supported between instances of 'int' and 'range'", "step": null, "ts": 1733765657.2087538}]}, "version": 149, "at": 1733765657.20876}
{"obj": {"type": "LogStrings", "path": ["monitoring", "7322420b", "stdout"], "values": [{"value": "\n", "step": null, "ts": 1733765657.209547}]}, "version": 150, "at": 1733765657.2095518}
{"obj": {"type": "LogStrings", "path": ["monitoring", "7322420b", "stdout"], "values": [{"value": "neuroharmonize variant", "step": null, "ts": 1733765657.2101812}]}, "version": 151, "at": 1733765657.210186}
{"obj": {"type": "LogStrings", "path": ["monitoring", "7322420b", "stdout"], "values": [{"value": "\n", "step": null, "ts": 1733765657.212029}]}, "version": 152, "at": 1733765657.212034}
{"obj": {"type": "LogStrings", "path": ["monitoring", "7322420b", "stdout"], "values": [{"value": "[neptune] [info   ] Neptune initialized. Open in the app: https://app.neptune.ai/Combat4EEG/CombatManuscript/e/CB-144\n", "step": null, "ts": 1733765657.540413}]}, "version": 153, "at": 1733765657.540423}
{"obj": {"type": "LogStrings", "path": ["monitoring", "7322420b", "stdout"], "values": [{"value": "0", "step": null, "ts": 1733765657.5879319}]}, "version": 154, "at": 1733765657.587938}
{"obj": {"type": "LogStrings", "path": ["monitoring", "7322420b", "stdout"], "values": [{"value": "\n", "step": null, "ts": 1733765657.588923}]}, "version": 155, "at": 1733765657.588929}
{"obj": {"type": "LogStrings", "path": ["monitoring", "7322420b", "stderr"], "values": [{"value": "/Users/saraiva/PycharmProjects/LTBio/venv/lib/python3.10/site-packages/sklearn/manifold/_t_sne.py:795: FutureWarning: The default initialization in TSNE will change from 'random' to 'pca' in 1.2.\n  warnings.warn(\n", "step": null, "ts": 1733765657.606522}]}, "version": 156, "at": 1733765657.606529}
{"obj": {"type": "LogStrings", "path": ["monitoring", "7322420b", "stdout"], "values": [{"value": "Selected features:", "step": null, "ts": 1733765658.096792}]}, "version": 157, "at": 1733765658.096798}
{"obj": {"type": "LogStrings", "path": ["monitoring", "7322420b", "stdout"], "values": [{"value": "\n", "step": null, "ts": 1733765658.0975628}]}, "version": 158, "at": 1733765658.097568}
{"obj": {"type": "LogStrings", "path": ["monitoring", "7322420b", "stdout"], "values": [{"value": "['Delta_Frontal', 'Delta_Central', 'Delta_Parietal', 'Delta_Occipital', 'Delta_Temporal', 'Delta_Limbic', 'Alpha1_Frontal', 'Alpha1_Central', 'Alpha1_Parietal', 'Alpha1_Occipital', 'Alpha1_Temporal', 'Alpha1_Limbic', 'Theta_Frontal', 'Theta_Central', 'Theta_Parietal', 'Theta_Occipital', 'Theta_Temporal', 'Theta_Limbic', 'Alpha2_Frontal', 'Alpha2_Central', 'Alpha2_Parietal', 'Alpha2_Occipital', 'Alpha2_Temporal', 'Alpha2_Limbic', 'Alpha3_Frontal', 'Alpha3_Central', 'Alpha3_Parietal', 'Alpha3_Occipital', 'Alpha3_Temporal', 'Alpha3_Limbic', 'Beta1_Frontal', 'Beta1_Central', 'Beta1_Parietal', 'Beta1_Occipital', 'Beta1_Temporal', 'Beta1_Limbic', 'Beta2_Frontal', 'Beta2_Central', 'Beta2_Parietal', 'Beta2_Occipital', 'Beta2_Temporal', 'Beta2_Limbic', 'Gamma_Frontal', 'Gamma_Central', 'Gamma_Parietal', 'Gamma_Occipital', 'Gamma_Temporal', 'Gamma_Limbic']", "step": null, "ts": 1733765658.098251}]}, "version": 159, "at": 1733765658.0982552}
{"obj": {"type": "LogStrings", "path": ["monitoring", "7322420b", "stdout"], "values": [{"value": "\n", "step": null, "ts": 1733765658.0991051}]}, "version": 160, "at": 1733765658.09911}
{"obj": {"type": "LogStrings", "path": ["monitoring", "7322420b", "stdout"], "values": [{"value": "'<=' not supported between instances of 'int' and 'range'", "step": null, "ts": 1733765658.104612}]}, "version": 161, "at": 1733765658.10462}
{"obj": {"type": "LogStrings", "path": ["monitoring", "7322420b", "stdout"], "values": [{"value": "\n", "step": null, "ts": 1733765658.105273}]}, "version": 162, "at": 1733765658.1053052}
{"obj": {"type": "LogStrings", "path": ["monitoring", "7322420b", "stdout"], "values": [{"value": "9 PCs", "step": null, "ts": 1733765658.1069992}]}, "version": 163, "at": 1733765658.107004}
{"obj": {"type": "LogStrings", "path": ["monitoring", "7322420b", "stdout"], "values": [{"value": "\n", "step": null, "ts": 1733765658.108685}]}, "version": 164, "at": 1733765658.108693}
{"obj": {"type": "LogStrings", "path": ["monitoring", "7322420b", "stdout"], "values": [{"value": "none variant", "step": null, "ts": 1733765658.110601}]}, "version": 165, "at": 1733765658.1106071}
{"obj": {"type": "LogStrings", "path": ["monitoring", "7322420b", "stdout"], "values": [{"value": "\n", "step": null, "ts": 1733765658.1125472}]}, "version": 166, "at": 1733765658.112555}
{"obj": {"type": "LogStrings", "path": ["monitoring", "7322420b", "stdout"], "values": [{"value": "[neptune] [info   ] Neptune initialized. Open in the app: https://app.neptune.ai/Combat4EEG/CombatManuscript/e/CB-145\n", "step": null, "ts": 1733765658.4369652}]}, "version": 167, "at": 1733765658.436974}
{"obj": {"type": "LogStrings", "path": ["monitoring", "7322420b", "stdout"], "values": [{"value": "0", "step": null, "ts": 1733765658.4857862}]}, "version": 168, "at": 1733765658.485801}
{"obj": {"type": "LogStrings", "path": ["monitoring", "7322420b", "stdout"], "values": [{"value": "\n", "step": null, "ts": 1733765658.486915}]}, "version": 169, "at": 1733765658.486921}
{"obj": {"type": "LogStrings", "path": ["monitoring", "7322420b", "stderr"], "values": [{"value": "/Users/saraiva/PycharmProjects/LTBio/venv/lib/python3.10/site-packages/sklearn/manifold/_t_sne.py:795: FutureWarning: The default initialization in TSNE will change from 'random' to 'pca' in 1.2.\n  warnings.warn(\n", "step": null, "ts": 1733765658.5026429}]}, "version": 170, "at": 1733765658.50265}
{"obj": {"type": "LogStrings", "path": ["monitoring", "7322420b", "stdout"], "values": [{"value": "Selected features:", "step": null, "ts": 1733765658.992662}]}, "version": 171, "at": 1733765658.992667}
{"obj": {"type": "LogStrings", "path": ["monitoring", "7322420b", "stdout"], "values": [{"value": "\n", "step": null, "ts": 1733765658.993888}]}, "version": 172, "at": 1733765658.9938939}
{"obj": {"type": "LogStrings", "path": ["monitoring", "7322420b", "stdout"], "values": [{"value": "['Delta_Frontal', 'Delta_Central', 'Delta_Parietal', 'Delta_Occipital', 'Delta_Temporal', 'Delta_Limbic', 'Alpha1_Frontal', 'Alpha1_Central', 'Alpha1_Parietal', 'Alpha1_Occipital', 'Alpha1_Temporal', 'Alpha1_Limbic', 'Theta_Frontal', 'Theta_Central', 'Theta_Parietal', 'Theta_Occipital', 'Theta_Temporal', 'Theta_Limbic', 'Alpha2_Frontal', 'Alpha2_Central', 'Alpha2_Parietal', 'Alpha2_Occipital', 'Alpha2_Temporal', 'Alpha2_Limbic', 'Alpha3_Frontal', 'Alpha3_Central', 'Alpha3_Parietal', 'Alpha3_Occipital', 'Alpha3_Temporal', 'Alpha3_Limbic', 'Beta1_Frontal', 'Beta1_Central', 'Beta1_Parietal', 'Beta1_Occipital', 'Beta1_Temporal', 'Beta1_Limbic', 'Beta2_Frontal', 'Beta2_Central', 'Beta2_Parietal', 'Beta2_Occipital', 'Beta2_Temporal', 'Beta2_Limbic', 'Gamma_Frontal', 'Gamma_Central', 'Gamma_Parietal', 'Gamma_Occipital', 'Gamma_Temporal', 'Gamma_Limbic']", "step": null, "ts": 1733765658.996114}]}, "version": 173, "at": 1733765658.996119}
{"obj": {"type": "LogStrings", "path": ["monitoring", "7322420b", "stdout"], "values": [{"value": "\n", "step": null, "ts": 1733765658.997607}]}, "version": 174, "at": 1733765658.997615}
{"obj": {"type": "LogStrings", "path": ["monitoring", "7322420b", "stdout"], "values": [{"value": "'<=' not supported between instances of 'int' and 'range'", "step": null, "ts": 1733765658.999945}]}, "version": 175, "at": 1733765658.9999511}
{"obj": {"type": "LogStrings", "path": ["monitoring", "7322420b", "stdout"], "values": [{"value": "\n", "step": null, "ts": 1733765659.001034}]}, "version": 176, "at": 1733765659.001038}
{"obj": {"type": "LogStrings", "path": ["monitoring", "7322420b", "stdout"], "values": [{"value": "neuroharmonize variant", "step": null, "ts": 1733765659.002443}]}, "version": 177, "at": 1733765659.0024471}
{"obj": {"type": "LogStrings", "path": ["monitoring", "7322420b", "stdout"], "values": [{"value": "\n", "step": null, "ts": 1733765659.002911}]}, "version": 178, "at": 1733765659.0029151}
{"obj": {"type": "LogFloats", "path": ["monitoring", "7322420b", "cpu"], "values": [{"value": 93.7, "step": null, "ts": 1733765659.154216}]}, "version": 179, "at": 1733765659.154887}
{"obj": {"type": "LogFloats", "path": ["monitoring", "7322420b", "memory"], "values": [{"value": 11.303863525390625, "step": null, "ts": 1733765659.154216}]}, "version": 180, "at": 1733765659.1551821}
{"obj": {"type": "LogStrings", "path": ["monitoring", "7322420b", "stdout"], "values": [{"value": "[neptune] [info   ] Neptune initialized. Open in the app: https://app.neptune.ai/Combat4EEG/CombatManuscript/e/CB-146\n", "step": null, "ts": 1733765659.401463}]}, "version": 181, "at": 1733765659.4014761}
{"obj": {"type": "LogStrings", "path": ["monitoring", "7322420b", "stdout"], "values": [{"value": "0", "step": null, "ts": 1733765659.448127}]}, "version": 182, "at": 1733765659.448132}
{"obj": {"type": "LogStrings", "path": ["monitoring", "7322420b", "stdout"], "values": [{"value": "\n", "step": null, "ts": 1733765659.449147}]}, "version": 183, "at": 1733765659.449153}
{"obj": {"type": "LogStrings", "path": ["monitoring", "7322420b", "stderr"], "values": [{"value": "/Users/saraiva/PycharmProjects/LTBio/venv/lib/python3.10/site-packages/sklearn/manifold/_t_sne.py:795: FutureWarning: The default initialization in TSNE will change from 'random' to 'pca' in 1.2.\n  warnings.warn(\n", "step": null, "ts": 1733765659.46516}]}, "version": 184, "at": 1733765659.465172}
{"obj": {"type": "LogStrings", "path": ["monitoring", "7322420b", "stdout"], "values": [{"value": "Selected features:", "step": null, "ts": 1733765659.952959}]}, "version": 185, "at": 1733765659.952974}
{"obj": {"type": "LogStrings", "path": ["monitoring", "7322420b", "stdout"], "values": [{"value": "\n", "step": null, "ts": 1733765659.956539}]}, "version": 186, "at": 1733765659.956544}
{"obj": {"type": "LogStrings", "path": ["monitoring", "7322420b", "stdout"], "values": [{"value": "['Delta_Frontal', 'Delta_Central', 'Delta_Parietal', 'Delta_Occipital', 'Delta_Temporal', 'Delta_Limbic', 'Alpha1_Frontal', 'Alpha1_Central', 'Alpha1_Parietal', 'Alpha1_Occipital', 'Alpha1_Temporal', 'Alpha1_Limbic', 'Theta_Frontal', 'Theta_Central', 'Theta_Parietal', 'Theta_Occipital', 'Theta_Temporal', 'Theta_Limbic', 'Alpha2_Frontal', 'Alpha2_Central', 'Alpha2_Parietal', 'Alpha2_Occipital', 'Alpha2_Temporal', 'Alpha2_Limbic', 'Alpha3_Frontal', 'Alpha3_Central', 'Alpha3_Parietal', 'Alpha3_Occipital', 'Alpha3_Temporal', 'Alpha3_Limbic', 'Beta1_Frontal', 'Beta1_Central', 'Beta1_Parietal', 'Beta1_Occipital', 'Beta1_Temporal', 'Beta1_Limbic', 'Beta2_Frontal', 'Beta2_Central', 'Beta2_Parietal', 'Beta2_Occipital', 'Beta2_Temporal', 'Beta2_Limbic', 'Gamma_Frontal', 'Gamma_Central', 'Gamma_Parietal', 'Gamma_Occipital', 'Gamma_Temporal', 'Gamma_Limbic']", "step": null, "ts": 1733765659.95758}]}, "version": 187, "at": 1733765659.957584}
{"obj": {"type": "LogStrings", "path": ["monitoring", "7322420b", "stdout"], "values": [{"value": "\n", "step": null, "ts": 1733765659.95959}]}, "version": 188, "at": 1733765659.959595}
{"obj": {"type": "LogStrings", "path": ["monitoring", "7322420b", "stdout"], "values": [{"value": "'<=' not supported between instances of 'int' and 'range'", "step": null, "ts": 1733765659.9620118}]}, "version": 189, "at": 1733765659.962016}
{"obj": {"type": "LogStrings", "path": ["monitoring", "7322420b", "stdout"], "values": [{"value": "\n", "step": null, "ts": 1733765659.963943}]}, "version": 190, "at": 1733765659.963947}
{"obj": {"type": "LogStrings", "path": ["monitoring", "7322420b", "stdout"], "values": [{"value": "10 PCs", "step": null, "ts": 1733765659.965015}]}, "version": 191, "at": 1733765659.96502}
{"obj": {"type": "LogStrings", "path": ["monitoring", "7322420b", "stdout"], "values": [{"value": "\n", "step": null, "ts": 1733765659.9673889}]}, "version": 192, "at": 1733765659.967393}
{"obj": {"type": "LogStrings", "path": ["monitoring", "7322420b", "stdout"], "values": [{"value": "none variant", "step": null, "ts": 1733765659.968885}]}, "version": 193, "at": 1733765659.9688902}
{"obj": {"type": "LogStrings", "path": ["monitoring", "7322420b", "stdout"], "values": [{"value": "\n", "step": null, "ts": 1733765659.9695659}]}, "version": 194, "at": 1733765659.969571}
{"obj": {"type": "LogStrings", "path": ["monitoring", "7322420b", "stdout"], "values": [{"value": "[neptune] [info   ] Neptune initialized. Open in the app: https://app.neptune.ai/Combat4EEG/CombatManuscript/e/CB-147\n", "step": null, "ts": 1733765660.388289}]}, "version": 195, "at": 1733765660.388299}
{"obj": {"type": "LogStrings", "path": ["monitoring", "7322420b", "stdout"], "values": [{"value": "0", "step": null, "ts": 1733765660.436307}]}, "version": 196, "at": 1733765660.4363148}
{"obj": {"type": "LogStrings", "path": ["monitoring", "7322420b", "stdout"], "values": [{"value": "\n", "step": null, "ts": 1733765660.437122}]}, "version": 197, "at": 1733765660.437126}
{"obj": {"type": "LogStrings", "path": ["monitoring", "7322420b", "stderr"], "values": [{"value": "/Users/saraiva/PycharmProjects/LTBio/venv/lib/python3.10/site-packages/sklearn/manifold/_t_sne.py:795: FutureWarning: The default initialization in TSNE will change from 'random' to 'pca' in 1.2.\n  warnings.warn(\n", "step": null, "ts": 1733765660.456245}]}, "version": 198, "at": 1733765660.456254}
{"obj": {"type": "LogStrings", "path": ["monitoring", "7322420b", "stdout"], "values": [{"value": "Selected features:", "step": null, "ts": 1733765660.941029}]}, "version": 199, "at": 1733765660.9410439}
{"obj": {"type": "LogStrings", "path": ["monitoring", "7322420b", "stdout"], "values": [{"value": "\n", "step": null, "ts": 1733765660.94222}]}, "version": 200, "at": 1733765660.942226}
{"obj": {"type": "LogStrings", "path": ["monitoring", "7322420b", "stdout"], "values": [{"value": "['Delta_Frontal', 'Delta_Central', 'Delta_Parietal', 'Delta_Occipital', 'Delta_Temporal', 'Delta_Limbic', 'Alpha1_Frontal', 'Alpha1_Central', 'Alpha1_Parietal', 'Alpha1_Occipital', 'Alpha1_Temporal', 'Alpha1_Limbic', 'Theta_Frontal', 'Theta_Central', 'Theta_Parietal', 'Theta_Occipital', 'Theta_Temporal', 'Theta_Limbic', 'Alpha2_Frontal', 'Alpha2_Central', 'Alpha2_Parietal', 'Alpha2_Occipital', 'Alpha2_Temporal', 'Alpha2_Limbic', 'Alpha3_Frontal', 'Alpha3_Central', 'Alpha3_Parietal', 'Alpha3_Occipital', 'Alpha3_Temporal', 'Alpha3_Limbic', 'Beta1_Frontal', 'Beta1_Central', 'Beta1_Parietal', 'Beta1_Occipital', 'Beta1_Temporal', 'Beta1_Limbic', 'Beta2_Frontal', 'Beta2_Central', 'Beta2_Parietal', 'Beta2_Occipital', 'Beta2_Temporal', 'Beta2_Limbic', 'Gamma_Frontal', 'Gamma_Central', 'Gamma_Parietal', 'Gamma_Occipital', 'Gamma_Temporal', 'Gamma_Limbic']", "step": null, "ts": 1733765660.944375}]}, "version": 201, "at": 1733765660.944403}
{"obj": {"type": "LogStrings", "path": ["monitoring", "7322420b", "stdout"], "values": [{"value": "\n", "step": null, "ts": 1733765660.947593}]}, "version": 202, "at": 1733765660.947598}
{"obj": {"type": "LogStrings", "path": ["monitoring", "7322420b", "stdout"], "values": [{"value": "'<=' not supported between instances of 'int' and 'range'", "step": null, "ts": 1733765660.949204}]}, "version": 203, "at": 1733765660.9492102}
{"obj": {"type": "LogStrings", "path": ["monitoring", "7322420b", "stdout"], "values": [{"value": "\n", "step": null, "ts": 1733765660.950527}]}, "version": 204, "at": 1733765660.9505558}
{"obj": {"type": "LogStrings", "path": ["monitoring", "7322420b", "stdout"], "values": [{"value": "neuroharmonize variant", "step": null, "ts": 1733765660.951592}]}, "version": 205, "at": 1733765660.9515982}
{"obj": {"type": "LogStrings", "path": ["monitoring", "7322420b", "stdout"], "values": [{"value": "\n", "step": null, "ts": 1733765660.953322}]}, "version": 206, "at": 1733765660.953326}
{"obj": {"type": "LogStrings", "path": ["monitoring", "7322420b", "stdout"], "values": [{"value": "[neptune] [info   ] Neptune initialized. Open in the app: https://app.neptune.ai/Combat4EEG/CombatManuscript/e/CB-148\n", "step": null, "ts": 1733765661.3759391}]}, "version": 207, "at": 1733765661.375951}
{"obj": {"type": "LogStrings", "path": ["monitoring", "7322420b", "stdout"], "values": [{"value": "0", "step": null, "ts": 1733765661.4278579}]}, "version": 208, "at": 1733765661.4278631}
{"obj": {"type": "LogStrings", "path": ["monitoring", "7322420b", "stdout"], "values": [{"value": "\n", "step": null, "ts": 1733765661.430565}]}, "version": 209, "at": 1733765661.43057}
{"obj": {"type": "LogStrings", "path": ["monitoring", "7322420b", "stderr"], "values": [{"value": "/Users/saraiva/PycharmProjects/LTBio/venv/lib/python3.10/site-packages/sklearn/manifold/_t_sne.py:795: FutureWarning: The default initialization in TSNE will change from 'random' to 'pca' in 1.2.\n  warnings.warn(\n", "step": null, "ts": 1733765661.447048}]}, "version": 210, "at": 1733765661.447059}
