{"obj": {"type": "AssignString", "path": ["sys", "name"], "value": "no name"}, "version": 1, "at": 1740576292.569823}
{"obj": {"type": "AssignString", "path": ["sys", "description"], "value": ""}, "version": 2, "at": 1740576292.5702798}
{"obj": {"type": "AssignString", "path": ["monitoring", "00fcbfd5", "hostname"], "value": "dc82c50b-0c3a-4156-92a7-9794208d46df.fritz.box"}, "version": 3, "at": 1740576292.57057}
{"obj": {"type": "AssignString", "path": ["sys", "hostname"], "value": "dc82c50b-0c3a-4156-92a7-9794208d46df.fritz.box"}, "version": 4, "at": 1740576292.570763}
{"obj": {"type": "AssignString", "path": ["monitoring", "00fcbfd5", "pid"], "value": "2139"}, "version": 5, "at": 1740576292.570956}
{"obj": {"type": "AssignString", "path": ["monitoring", "00fcbfd5", "tid"], "value": "8454731840"}, "version": 6, "at": 1740576292.571141}
{"obj": {"type": "AddStrings", "path": ["sys", "tags"], "values": ["Newcastle", "Miltiadous", "Izmir", "Istambul", "covariates eval", "BrainLat:CL", "BrainLat:AR", "mmse gap 24-26", "6 datasets"]}, "version": 7, "at": 1740576292.571373}
{"obj": {"type": "AssignBool", "path": ["sys", "failed"], "value": false}, "version": 8, "at": 1740576292.571506}
{"obj": {"type": "ClearStringLog", "path": ["monitoring", "00fcbfd5", "stdout"]}, "version": 9, "at": 1740576292.571726}
{"obj": {"type": "ClearStringLog", "path": ["monitoring", "00fcbfd5", "stderr"]}, "version": 10, "at": 1740576292.571875}
{"obj": {"type": "AssignString", "path": ["source_code", "entrypoint"], "value": "paper_results_images_each_variant.py"}, "version": 11, "at": 1740576292.573576}
{"obj": {"type": "UploadFileSet", "path": ["source_code", "files"], "file_globs": ["/Users/saraiva/PycharmProjects/LTBio/phd_journal/24_12_03/*.py"], "reset": "False"}, "version": 12, "at": 1740576292.573812}
{"obj": {"type": "UploadFile", "path": ["source_code", "diff"], "ext": "patch", "file_path": null, "tmp_file_name": "source_code_diff-1740576292.666341-2025-02-26_14.24.52.666341.patch", "clean_after_upload": false}, "version": 13, "at": 1740576292.666657}
{"obj": {"type": "ConfigFloatSeries", "path": ["monitoring", "00fcbfd5", "cpu"], "min": 0.0, "max": 100.0, "unit": "%"}, "version": 14, "at": 1740576292.676838}
{"obj": {"type": "ClearFloatLog", "path": ["monitoring", "00fcbfd5", "cpu"]}, "version": 15, "at": 1740576292.676945}
{"obj": {"type": "LogStrings", "path": ["monitoring", "00fcbfd5", "stderr"], "values": [{"value": "[neptune] [warning] /Users/saraiva/PycharmProjects/LTBio/phd_journal/24_12_03/paper_results_images_each_variant.py:43: NeptuneWarning: Info (NVML): NVML Shared Library Not Found. GPU usage metrics may not be reported. For more information, see https://docs.neptune.ai/help/nvml_error/\n", "step": null, "ts": 1740576292.677006}]}, "version": 16, "at": 1740576292.6770408}
{"obj": {"type": "ConfigFloatSeries", "path": ["monitoring", "00fcbfd5", "memory"], "min": 0.0, "max": 16.0, "unit": "GB"}, "version": 17, "at": 1740576292.677164}
{"obj": {"type": "ClearFloatLog", "path": ["monitoring", "00fcbfd5", "memory"]}, "version": 18, "at": 1740576292.677195}
{"obj": {"type": "LogFloats", "path": ["monitoring", "00fcbfd5", "cpu"], "values": [{"value": 10.4, "step": null, "ts": 1740576292.677367}]}, "version": 19, "at": 1740576292.6775029}
{"obj": {"type": "AssignString", "path": ["datasets", "combination"], "value": "['Izmir', 'Newcastle', 'Miltiadous', 'Istambul', 'BrainLat:CL', 'BrainLat:AR']"}, "version": 20, "at": 1740576292.677929}
{"obj": {"type": "LogFloats", "path": ["monitoring", "00fcbfd5", "memory"], "values": [{"value": 10.81414794921875, "step": null, "ts": 1740576292.677367}]}, "version": 21, "at": 1740576292.678091}
{"obj": {"type": "LogStrings", "path": ["monitoring", "00fcbfd5", "stdout"], "values": [{"value": "cov_age: True, cov_gender: True, cov_education: True, cov_diagnosis: True", "step": null, "ts": 1740576292.678163}]}, "version": 22, "at": 1740576292.678182}
{"obj": {"type": "LogStrings", "path": ["monitoring", "00fcbfd5", "stdout"], "values": [{"value": "\n", "step": null, "ts": 1740576292.678785}]}, "version": 23, "at": 1740576292.6788008}
{"obj": {"type": "AssignString", "path": ["datasets", "criteria"], "value": "AD criteria: AD & (MMSE<=23 | MoCA<=18)\nHC criteria: HC & (MMSE>=27 | MoCA>=24)"}, "version": 24, "at": 1740576292.74749}
{"obj": {"type": "UploadFile", "path": ["datasets", "before", "Izmir"], "ext": "html", "file_path": null, "tmp_file_name": "datasets_before_Izmir-1740576292.813174-2025-02-26_14.24.52.813174.html", "clean_after_upload": false}, "version": 25, "at": 1740576292.813869}
{"obj": {"type": "UploadFile", "path": ["datasets", "before", "Newcastle"], "ext": "html", "file_path": null, "tmp_file_name": "datasets_before_Newcastle-1740576292.846849-2025-02-26_14.24.52.846849.html", "clean_after_upload": false}, "version": 26, "at": 1740576292.8470411}
{"obj": {"type": "UploadFile", "path": ["datasets", "before", "Miltiadous"], "ext": "html", "file_path": null, "tmp_file_name": "datasets_before_Miltiadous-1740576292.903182-2025-02-26_14.24.52.903182.html", "clean_after_upload": false}, "version": 27, "at": 1740576292.904298}
{"obj": {"type": "UploadFile", "path": ["datasets", "before", "Istambul"], "ext": "html", "file_path": null, "tmp_file_name": "datasets_before_Istambul-1740576292.953911-2025-02-26_14.24.52.953911.html", "clean_after_upload": false}, "version": 28, "at": 1740576292.954122}
{"obj": {"type": "UploadFile", "path": ["datasets", "before", "BrainLat:CL"], "ext": "html", "file_path": null, "tmp_file_name": "datasets_before_BrainLat:CL-1740576292.971061-2025-02-26_14.24.52.971061.html", "clean_after_upload": false}, "version": 29, "at": 1740576292.97123}
{"obj": {"type": "UploadFile", "path": ["datasets", "before", "BrainLat:AR"], "ext": "html", "file_path": null, "tmp_file_name": "datasets_before_BrainLat:AR-1740576292.995557-2025-02-26_14.24.52.995557.html", "clean_after_upload": false}, "version": 30, "at": 1740576292.9957492}
{"obj": {"type": "LogStrings", "path": ["monitoring", "00fcbfd5", "stdout"], "values": [{"value": "3", "step": null, "ts": 1740576293.0026271}]}, "version": 31, "at": 1740576293.002653}
{"obj": {"type": "LogStrings", "path": ["monitoring", "00fcbfd5", "stdout"], "values": [{"value": "\n", "step": null, "ts": 1740576293.00381}]}, "version": 32, "at": 1740576293.003829}
{"obj": {"type": "LogStrings", "path": ["monitoring", "00fcbfd5", "stdout"], "values": [{"value": "Applying NeuroHarmonize...", "step": null, "ts": 1740576293.00395}]}, "version": 33, "at": 1740576293.0039659}
{"obj": {"type": "LogStrings", "path": ["monitoring", "00fcbfd5", "stdout"], "values": [{"value": "\n", "step": null, "ts": 1740576293.004066}]}, "version": 34, "at": 1740576293.004083}
{"obj": {"type": "LogStrings", "path": ["monitoring", "00fcbfd5", "stderr"], "values": [{"value": "/Users/saraiva/PycharmProjects/LTBio/phd_journal/24_12_03/combat_variations.py:42: SettingWithCopyWarning: \nA value is trying to be set on a copy of a slice from a DataFrame\n\nSee the caveats in the documentation: https://pandas.pydata.org/pandas-docs/stable/user_guide/indexing.html#returning-a-view-versus-a-copy\n  covariates['GENDER'].replace('M', 1, inplace=True)\n", "step": null, "ts": 1740576293.234792}]}, "version": 35, "at": 1740576293.234823}
{"obj": {"type": "LogStrings", "path": ["monitoring", "00fcbfd5", "stdout"], "values": [{"value": "Covariates:", "step": null, "ts": 1740576293.23596}]}, "version": 36, "at": 1740576293.235979}
{"obj": {"type": "LogStrings", "path": ["monitoring", "00fcbfd5", "stderr"], "values": [{"value": "/Users/saraiva/PycharmProjects/LTBio/phd_journal/24_12_03/combat_variations.py:43: SettingWithCopyWarning: \nA value is trying to be set on a copy of a slice from a DataFrame\n\nSee the caveats in the documentation: https://pandas.pydata.org/pandas-docs/stable/user_guide/indexing.html#returning-a-view-versus-a-copy\n  covariates['GENDER'].replace('F', 0, inplace=True)\n", "step": null, "ts": 1740576293.23615}]}, "version": 37, "at": 1740576293.236166}
{"obj": {"type": "LogStrings", "path": ["monitoring", "00fcbfd5", "stdout"], "values": [{"value": " ", "step": null, "ts": 1740576293.2363038}]}, "version": 38, "at": 1740576293.236319}
{"obj": {"type": "LogStrings", "path": ["monitoring", "00fcbfd5", "stdout"], "values": [{"value": "Index(['SITE', 'GENDER', 'AGE', 'EDUCATION YEARS', 'DIAGNOSIS'], dtype='object')", "step": null, "ts": 1740576293.236421}]}, "version": 39, "at": 1740576293.236435}
{"obj": {"type": "LogStrings", "path": ["monitoring", "00fcbfd5", "stdout"], "values": [{"value": "\n", "step": null, "ts": 1740576293.2365701}]}, "version": 40, "at": 1740576293.236583}
{"obj": {"type": "LogStrings", "path": ["monitoring", "00fcbfd5", "stderr"], "values": [{"value": "/Users/saraiva/PycharmProjects/LTBio/phd_journal/24_12_03/combat_variations.py:135: SettingWithCopyWarning: \nA value is trying to be set on a copy of a slice from a DataFrame\n\nSee the caveats in the documentation: https://pandas.pydata.org/pandas-docs/stable/user_guide/indexing.html#returning-a-view-versus-a-copy\n  covariates['DIAGNOSIS'].replace('AD', 1, inplace=True)\n", "step": null, "ts": 1740576293.237252}]}, "version": 41, "at": 1740576293.237272}
{"obj": {"type": "LogStrings", "path": ["monitoring", "00fcbfd5", "stderr"], "values": [{"value": "/Users/saraiva/PycharmProjects/LTBio/phd_journal/24_12_03/combat_variations.py:136: SettingWithCopyWarning: \nA value is trying to be set on a copy of a slice from a DataFrame\n\nSee the caveats in the documentation: https://pandas.pydata.org/pandas-docs/stable/user_guide/indexing.html#returning-a-view-versus-a-copy\n  covariates['DIAGNOSIS'].replace('HC', 0, inplace=True)\n", "step": null, "ts": 1740576293.238658}]}, "version": 42, "at": 1740576293.238676}
{"obj": {"type": "LogStrings", "path": ["monitoring", "00fcbfd5", "stderr"], "values": [{"value": "/Users/saraiva/PycharmProjects/LTBio/phd_journal/24_12_03/combat_variations.py:139: SettingWithCopyWarning: \nA value is trying to be set on a copy of a slice from a DataFrame\n\nSee the caveats in the documentation: https://pandas.pydata.org/pandas-docs/stable/user_guide/indexing.html#returning-a-view-versus-a-copy\n  covariates.dropna(inplace=True, axis=0)\n", "step": null, "ts": 1740576293.241208}]}, "version": 43, "at": 1740576293.241225}
{"obj": {"type": "LogStrings", "path": ["monitoring", "00fcbfd5", "stdout"], "values": [{"value": "Backend MacOSX is interactive backend. Turning interactive mode on.\n", "step": null, "ts": 1740576293.242145}]}, "version": 44, "at": 1740576293.2421691}
{"obj": {"type": "LogFloats", "path": ["monitoring", "00fcbfd5", "cpu"], "values": [{"value": 9.1, "step": null, "ts": 1740576302.6836748}]}, "version": 45, "at": 1740576302.685193}
{"obj": {"type": "LogFloats", "path": ["monitoring", "00fcbfd5", "memory"], "values": [{"value": 10.837890625, "step": null, "ts": 1740576302.6836748}]}, "version": 46, "at": 1740576302.686034}
{"obj": {"type": "LogFloats", "path": ["monitoring", "00fcbfd5", "cpu"], "values": [{"value": 7.3, "step": null, "ts": 1740576312.691392}]}, "version": 47, "at": 1740576312.692828}
{"obj": {"type": "LogFloats", "path": ["monitoring", "00fcbfd5", "memory"], "values": [{"value": 10.825042724609375, "step": null, "ts": 1740576312.691392}]}, "version": 48, "at": 1740576312.693861}
{"obj": {"type": "LogFloats", "path": ["monitoring", "00fcbfd5", "cpu"], "values": [{"value": 6.5, "step": null, "ts": 1740576322.6993542}]}, "version": 49, "at": 1740576322.700704}
{"obj": {"type": "LogFloats", "path": ["monitoring", "00fcbfd5", "memory"], "values": [{"value": 10.822738647460938, "step": null, "ts": 1740576322.6993542}]}, "version": 50, "at": 1740576322.701739}
{"obj": {"type": "LogFloats", "path": ["monitoring", "00fcbfd5", "cpu"], "values": [{"value": 17.3, "step": null, "ts": 1740576332.7068522}]}, "version": 51, "at": 1740576332.708104}
{"obj": {"type": "LogFloats", "path": ["monitoring", "00fcbfd5", "memory"], "values": [{"value": 10.852752685546875, "step": null, "ts": 1740576332.7068522}]}, "version": 52, "at": 1740576332.709096}
{"obj": {"type": "LogFloats", "path": ["monitoring", "00fcbfd5", "cpu"], "values": [{"value": 9.6, "step": null, "ts": 1740576342.711464}]}, "version": 53, "at": 1740576342.711752}
{"obj": {"type": "LogFloats", "path": ["monitoring", "00fcbfd5", "memory"], "values": [{"value": 10.81475830078125, "step": null, "ts": 1740576342.711464}]}, "version": 54, "at": 1740576342.7119622}
