{"obj": {"type": "AssignString", "path": ["sys", "name"], "value": "no name"}, "version": 1, "at": 1733765645.071556}
{"obj": {"type": "AssignString", "path": ["sys", "description"], "value": ""}, "version": 2, "at": 1733765645.0718248}
{"obj": {"type": "AssignString", "path": ["monitoring", "7322420b", "hostname"], "value": "Macmini.fritz.box"}, "version": 3, "at": 1733765645.0719109}
{"obj": {"type": "AssignString", "path": ["sys", "hostname"], "value": "Macmini.fritz.box"}, "version": 4, "at": 1733765645.0719721}
{"obj": {"type": "AssignString", "path": ["monitoring", "7322420b", "pid"], "value": "13418"}, "version": 5, "at": 1733765645.0720341}
{"obj": {"type": "AssignString", "path": ["monitoring", "7322420b", "tid"], "value": "8631334976"}, "version": 6, "at": 1733765645.072095}
{"obj": {"type": "AddStrings", "path": ["sys", "tags"], "values": ["2 datasets", "Izmir", "mmse gap 24-26", "Newcastle"]}, "version": 7, "at": 1733765645.072186}
{"obj": {"type": "AssignBool", "path": ["sys", "failed"], "value": false}, "version": 8, "at": 1733765645.0722501}
{"obj": {"type": "ClearStringLog", "path": ["monitoring", "7322420b", "stdout"]}, "version": 9, "at": 1733765645.072337}
{"obj": {"type": "ClearStringLog", "path": ["monitoring", "7322420b", "stderr"]}, "version": 10, "at": 1733765645.072387}
{"obj": {"type": "AssignString", "path": ["source_code", "entrypoint"], "value": "paper_results_images_each_variant.py"}, "version": 11, "at": 1733765645.073161}
{"obj": {"type": "UploadFileSet", "path": ["source_code", "files"], "file_globs": ["/Users/saraiva/PycharmProjects/LTBio/phd_journal/24_12_03/*.py"], "reset": "False"}, "version": 12, "at": 1733765645.07326}
{"obj": {"type": "UploadFile", "path": ["source_code", "diff"], "ext": "patch", "file_path": null, "tmp_file_name": "source_code_diff-1733765645.291343-2024-12-09_18.34.05.291343.patch", "clean_after_upload": false}, "version": 13, "at": 1733765645.2922082}
{"obj": {"type": "ConfigFloatSeries", "path": ["monitoring", "7322420b", "cpu"], "min": 0.0, "max": 100.0, "unit": "%"}, "version": 14, "at": 1733765645.2980459}
{"obj": {"type": "ClearFloatLog", "path": ["monitoring", "7322420b", "cpu"]}, "version": 15, "at": 1733765645.298114}
{"obj": {"type": "LogStrings", "path": ["monitoring", "7322420b", "stderr"], "values": [{"value": "[neptune] [warning] /Users/saraiva/PycharmProjects/LTBio/phd_journal/24_12_03/paper_results_images_each_variant.py:23: NeptuneWarning: Info (NVML): NVML Shared Library Not Found. GPU usage metrics may not be reported. For more information, see https://docs.neptune.ai/help/nvml_error/\n", "step": null, "ts": 1733765645.2981539}]}, "version": 16, "at": 1733765645.298174}
{"obj": {"type": "ConfigFloatSeries", "path": ["monitoring", "7322420b", "memory"], "min": 0.0, "max": 16.0, "unit": "GB"}, "version": 17, "at": 1733765645.2982411}
{"obj": {"type": "ClearFloatLog", "path": ["monitoring", "7322420b", "memory"]}, "version": 18, "at": 1733765645.29826}
{"obj": {"type": "LogFloats", "path": ["monitoring", "7322420b", "cpu"], "values": [{"value": 33.4, "step": null, "ts": 1733765645.2983239}]}, "version": 19, "at": 1733765645.29839}
{"obj": {"type": "AssignString", "path": ["datasets", "combination"], "value": "['Izmir', 'Newcastle']"}, "version": 20, "at": 1733765645.298558}
{"obj": {"type": "LogFloats", "path": ["monitoring", "7322420b", "memory"], "values": [{"value": 11.297149658203125, "step": null, "ts": 1733765645.2983239}]}, "version": 21, "at": 1733765645.2986019}
{"obj": {"type": "AssignString", "path": ["datasets", "criteria"], "value": "AD criteria: AD & (MMSE<=23 | MoCA<=18)\nHC criteria: HC & (MMSE>=27 | MoCA>=24)"}, "version": 22, "at": 1733765645.316374}
{"obj": {"type": "UploadFile", "path": ["datasets", "before", "Izmir"], "ext": "html", "file_path": null, "tmp_file_name": "datasets_before_Izmir-1733765645.338273-2024-12-09_18.34.05.338273.html", "clean_after_upload": false}, "version": 23, "at": 1733765645.33879}
{"obj": {"type": "UploadFile", "path": ["datasets", "before", "Newcastle"], "ext": "html", "file_path": null, "tmp_file_name": "datasets_before_Newcastle-1733765645.349654-2024-12-09_18.34.05.349654.html", "clean_after_upload": false}, "version": 24, "at": 1733765645.35041}
{"obj": {"type": "LogStrings", "path": ["monitoring", "7322420b", "stdout"], "values": [{"value": "0", "step": null, "ts": 1733765645.35175}]}, "version": 25, "at": 1733765645.351769}
{"obj": {"type": "LogStrings", "path": ["monitoring", "7322420b", "stdout"], "values": [{"value": "\n", "step": null, "ts": 1733765645.352544}]}, "version": 26, "at": 1733765645.352551}
{"obj": {"type": "AssignString", "path": ["harmonization", "params", "method"], "value": "none"}, "version": 27, "at": 1733765645.3527958}
{"obj": {"type": "AssignBool", "path": ["harmonization", "params", "log_transform"], "value": true}, "version": 28, "at": 1733765645.3528478}
{"obj": {"type": "AssignString", "path": ["harmonization", "params", "standardize"], "value": "none"}, "version": 29, "at": 1733765645.352885}
{"obj": {"type": "AssignBool", "path": ["harmonization", "params", "cov_age"], "value": true}, "version": 30, "at": 1733765645.352915}
{"obj": {"type": "AssignBool", "path": ["harmonization", "params", "cov_gender"], "value": true}, "version": 31, "at": 1733765645.3529432}
{"obj": {"type": "AssignBool", "path": ["harmonization", "params", "cov_education"], "value": false}, "version": 32, "at": 1733765645.401719}
{"obj": {"type": "AssignBool", "path": ["harmonization", "params", "cov_diagnosis"], "value": true}, "version": 33, "at": 1733765645.4017658}
{"obj": {"type": "TrackFilesToArtifact", "path": ["datasets", "after", "Izmir_track"], "entries": [["./each_variation/none/Izmir.csv", null]], "project_id": "0185c1d2-e230-4393-98bd-19b911873975"}, "version": 34, "at": 1733765645.4055}
{"obj": {"type": "UploadFile", "path": ["datasets", "after", "Izmir"], "ext": "csv", "file_path": "/Users/saraiva/PycharmProjects/LTBio/phd_journal/24_12_03/each_variation/none/Izmir.csv", "tmp_file_name": null, "clean_after_upload": false}, "version": 35, "at": 1733765645.4056}
{"obj": {"type": "TrackFilesToArtifact", "path": ["datasets", "after", "Newcastle_track"], "entries": [["./each_variation/none/Newcastle.csv", null]], "project_id": "0185c1d2-e230-4393-98bd-19b911873975"}, "version": 36, "at": 1733765645.407291}
{"obj": {"type": "UploadFile", "path": ["datasets", "after", "Newcastle"], "ext": "csv", "file_path": "/Users/saraiva/PycharmProjects/LTBio/phd_journal/24_12_03/each_variation/none/Newcastle.csv", "tmp_file_name": null, "clean_after_upload": false}, "version": 37, "at": 1733765645.407368}
{"obj": {"type": "LogStrings", "path": ["monitoring", "7322420b", "stderr"], "values": [{"value": "/Users/saraiva/PycharmProjects/LTBio/venv/lib/python3.10/site-packages/sklearn/manifold/_t_sne.py:795: FutureWarning: The default initialization in TSNE will change from 'random' to 'pca' in 1.2.\n  warnings.warn(\n", "step": null, "ts": 1733765645.418844}]}, "version": 38, "at": 1733765645.418859}
{"obj": {"type": "AssignString", "path": ["simple_diagnosis_discriminant", "norm"], "value": "none"}, "version": 39, "at": 1733765645.9239008}
{"obj": {"type": "AssignString", "path": ["simple_diagnosis_discriminant", "features"], "value": "['Delta_Frontal', 'Delta_Central', 'Delta_Parietal', 'Delta_Occipital', 'Delta_Temporal', 'Delta_Limbic', 'Alpha1_Frontal', 'Alpha1_Central', 'Alpha1_Parietal', 'Alpha1_Occipital', 'Alpha1_Temporal', 'Alpha1_Limbic', 'Theta_Frontal', 'Theta_Central', 'Theta_Parietal', 'Theta_Occipital', 'Theta_Temporal', 'Theta_Limbic', 'Alpha2_Frontal', 'Alpha2_Central', 'Alpha2_Parietal', 'Alpha2_Occipital', 'Alpha2_Temporal', 'Alpha2_Limbic', 'Alpha3_Frontal', 'Alpha3_Central', 'Alpha3_Parietal', 'Alpha3_Occipital', 'Alpha3_Temporal', 'Alpha3_Limbic', 'Beta1_Frontal', 'Beta1_Central', 'Beta1_Parietal', 'Beta1_Occipital', 'Beta1_Temporal', 'Beta1_Limbic', 'Beta2_Frontal', 'Beta2_Central', 'Beta2_Parietal', 'Beta2_Occipital', 'Beta2_Temporal', 'Beta2_Limbic', 'Gamma_Frontal', 'Gamma_Central', 'Gamma_Parietal', 'Gamma_Occipital', 'Gamma_Temporal', 'Gamma_Limbic']"}, "version": 40, "at": 1733765645.924018}
{"obj": {"type": "LogStrings", "path": ["monitoring", "7322420b", "stdout"], "values": [{"value": "Selected features:", "step": null, "ts": 1733765645.925014}]}, "version": 41, "at": 1733765645.92503}
{"obj": {"type": "LogStrings", "path": ["monitoring", "7322420b", "stdout"], "values": [{"value": "\n", "step": null, "ts": 1733765645.925139}]}, "version": 42, "at": 1733765645.925146}
{"obj": {"type": "LogStrings", "path": ["monitoring", "7322420b", "stdout"], "values": [{"value": "['Delta_Frontal', 'Delta_Central', 'Delta_Parietal', 'Delta_Occipital', 'Delta_Temporal', 'Delta_Limbic', 'Alpha1_Frontal', 'Alpha1_Central', 'Alpha1_Parietal', 'Alpha1_Occipital', 'Alpha1_Temporal', 'Alpha1_Limbic', 'Theta_Frontal', 'Theta_Central', 'Theta_Parietal', 'Theta_Occipital', 'Theta_Temporal', 'Theta_Limbic', 'Alpha2_Frontal', 'Alpha2_Central', 'Alpha2_Parietal', 'Alpha2_Occipital', 'Alpha2_Temporal', 'Alpha2_Limbic', 'Alpha3_Frontal', 'Alpha3_Central', 'Alpha3_Parietal', 'Alpha3_Occipital', 'Alpha3_Temporal', 'Alpha3_Limbic', 'Beta1_Frontal', 'Beta1_Central', 'Beta1_Parietal', 'Beta1_Occipital', 'Beta1_Temporal', 'Beta1_Limbic', 'Beta2_Frontal', 'Beta2_Central', 'Beta2_Parietal', 'Beta2_Occipital', 'Beta2_Temporal', 'Beta2_Limbic', 'Gamma_Frontal', 'Gamma_Central', 'Gamma_Parietal', 'Gamma_Occipital', 'Gamma_Temporal', 'Gamma_Limbic']", "step": null, "ts": 1733765645.9253309}]}, "version": 43, "at": 1733765645.925364}
{"obj": {"type": "LogStrings", "path": ["monitoring", "7322420b", "stdout"], "values": [{"value": "\n", "step": null, "ts": 1733765645.925758}]}, "version": 44, "at": 1733765645.925768}
{"obj": {"type": "AssignString", "path": ["simple_diagnosis_discriminant", "model_description"], "value": "PCA(n_components=range(2, 16), random_state=0)"}, "version": 45, "at": 1733765645.925825}
{"obj": {"type": "LogStrings", "path": ["monitoring", "7322420b", "stdout"], "values": [{"value": "'<=' not supported between instances of 'int' and 'range'", "step": null, "ts": 1733765645.926406}]}, "version": 46, "at": 1733765645.9264178}
{"obj": {"type": "LogStrings", "path": ["monitoring", "7322420b", "stdout"], "values": [{"value": "\n", "step": null, "ts": 1733765645.9268732}]}, "version": 47, "at": 1733765645.9268851}
{"obj": {"type": "LogStrings", "path": ["monitoring", "7322420b", "stdout"], "values": [{"value": "neuroharmonize variant", "step": null, "ts": 1733765645.9269261}]}, "version": 48, "at": 1733765645.926933}
{"obj": {"type": "LogStrings", "path": ["monitoring", "7322420b", "stdout"], "values": [{"value": "\n", "step": null, "ts": 1733765645.9270039}]}, "version": 49, "at": 1733765645.9270132}
{"obj": {"type": "LogStrings", "path": ["monitoring", "7322420b", "stdout"], "values": [{"value": "[neptune] [info   ] Neptune initialized. Open in the app: https://app.neptune.ai/Combat4EEG/CombatManuscript/e/CB-132\n", "step": null, "ts": 1733765646.332288}]}, "version": 50, "at": 1733765646.3323221}
{"obj": {"type": "LogStrings", "path": ["monitoring", "7322420b", "stdout"], "values": [{"value": "0", "step": null, "ts": 1733765646.378099}]}, "version": 51, "at": 1733765646.378114}
{"obj": {"type": "LogStrings", "path": ["monitoring", "7322420b", "stdout"], "values": [{"value": "\n", "step": null, "ts": 1733765646.37853}]}, "version": 52, "at": 1733765646.378538}
{"obj": {"type": "LogStrings", "path": ["monitoring", "7322420b", "stderr"], "values": [{"value": "/Users/saraiva/PycharmProjects/LTBio/venv/lib/python3.10/site-packages/sklearn/manifold/_t_sne.py:795: FutureWarning: The default initialization in TSNE will change from 'random' to 'pca' in 1.2.\n  warnings.warn(\n", "step": null, "ts": 1733765646.39369}]}, "version": 53, "at": 1733765646.3937018}
{"obj": {"type": "LogStrings", "path": ["monitoring", "7322420b", "stdout"], "values": [{"value": "Selected features:", "step": null, "ts": 1733765646.890249}]}, "version": 54, "at": 1733765646.89026}
{"obj": {"type": "LogStrings", "path": ["monitoring", "7322420b", "stdout"], "values": [{"value": "\n", "step": null, "ts": 1733765646.8903859}]}, "version": 55, "at": 1733765646.890393}
{"obj": {"type": "LogStrings", "path": ["monitoring", "7322420b", "stdout"], "values": [{"value": "['Delta_Frontal', 'Delta_Central', 'Delta_Parietal', 'Delta_Occipital', 'Delta_Temporal', 'Delta_Limbic', 'Alpha1_Frontal', 'Alpha1_Central', 'Alpha1_Parietal', 'Alpha1_Occipital', 'Alpha1_Temporal', 'Alpha1_Limbic', 'Theta_Frontal', 'Theta_Central', 'Theta_Parietal', 'Theta_Occipital', 'Theta_Temporal', 'Theta_Limbic', 'Alpha2_Frontal', 'Alpha2_Central', 'Alpha2_Parietal', 'Alpha2_Occipital', 'Alpha2_Temporal', 'Alpha2_Limbic', 'Alpha3_Frontal', 'Alpha3_Central', 'Alpha3_Parietal', 'Alpha3_Occipital', 'Alpha3_Temporal', 'Alpha3_Limbic', 'Beta1_Frontal', 'Beta1_Central', 'Beta1_Parietal', 'Beta1_Occipital', 'Beta1_Temporal', 'Beta1_Limbic', 'Beta2_Frontal', 'Beta2_Central', 'Beta2_Parietal', 'Beta2_Occipital', 'Beta2_Temporal', 'Beta2_Limbic', 'Gamma_Frontal', 'Gamma_Central', 'Gamma_Parietal', 'Gamma_Occipital', 'Gamma_Temporal', 'Gamma_Limbic']", "step": null, "ts": 1733765646.890502}]}, "version": 56, "at": 1733765646.890512}
{"obj": {"type": "LogStrings", "path": ["monitoring", "7322420b", "stdout"], "values": [{"value": "\n", "step": null, "ts": 1733765646.8909838}]}, "version": 57, "at": 1733765646.890989}
{"obj": {"type": "LogStrings", "path": ["monitoring", "7322420b", "stdout"], "values": [{"value": "'<=' not supported between instances of 'int' and 'range'", "step": null, "ts": 1733765646.89211}]}, "version": 58, "at": 1733765646.892121}
{"obj": {"type": "LogStrings", "path": ["monitoring", "7322420b", "stdout"], "values": [{"value": "\n", "step": null, "ts": 1733765646.892263}]}, "version": 59, "at": 1733765646.89227}
{"obj": {"type": "LogStrings", "path": ["monitoring", "7322420b", "stdout"], "values": [{"value": "3 PCs", "step": null, "ts": 1733765646.892357}]}, "version": 60, "at": 1733765646.892363}
{"obj": {"type": "LogStrings", "path": ["monitoring", "7322420b", "stdout"], "values": [{"value": "\n", "step": null, "ts": 1733765646.8924348}]}, "version": 61, "at": 1733765646.8924422}
{"obj": {"type": "LogStrings", "path": ["monitoring", "7322420b", "stdout"], "values": [{"value": "none variant", "step": null, "ts": 1733765646.8924758}]}, "version": 62, "at": 1733765646.892481}
{"obj": {"type": "LogStrings", "path": ["monitoring", "7322420b", "stdout"], "values": [{"value": "\n", "step": null, "ts": 1733765646.8925598}]}, "version": 63, "at": 1733765646.892569}
{"obj": {"type": "LogStrings", "path": ["monitoring", "7322420b", "stdout"], "values": [{"value": "[neptune] [info   ] Neptune initialized. Open in the app: https://app.neptune.ai/Combat4EEG/CombatManuscript/e/CB-133\n", "step": null, "ts": 1733765647.2776399}]}, "version": 64, "at": 1733765647.2776508}
{"obj": {"type": "LogStrings", "path": ["monitoring", "7322420b", "stdout"], "values": [{"value": "0", "step": null, "ts": 1733765647.3236322}]}, "version": 65, "at": 1733765647.323641}
{"obj": {"type": "LogStrings", "path": ["monitoring", "7322420b", "stdout"], "values": [{"value": "\n", "step": null, "ts": 1733765647.323861}]}, "version": 66, "at": 1733765647.323869}
{"obj": {"type": "LogStrings", "path": ["monitoring", "7322420b", "stderr"], "values": [{"value": "/Users/saraiva/PycharmProjects/LTBio/venv/lib/python3.10/site-packages/sklearn/manifold/_t_sne.py:795: FutureWarning: The default initialization in TSNE will change from 'random' to 'pca' in 1.2.\n  warnings.warn(\n", "step": null, "ts": 1733765647.339116}]}, "version": 67, "at": 1733765647.339134}
{"obj": {"type": "LogStrings", "path": ["monitoring", "7322420b", "stdout"], "values": [{"value": "Selected features:", "step": null, "ts": 1733765647.8277838}]}, "version": 68, "at": 1733765647.8277981}
{"obj": {"type": "LogStrings", "path": ["monitoring", "7322420b", "stdout"], "values": [{"value": "\n", "step": null, "ts": 1733765647.828398}]}, "version": 69, "at": 1733765647.828408}
{"obj": {"type": "LogStrings", "path": ["monitoring", "7322420b", "stdout"], "values": [{"value": "['Delta_Frontal', 'Delta_Central', 'Delta_Parietal', 'Delta_Occipital', 'Delta_Temporal', 'Delta_Limbic', 'Alpha1_Frontal', 'Alpha1_Central', 'Alpha1_Parietal', 'Alpha1_Occipital', 'Alpha1_Temporal', 'Alpha1_Limbic', 'Theta_Frontal', 'Theta_Central', 'Theta_Parietal', 'Theta_Occipital', 'Theta_Temporal', 'Theta_Limbic', 'Alpha2_Frontal', 'Alpha2_Central', 'Alpha2_Parietal', 'Alpha2_Occipital', 'Alpha2_Temporal', 'Alpha2_Limbic', 'Alpha3_Frontal', 'Alpha3_Central', 'Alpha3_Parietal', 'Alpha3_Occipital', 'Alpha3_Temporal', 'Alpha3_Limbic', 'Beta1_Frontal', 'Beta1_Central', 'Beta1_Parietal', 'Beta1_Occipital', 'Beta1_Temporal', 'Beta1_Limbic', 'Beta2_Frontal', 'Beta2_Central', 'Beta2_Parietal', 'Beta2_Occipital', 'Beta2_Temporal', 'Beta2_Limbic', 'Gamma_Frontal', 'Gamma_Central', 'Gamma_Parietal', 'Gamma_Occipital', 'Gamma_Temporal', 'Gamma_Limbic']", "step": null, "ts": 1733765647.828594}]}, "version": 70, "at": 1733765647.8286028}
{"obj": {"type": "LogStrings", "path": ["monitoring", "7322420b", "stdout"], "values": [{"value": "\n", "step": null, "ts": 1733765647.8287501}]}, "version": 71, "at": 1733765647.8287559}
{"obj": {"type": "LogStrings", "path": ["monitoring", "7322420b", "stdout"], "values": [{"value": "'<=' not supported between instances of 'int' and 'range'", "step": null, "ts": 1733765647.8298612}]}, "version": 72, "at": 1733765647.829868}
{"obj": {"type": "LogStrings", "path": ["monitoring", "7322420b", "stdout"], "values": [{"value": "\n", "step": null, "ts": 1733765647.8300722}]}, "version": 73, "at": 1733765647.830078}
{"obj": {"type": "LogStrings", "path": ["monitoring", "7322420b", "stdout"], "values": [{"value": "neuroharmonize variant", "step": null, "ts": 1733765647.83016}]}, "version": 74, "at": 1733765647.830165}
{"obj": {"type": "LogStrings", "path": ["monitoring", "7322420b", "stdout"], "values": [{"value": "\n", "step": null, "ts": 1733765647.830273}]}, "version": 75, "at": 1733765647.830278}
{"obj": {"type": "LogStrings", "path": ["monitoring", "7322420b", "stdout"], "values": [{"value": "[neptune] [info   ] Neptune initialized. Open in the app: https://app.neptune.ai/Combat4EEG/CombatManuscript/e/CB-134\n", "step": null, "ts": 1733765648.255101}]}, "version": 76, "at": 1733765648.25514}
{"obj": {"type": "LogStrings", "path": ["monitoring", "7322420b", "stdout"], "values": [{"value": "0", "step": null, "ts": 1733765648.30193}]}, "version": 77, "at": 1733765648.302022}
{"obj": {"type": "LogStrings", "path": ["monitoring", "7322420b", "stdout"], "values": [{"value": "\n", "step": null, "ts": 1733765648.302576}]}, "version": 78, "at": 1733765648.302583}
{"obj": {"type": "LogStrings", "path": ["monitoring", "7322420b", "stderr"], "values": [{"value": "/Users/saraiva/PycharmProjects/LTBio/venv/lib/python3.10/site-packages/sklearn/manifold/_t_sne.py:795: FutureWarning: The default initialization in TSNE will change from 'random' to 'pca' in 1.2.\n  warnings.warn(\n", "step": null, "ts": 1733765648.318112}]}, "version": 79, "at": 1733765648.3181288}
{"obj": {"type": "LogStrings", "path": ["monitoring", "7322420b", "stdout"], "values": [{"value": "Selected features:", "step": null, "ts": 1733765648.8094652}]}, "version": 80, "at": 1733765648.809473}
{"obj": {"type": "LogStrings", "path": ["monitoring", "7322420b", "stdout"], "values": [{"value": "\n", "step": null, "ts": 1733765648.8102121}]}, "version": 81, "at": 1733765648.810218}
{"obj": {"type": "LogStrings", "path": ["monitoring", "7322420b", "stdout"], "values": [{"value": "['Delta_Frontal', 'Delta_Central', 'Delta_Parietal', 'Delta_Occipital', 'Delta_Temporal', 'Delta_Limbic', 'Alpha1_Frontal', 'Alpha1_Central', 'Alpha1_Parietal', 'Alpha1_Occipital', 'Alpha1_Temporal', 'Alpha1_Limbic', 'Theta_Frontal', 'Theta_Central', 'Theta_Parietal', 'Theta_Occipital', 'Theta_Temporal', 'Theta_Limbic', 'Alpha2_Frontal', 'Alpha2_Central', 'Alpha2_Parietal', 'Alpha2_Occipital', 'Alpha2_Temporal', 'Alpha2_Limbic', 'Alpha3_Frontal', 'Alpha3_Central', 'Alpha3_Parietal', 'Alpha3_Occipital', 'Alpha3_Temporal', 'Alpha3_Limbic', 'Beta1_Frontal', 'Beta1_Central', 'Beta1_Parietal', 'Beta1_Occipital', 'Beta1_Temporal', 'Beta1_Limbic', 'Beta2_Frontal', 'Beta2_Central', 'Beta2_Parietal', 'Beta2_Occipital', 'Beta2_Temporal', 'Beta2_Limbic', 'Gamma_Frontal', 'Gamma_Central', 'Gamma_Parietal', 'Gamma_Occipital', 'Gamma_Temporal', 'Gamma_Limbic']", "step": null, "ts": 1733765648.81038}]}, "version": 82, "at": 1733765648.810387}
{"obj": {"type": "LogStrings", "path": ["monitoring", "7322420b", "stdout"], "values": [{"value": "\n", "step": null, "ts": 1733765648.810734}]}, "version": 83, "at": 1733765648.810739}
{"obj": {"type": "LogStrings", "path": ["monitoring", "7322420b", "stdout"], "values": [{"value": "'<=' not supported between instances of 'int' and 'range'", "step": null, "ts": 1733765648.812282}]}, "version": 84, "at": 1733765648.812317}
{"obj": {"type": "LogStrings", "path": ["monitoring", "7322420b", "stdout"], "values": [{"value": "\n", "step": null, "ts": 1733765648.813046}]}, "version": 85, "at": 1733765648.813052}
{"obj": {"type": "LogStrings", "path": ["monitoring", "7322420b", "stdout"], "values": [{"value": "4 PCs", "step": null, "ts": 1733765648.813503}]}, "version": 86, "at": 1733765648.81351}
{"obj": {"type": "LogStrings", "path": ["monitoring", "7322420b", "stdout"], "values": [{"value": "\n", "step": null, "ts": 1733765648.814065}]}, "version": 87, "at": 1733765648.814071}
{"obj": {"type": "LogStrings", "path": ["monitoring", "7322420b", "stdout"], "values": [{"value": "none variant", "step": null, "ts": 1733765648.814145}]}, "version": 88, "at": 1733765648.8141508}
{"obj": {"type": "LogStrings", "path": ["monitoring", "7322420b", "stdout"], "values": [{"value": "\n", "step": null, "ts": 1733765648.814275}]}, "version": 89, "at": 1733765648.81428}
{"obj": {"type": "LogStrings", "path": ["monitoring", "7322420b", "stdout"], "values": [{"value": "[neptune] [info   ] Neptune initialized. Open in the app: https://app.neptune.ai/Combat4EEG/CombatManuscript/e/CB-135\n", "step": null, "ts": 1733765649.14787}]}, "version": 90, "at": 1733765649.147881}
{"obj": {"type": "LogStrings", "path": ["monitoring", "7322420b", "stdout"], "values": [{"value": "0", "step": null, "ts": 1733765649.192132}]}, "version": 91, "at": 1733765649.192138}
{"obj": {"type": "LogStrings", "path": ["monitoring", "7322420b", "stdout"], "values": [{"value": "\n", "step": null, "ts": 1733765649.19249}]}, "version": 92, "at": 1733765649.192495}
{"obj": {"type": "LogStrings", "path": ["monitoring", "7322420b", "stderr"], "values": [{"value": "/Users/saraiva/PycharmProjects/LTBio/venv/lib/python3.10/site-packages/sklearn/manifold/_t_sne.py:795: FutureWarning: The default initialization in TSNE will change from 'random' to 'pca' in 1.2.\n  warnings.warn(\n", "step": null, "ts": 1733765649.209495}]}, "version": 93, "at": 1733765649.209513}
{"obj": {"type": "LogStrings", "path": ["monitoring", "7322420b", "stdout"], "values": [{"value": "Selected features:", "step": null, "ts": 1733765649.6979141}]}, "version": 94, "at": 1733765649.697929}
{"obj": {"type": "LogStrings", "path": ["monitoring", "7322420b", "stdout"], "values": [{"value": "\n", "step": null, "ts": 1733765649.6991081}]}, "version": 95, "at": 1733765649.699115}
{"obj": {"type": "LogStrings", "path": ["monitoring", "7322420b", "stdout"], "values": [{"value": "['Delta_Frontal', 'Delta_Central', 'Delta_Parietal', 'Delta_Occipital', 'Delta_Temporal', 'Delta_Limbic', 'Alpha1_Frontal', 'Alpha1_Central', 'Alpha1_Parietal', 'Alpha1_Occipital', 'Alpha1_Temporal', 'Alpha1_Limbic', 'Theta_Frontal', 'Theta_Central', 'Theta_Parietal', 'Theta_Occipital', 'Theta_Temporal', 'Theta_Limbic', 'Alpha2_Frontal', 'Alpha2_Central', 'Alpha2_Parietal', 'Alpha2_Occipital', 'Alpha2_Temporal', 'Alpha2_Limbic', 'Alpha3_Frontal', 'Alpha3_Central', 'Alpha3_Parietal', 'Alpha3_Occipital', 'Alpha3_Temporal', 'Alpha3_Limbic', 'Beta1_Frontal', 'Beta1_Central', 'Beta1_Parietal', 'Beta1_Occipital', 'Beta1_Temporal', 'Beta1_Limbic', 'Beta2_Frontal', 'Beta2_Central', 'Beta2_Parietal', 'Beta2_Occipital', 'Beta2_Temporal', 'Beta2_Limbic', 'Gamma_Frontal', 'Gamma_Central', 'Gamma_Parietal', 'Gamma_Occipital', 'Gamma_Temporal', 'Gamma_Limbic']", "step": null, "ts": 1733765649.699531}]}, "version": 96, "at": 1733765649.69954}
{"obj": {"type": "LogStrings", "path": ["monitoring", "7322420b", "stdout"], "values": [{"value": "\n", "step": null, "ts": 1733765649.700929}]}, "version": 97, "at": 1733765649.700937}
{"obj": {"type": "LogStrings", "path": ["monitoring", "7322420b", "stdout"], "values": [{"value": "'<=' not supported between instances of 'int' and 'range'", "step": null, "ts": 1733765649.70113}]}, "version": 98, "at": 1733765649.7011352}
{"obj": {"type": "LogStrings", "path": ["monitoring", "7322420b", "stdout"], "values": [{"value": "\n", "step": null, "ts": 1733765649.7015429}]}, "version": 99, "at": 1733765649.7015512}
{"obj": {"type": "LogStrings", "path": ["monitoring", "7322420b", "stdout"], "values": [{"value": "neuroharmonize variant", "step": null, "ts": 1733765649.7027562}]}, "version": 100, "at": 1733765649.702764}
{"obj": {"type": "LogStrings", "path": ["monitoring", "7322420b", "stdout"], "values": [{"value": "\n", "step": null, "ts": 1733765649.7030132}]}, "version": 101, "at": 1733765649.703018}
{"obj": {"type": "LogStrings", "path": ["monitoring", "7322420b", "stdout"], "values": [{"value": "[neptune] [info   ] Neptune initialized. Open in the app: https://app.neptune.ai/Combat4EEG/CombatManuscript/e/CB-136\n", "step": null, "ts": 1733765650.0252109}]}, "version": 102, "at": 1733765650.0252259}
{"obj": {"type": "LogStrings", "path": ["monitoring", "7322420b", "stdout"], "values": [{"value": "0", "step": null, "ts": 1733765650.0705438}]}, "version": 103, "at": 1733765650.070554}
{"obj": {"type": "LogStrings", "path": ["monitoring", "7322420b", "stdout"], "values": [{"value": "\n", "step": null, "ts": 1733765650.0712519}]}, "version": 104, "at": 1733765650.071257}
{"obj": {"type": "LogStrings", "path": ["monitoring", "7322420b", "stderr"], "values": [{"value": "/Users/saraiva/PycharmProjects/LTBio/venv/lib/python3.10/site-packages/sklearn/manifold/_t_sne.py:795: FutureWarning: The default initialization in TSNE will change from 'random' to 'pca' in 1.2.\n  warnings.warn(\n", "step": null, "ts": 1733765650.087191}]}, "version": 105, "at": 1733765650.087201}
{"obj": {"type": "LogStrings", "path": ["monitoring", "7322420b", "stdout"], "values": [{"value": "Selected features:", "step": null, "ts": 1733765650.577031}]}, "version": 106, "at": 1733765650.577046}
{"obj": {"type": "LogStrings", "path": ["monitoring", "7322420b", "stdout"], "values": [{"value": "\n", "step": null, "ts": 1733765650.5774121}]}, "version": 107, "at": 1733765650.577419}
{"obj": {"type": "LogStrings", "path": ["monitoring", "7322420b", "stdout"], "values": [{"value": "['Delta_Frontal', 'Delta_Central', 'Delta_Parietal', 'Delta_Occipital', 'Delta_Temporal', 'Delta_Limbic', 'Alpha1_Frontal', 'Alpha1_Central', 'Alpha1_Parietal', 'Alpha1_Occipital', 'Alpha1_Temporal', 'Alpha1_Limbic', 'Theta_Frontal', 'Theta_Central', 'Theta_Parietal', 'Theta_Occipital', 'Theta_Temporal', 'Theta_Limbic', 'Alpha2_Frontal', 'Alpha2_Central', 'Alpha2_Parietal', 'Alpha2_Occipital', 'Alpha2_Temporal', 'Alpha2_Limbic', 'Alpha3_Frontal', 'Alpha3_Central', 'Alpha3_Parietal', 'Alpha3_Occipital', 'Alpha3_Temporal', 'Alpha3_Limbic', 'Beta1_Frontal', 'Beta1_Central', 'Beta1_Parietal', 'Beta1_Occipital', 'Beta1_Temporal', 'Beta1_Limbic', 'Beta2_Frontal', 'Beta2_Central', 'Beta2_Parietal', 'Beta2_Occipital', 'Beta2_Temporal', 'Beta2_Limbic', 'Gamma_Frontal', 'Gamma_Central', 'Gamma_Parietal', 'Gamma_Occipital', 'Gamma_Temporal', 'Gamma_Limbic']", "step": null, "ts": 1733765650.578497}]}, "version": 108, "at": 1733765650.578503}
{"obj": {"type": "LogStrings", "path": ["monitoring", "7322420b", "stdout"], "values": [{"value": "\n", "step": null, "ts": 1733765650.5787892}]}, "version": 109, "at": 1733765650.578794}
{"obj": {"type": "LogStrings", "path": ["monitoring", "7322420b", "stdout"], "values": [{"value": "'<=' not supported between instances of 'int' and 'range'", "step": null, "ts": 1733765650.580512}]}, "version": 110, "at": 1733765650.58052}
{"obj": {"type": "LogStrings", "path": ["monitoring", "7322420b", "stdout"], "values": [{"value": "\n", "step": null, "ts": 1733765650.5805912}]}, "version": 111, "at": 1733765650.580596}
{"obj": {"type": "LogStrings", "path": ["monitoring", "7322420b", "stdout"], "values": [{"value": "5 PCs", "step": null, "ts": 1733765650.581203}]}, "version": 112, "at": 1733765650.581208}
{"obj": {"type": "LogStrings", "path": ["monitoring", "7322420b", "stdout"], "values": [{"value": "\n", "step": null, "ts": 1733765650.581815}]}, "version": 113, "at": 1733765650.58182}
{"obj": {"type": "LogStrings", "path": ["monitoring", "7322420b", "stdout"], "values": [{"value": "none variant", "step": null, "ts": 1733765650.5820968}]}, "version": 114, "at": 1733765650.582102}
{"obj": {"type": "LogStrings", "path": ["monitoring", "7322420b", "stdout"], "values": [{"value": "\n", "step": null, "ts": 1733765650.582826}]}, "version": 115, "at": 1733765650.5828328}
{"obj": {"type": "LogStrings", "path": ["monitoring", "7322420b", "stdout"], "values": [{"value": "[neptune] [info   ] Neptune initialized. Open in the app: https://app.neptune.ai/Combat4EEG/CombatManuscript/e/CB-137\n", "step": null, "ts": 1733765650.949297}]}, "version": 116, "at": 1733765650.9493241}
{"obj": {"type": "LogStrings", "path": ["monitoring", "7322420b", "stdout"], "values": [{"value": "0", "step": null, "ts": 1733765650.9969568}]}, "version": 117, "at": 1733765650.996963}
{"obj": {"type": "LogStrings", "path": ["monitoring", "7322420b", "stdout"], "values": [{"value": "\n", "step": null, "ts": 1733765650.997345}]}, "version": 118, "at": 1733765650.99735}
{"obj": {"type": "LogStrings", "path": ["monitoring", "7322420b", "stderr"], "values": [{"value": "/Users/saraiva/PycharmProjects/LTBio/venv/lib/python3.10/site-packages/sklearn/manifold/_t_sne.py:795: FutureWarning: The default initialization in TSNE will change from 'random' to 'pca' in 1.2.\n  warnings.warn(\n", "step": null, "ts": 1733765651.015189}]}, "version": 119, "at": 1733765651.015201}
{"obj": {"type": "LogStrings", "path": ["monitoring", "7322420b", "stdout"], "values": [{"value": "Selected features:", "step": null, "ts": 1733765651.505867}]}, "version": 120, "at": 1733765651.5058749}
{"obj": {"type": "LogStrings", "path": ["monitoring", "7322420b", "stdout"], "values": [{"value": "\n", "step": null, "ts": 1733765651.507206}]}, "version": 121, "at": 1733765651.507213}
{"obj": {"type": "LogStrings", "path": ["monitoring", "7322420b", "stdout"], "values": [{"value": "['Delta_Frontal', 'Delta_Central', 'Delta_Parietal', 'Delta_Occipital', 'Delta_Temporal', 'Delta_Limbic', 'Alpha1_Frontal', 'Alpha1_Central', 'Alpha1_Parietal', 'Alpha1_Occipital', 'Alpha1_Temporal', 'Alpha1_Limbic', 'Theta_Frontal', 'Theta_Central', 'Theta_Parietal', 'Theta_Occipital', 'Theta_Temporal', 'Theta_Limbic', 'Alpha2_Frontal', 'Alpha2_Central', 'Alpha2_Parietal', 'Alpha2_Occipital', 'Alpha2_Temporal', 'Alpha2_Limbic', 'Alpha3_Frontal', 'Alpha3_Central', 'Alpha3_Parietal', 'Alpha3_Occipital', 'Alpha3_Temporal', 'Alpha3_Limbic', 'Beta1_Frontal', 'Beta1_Central', 'Beta1_Parietal', 'Beta1_Occipital', 'Beta1_Temporal', 'Beta1_Limbic', 'Beta2_Frontal', 'Beta2_Central', 'Beta2_Parietal', 'Beta2_Occipital', 'Beta2_Temporal', 'Beta2_Limbic', 'Gamma_Frontal', 'Gamma_Central', 'Gamma_Parietal', 'Gamma_Occipital', 'Gamma_Temporal', 'Gamma_Limbic']", "step": null, "ts": 1733765651.507954}]}, "version": 122, "at": 1733765651.507963}
{"obj": {"type": "LogStrings", "path": ["monitoring", "7322420b", "stdout"], "values": [{"value": "\n", "step": null, "ts": 1733765651.5086029}]}, "version": 123, "at": 1733765651.508608}
{"obj": {"type": "LogStrings", "path": ["monitoring", "7322420b", "stdout"], "values": [{"value": "'<=' not supported between instances of 'int' and 'range'", "step": null, "ts": 1733765651.509971}]}, "version": 124, "at": 1733765651.509977}
{"obj": {"type": "LogStrings", "path": ["monitoring", "7322420b", "stdout"], "values": [{"value": "\n", "step": null, "ts": 1733765651.510419}]}, "version": 125, "at": 1733765651.510426}
{"obj": {"type": "LogStrings", "path": ["monitoring", "7322420b", "stdout"], "values": [{"value": "neuroharmonize variant", "step": null, "ts": 1733765651.5106602}]}, "version": 126, "at": 1733765651.510666}
{"obj": {"type": "LogStrings", "path": ["monitoring", "7322420b", "stdout"], "values": [{"value": "\n", "step": null, "ts": 1733765651.511189}]}, "version": 127, "at": 1733765651.5111942}
{"obj": {"type": "LogStrings", "path": ["monitoring", "7322420b", "stdout"], "values": [{"value": "[neptune] [info   ] Neptune initialized. Open in the app: https://app.neptune.ai/Combat4EEG/CombatManuscript/e/CB-138\n", "step": null, "ts": 1733765651.928731}]}, "version": 128, "at": 1733765651.928746}
{"obj": {"type": "LogStrings", "path": ["monitoring", "7322420b", "stdout"], "values": [{"value": "0", "step": null, "ts": 1733765651.974758}]}, "version": 129, "at": 1733765651.97487}
{"obj": {"type": "LogStrings", "path": ["monitoring", "7322420b", "stdout"], "values": [{"value": "\n", "step": null, "ts": 1733765651.975113}]}, "version": 130, "at": 1733765651.9751198}
{"obj": {"type": "LogStrings", "path": ["monitoring", "7322420b", "stderr"], "values": [{"value": "/Users/saraiva/PycharmProjects/LTBio/venv/lib/python3.10/site-packages/sklearn/manifold/_t_sne.py:795: FutureWarning: The default initialization in TSNE will change from 'random' to 'pca' in 1.2.\n  warnings.warn(\n", "step": null, "ts": 1733765651.991812}]}, "version": 131, "at": 1733765651.991829}
{"obj": {"type": "LogStrings", "path": ["monitoring", "7322420b", "stdout"], "values": [{"value": "Selected features:", "step": null, "ts": 1733765652.481247}]}, "version": 132, "at": 1733765652.4812548}
{"obj": {"type": "LogStrings", "path": ["monitoring", "7322420b", "stdout"], "values": [{"value": "\n", "step": null, "ts": 1733765652.4818182}]}, "version": 133, "at": 1733765652.4818518}
{"obj": {"type": "LogStrings", "path": ["monitoring", "7322420b", "stdout"], "values": [{"value": "['Delta_Frontal', 'Delta_Central', 'Delta_Parietal', 'Delta_Occipital', 'Delta_Temporal', 'Delta_Limbic', 'Alpha1_Frontal', 'Alpha1_Central', 'Alpha1_Parietal', 'Alpha1_Occipital', 'Alpha1_Temporal', 'Alpha1_Limbic', 'Theta_Frontal', 'Theta_Central', 'Theta_Parietal', 'Theta_Occipital', 'Theta_Temporal', 'Theta_Limbic', 'Alpha2_Frontal', 'Alpha2_Central', 'Alpha2_Parietal', 'Alpha2_Occipital', 'Alpha2_Temporal', 'Alpha2_Limbic', 'Alpha3_Frontal', 'Alpha3_Central', 'Alpha3_Parietal', 'Alpha3_Occipital', 'Alpha3_Temporal', 'Alpha3_Limbic', 'Beta1_Frontal', 'Beta1_Central', 'Beta1_Parietal', 'Beta1_Occipital', 'Beta1_Temporal', 'Beta1_Limbic', 'Beta2_Frontal', 'Beta2_Central', 'Beta2_Parietal', 'Beta2_Occipital', 'Beta2_Temporal', 'Beta2_Limbic', 'Gamma_Frontal', 'Gamma_Central', 'Gamma_Parietal', 'Gamma_Occipital', 'Gamma_Temporal', 'Gamma_Limbic']", "step": null, "ts": 1733765652.483271}]}, "version": 134, "at": 1733765652.4832761}
{"obj": {"type": "LogStrings", "path": ["monitoring", "7322420b", "stdout"], "values": [{"value": "\n", "step": null, "ts": 1733765652.484149}]}, "version": 135, "at": 1733765652.4841542}
{"obj": {"type": "LogStrings", "path": ["monitoring", "7322420b", "stdout"], "values": [{"value": "'<=' not supported between instances of 'int' and 'range'", "step": null, "ts": 1733765652.4858491}]}, "version": 136, "at": 1733765652.485854}
{"obj": {"type": "LogStrings", "path": ["monitoring", "7322420b", "stdout"], "values": [{"value": "\n", "step": null, "ts": 1733765652.4862232}]}, "version": 137, "at": 1733765652.486227}
{"obj": {"type": "LogStrings", "path": ["monitoring", "7322420b", "stdout"], "values": [{"value": "6 PCs", "step": null, "ts": 1733765652.487376}]}, "version": 138, "at": 1733765652.487381}
{"obj": {"type": "LogStrings", "path": ["monitoring", "7322420b", "stdout"], "values": [{"value": "\n", "step": null, "ts": 1733765652.488031}]}, "version": 139, "at": 1733765652.4880362}
{"obj": {"type": "LogStrings", "path": ["monitoring", "7322420b", "stdout"], "values": [{"value": "none variant", "step": null, "ts": 1733765652.488578}]}, "version": 140, "at": 1733765652.4885828}
{"obj": {"type": "LogStrings", "path": ["monitoring", "7322420b", "stdout"], "values": [{"value": "\n", "step": null, "ts": 1733765652.4891992}]}, "version": 141, "at": 1733765652.489204}
{"obj": {"type": "LogStrings", "path": ["monitoring", "7322420b", "stdout"], "values": [{"value": "[neptune] [info   ] Neptune initialized. Open in the app: https://app.neptune.ai/Combat4EEG/CombatManuscript/e/CB-139\n", "step": null, "ts": 1733765652.823732}]}, "version": 142, "at": 1733765652.823761}
{"obj": {"type": "LogStrings", "path": ["monitoring", "7322420b", "stdout"], "values": [{"value": "0", "step": null, "ts": 1733765652.8708322}]}, "version": 143, "at": 1733765652.870838}
{"obj": {"type": "LogStrings", "path": ["monitoring", "7322420b", "stdout"], "values": [{"value": "\n", "step": null, "ts": 1733765652.871338}]}, "version": 144, "at": 1733765652.871344}
{"obj": {"type": "LogStrings", "path": ["monitoring", "7322420b", "stderr"], "values": [{"value": "/Users/saraiva/PycharmProjects/LTBio/venv/lib/python3.10/site-packages/sklearn/manifold/_t_sne.py:795: FutureWarning: The default initialization in TSNE will change from 'random' to 'pca' in 1.2.\n  warnings.warn(\n", "step": null, "ts": 1733765652.8893921}]}, "version": 145, "at": 1733765652.8894012}
{"obj": {"type": "LogStrings", "path": ["monitoring", "7322420b", "stdout"], "values": [{"value": "Selected features:", "step": null, "ts": 1733765653.368748}]}, "version": 146, "at": 1733765653.36876}
{"obj": {"type": "LogStrings", "path": ["monitoring", "7322420b", "stdout"], "values": [{"value": "\n", "step": null, "ts": 1733765653.370005}]}, "version": 147, "at": 1733765653.3700101}
{"obj": {"type": "LogStrings", "path": ["monitoring", "7322420b", "stdout"], "values": [{"value": "['Delta_Frontal', 'Delta_Central', 'Delta_Parietal', 'Delta_Occipital', 'Delta_Temporal', 'Delta_Limbic', 'Alpha1_Frontal', 'Alpha1_Central', 'Alpha1_Parietal', 'Alpha1_Occipital', 'Alpha1_Temporal', 'Alpha1_Limbic', 'Theta_Frontal', 'Theta_Central', 'Theta_Parietal', 'Theta_Occipital', 'Theta_Temporal', 'Theta_Limbic', 'Alpha2_Frontal', 'Alpha2_Central', 'Alpha2_Parietal', 'Alpha2_Occipital', 'Alpha2_Temporal', 'Alpha2_Limbic', 'Alpha3_Frontal', 'Alpha3_Central', 'Alpha3_Parietal', 'Alpha3_Occipital', 'Alpha3_Temporal', 'Alpha3_Limbic', 'Beta1_Frontal', 'Beta1_Central', 'Beta1_Parietal', 'Beta1_Occipital', 'Beta1_Temporal', 'Beta1_Limbic', 'Beta2_Frontal', 'Beta2_Central', 'Beta2_Parietal', 'Beta2_Occipital', 'Beta2_Temporal', 'Beta2_Limbic', 'Gamma_Frontal', 'Gamma_Central', 'Gamma_Parietal', 'Gamma_Occipital', 'Gamma_Temporal', 'Gamma_Limbic']", "step": null, "ts": 1733765653.370914}]}, "version": 148, "at": 1733765653.370919}
{"obj": {"type": "LogStrings", "path": ["monitoring", "7322420b", "stdout"], "values": [{"value": "\n", "step": null, "ts": 1733765653.373748}]}, "version": 149, "at": 1733765653.373757}
{"obj": {"type": "LogStrings", "path": ["monitoring", "7322420b", "stdout"], "values": [{"value": "'<=' not supported between instances of 'int' and 'range'", "step": null, "ts": 1733765653.37435}]}, "version": 150, "at": 1733765653.3743548}
{"obj": {"type": "LogStrings", "path": ["monitoring", "7322420b", "stdout"], "values": [{"value": "\n", "step": null, "ts": 1733765653.375459}]}, "version": 151, "at": 1733765653.375464}
{"obj": {"type": "LogStrings", "path": ["monitoring", "7322420b", "stdout"], "values": [{"value": "neuroharmonize variant", "step": null, "ts": 1733765653.376251}]}, "version": 152, "at": 1733765653.376255}
{"obj": {"type": "LogStrings", "path": ["monitoring", "7322420b", "stdout"], "values": [{"value": "\n", "step": null, "ts": 1733765653.3775418}]}, "version": 153, "at": 1733765653.377547}
{"obj": {"type": "LogStrings", "path": ["monitoring", "7322420b", "stdout"], "values": [{"value": "[neptune] [info   ] Neptune initialized. Open in the app: https://app.neptune.ai/Combat4EEG/CombatManuscript/e/CB-140\n", "step": null, "ts": 1733765653.7018292}]}, "version": 154, "at": 1733765653.701867}
{"obj": {"type": "LogStrings", "path": ["monitoring", "7322420b", "stdout"], "values": [{"value": "0", "step": null, "ts": 1733765653.7501209}]}, "version": 155, "at": 1733765653.750128}
{"obj": {"type": "LogStrings", "path": ["monitoring", "7322420b", "stdout"], "values": [{"value": "\n", "step": null, "ts": 1733765653.7513442}]}, "version": 156, "at": 1733765653.75135}
{"obj": {"type": "LogStrings", "path": ["monitoring", "7322420b", "stderr"], "values": [{"value": "/Users/saraiva/PycharmProjects/LTBio/venv/lib/python3.10/site-packages/sklearn/manifold/_t_sne.py:795: FutureWarning: The default initialization in TSNE will change from 'random' to 'pca' in 1.2.\n  warnings.warn(\n", "step": null, "ts": 1733765653.7670772}]}, "version": 157, "at": 1733765653.767085}
{"obj": {"type": "LogStrings", "path": ["monitoring", "7322420b", "stdout"], "values": [{"value": "Selected features:", "step": null, "ts": 1733765654.267213}]}, "version": 158, "at": 1733765654.2672231}
{"obj": {"type": "LogStrings", "path": ["monitoring", "7322420b", "stdout"], "values": [{"value": "\n", "step": null, "ts": 1733765654.268308}]}, "version": 159, "at": 1733765654.2683141}
{"obj": {"type": "LogStrings", "path": ["monitoring", "7322420b", "stdout"], "values": [{"value": "['Delta_Frontal', 'Delta_Central', 'Delta_Parietal', 'Delta_Occipital', 'Delta_Temporal', 'Delta_Limbic', 'Alpha1_Frontal', 'Alpha1_Central', 'Alpha1_Parietal', 'Alpha1_Occipital', 'Alpha1_Temporal', 'Alpha1_Limbic', 'Theta_Frontal', 'Theta_Central', 'Theta_Parietal', 'Theta_Occipital', 'Theta_Temporal', 'Theta_Limbic', 'Alpha2_Frontal', 'Alpha2_Central', 'Alpha2_Parietal', 'Alpha2_Occipital', 'Alpha2_Temporal', 'Alpha2_Limbic', 'Alpha3_Frontal', 'Alpha3_Central', 'Alpha3_Parietal', 'Alpha3_Occipital', 'Alpha3_Temporal', 'Alpha3_Limbic', 'Beta1_Frontal', 'Beta1_Central', 'Beta1_Parietal', 'Beta1_Occipital', 'Beta1_Temporal', 'Beta1_Limbic', 'Beta2_Frontal', 'Beta2_Central', 'Beta2_Parietal', 'Beta2_Occipital', 'Beta2_Temporal', 'Beta2_Limbic', 'Gamma_Frontal', 'Gamma_Central', 'Gamma_Parietal', 'Gamma_Occipital', 'Gamma_Temporal', 'Gamma_Limbic']", "step": null, "ts": 1733765654.269669}]}, "version": 160, "at": 1733765654.2696939}
{"obj": {"type": "LogStrings", "path": ["monitoring", "7322420b", "stdout"], "values": [{"value": "\n", "step": null, "ts": 1733765654.2730129}]}, "version": 161, "at": 1733765654.2730188}
{"obj": {"type": "LogStrings", "path": ["monitoring", "7322420b", "stdout"], "values": [{"value": "'<=' not supported between instances of 'int' and 'range'", "step": null, "ts": 1733765654.273914}]}, "version": 162, "at": 1733765654.2739441}
{"obj": {"type": "LogStrings", "path": ["monitoring", "7322420b", "stdout"], "values": [{"value": "\n", "step": null, "ts": 1733765654.2748659}]}, "version": 163, "at": 1733765654.274871}
{"obj": {"type": "LogStrings", "path": ["monitoring", "7322420b", "stdout"], "values": [{"value": "7 PCs", "step": null, "ts": 1733765654.27548}]}, "version": 164, "at": 1733765654.275485}
{"obj": {"type": "LogStrings", "path": ["monitoring", "7322420b", "stdout"], "values": [{"value": "\n", "step": null, "ts": 1733765654.276387}]}, "version": 165, "at": 1733765654.276414}
{"obj": {"type": "LogStrings", "path": ["monitoring", "7322420b", "stdout"], "values": [{"value": "none variant", "step": null, "ts": 1733765654.277081}]}, "version": 166, "at": 1733765654.277086}
{"obj": {"type": "LogStrings", "path": ["monitoring", "7322420b", "stdout"], "values": [{"value": "\n", "step": null, "ts": 1733765654.278184}]}, "version": 167, "at": 1733765654.278191}
{"obj": {"type": "LogStrings", "path": ["monitoring", "7322420b", "stdout"], "values": [{"value": "[neptune] [info   ] Neptune initialized. Open in the app: https://app.neptune.ai/Combat4EEG/CombatManuscript/e/CB-141\n", "step": null, "ts": 1733765654.682658}]}, "version": 168, "at": 1733765654.682689}
{"obj": {"type": "LogStrings", "path": ["monitoring", "7322420b", "stdout"], "values": [{"value": "0", "step": null, "ts": 1733765654.7312288}]}, "version": 169, "at": 1733765654.731236}
{"obj": {"type": "LogStrings", "path": ["monitoring", "7322420b", "stdout"], "values": [{"value": "\n", "step": null, "ts": 1733765654.732152}]}, "version": 170, "at": 1733765654.732158}
{"obj": {"type": "LogStrings", "path": ["monitoring", "7322420b", "stderr"], "values": [{"value": "/Users/saraiva/PycharmProjects/LTBio/venv/lib/python3.10/site-packages/sklearn/manifold/_t_sne.py:795: FutureWarning: The default initialization in TSNE will change from 'random' to 'pca' in 1.2.\n  warnings.warn(\n", "step": null, "ts": 1733765654.7472792}]}, "version": 171, "at": 1733765654.747287}
{"obj": {"type": "LogStrings", "path": ["monitoring", "7322420b", "stdout"], "values": [{"value": "Selected features:", "step": null, "ts": 1733765655.235081}]}, "version": 172, "at": 1733765655.2350879}
{"obj": {"type": "LogStrings", "path": ["monitoring", "7322420b", "stdout"], "values": [{"value": "\n", "step": null, "ts": 1733765655.2360399}]}, "version": 173, "at": 1733765655.2360451}
{"obj": {"type": "LogStrings", "path": ["monitoring", "7322420b", "stdout"], "values": [{"value": "['Delta_Frontal', 'Delta_Central', 'Delta_Parietal', 'Delta_Occipital', 'Delta_Temporal', 'Delta_Limbic', 'Alpha1_Frontal', 'Alpha1_Central', 'Alpha1_Parietal', 'Alpha1_Occipital', 'Alpha1_Temporal', 'Alpha1_Limbic', 'Theta_Frontal', 'Theta_Central', 'Theta_Parietal', 'Theta_Occipital', 'Theta_Temporal', 'Theta_Limbic', 'Alpha2_Frontal', 'Alpha2_Central', 'Alpha2_Parietal', 'Alpha2_Occipital', 'Alpha2_Temporal', 'Alpha2_Limbic', 'Alpha3_Frontal', 'Alpha3_Central', 'Alpha3_Parietal', 'Alpha3_Occipital', 'Alpha3_Temporal', 'Alpha3_Limbic', 'Beta1_Frontal', 'Beta1_Central', 'Beta1_Parietal', 'Beta1_Occipital', 'Beta1_Temporal', 'Beta1_Limbic', 'Beta2_Frontal', 'Beta2_Central', 'Beta2_Parietal', 'Beta2_Occipital', 'Beta2_Temporal', 'Beta2_Limbic', 'Gamma_Frontal', 'Gamma_Central', 'Gamma_Parietal', 'Gamma_Occipital', 'Gamma_Temporal', 'Gamma_Limbic']", "step": null, "ts": 1733765655.2376928}]}, "version": 174, "at": 1733765655.237698}
{"obj": {"type": "LogStrings", "path": ["monitoring", "7322420b", "stdout"], "values": [{"value": "\n", "step": null, "ts": 1733765655.239381}]}, "version": 175, "at": 1733765655.239386}
{"obj": {"type": "LogStrings", "path": ["monitoring", "7322420b", "stdout"], "values": [{"value": "'<=' not supported between instances of 'int' and 'range'", "step": null, "ts": 1733765655.2419488}]}, "version": 176, "at": 1733765655.241956}
{"obj": {"type": "LogStrings", "path": ["monitoring", "7322420b", "stdout"], "values": [{"value": "\n", "step": null, "ts": 1733765655.243265}]}, "version": 177, "at": 1733765655.24327}
{"obj": {"type": "LogStrings", "path": ["monitoring", "7322420b", "stdout"], "values": [{"value": "neuroharmonize variant", "step": null, "ts": 1733765655.244724}]}, "version": 178, "at": 1733765655.244734}
{"obj": {"type": "LogStrings", "path": ["monitoring", "7322420b", "stdout"], "values": [{"value": "\n", "step": null, "ts": 1733765655.246015}]}, "version": 179, "at": 1733765655.2460191}
{"obj": {"type": "LogFloats", "path": ["monitoring", "7322420b", "cpu"], "values": [{"value": 93.3, "step": null, "ts": 1733765655.3029819}]}, "version": 180, "at": 1733765655.3036}
{"obj": {"type": "LogFloats", "path": ["monitoring", "7322420b", "memory"], "values": [{"value": 11.293243408203125, "step": null, "ts": 1733765655.3029819}]}, "version": 181, "at": 1733765655.303904}
{"obj": {"type": "LogStrings", "path": ["monitoring", "7322420b", "stdout"], "values": [{"value": "[neptune] [info   ] Neptune initialized. Open in the app: https://app.neptune.ai/Combat4EEG/CombatManuscript/e/CB-142\n", "step": null, "ts": 1733765655.663875}]}, "version": 182, "at": 1733765655.663914}
{"obj": {"type": "LogStrings", "path": ["monitoring", "7322420b", "stdout"], "values": [{"value": "0", "step": null, "ts": 1733765655.7114549}]}, "version": 183, "at": 1733765655.7114692}
{"obj": {"type": "LogStrings", "path": ["monitoring", "7322420b", "stdout"], "values": [{"value": "\n", "step": null, "ts": 1733765655.7130702}]}, "version": 184, "at": 1733765655.7130759}
{"obj": {"type": "LogStrings", "path": ["monitoring", "7322420b", "stderr"], "values": [{"value": "/Users/saraiva/PycharmProjects/LTBio/venv/lib/python3.10/site-packages/sklearn/manifold/_t_sne.py:795: FutureWarning: The default initialization in TSNE will change from 'random' to 'pca' in 1.2.\n  warnings.warn(\n", "step": null, "ts": 1733765655.728207}]}, "version": 185, "at": 1733765655.728222}
{"obj": {"type": "LogStrings", "path": ["monitoring", "7322420b", "stdout"], "values": [{"value": "Selected features:", "step": null, "ts": 1733765656.2293189}]}, "version": 186, "at": 1733765656.229333}
{"obj": {"type": "LogStrings", "path": ["monitoring", "7322420b", "stdout"], "values": [{"value": "\n", "step": null, "ts": 1733765656.231934}]}, "version": 187, "at": 1733765656.2319412}
{"obj": {"type": "LogStrings", "path": ["monitoring", "7322420b", "stdout"], "values": [{"value": "['Delta_Frontal', 'Delta_Central', 'Delta_Parietal', 'Delta_Occipital', 'Delta_Temporal', 'Delta_Limbic', 'Alpha1_Frontal', 'Alpha1_Central', 'Alpha1_Parietal', 'Alpha1_Occipital', 'Alpha1_Temporal', 'Alpha1_Limbic', 'Theta_Frontal', 'Theta_Central', 'Theta_Parietal', 'Theta_Occipital', 'Theta_Temporal', 'Theta_Limbic', 'Alpha2_Frontal', 'Alpha2_Central', 'Alpha2_Parietal', 'Alpha2_Occipital', 'Alpha2_Temporal', 'Alpha2_Limbic', 'Alpha3_Frontal', 'Alpha3_Central', 'Alpha3_Parietal', 'Alpha3_Occipital', 'Alpha3_Temporal', 'Alpha3_Limbic', 'Beta1_Frontal', 'Beta1_Central', 'Beta1_Parietal', 'Beta1_Occipital', 'Beta1_Temporal', 'Beta1_Limbic', 'Beta2_Frontal', 'Beta2_Central', 'Beta2_Parietal', 'Beta2_Occipital', 'Beta2_Temporal', 'Beta2_Limbic', 'Gamma_Frontal', 'Gamma_Central', 'Gamma_Parietal', 'Gamma_Occipital', 'Gamma_Temporal', 'Gamma_Limbic']", "step": null, "ts": 1733765656.2326841}]}, "version": 188, "at": 1733765656.232713}
{"obj": {"type": "LogStrings", "path": ["monitoring", "7322420b", "stdout"], "values": [{"value": "\n", "step": null, "ts": 1733765656.23366}]}, "version": 189, "at": 1733765656.233668}
{"obj": {"type": "LogStrings", "path": ["monitoring", "7322420b", "stdout"], "values": [{"value": "'<=' not supported between instances of 'int' and 'range'", "step": null, "ts": 1733765656.237057}]}, "version": 190, "at": 1733765656.237063}
{"obj": {"type": "LogStrings", "path": ["monitoring", "7322420b", "stdout"], "values": [{"value": "\n", "step": null, "ts": 1733765656.237865}]}, "version": 191, "at": 1733765656.237869}
{"obj": {"type": "LogStrings", "path": ["monitoring", "7322420b", "stdout"], "values": [{"value": "8 PCs", "step": null, "ts": 1733765656.239369}]}, "version": 192, "at": 1733765656.2393742}
{"obj": {"type": "LogStrings", "path": ["monitoring", "7322420b", "stdout"], "values": [{"value": "\n", "step": null, "ts": 1733765656.240087}]}, "version": 193, "at": 1733765656.2400918}
{"obj": {"type": "LogStrings", "path": ["monitoring", "7322420b", "stdout"], "values": [{"value": "none variant", "step": null, "ts": 1733765656.241141}]}, "version": 194, "at": 1733765656.241146}
{"obj": {"type": "LogStrings", "path": ["monitoring", "7322420b", "stdout"], "values": [{"value": "\n", "step": null, "ts": 1733765656.2419}]}, "version": 195, "at": 1733765656.241904}
{"obj": {"type": "LogStrings", "path": ["monitoring", "7322420b", "stdout"], "values": [{"value": "[neptune] [info   ] Neptune initialized. Open in the app: https://app.neptune.ai/Combat4EEG/CombatManuscript/e/CB-143\n", "step": null, "ts": 1733765656.645642}]}, "version": 196, "at": 1733765656.645677}
{"obj": {"type": "LogStrings", "path": ["monitoring", "7322420b", "stdout"], "values": [{"value": "0", "step": null, "ts": 1733765656.693871}]}, "version": 197, "at": 1733765656.693877}
{"obj": {"type": "LogStrings", "path": ["monitoring", "7322420b", "stdout"], "values": [{"value": "\n", "step": null, "ts": 1733765656.694586}]}, "version": 198, "at": 1733765656.694591}
{"obj": {"type": "LogStrings", "path": ["monitoring", "7322420b", "stderr"], "values": [{"value": "/Users/saraiva/PycharmProjects/LTBio/venv/lib/python3.10/site-packages/sklearn/manifold/_t_sne.py:795: FutureWarning: The default initialization in TSNE will change from 'random' to 'pca' in 1.2.\n  warnings.warn(\n", "step": null, "ts": 1733765656.710229}]}, "version": 199, "at": 1733765656.7102358}
{"obj": {"type": "LogStrings", "path": ["monitoring", "7322420b", "stdout"], "values": [{"value": "Selected features:", "step": null, "ts": 1733765657.2024891}]}, "version": 200, "at": 1733765657.2024949}
{"obj": {"type": "LogStrings", "path": ["monitoring", "7322420b", "stdout"], "values": [{"value": "\n", "step": null, "ts": 1733765657.2037818}]}, "version": 201, "at": 1733765657.203789}
{"obj": {"type": "LogStrings", "path": ["monitoring", "7322420b", "stdout"], "values": [{"value": "['Delta_Frontal', 'Delta_Central', 'Delta_Parietal', 'Delta_Occipital', 'Delta_Temporal', 'Delta_Limbic', 'Alpha1_Frontal', 'Alpha1_Central', 'Alpha1_Parietal', 'Alpha1_Occipital', 'Alpha1_Temporal', 'Alpha1_Limbic', 'Theta_Frontal', 'Theta_Central', 'Theta_Parietal', 'Theta_Occipital', 'Theta_Temporal', 'Theta_Limbic', 'Alpha2_Frontal', 'Alpha2_Central', 'Alpha2_Parietal', 'Alpha2_Occipital', 'Alpha2_Temporal', 'Alpha2_Limbic', 'Alpha3_Frontal', 'Alpha3_Central', 'Alpha3_Parietal', 'Alpha3_Occipital', 'Alpha3_Temporal', 'Alpha3_Limbic', 'Beta1_Frontal', 'Beta1_Central', 'Beta1_Parietal', 'Beta1_Occipital', 'Beta1_Temporal', 'Beta1_Limbic', 'Beta2_Frontal', 'Beta2_Central', 'Beta2_Parietal', 'Beta2_Occipital', 'Beta2_Temporal', 'Beta2_Limbic', 'Gamma_Frontal', 'Gamma_Central', 'Gamma_Parietal', 'Gamma_Occipital', 'Gamma_Temporal', 'Gamma_Limbic']", "step": null, "ts": 1733765657.204621}]}, "version": 202, "at": 1733765657.204649}
{"obj": {"type": "LogStrings", "path": ["monitoring", "7322420b", "stdout"], "values": [{"value": "\n", "step": null, "ts": 1733765657.20782}]}, "version": 203, "at": 1733765657.207828}
{"obj": {"type": "LogStrings", "path": ["monitoring", "7322420b", "stdout"], "values": [{"value": "'<=' not supported between instances of 'int' and 'range'", "step": null, "ts": 1733765657.2090309}]}, "version": 204, "at": 1733765657.209035}
{"obj": {"type": "LogStrings", "path": ["monitoring", "7322420b", "stdout"], "values": [{"value": "\n", "step": null, "ts": 1733765657.210133}]}, "version": 205, "at": 1733765657.210138}
{"obj": {"type": "LogStrings", "path": ["monitoring", "7322420b", "stdout"], "values": [{"value": "neuroharmonize variant", "step": null, "ts": 1733765657.2124941}]}, "version": 206, "at": 1733765657.212499}
{"obj": {"type": "LogStrings", "path": ["monitoring", "7322420b", "stdout"], "values": [{"value": "\n", "step": null, "ts": 1733765657.21363}]}, "version": 207, "at": 1733765657.213634}
{"obj": {"type": "LogStrings", "path": ["monitoring", "7322420b", "stdout"], "values": [{"value": "[neptune] [info   ] Neptune initialized. Open in the app: https://app.neptune.ai/Combat4EEG/CombatManuscript/e/CB-144\n", "step": null, "ts": 1733765657.540318}]}, "version": 208, "at": 1733765657.5403311}
{"obj": {"type": "LogStrings", "path": ["monitoring", "7322420b", "stdout"], "values": [{"value": "0", "step": null, "ts": 1733765657.5880508}]}, "version": 209, "at": 1733765657.5880609}
{"obj": {"type": "LogStrings", "path": ["monitoring", "7322420b", "stdout"], "values": [{"value": "\n", "step": null, "ts": 1733765657.589539}]}, "version": 210, "at": 1733765657.5895438}
{"obj": {"type": "LogStrings", "path": ["monitoring", "7322420b", "stderr"], "values": [{"value": "/Users/saraiva/PycharmProjects/LTBio/venv/lib/python3.10/site-packages/sklearn/manifold/_t_sne.py:795: FutureWarning: The default initialization in TSNE will change from 'random' to 'pca' in 1.2.\n  warnings.warn(\n", "step": null, "ts": 1733765657.606116}]}, "version": 211, "at": 1733765657.606124}
{"obj": {"type": "LogStrings", "path": ["monitoring", "7322420b", "stdout"], "values": [{"value": "Selected features:", "step": null, "ts": 1733765658.096731}]}, "version": 212, "at": 1733765658.096737}
{"obj": {"type": "LogStrings", "path": ["monitoring", "7322420b", "stdout"], "values": [{"value": "\n", "step": null, "ts": 1733765658.0979}]}, "version": 213, "at": 1733765658.097905}
{"obj": {"type": "LogStrings", "path": ["monitoring", "7322420b", "stdout"], "values": [{"value": "['Delta_Frontal', 'Delta_Central', 'Delta_Parietal', 'Delta_Occipital', 'Delta_Temporal', 'Delta_Limbic', 'Alpha1_Frontal', 'Alpha1_Central', 'Alpha1_Parietal', 'Alpha1_Occipital', 'Alpha1_Temporal', 'Alpha1_Limbic', 'Theta_Frontal', 'Theta_Central', 'Theta_Parietal', 'Theta_Occipital', 'Theta_Temporal', 'Theta_Limbic', 'Alpha2_Frontal', 'Alpha2_Central', 'Alpha2_Parietal', 'Alpha2_Occipital', 'Alpha2_Temporal', 'Alpha2_Limbic', 'Alpha3_Frontal', 'Alpha3_Central', 'Alpha3_Parietal', 'Alpha3_Occipital', 'Alpha3_Temporal', 'Alpha3_Limbic', 'Beta1_Frontal', 'Beta1_Central', 'Beta1_Parietal', 'Beta1_Occipital', 'Beta1_Temporal', 'Beta1_Limbic', 'Beta2_Frontal', 'Beta2_Central', 'Beta2_Parietal', 'Beta2_Occipital', 'Beta2_Temporal', 'Beta2_Limbic', 'Gamma_Frontal', 'Gamma_Central', 'Gamma_Parietal', 'Gamma_Occipital', 'Gamma_Temporal', 'Gamma_Limbic']", "step": null, "ts": 1733765658.09894}]}, "version": 214, "at": 1733765658.098944}
{"obj": {"type": "LogStrings", "path": ["monitoring", "7322420b", "stdout"], "values": [{"value": "\n", "step": null, "ts": 1733765658.101525}]}, "version": 215, "at": 1733765658.101533}
{"obj": {"type": "LogStrings", "path": ["monitoring", "7322420b", "stdout"], "values": [{"value": "'<=' not supported between instances of 'int' and 'range'", "step": null, "ts": 1733765658.104534}]}, "version": 216, "at": 1733765658.1045399}
{"obj": {"type": "LogStrings", "path": ["monitoring", "7322420b", "stdout"], "values": [{"value": "\n", "step": null, "ts": 1733765658.106494}]}, "version": 217, "at": 1733765658.106499}
{"obj": {"type": "LogStrings", "path": ["monitoring", "7322420b", "stdout"], "values": [{"value": "9 PCs", "step": null, "ts": 1733765658.108962}]}, "version": 218, "at": 1733765658.108989}
{"obj": {"type": "LogStrings", "path": ["monitoring", "7322420b", "stdout"], "values": [{"value": "\n", "step": null, "ts": 1733765658.11085}]}, "version": 219, "at": 1733765658.1108558}
{"obj": {"type": "LogStrings", "path": ["monitoring", "7322420b", "stdout"], "values": [{"value": "none variant", "step": null, "ts": 1733765658.111954}]}, "version": 220, "at": 1733765658.111959}
{"obj": {"type": "LogStrings", "path": ["monitoring", "7322420b", "stdout"], "values": [{"value": "\n", "step": null, "ts": 1733765658.113055}]}, "version": 221, "at": 1733765658.1130612}
{"obj": {"type": "LogStrings", "path": ["monitoring", "7322420b", "stdout"], "values": [{"value": "[neptune] [info   ] Neptune initialized. Open in the app: https://app.neptune.ai/Combat4EEG/CombatManuscript/e/CB-145\n", "step": null, "ts": 1733765658.436159}]}, "version": 222, "at": 1733765658.436197}
{"obj": {"type": "LogStrings", "path": ["monitoring", "7322420b", "stdout"], "values": [{"value": "0", "step": null, "ts": 1733765658.486153}]}, "version": 223, "at": 1733765658.486163}
{"obj": {"type": "LogStrings", "path": ["monitoring", "7322420b", "stdout"], "values": [{"value": "\n", "step": null, "ts": 1733765658.4877892}]}, "version": 224, "at": 1733765658.487796}
{"obj": {"type": "LogStrings", "path": ["monitoring", "7322420b", "stderr"], "values": [{"value": "/Users/saraiva/PycharmProjects/LTBio/venv/lib/python3.10/site-packages/sklearn/manifold/_t_sne.py:795: FutureWarning: The default initialization in TSNE will change from 'random' to 'pca' in 1.2.\n  warnings.warn(\n", "step": null, "ts": 1733765658.502507}]}, "version": 225, "at": 1733765658.502514}
{"obj": {"type": "LogStrings", "path": ["monitoring", "7322420b", "stdout"], "values": [{"value": "Selected features:", "step": null, "ts": 1733765658.992539}]}, "version": 226, "at": 1733765658.9925451}
{"obj": {"type": "LogStrings", "path": ["monitoring", "7322420b", "stdout"], "values": [{"value": "\n", "step": null, "ts": 1733765658.993518}]}, "version": 227, "at": 1733765658.993523}
{"obj": {"type": "LogStrings", "path": ["monitoring", "7322420b", "stdout"], "values": [{"value": "['Delta_Frontal', 'Delta_Central', 'Delta_Parietal', 'Delta_Occipital', 'Delta_Temporal', 'Delta_Limbic', 'Alpha1_Frontal', 'Alpha1_Central', 'Alpha1_Parietal', 'Alpha1_Occipital', 'Alpha1_Temporal', 'Alpha1_Limbic', 'Theta_Frontal', 'Theta_Central', 'Theta_Parietal', 'Theta_Occipital', 'Theta_Temporal', 'Theta_Limbic', 'Alpha2_Frontal', 'Alpha2_Central', 'Alpha2_Parietal', 'Alpha2_Occipital', 'Alpha2_Temporal', 'Alpha2_Limbic', 'Alpha3_Frontal', 'Alpha3_Central', 'Alpha3_Parietal', 'Alpha3_Occipital', 'Alpha3_Temporal', 'Alpha3_Limbic', 'Beta1_Frontal', 'Beta1_Central', 'Beta1_Parietal', 'Beta1_Occipital', 'Beta1_Temporal', 'Beta1_Limbic', 'Beta2_Frontal', 'Beta2_Central', 'Beta2_Parietal', 'Beta2_Occipital', 'Beta2_Temporal', 'Beta2_Limbic', 'Gamma_Frontal', 'Gamma_Central', 'Gamma_Parietal', 'Gamma_Occipital', 'Gamma_Temporal', 'Gamma_Limbic']", "step": null, "ts": 1733765658.9949079}]}, "version": 228, "at": 1733765658.994913}
{"obj": {"type": "LogStrings", "path": ["monitoring", "7322420b", "stdout"], "values": [{"value": "\n", "step": null, "ts": 1733765658.99553}]}, "version": 229, "at": 1733765658.9955359}
{"obj": {"type": "LogStrings", "path": ["monitoring", "7322420b", "stdout"], "values": [{"value": "'<=' not supported between instances of 'int' and 'range'", "step": null, "ts": 1733765658.998892}]}, "version": 230, "at": 1733765658.998902}
{"obj": {"type": "LogStrings", "path": ["monitoring", "7322420b", "stdout"], "values": [{"value": "\n", "step": null, "ts": 1733765659.001481}]}, "version": 231, "at": 1733765659.001489}
{"obj": {"type": "LogStrings", "path": ["monitoring", "7322420b", "stdout"], "values": [{"value": "neuroharmonize variant", "step": null, "ts": 1733765659.002511}]}, "version": 232, "at": 1733765659.002516}
{"obj": {"type": "LogStrings", "path": ["monitoring", "7322420b", "stdout"], "values": [{"value": "\n", "step": null, "ts": 1733765659.003819}]}, "version": 233, "at": 1733765659.0038242}
{"obj": {"type": "LogStrings", "path": ["monitoring", "7322420b", "stdout"], "values": [{"value": "[neptune] [info   ] Neptune initialized. Open in the app: https://app.neptune.ai/Combat4EEG/CombatManuscript/e/CB-146\n", "step": null, "ts": 1733765659.4023008}]}, "version": 234, "at": 1733765659.402312}
{"obj": {"type": "LogStrings", "path": ["monitoring", "7322420b", "stdout"], "values": [{"value": "0", "step": null, "ts": 1733765659.447535}]}, "version": 235, "at": 1733765659.447544}
{"obj": {"type": "LogStrings", "path": ["monitoring", "7322420b", "stdout"], "values": [{"value": "\n", "step": null, "ts": 1733765659.449389}]}, "version": 236, "at": 1733765659.449395}
{"obj": {"type": "LogStrings", "path": ["monitoring", "7322420b", "stderr"], "values": [{"value": "/Users/saraiva/PycharmProjects/LTBio/venv/lib/python3.10/site-packages/sklearn/manifold/_t_sne.py:795: FutureWarning: The default initialization in TSNE will change from 'random' to 'pca' in 1.2.\n  warnings.warn(\n", "step": null, "ts": 1733765659.4650471}]}, "version": 237, "at": 1733765659.465062}
{"obj": {"type": "LogStrings", "path": ["monitoring", "7322420b", "stdout"], "values": [{"value": "Selected features:", "step": null, "ts": 1733765659.9533}]}, "version": 238, "at": 1733765659.9533381}
{"obj": {"type": "LogStrings", "path": ["monitoring", "7322420b", "stdout"], "values": [{"value": "\n", "step": null, "ts": 1733765659.954219}]}, "version": 239, "at": 1733765659.9542232}
{"obj": {"type": "LogStrings", "path": ["monitoring", "7322420b", "stdout"], "values": [{"value": "['Delta_Frontal', 'Delta_Central', 'Delta_Parietal', 'Delta_Occipital', 'Delta_Temporal', 'Delta_Limbic', 'Alpha1_Frontal', 'Alpha1_Central', 'Alpha1_Parietal', 'Alpha1_Occipital', 'Alpha1_Temporal', 'Alpha1_Limbic', 'Theta_Frontal', 'Theta_Central', 'Theta_Parietal', 'Theta_Occipital', 'Theta_Temporal', 'Theta_Limbic', 'Alpha2_Frontal', 'Alpha2_Central', 'Alpha2_Parietal', 'Alpha2_Occipital', 'Alpha2_Temporal', 'Alpha2_Limbic', 'Alpha3_Frontal', 'Alpha3_Central', 'Alpha3_Parietal', 'Alpha3_Occipital', 'Alpha3_Temporal', 'Alpha3_Limbic', 'Beta1_Frontal', 'Beta1_Central', 'Beta1_Parietal', 'Beta1_Occipital', 'Beta1_Temporal', 'Beta1_Limbic', 'Beta2_Frontal', 'Beta2_Central', 'Beta2_Parietal', 'Beta2_Occipital', 'Beta2_Temporal', 'Beta2_Limbic', 'Gamma_Frontal', 'Gamma_Central', 'Gamma_Parietal', 'Gamma_Occipital', 'Gamma_Temporal', 'Gamma_Limbic']", "step": null, "ts": 1733765659.955465}]}, "version": 240, "at": 1733765659.955471}
{"obj": {"type": "LogStrings", "path": ["monitoring", "7322420b", "stdout"], "values": [{"value": "\n", "step": null, "ts": 1733765659.9570382}]}, "version": 241, "at": 1733765659.957043}
{"obj": {"type": "LogStrings", "path": ["monitoring", "7322420b", "stdout"], "values": [{"value": "'<=' not supported between instances of 'int' and 'range'", "step": null, "ts": 1733765659.960532}]}, "version": 242, "at": 1733765659.9605389}
{"obj": {"type": "LogStrings", "path": ["monitoring", "7322420b", "stdout"], "values": [{"value": "\n", "step": null, "ts": 1733765659.961356}]}, "version": 243, "at": 1733765659.961361}
{"obj": {"type": "LogStrings", "path": ["monitoring", "7322420b", "stdout"], "values": [{"value": "10 PCs", "step": null, "ts": 1733765659.962341}]}, "version": 244, "at": 1733765659.9623702}
{"obj": {"type": "LogStrings", "path": ["monitoring", "7322420b", "stdout"], "values": [{"value": "\n", "step": null, "ts": 1733765659.9640498}]}, "version": 245, "at": 1733765659.964056}
{"obj": {"type": "LogStrings", "path": ["monitoring", "7322420b", "stdout"], "values": [{"value": "none variant", "step": null, "ts": 1733765659.9662058}]}, "version": 246, "at": 1733765659.9662101}
{"obj": {"type": "LogStrings", "path": ["monitoring", "7322420b", "stdout"], "values": [{"value": "\n", "step": null, "ts": 1733765659.9676769}]}, "version": 247, "at": 1733765659.967705}
{"obj": {"type": "LogStrings", "path": ["monitoring", "7322420b", "stdout"], "values": [{"value": "[neptune] [info   ] Neptune initialized. Open in the app: https://app.neptune.ai/Combat4EEG/CombatManuscript/e/CB-147\n", "step": null, "ts": 1733765660.3878589}]}, "version": 248, "at": 1733765660.3878982}
{"obj": {"type": "LogStrings", "path": ["monitoring", "7322420b", "stdout"], "values": [{"value": "0", "step": null, "ts": 1733765660.4360251}]}, "version": 249, "at": 1733765660.436039}
{"obj": {"type": "LogStrings", "path": ["monitoring", "7322420b", "stdout"], "values": [{"value": "\n", "step": null, "ts": 1733765660.438014}]}, "version": 250, "at": 1733765660.438019}
