{"obj": {"type": "AssignString", "path": ["sys", "name"], "value": "no name"}, "version": 1, "at": 1733687502.793886}
{"obj": {"type": "AssignString", "path": ["sys", "description"], "value": ""}, "version": 2, "at": 1733687502.794185}
{"obj": {"type": "AssignString", "path": ["monitoring", "8372a07c", "hostname"], "value": "Macmini.fritz.box"}, "version": 3, "at": 1733687502.7942772}
{"obj": {"type": "AssignString", "path": ["sys", "hostname"], "value": "Macmini.fritz.box"}, "version": 4, "at": 1733687502.7943401}
{"obj": {"type": "AssignString", "path": ["monitoring", "8372a07c", "pid"], "value": "15139"}, "version": 5, "at": 1733687502.794407}
{"obj": {"type": "AssignString", "path": ["monitoring", "8372a07c", "tid"], "value": "8515762240"}, "version": 6, "at": 1733687502.794469}
{"obj": {"type": "AddStrings", "path": ["sys", "tags"], "values": ["4 datasets", "mmse gap 24-26"]}, "version": 7, "at": 1733687502.794561}
{"obj": {"type": "AssignBool", "path": ["sys", "failed"], "value": false}, "version": 8, "at": 1733687502.794626}
{"obj": {"type": "ClearStringLog", "path": ["monitoring", "8372a07c", "stdout"]}, "version": 9, "at": 1733687502.794715}
{"obj": {"type": "ClearStringLog", "path": ["monitoring", "8372a07c", "stderr"]}, "version": 10, "at": 1733687502.7947662}
{"obj": {"type": "AssignString", "path": ["source_code", "entrypoint"], "value": "paper_results_images_each_variant.py"}, "version": 11, "at": 1733687502.79556}
{"obj": {"type": "UploadFileSet", "path": ["source_code", "files"], "file_globs": ["/Users/saraiva/PycharmProjects/LTBio/phd_journal/24_12_03/*.py"], "reset": "False"}, "version": 12, "at": 1733687502.795659}
{"obj": {"type": "UploadFile", "path": ["source_code", "diff"], "ext": "patch", "file_path": null, "tmp_file_name": "source_code_diff-1733687502.915998-2024-12-08_20.51.42.915998.patch", "clean_after_upload": false}, "version": 13, "at": 1733687502.9163258}
{"obj": {"type": "ConfigFloatSeries", "path": ["monitoring", "8372a07c", "cpu"], "min": 0.0, "max": 100.0, "unit": "%"}, "version": 14, "at": 1733687502.922003}
{"obj": {"type": "ClearFloatLog", "path": ["monitoring", "8372a07c", "cpu"]}, "version": 15, "at": 1733687502.9220731}
{"obj": {"type": "LogStrings", "path": ["monitoring", "8372a07c", "stderr"], "values": [{"value": "[neptune] [warning] /Users/saraiva/PycharmProjects/LTBio/phd_journal/24_12_03/paper_results_images_each_variant.py:6: NeptuneWarning: Info (NVML): NVML Shared Library Not Found. GPU usage metrics may not be reported. For more information, see https://docs.neptune.ai/help/nvml_error/\n", "step": null, "ts": 1733687502.922144}]}, "version": 16, "at": 1733687502.922167}
{"obj": {"type": "ConfigFloatSeries", "path": ["monitoring", "8372a07c", "memory"], "min": 0.0, "max": 16.0, "unit": "GB"}, "version": 17, "at": 1733687502.9222279}
{"obj": {"type": "ClearFloatLog", "path": ["monitoring", "8372a07c", "memory"]}, "version": 18, "at": 1733687502.922258}
{"obj": {"type": "LogFloats", "path": ["monitoring", "8372a07c", "cpu"], "values": [{"value": 23.1, "step": null, "ts": 1733687502.922324}]}, "version": 19, "at": 1733687502.9223921}
{"obj": {"type": "LogFloats", "path": ["monitoring", "8372a07c", "memory"], "values": [{"value": 10.194671630859375, "step": null, "ts": 1733687502.922324}]}, "version": 20, "at": 1733687502.92254}
{"obj": {"type": "AssignString", "path": ["datasets", "criteria"], "value": "AD criteria: AD & (MMSE<=23 | MoCA<=18)\nHC criteria: HC & (MMSE>=27 | MoCA>=24)"}, "version": 21, "at": 1733687502.949316}
{"obj": {"type": "LogStrings", "path": ["monitoring", "8372a07c", "stdout"], "values": [{"value": "\nDataset: Newcastle", "step": null, "ts": 1733687502.950851}]}, "version": 22, "at": 1733687502.950867}
{"obj": {"type": "LogStrings", "path": ["monitoring", "8372a07c", "stdout"], "values": [{"value": "\n", "step": null, "ts": 1733687502.9509802}]}, "version": 23, "at": 1733687502.950987}
{"obj": {"type": "LogStrings", "path": ["monitoring", "8372a07c", "stdout"], "values": [{"value": "Total: 36", "step": null, "ts": 1733687502.951036}]}, "version": 24, "at": 1733687502.951041}
{"obj": {"type": "LogStrings", "path": ["monitoring", "8372a07c", "stdout"], "values": [{"value": "\n", "step": null, "ts": 1733687502.951068}]}, "version": 25, "at": 1733687502.9510741}
{"obj": {"type": "LogStrings", "path": ["monitoring", "8372a07c", "stdout"], "values": [{"value": "AD: 19", "step": null, "ts": 1733687502.951099}]}, "version": 26, "at": 1733687502.951104}
{"obj": {"type": "LogStrings", "path": ["monitoring", "8372a07c", "stdout"], "values": [{"value": "\n", "step": null, "ts": 1733687502.951128}]}, "version": 27, "at": 1733687502.951133}
{"obj": {"type": "LogStrings", "path": ["monitoring", "8372a07c", "stdout"], "values": [{"value": "HC: 17", "step": null, "ts": 1733687502.951157}]}, "version": 28, "at": 1733687502.9511611}
{"obj": {"type": "UploadFile", "path": ["datasets", "before", "Newcastle"], "ext": "html", "file_path": null, "tmp_file_name": "datasets_before_Newcastle-1733687502.962897-2024-12-08_20.51.42.962897.html", "clean_after_upload": false}, "version": 29, "at": 1733687502.963098}
{"obj": {"type": "LogStrings", "path": ["monitoring", "8372a07c", "stdout"], "values": [{"value": "\n", "step": null, "ts": 1733687502.982045}]}, "version": 30, "at": 1733687502.982058}
{"obj": {"type": "LogStrings", "path": ["monitoring", "8372a07c", "stdout"], "values": [{"value": "\nDataset: Izmir", "step": null, "ts": 1733687502.982115}]}, "version": 31, "at": 1733687502.982122}
{"obj": {"type": "LogStrings", "path": ["monitoring", "8372a07c", "stdout"], "values": [{"value": "\n", "step": null, "ts": 1733687502.982155}]}, "version": 32, "at": 1733687502.9821599}
{"obj": {"type": "LogStrings", "path": ["monitoring", "8372a07c", "stdout"], "values": [{"value": "Total: 80", "step": null, "ts": 1733687502.9821901}]}, "version": 33, "at": 1733687502.982195}
{"obj": {"type": "LogStrings", "path": ["monitoring", "8372a07c", "stdout"], "values": [{"value": "\n", "step": null, "ts": 1733687502.982222}]}, "version": 34, "at": 1733687502.9822268}
{"obj": {"type": "LogStrings", "path": ["monitoring", "8372a07c", "stdout"], "values": [{"value": "AD: 20", "step": null, "ts": 1733687502.982251}]}, "version": 35, "at": 1733687502.9822562}
{"obj": {"type": "LogStrings", "path": ["monitoring", "8372a07c", "stdout"], "values": [{"value": "\n", "step": null, "ts": 1733687502.982283}]}, "version": 36, "at": 1733687502.9822872}
{"obj": {"type": "LogStrings", "path": ["monitoring", "8372a07c", "stdout"], "values": [{"value": "HC: 60", "step": null, "ts": 1733687502.982313}]}, "version": 37, "at": 1733687502.982317}
{"obj": {"type": "UploadFile", "path": ["datasets", "before", "Izmir"], "ext": "html", "file_path": null, "tmp_file_name": "datasets_before_Izmir-1733687502.984203-2024-12-08_20.51.42.984203.html", "clean_after_upload": false}, "version": 38, "at": 1733687502.984396}
{"obj": {"type": "LogStrings", "path": ["monitoring", "8372a07c", "stdout"], "values": [{"value": "\n", "step": null, "ts": 1733687503.000031}]}, "version": 39, "at": 1733687503.000043}
{"obj": {"type": "UploadFile", "path": ["datasets", "before", "Istambul"], "ext": "html", "file_path": null, "tmp_file_name": "datasets_before_Istambul-1733687503.000281-2024-12-08_20.51.43.000281.html", "clean_after_upload": false}, "version": 40, "at": 1733687503.0004501}
{"obj": {"type": "LogStrings", "path": ["monitoring", "8372a07c", "stdout"], "values": [{"value": "\nDataset: Istambul", "step": null, "ts": 1733687503.017102}]}, "version": 41, "at": 1733687503.017112}
{"obj": {"type": "LogStrings", "path": ["monitoring", "8372a07c", "stdout"], "values": [{"value": "\n", "step": null, "ts": 1733687503.0171578}]}, "version": 42, "at": 1733687503.017164}
{"obj": {"type": "LogStrings", "path": ["monitoring", "8372a07c", "stdout"], "values": [{"value": "Total: 59", "step": null, "ts": 1733687503.017194}]}, "version": 43, "at": 1733687503.017199}
{"obj": {"type": "LogStrings", "path": ["monitoring", "8372a07c", "stdout"], "values": [{"value": "\n", "step": null, "ts": 1733687503.017258}]}, "version": 44, "at": 1733687503.0172632}
{"obj": {"type": "LogStrings", "path": ["monitoring", "8372a07c", "stdout"], "values": [{"value": "AD: 24", "step": null, "ts": 1733687503.017292}]}, "version": 45, "at": 1733687503.0172958}
{"obj": {"type": "LogStrings", "path": ["monitoring", "8372a07c", "stdout"], "values": [{"value": "\n", "step": null, "ts": 1733687503.0178099}]}, "version": 46, "at": 1733687503.0178182}
{"obj": {"type": "LogStrings", "path": ["monitoring", "8372a07c", "stdout"], "values": [{"value": "HC: 35", "step": null, "ts": 1733687503.0178492}]}, "version": 47, "at": 1733687503.017854}
{"obj": {"type": "UploadFile", "path": ["datasets", "before", "Miltiadous"], "ext": "html", "file_path": null, "tmp_file_name": "datasets_before_Miltiadous-1733687503.017911-2024-12-08_20.51.43.017911.html", "clean_after_upload": false}, "version": 48, "at": 1733687503.018047}
{"obj": {"type": "LogStrings", "path": ["monitoring", "8372a07c", "stdout"], "values": [{"value": "\n", "step": null, "ts": 1733687503.0182898}]}, "version": 49, "at": 1733687503.0182989}
{"obj": {"type": "LogStrings", "path": ["monitoring", "8372a07c", "stdout"], "values": [{"value": "\nDataset: Miltiadous", "step": null, "ts": 1733687503.018388}]}, "version": 50, "at": 1733687503.018394}
{"obj": {"type": "LogStrings", "path": ["monitoring", "8372a07c", "stdout"], "values": [{"value": "\n", "step": null, "ts": 1733687503.018423}]}, "version": 51, "at": 1733687503.0184278}
{"obj": {"type": "LogStrings", "path": ["monitoring", "8372a07c", "stdout"], "values": [{"value": "Total: 65", "step": null, "ts": 1733687503.018453}]}, "version": 52, "at": 1733687503.0184581}
{"obj": {"type": "LogStrings", "path": ["monitoring", "8372a07c", "stdout"], "values": [{"value": "\n", "step": null, "ts": 1733687503.0184808}]}, "version": 53, "at": 1733687503.018486}
{"obj": {"type": "LogStrings", "path": ["monitoring", "8372a07c", "stdout"], "values": [{"value": "AD: 36", "step": null, "ts": 1733687503.01851}]}, "version": 54, "at": 1733687503.018514}
{"obj": {"type": "LogStrings", "path": ["monitoring", "8372a07c", "stdout"], "values": [{"value": "\n", "step": null, "ts": 1733687503.020268}]}, "version": 55, "at": 1733687503.0202749}
{"obj": {"type": "LogStrings", "path": ["monitoring", "8372a07c", "stdout"], "values": [{"value": "HC: 29", "step": null, "ts": 1733687503.0218308}]}, "version": 56, "at": 1733687503.0218408}
{"obj": {"type": "LogStrings", "path": ["monitoring", "8372a07c", "stdout"], "values": [{"value": "\n", "step": null, "ts": 1733687503.022371}]}, "version": 57, "at": 1733687503.022378}
{"obj": {"type": "LogStrings", "path": ["monitoring", "8372a07c", "stdout"], "values": [{"value": "Covariates:", "step": null, "ts": 1733687503.022495}]}, "version": 58, "at": 1733687503.0225}
{"obj": {"type": "LogStrings", "path": ["monitoring", "8372a07c", "stdout"], "values": [{"value": " ", "step": null, "ts": 1733687503.022837}]}, "version": 59, "at": 1733687503.022846}
{"obj": {"type": "LogStrings", "path": ["monitoring", "8372a07c", "stdout"], "values": [{"value": "Index(['AGE', 'GENDER', 'SITE', 'DIAGNOSIS'], dtype='object')", "step": null, "ts": 1733687503.022882}]}, "version": 60, "at": 1733687503.022888}
{"obj": {"type": "LogStrings", "path": ["monitoring", "8372a07c", "stdout"], "values": [{"value": "\n", "step": null, "ts": 1733687503.022916}]}, "version": 61, "at": 1733687503.0229208}
{"obj": {"type": "AssignString", "path": ["harmonization", "params", "method"], "value": "neuroharmonize"}, "version": 62, "at": 1733687503.0258071}
{"obj": {"type": "AssignBool", "path": ["harmonization", "params", "log_transform"], "value": true}, "version": 63, "at": 1733687503.025856}
{"obj": {"type": "AssignString", "path": ["harmonization", "params", "standardize"], "value": "none"}, "version": 64, "at": 1733687503.0258932}
{"obj": {"type": "AssignBool", "path": ["harmonization", "params", "cov_age"], "value": true}, "version": 65, "at": 1733687503.025923}
{"obj": {"type": "AssignBool", "path": ["harmonization", "params", "cov_gender"], "value": true}, "version": 66, "at": 1733687503.025952}
{"obj": {"type": "AssignBool", "path": ["harmonization", "params", "cov_education"], "value": false}, "version": 67, "at": 1733687503.0259788}
{"obj": {"type": "AssignBool", "path": ["harmonization", "params", "cov_diagnosis"], "value": true}, "version": 68, "at": 1733687503.026007}
{"obj": {"type": "TrackFilesToArtifact", "path": ["datasets", "after", "Newcastle_track"], "entries": [["./each_variation/neuroharmonize/Newcastle.csv", null]], "project_id": "0185c1d2-e230-4393-98bd-19b911873975"}, "version": 69, "at": 1733687503.026062}
{"obj": {"type": "UploadFile", "path": ["datasets", "after", "Newcastle"], "ext": "csv", "file_path": "/Users/saraiva/PycharmProjects/LTBio/phd_journal/24_12_03/each_variation/neuroharmonize/Newcastle.csv", "tmp_file_name": null, "clean_after_upload": false}, "version": 70, "at": 1733687503.0261528}
{"obj": {"type": "TrackFilesToArtifact", "path": ["datasets", "after", "Izmir_track"], "entries": [["./each_variation/neuroharmonize/Izmir.csv", null]], "project_id": "0185c1d2-e230-4393-98bd-19b911873975"}, "version": 71, "at": 1733687503.026183}
{"obj": {"type": "UploadFile", "path": ["datasets", "after", "Izmir"], "ext": "csv", "file_path": "/Users/saraiva/PycharmProjects/LTBio/phd_journal/24_12_03/each_variation/neuroharmonize/Izmir.csv", "tmp_file_name": null, "clean_after_upload": false}, "version": 72, "at": 1733687503.026237}
{"obj": {"type": "TrackFilesToArtifact", "path": ["datasets", "after", "Istambul_track"], "entries": [["./each_variation/neuroharmonize/Istambul.csv", null]], "project_id": "0185c1d2-e230-4393-98bd-19b911873975"}, "version": 73, "at": 1733687503.026263}
{"obj": {"type": "UploadFile", "path": ["datasets", "after", "Istambul"], "ext": "csv", "file_path": "/Users/saraiva/PycharmProjects/LTBio/phd_journal/24_12_03/each_variation/neuroharmonize/Istambul.csv", "tmp_file_name": null, "clean_after_upload": false}, "version": 74, "at": 1733687503.026311}
{"obj": {"type": "TrackFilesToArtifact", "path": ["datasets", "after", "Miltiadous_track"], "entries": [["./each_variation/neuroharmonize/Miltiadous.csv", null]], "project_id": "0185c1d2-e230-4393-98bd-19b911873975"}, "version": 75, "at": 1733687503.026336}
{"obj": {"type": "UploadFile", "path": ["datasets", "after", "Miltiadous"], "ext": "csv", "file_path": "/Users/saraiva/PycharmProjects/LTBio/phd_journal/24_12_03/each_variation/neuroharmonize/Miltiadous.csv", "tmp_file_name": null, "clean_after_upload": false}, "version": 76, "at": 1733687503.0263832}
{"obj": {"type": "AssignString", "path": ["harmonization", "batch_effects_dist", "Istambul", "normal_dist"], "value": "[ 0.35572034  0.15412548  0.40365214 ... -0.02590402  0.35541918\n  0.40260442]"}, "version": 77, "at": 1733687503.052211}
{"obj": {"type": "AssignString", "path": ["harmonization", "batch_effects_dist", "Istambul", "gamma_hat"], "value": "[-1.56202688e-01  5.73460161e-01  6.49291215e-01  3.77508096e-01\n  1.64621793e-01  1.15249078e-01  2.13428718e-04  2.42809179e-01\n  1.62986498e-01  6.43637783e-02 -4.89691287e-02  1.65063396e-02\n -1.86397887e-02  4.39173993e-01  4.61813165e-01  3.29432233e-01\n  1.90794497e-01  1.41282603e-01  4.43759297e-01  3.97701991e-01\n  5.17833074e-01  5.43510049e-01  4.11677007e-01  4.58758001e-01\n  7.66000739e-01  5.77049911e-01  6.25272162e-01  5.54987433e-01\n  5.88187775e-01  5.57056677e-01 -2.03227678e-01  2.28714746e-01\n  3.70318409e-01  3.50973818e-01 -4.27777624e-02  1.31976552e-01\n -4.42229428e-01  1.60176870e-01  2.87438398e-01  2.25562230e-01\n -2.73997412e-01 -1.07641984e-01 -5.50808375e-01 -1.36601106e-02\n  4.76414066e-02 -3.39966799e-02 -4.13231753e-01 -3.63661598e-01]"}, "version": 78, "at": 1733687503.052438}
{"obj": {"type": "AssignString", "path": ["harmonization", "batch_effects_dist", "Istambul", "inverse_gamma_dist"], "value": "[1.92616641 0.84709075 0.97525302 ... 0.81783658 0.71914237 0.73379009]"}, "version": 79, "at": 1733687503.052541}
{"obj": {"type": "AssignString", "path": ["harmonization", "batch_effects_dist", "Istambul", "delta_hat"], "value": "[0.79319083 1.39146262 1.32216386 0.97937332 1.49366483 1.05252733\n 1.07106682 0.90481113 0.47676902 0.44392248 0.71272172 0.67829796\n 1.24730421 1.22060971 0.998281   0.97877747 1.56247471 1.38179077\n 0.87793347 0.67480833 0.56554312 0.80799394 0.7154613  0.5601555\n 1.22681802 1.28226882 0.98749344 1.04046576 0.88802117 0.95546021\n 1.02185239 0.88826369 0.8653282  1.32441649 1.16843343 1.1400456\n 0.59002872 0.98167695 0.95875586 1.18042057 0.73166269 0.90295662\n 0.47979169 0.59978982 0.45347103 0.5519853  0.58375677 0.481181  ]"}, "version": 80, "at": 1733687503.052717}
{"obj": {"type": "AssignString", "path": ["harmonization", "batch_effects_dist", "Izmir", "normal_dist"], "value": "[ 0.2675098   0.02842499  0.32435532 ... -0.18508401  0.26715263\n  0.32311275]"}, "version": 81, "at": 1733687503.052832}
{"obj": {"type": "AssignString", "path": ["harmonization", "batch_effects_dist", "Izmir", "gamma_hat"], "value": "[-0.85612698 -0.59950595 -0.65396915 -0.70988384 -0.74538821 -0.76398511\n  0.21291663  0.36605525  0.54963129  0.48885593  0.56267268  0.374513\n -0.40510824 -0.052443    0.00273255 -0.13724619 -0.10980032 -0.21419985\n  0.10430107  0.18355594  0.15836083  0.03564909  0.19039665  0.01646344\n  0.10757766  0.05600738  0.02827859 -0.04441917  0.08851607 -0.08565017\n  0.25016872  0.47295242  0.52066391  0.27368673  0.45131065  0.23232273\n  0.12632816  0.43057265  0.54590486  0.39472528  0.36664326  0.12544412\n  0.0758524   0.30192277  0.45415252  0.37056592  0.33748344 -0.01618512]"}, "version": 82, "at": 1733687503.0530071}
{"obj": {"type": "AssignString", "path": ["harmonization", "batch_effects_dist", "Izmir", "inverse_gamma_dist"], "value": "[1.20958415 0.78515627 1.18793006 ... 1.09052773 1.1853628  1.08420129]"}, "version": 83, "at": 1733687503.053099}
{"obj": {"type": "AssignString", "path": ["harmonization", "batch_effects_dist", "Izmir", "delta_hat"], "value": "[1.01663259 0.99512839 0.87637219 0.82060983 0.78751925 1.01304841\n 1.31908146 1.69135812 2.08057104 2.01295265 1.88887503 1.71542534\n 0.83208087 1.21415276 1.29324172 1.16064158 0.91869872 0.9150131\n 1.29520533 1.66273188 1.66559594 1.44840791 1.40905676 1.47594076\n 1.27602824 1.15470029 1.35768131 1.33264492 1.36909512 1.34817277\n 1.26069753 1.63407417 1.47082761 1.02911081 1.32287277 1.19968276\n 1.01011447 1.68815052 1.79385208 1.43611201 1.40099465 1.08555098\n 1.17850758 1.75981445 2.12196774 1.82167483 1.42373452 0.96296343]"}, "version": 84, "at": 1733687503.053268}
{"obj": {"type": "AssignString", "path": ["harmonization", "batch_effects_dist", "Miltiadous", "normal_dist"], "value": "[ 0.10913067 -0.15919462  0.1729285  ... -0.39881615  0.10872983\n  0.17153397]"}, "version": 85, "at": 1733687503.0534341}
{"obj": {"type": "AssignString", "path": ["harmonization", "batch_effects_dist", "Miltiadous", "gamma_hat"], "value": "[ 0.87853677 -0.03956629 -0.06818241  0.22819535  0.18896139  0.890817\n -0.03808057 -0.52690655 -0.66218743 -0.49380069 -0.54116752 -0.07313075\n  0.46926074 -0.34679272 -0.4708952  -0.21676852 -0.28622311  0.39215005\n -0.25396024 -0.41975068 -0.44964484 -0.28783223 -0.37804005  0.01984179\n -0.39903821 -0.36828596 -0.30051584 -0.15111149 -0.26317342  0.07892229\n  0.28976837 -0.49419198 -0.70618516 -0.41579564 -0.33100367  0.23899465\n  0.61965384 -0.32227657 -0.636306   -0.42982089 -0.100124    0.59269267\n  0.64234037 -0.06950898 -0.42085358 -0.23786551 -0.00898595  0.84098583]"}, "version": 86, "at": 1733687503.05361}
{"obj": {"type": "AssignString", "path": ["harmonization", "batch_effects_dist", "Miltiadous", "inverse_gamma_dist"], "value": "[0.6589118  0.67190033 0.88752513 ... 0.97906755 0.85596948 0.42853087]"}, "version": 87, "at": 1733687503.053699}
{"obj": {"type": "AssignString", "path": ["harmonization", "batch_effects_dist", "Miltiadous", "delta_hat"], "value": "[1.30454135 0.77537942 0.78506351 1.23428235 0.78034662 1.25462683\n 0.86488249 0.60105012 0.52511645 0.63873859 0.46010231 0.8290928\n 1.19090796 0.7646952  0.78606687 1.01778881 0.6974647  1.12942637\n 0.84597038 0.68104278 0.74065468 0.83735851 0.83576536 1.05037065\n 0.61329489 0.65736927 0.78992552 0.81255805 0.90004251 0.94150184\n 0.9381895  0.59716525 0.71606367 0.9420856  0.5698635  1.00298429\n 1.54371293 0.52275072 0.45705126 0.71949689 0.77546344 1.42846097\n 1.31512547 0.74565121 0.42623353 0.84380395 0.78758805 1.90712288]"}, "version": 88, "at": 1733687503.053866}
{"obj": {"type": "AssignString", "path": ["harmonization", "batch_effects_dist", "Newcastle", "normal_dist"], "value": "[-0.09497829 -0.3844897  -0.02614319 ... -0.64303099 -0.09541079\n -0.02764782]"}, "version": 89, "at": 1733687503.053974}
{"obj": {"type": "AssignString", "path": ["harmonization", "batch_effects_dist", "Newcastle", "gamma_hat"], "value": "[ 0.57225631  0.46383709  0.51225575  0.54680645  1.04544113 -0.09955533\n -0.40474128 -0.26003432 -0.29290344 -0.30024702 -0.19302074 -0.72726154\n  0.08351273  0.02293613  0.08729465  0.15647631  0.44810146 -0.46359551\n -0.500513   -0.30180828 -0.3887251  -0.45027569 -0.41522423 -0.82426427\n -0.77396592 -0.40522077 -0.54499486 -0.53801328 -0.68550255 -0.86511886\n -0.74605578 -0.53355236 -0.48888508 -0.43265768 -0.33515903 -1.16408577\n -0.67478378 -0.63745195 -0.53531567 -0.47077323 -0.18493204 -1.17249101\n -0.42562839 -0.52304975 -0.32743226 -0.33828364 -0.05649763 -0.88647875]"}, "version": 90, "at": 1733687503.054146}
{"obj": {"type": "AssignString", "path": ["harmonization", "batch_effects_dist", "Newcastle", "inverse_gamma_dist"], "value": "[0.90475984 0.56462178 0.45134527 ... 1.46900827 0.50394819 0.51154139]"}, "version": 91, "at": 1733687503.0542321}
{"obj": {"type": "AssignString", "path": ["harmonization", "batch_effects_dist", "Newcastle", "delta_hat"], "value": "[0.86258028 0.88730693 1.25248653 1.12497431 1.17746386 0.53218494\n 0.52337743 0.44104158 0.41070947 0.40999907 0.57127043 0.34509079\n 0.73439593 0.69560217 0.8464379  0.75433536 0.91890078 0.43676608\n 0.93190096 0.74053031 0.80612916 0.71774806 0.96282221 0.67679827\n 0.82249859 0.92387005 0.71180924 0.63915207 0.64952964 0.50918689\n 0.60266652 0.60486486 0.79392881 0.6168746  0.89293281 0.42604065\n 0.77661896 0.46407999 0.38361615 0.34385592 1.06443791 0.29852818\n 0.99719865 0.52757633 0.5366938  0.28768825 1.2360413  0.39890075]"}, "version": 92, "at": 1733687503.0543969}
{"obj": {"type": "LogStrings", "path": ["monitoring", "8372a07c", "stderr"], "values": [{"value": "/Users/saraiva/PycharmProjects/LTBio/venv/lib/python3.10/site-packages/sklearn/manifold/_t_sne.py:795: FutureWarning: The default initialization in TSNE will change from 'random' to 'pca' in 1.2.\n  warnings.warn(\n", "step": null, "ts": 1733687503.1163251}]}, "version": 93, "at": 1733687503.1163788}
{"obj": {"type": "LogStrings", "path": ["monitoring", "8372a07c", "stdout"], "values": [{"value": "Applying min-max norm...", "step": null, "ts": 1733687503.752714}]}, "version": 94, "at": 1733687503.752736}
{"obj": {"type": "LogStrings", "path": ["monitoring", "8372a07c", "stdout"], "values": [{"value": "\n", "step": null, "ts": 1733687503.753162}]}, "version": 95, "at": 1733687503.753172}
{"obj": {"type": "AssignString", "path": ["classification", "DIAGNOSIS", "norm"], "value": "min-max"}, "version": 96, "at": 1733687503.75368}
{"obj": {"type": "AssignString", "path": ["classification", "DIAGNOSIS", "features"], "value": "['Delta_Frontal', 'Delta_Central', 'Delta_Parietal', 'Delta_Occipital', 'Delta_Temporal', 'Delta_Limbic', 'Alpha1_Frontal', 'Alpha1_Central', 'Alpha1_Parietal', 'Alpha1_Occipital', 'Alpha1_Temporal', 'Alpha1_Limbic', 'Theta_Frontal', 'Theta_Central', 'Theta_Parietal', 'Theta_Occipital', 'Theta_Temporal', 'Theta_Limbic', 'Alpha2_Frontal', 'Alpha2_Central', 'Alpha2_Parietal', 'Alpha2_Occipital', 'Alpha2_Temporal', 'Alpha2_Limbic', 'Alpha3_Frontal', 'Alpha3_Central', 'Alpha3_Parietal', 'Alpha3_Occipital', 'Alpha3_Temporal', 'Alpha3_Limbic', 'Beta1_Frontal', 'Beta1_Central', 'Beta1_Parietal', 'Beta1_Occipital', 'Beta1_Temporal', 'Beta1_Limbic', 'Beta2_Frontal', 'Beta2_Central', 'Beta2_Parietal', 'Beta2_Occipital', 'Beta2_Temporal', 'Beta2_Limbic', 'Gamma_Frontal', 'Gamma_Central', 'Gamma_Parietal', 'Gamma_Occipital', 'Gamma_Temporal', 'Gamma_Limbic']"}, "version": 97, "at": 1733687503.755428}
{"obj": {"type": "LogStrings", "path": ["monitoring", "8372a07c", "stdout"], "values": [{"value": "Classification with DIAGNOSIS", "step": null, "ts": 1733687503.7565188}]}, "version": 98, "at": 1733687503.756531}
{"obj": {"type": "AssignString", "path": ["classification", "DIAGNOSIS", "class_weight"], "value": "{1: 1.207070707070707, 0: 0.8535714285714285}"}, "version": 99, "at": 1733687503.7566059}
{"obj": {"type": "LogStrings", "path": ["monitoring", "8372a07c", "stdout"], "values": [{"value": "\n", "step": null, "ts": 1733687503.7566478}]}, "version": 100, "at": 1733687503.7566578}
{"obj": {"type": "AssignString", "path": ["classification", "DIAGNOSIS", "class_weight"], "value": "n.a."}, "version": 101, "at": 1733687503.756712}
{"obj": {"type": "LogStrings", "path": ["monitoring", "8372a07c", "stdout"], "values": [{"value": "Targets:", "step": null, "ts": 1733687503.75721}]}, "version": 102, "at": 1733687503.757217}
{"obj": {"type": "LogStrings", "path": ["monitoring", "8372a07c", "stdout"], "values": [{"value": " ", "step": null, "ts": 1733687503.7573829}]}, "version": 103, "at": 1733687503.757392}
{"obj": {"type": "LogStrings", "path": ["monitoring", "8372a07c", "stdout"], "values": [{"value": "[0 1]", "step": null, "ts": 1733687503.758028}]}, "version": 104, "at": 1733687503.758036}
{"obj": {"type": "LogStrings", "path": ["monitoring", "8372a07c", "stdout"], "values": [{"value": "\n", "step": null, "ts": 1733687503.7582028}]}, "version": 105, "at": 1733687503.75821}
{"obj": {"type": "LogStrings", "path": ["monitoring", "8372a07c", "stdout"], "values": [{"value": "{'activation': 'relu', 'alpha': 0.0001, 'batch_size': 'auto', 'beta_1': 0.9, 'beta_2': 0.999, 'early_stopping': False, 'epsilon': 1e-08, 'hidden_layer_sizes': (20, 10, 5), 'learning_rate': 'constant', 'learning_rate_init': 0.001, 'max_fun': 15000, 'max_iter': 1000, 'momentum': 0.9, 'n_iter_no_change': 10, 'nesterovs_momentum': True, 'power_t': 0.5, 'random_state': 0, 'shuffle': True, 'solver': 'adam', 'tol': 0.0001, 'validation_fraction': 0.1, 'verbose': False, 'warm_start': False}", "step": null, "ts": 1733687503.758262}]}, "version": 106, "at": 1733687503.7582679}
{"obj": {"type": "LogStrings", "path": ["monitoring", "8372a07c", "stdout"], "values": [{"value": "\n", "step": null, "ts": 1733687503.7585049}]}, "version": 107, "at": 1733687503.758511}
{"obj": {"type": "LogStrings", "path": ["monitoring", "8372a07c", "stdout"], "values": [{"value": "Selected features:", "step": null, "ts": 1733687503.7585568}]}, "version": 108, "at": 1733687503.758562}
{"obj": {"type": "LogStrings", "path": ["monitoring", "8372a07c", "stdout"], "values": [{"value": "\n", "step": null, "ts": 1733687503.758611}]}, "version": 109, "at": 1733687503.7586188}
{"obj": {"type": "LogStrings", "path": ["monitoring", "8372a07c", "stdout"], "values": [{"value": "Index(['Delta_Frontal', 'Delta_Central', 'Delta_Parietal', 'Delta_Occipital',\n       'Delta_Temporal', 'Delta_Limbic', 'Alpha1_Frontal', 'Alpha1_Central',\n       'Alpha1_Parietal', 'Alpha1_Occipital', 'Alpha1_Temporal',\n       'Alpha1_Limbic', 'Theta_Frontal', 'Theta_Central', 'Theta_Parietal',\n       'Theta_Occipital', 'Theta_Temporal', 'Theta_Limbic', 'Alpha2_Frontal',\n       'Alpha2_Central', 'Alpha2_Parietal', 'Alpha2_Occipital',\n       'Alpha2_Temporal', 'Alpha2_Limbic', 'Alpha3_Frontal', 'Alpha3_Central',\n       'Alpha3_Parietal', 'Alpha3_Occipital', 'Alpha3_Temporal',\n       'Alpha3_Limbic', 'Beta1_Frontal', 'Beta1_Central', 'Beta1_Parietal',\n       'Beta1_Occipital', 'Beta1_Temporal', 'Beta1_Limbic', 'Beta2_Frontal',\n       'Beta2_Central', 'Beta2_Parietal', 'Beta2_Occipital', 'Beta2_Temporal',\n       'Beta2_Limbic', 'Gamma_Frontal', 'Gamma_Central', 'Gamma_Parietal',\n       'Gamma_Occipital', 'Gamma_Temporal', 'Gamma_Limbic'],\n      dtype='object')", "step": null, "ts": 1733687503.759089}]}, "version": 110, "at": 1733687503.7590961}
{"obj": {"type": "LogStrings", "path": ["monitoring", "8372a07c", "stdout"], "values": [{"value": "\n", "step": null, "ts": 1733687503.7591581}]}, "version": 111, "at": 1733687503.759168}
{"obj": {"type": "AssignBool", "path": ["classification", "DIAGNOSIS", "output_prob"], "value": false}, "version": 112, "at": 1733687504.023363}
{"obj": {"type": "AssignString", "path": ["classification", "DIAGNOSIS", "class_weight"], "value": "{1: 1.207070707070707, 0: 0.8535714285714285}"}, "version": 113, "at": 1733687504.024412}
{"obj": {"type": "AssignString", "path": ["classification", "DIAGNOSIS", "class_weight"], "value": "n.a."}, "version": 114, "at": 1733687504.0244522}
{"obj": {"type": "AssignBool", "path": ["classification", "DIAGNOSIS", "output_prob"], "value": false}, "version": 115, "at": 1733687504.271374}
{"obj": {"type": "AssignString", "path": ["classification", "DIAGNOSIS", "class_weight"], "value": "{1: 1.219387755102041, 0: 0.8475177304964538}"}, "version": 116, "at": 1733687504.2724009}
{"obj": {"type": "AssignString", "path": ["classification", "DIAGNOSIS", "class_weight"], "value": "n.a."}, "version": 117, "at": 1733687504.2724411}
{"obj": {"type": "AssignBool", "path": ["classification", "DIAGNOSIS", "output_prob"], "value": false}, "version": 118, "at": 1733687504.5354}
{"obj": {"type": "AssignString", "path": ["classification", "DIAGNOSIS", "class_weight"], "value": "{1: 1.207070707070707, 0: 0.8535714285714285}"}, "version": 119, "at": 1733687504.536448}
{"obj": {"type": "AssignString", "path": ["classification", "DIAGNOSIS", "class_weight"], "value": "n.a."}, "version": 120, "at": 1733687504.5364878}
{"obj": {"type": "AssignBool", "path": ["classification", "DIAGNOSIS", "output_prob"], "value": false}, "version": 121, "at": 1733687504.8708322}
{"obj": {"type": "AssignString", "path": ["classification", "DIAGNOSIS", "class_weight"], "value": "{1: 1.207070707070707, 0: 0.8535714285714285}"}, "version": 122, "at": 1733687504.8718789}
{"obj": {"type": "AssignString", "path": ["classification", "DIAGNOSIS", "class_weight"], "value": "n.a."}, "version": 123, "at": 1733687504.8719208}
{"obj": {"type": "AssignBool", "path": ["classification", "DIAGNOSIS", "output_prob"], "value": false}, "version": 124, "at": 1733687505.2049012}
{"obj": {"type": "AssignString", "path": ["classification", "DIAGNOSIS", "class_weight"], "value": "{1: 1.207070707070707, 0: 0.8535714285714285}"}, "version": 125, "at": 1733687505.2059789}
{"obj": {"type": "AssignString", "path": ["classification", "DIAGNOSIS", "class_weight"], "value": "n.a."}, "version": 126, "at": 1733687505.206024}
{"obj": {"type": "AssignBool", "path": ["classification", "DIAGNOSIS", "output_prob"], "value": false}, "version": 127, "at": 1733687505.451893}
{"obj": {"type": "AssignString", "path": ["classification", "DIAGNOSIS", "class_weight"], "value": "{1: 1.207070707070707, 0: 0.8535714285714285}"}, "version": 128, "at": 1733687505.4528818}
{"obj": {"type": "AssignString", "path": ["classification", "DIAGNOSIS", "class_weight"], "value": "n.a."}, "version": 129, "at": 1733687505.4529212}
{"obj": {"type": "AssignBool", "path": ["classification", "DIAGNOSIS", "output_prob"], "value": false}, "version": 130, "at": 1733687505.772083}
{"obj": {"type": "AssignString", "path": ["classification", "DIAGNOSIS", "class_weight"], "value": "{1: 1.207070707070707, 0: 0.8535714285714285}"}, "version": 131, "at": 1733687505.773082}
{"obj": {"type": "AssignString", "path": ["classification", "DIAGNOSIS", "class_weight"], "value": "n.a."}, "version": 132, "at": 1733687505.77312}
{"obj": {"type": "AssignBool", "path": ["classification", "DIAGNOSIS", "output_prob"], "value": false}, "version": 133, "at": 1733687506.102104}
{"obj": {"type": "AssignString", "path": ["classification", "DIAGNOSIS", "class_weight"], "value": "{1: 1.207070707070707, 0: 0.8535714285714285}"}, "version": 134, "at": 1733687506.1030421}
{"obj": {"type": "AssignString", "path": ["classification", "DIAGNOSIS", "class_weight"], "value": "n.a."}, "version": 135, "at": 1733687506.103082}
{"obj": {"type": "AssignBool", "path": ["classification", "DIAGNOSIS", "output_prob"], "value": false}, "version": 136, "at": 1733687506.423648}
{"obj": {"type": "AssignString", "path": ["classification", "DIAGNOSIS", "class_weight"], "value": "{1: 1.219387755102041, 0: 0.8475177304964538}"}, "version": 137, "at": 1733687506.424659}
{"obj": {"type": "AssignString", "path": ["classification", "DIAGNOSIS", "class_weight"], "value": "n.a."}, "version": 138, "at": 1733687506.4246988}
{"obj": {"type": "AssignBool", "path": ["classification", "DIAGNOSIS", "output_prob"], "value": false}, "version": 139, "at": 1733687506.7524679}
{"obj": {"type": "AssignString", "path": ["classification", "DIAGNOSIS", "class_weight"], "value": "{1: 1.207070707070707, 0: 0.8535714285714285}"}, "version": 140, "at": 1733687506.7536268}
{"obj": {"type": "AssignString", "path": ["classification", "DIAGNOSIS", "class_weight"], "value": "n.a."}, "version": 141, "at": 1733687506.75367}
{"obj": {"type": "AssignBool", "path": ["classification", "DIAGNOSIS", "output_prob"], "value": false}, "version": 142, "at": 1733687507.069249}
{"obj": {"type": "AssignString", "path": ["classification", "DIAGNOSIS", "class_weight"], "value": "{1: 1.219387755102041, 0: 0.8475177304964538}"}, "version": 143, "at": 1733687507.0702}
{"obj": {"type": "AssignString", "path": ["classification", "DIAGNOSIS", "class_weight"], "value": "n.a."}, "version": 144, "at": 1733687507.0702379}
{"obj": {"type": "AssignBool", "path": ["classification", "DIAGNOSIS", "output_prob"], "value": false}, "version": 145, "at": 1733687507.406154}
{"obj": {"type": "LogStrings", "path": ["monitoring", "8372a07c", "stderr"], "values": [{"value": "/Users/saraiva/PycharmProjects/LTBio/venv/lib/python3.10/site-packages/sklearn/neural_network/_multilayer_perceptron.py:702: ConvergenceWarning: Stochastic Optimizer: Maximum iterations (1000) reached and the optimization hasn't converged yet.\n  warnings.warn(\n", "step": null, "ts": 1733687507.4063911}]}, "version": 146, "at": 1733687507.4064052}
{"obj": {"type": "AssignString", "path": ["classification", "DIAGNOSIS", "class_weight"], "value": "{1: 1.207070707070707, 0: 0.8535714285714285}"}, "version": 147, "at": 1733687507.407329}
{"obj": {"type": "AssignString", "path": ["classification", "DIAGNOSIS", "class_weight"], "value": "n.a."}, "version": 148, "at": 1733687507.4073658}
{"obj": {"type": "AssignBool", "path": ["classification", "DIAGNOSIS", "output_prob"], "value": false}, "version": 149, "at": 1733687507.7339048}
{"obj": {"type": "AssignString", "path": ["classification", "DIAGNOSIS", "class_weight"], "value": "{1: 1.207070707070707, 0: 0.8535714285714285}"}, "version": 150, "at": 1733687507.734976}
{"obj": {"type": "AssignString", "path": ["classification", "DIAGNOSIS", "class_weight"], "value": "n.a."}, "version": 151, "at": 1733687507.735017}
{"obj": {"type": "AssignBool", "path": ["classification", "DIAGNOSIS", "output_prob"], "value": false}, "version": 152, "at": 1733687508.058018}
{"obj": {"type": "AssignString", "path": ["classification", "DIAGNOSIS", "class_weight"], "value": "{1: 1.207070707070707, 0: 0.8535714285714285}"}, "version": 153, "at": 1733687508.0590038}
{"obj": {"type": "AssignString", "path": ["classification", "DIAGNOSIS", "class_weight"], "value": "n.a."}, "version": 154, "at": 1733687508.0590432}
{"obj": {"type": "AssignBool", "path": ["classification", "DIAGNOSIS", "output_prob"], "value": false}, "version": 155, "at": 1733687508.3783438}
{"obj": {"type": "AssignString", "path": ["classification", "DIAGNOSIS", "class_weight"], "value": "{1: 1.219387755102041, 0: 0.8475177304964538}"}, "version": 156, "at": 1733687508.379356}
{"obj": {"type": "AssignString", "path": ["classification", "DIAGNOSIS", "class_weight"], "value": "n.a."}, "version": 157, "at": 1733687508.3793962}
{"obj": {"type": "AssignBool", "path": ["classification", "DIAGNOSIS", "output_prob"], "value": false}, "version": 158, "at": 1733687508.708628}
{"obj": {"type": "AssignString", "path": ["classification", "DIAGNOSIS", "class_weight"], "value": "{1: 1.219387755102041, 0: 0.8475177304964538}"}, "version": 159, "at": 1733687508.709559}
{"obj": {"type": "AssignString", "path": ["classification", "DIAGNOSIS", "class_weight"], "value": "n.a."}, "version": 160, "at": 1733687508.709598}
{"obj": {"type": "AssignBool", "path": ["classification", "DIAGNOSIS", "output_prob"], "value": false}, "version": 161, "at": 1733687509.0286632}
{"obj": {"type": "AssignString", "path": ["classification", "DIAGNOSIS", "class_weight"], "value": "{1: 1.207070707070707, 0: 0.8535714285714285}"}, "version": 162, "at": 1733687509.0296571}
{"obj": {"type": "AssignString", "path": ["classification", "DIAGNOSIS", "class_weight"], "value": "n.a."}, "version": 163, "at": 1733687509.029696}
{"obj": {"type": "AssignBool", "path": ["classification", "DIAGNOSIS", "output_prob"], "value": false}, "version": 164, "at": 1733687509.365912}
{"obj": {"type": "LogStrings", "path": ["monitoring", "8372a07c", "stderr"], "values": [{"value": "/Users/saraiva/PycharmProjects/LTBio/venv/lib/python3.10/site-packages/sklearn/neural_network/_multilayer_perceptron.py:702: ConvergenceWarning: Stochastic Optimizer: Maximum iterations (1000) reached and the optimization hasn't converged yet.\n  warnings.warn(\n", "step": null, "ts": 1733687509.366198}]}, "version": 165, "at": 1733687509.3662138}
{"obj": {"type": "AssignString", "path": ["classification", "DIAGNOSIS", "class_weight"], "value": "{1: 1.207070707070707, 0: 0.8535714285714285}"}, "version": 166, "at": 1733687509.366994}
{"obj": {"type": "AssignString", "path": ["classification", "DIAGNOSIS", "class_weight"], "value": "n.a."}, "version": 167, "at": 1733687509.367031}
{"obj": {"type": "AssignBool", "path": ["classification", "DIAGNOSIS", "output_prob"], "value": false}, "version": 168, "at": 1733687509.666215}
{"obj": {"type": "AssignString", "path": ["classification", "DIAGNOSIS", "class_weight"], "value": "{1: 1.219387755102041, 0: 0.8475177304964538}"}, "version": 169, "at": 1733687509.6672509}
{"obj": {"type": "AssignString", "path": ["classification", "DIAGNOSIS", "class_weight"], "value": "n.a."}, "version": 170, "at": 1733687509.6672919}
{"obj": {"type": "AssignBool", "path": ["classification", "DIAGNOSIS", "output_prob"], "value": false}, "version": 171, "at": 1733687509.997707}
{"obj": {"type": "AssignString", "path": ["classification", "DIAGNOSIS", "class_weight"], "value": "{1: 1.207070707070707, 0: 0.8535714285714285}"}, "version": 172, "at": 1733687509.998861}
{"obj": {"type": "AssignString", "path": ["classification", "DIAGNOSIS", "class_weight"], "value": "n.a."}, "version": 173, "at": 1733687509.9989069}
{"obj": {"type": "AssignBool", "path": ["classification", "DIAGNOSIS", "output_prob"], "value": false}, "version": 174, "at": 1733687510.32283}
{"obj": {"type": "AssignString", "path": ["classification", "DIAGNOSIS", "class_weight"], "value": "{1: 1.219387755102041, 0: 0.8475177304964538}"}, "version": 175, "at": 1733687510.3238459}
{"obj": {"type": "AssignString", "path": ["classification", "DIAGNOSIS", "class_weight"], "value": "n.a."}, "version": 176, "at": 1733687510.3238862}
{"obj": {"type": "AssignBool", "path": ["classification", "DIAGNOSIS", "output_prob"], "value": false}, "version": 177, "at": 1733687510.652035}
{"obj": {"type": "AssignString", "path": ["classification", "DIAGNOSIS", "class_weight"], "value": "{1: 1.207070707070707, 0: 0.8535714285714285}"}, "version": 178, "at": 1733687510.6530628}
{"obj": {"type": "AssignString", "path": ["classification", "DIAGNOSIS", "class_weight"], "value": "n.a."}, "version": 179, "at": 1733687510.653104}
{"obj": {"type": "AssignBool", "path": ["classification", "DIAGNOSIS", "output_prob"], "value": false}, "version": 180, "at": 1733687510.9827368}
{"obj": {"type": "AssignString", "path": ["classification", "DIAGNOSIS", "class_weight"], "value": "{1: 1.219387755102041, 0: 0.8475177304964538}"}, "version": 181, "at": 1733687510.983735}
{"obj": {"type": "AssignString", "path": ["classification", "DIAGNOSIS", "class_weight"], "value": "n.a."}, "version": 182, "at": 1733687510.983773}
{"obj": {"type": "AssignBool", "path": ["classification", "DIAGNOSIS", "output_prob"], "value": false}, "version": 183, "at": 1733687511.315697}
{"obj": {"type": "AssignString", "path": ["classification", "DIAGNOSIS", "class_weight"], "value": "{1: 1.219387755102041, 0: 0.8475177304964538}"}, "version": 184, "at": 1733687511.316705}
{"obj": {"type": "AssignString", "path": ["classification", "DIAGNOSIS", "class_weight"], "value": "n.a."}, "version": 185, "at": 1733687511.316745}
{"obj": {"type": "AssignBool", "path": ["classification", "DIAGNOSIS", "output_prob"], "value": false}, "version": 186, "at": 1733687511.64559}
{"obj": {"type": "AssignString", "path": ["classification", "DIAGNOSIS", "class_weight"], "value": "{1: 1.207070707070707, 0: 0.8535714285714285}"}, "version": 187, "at": 1733687511.646498}
{"obj": {"type": "AssignString", "path": ["classification", "DIAGNOSIS", "class_weight"], "value": "n.a."}, "version": 188, "at": 1733687511.646535}
{"obj": {"type": "AssignBool", "path": ["classification", "DIAGNOSIS", "output_prob"], "value": false}, "version": 189, "at": 1733687511.9126132}
{"obj": {"type": "AssignString", "path": ["classification", "DIAGNOSIS", "class_weight"], "value": "{1: 1.219387755102041, 0: 0.8475177304964538}"}, "version": 190, "at": 1733687511.913622}
{"obj": {"type": "AssignString", "path": ["classification", "DIAGNOSIS", "class_weight"], "value": "n.a."}, "version": 191, "at": 1733687511.913662}
{"obj": {"type": "AssignBool", "path": ["classification", "DIAGNOSIS", "output_prob"], "value": false}, "version": 192, "at": 1733687512.24256}
{"obj": {"type": "AssignString", "path": ["classification", "DIAGNOSIS", "class_weight"], "value": "{1: 1.207070707070707, 0: 0.8535714285714285}"}, "version": 193, "at": 1733687512.2435682}
{"obj": {"type": "AssignString", "path": ["classification", "DIAGNOSIS", "class_weight"], "value": "n.a."}, "version": 194, "at": 1733687512.2436092}
{"obj": {"type": "AssignBool", "path": ["classification", "DIAGNOSIS", "output_prob"], "value": false}, "version": 195, "at": 1733687512.578052}
{"obj": {"type": "LogStrings", "path": ["monitoring", "8372a07c", "stderr"], "values": [{"value": "/Users/saraiva/PycharmProjects/LTBio/venv/lib/python3.10/site-packages/sklearn/neural_network/_multilayer_perceptron.py:702: ConvergenceWarning: Stochastic Optimizer: Maximum iterations (1000) reached and the optimization hasn't converged yet.\n  warnings.warn(\n", "step": null, "ts": 1733687512.579082}]}, "version": 196, "at": 1733687512.579097}
{"obj": {"type": "AssignString", "path": ["classification", "DIAGNOSIS", "class_weight"], "value": "{1: 1.207070707070707, 0: 0.8535714285714285}"}, "version": 197, "at": 1733687512.5791519}
{"obj": {"type": "AssignString", "path": ["classification", "DIAGNOSIS", "class_weight"], "value": "n.a."}, "version": 198, "at": 1733687512.579185}
{"obj": {"type": "AssignBool", "path": ["classification", "DIAGNOSIS", "output_prob"], "value": false}, "version": 199, "at": 1733687512.875853}
{"obj": {"type": "AssignString", "path": ["classification", "DIAGNOSIS", "class_weight"], "value": "{1: 1.207070707070707, 0: 0.8535714285714285}"}, "version": 200, "at": 1733687512.876908}
{"obj": {"type": "AssignString", "path": ["classification", "DIAGNOSIS", "class_weight"], "value": "n.a."}, "version": 201, "at": 1733687512.8769479}
{"obj": {"type": "LogFloats", "path": ["monitoring", "8372a07c", "cpu"], "values": [{"value": 35.0, "step": null, "ts": 1733687512.924049}]}, "version": 202, "at": 1733687512.9241421}
{"obj": {"type": "LogFloats", "path": ["monitoring", "8372a07c", "memory"], "values": [{"value": 10.21923828125, "step": null, "ts": 1733687512.924049}]}, "version": 203, "at": 1733687512.9242089}
{"obj": {"type": "AssignBool", "path": ["classification", "DIAGNOSIS", "output_prob"], "value": false}, "version": 204, "at": 1733687513.213139}
{"obj": {"type": "LogStrings", "path": ["monitoring", "8372a07c", "stderr"], "values": [{"value": "/Users/saraiva/PycharmProjects/LTBio/venv/lib/python3.10/site-packages/sklearn/neural_network/_multilayer_perceptron.py:702: ConvergenceWarning: Stochastic Optimizer: Maximum iterations (1000) reached and the optimization hasn't converged yet.\n  warnings.warn(\n", "step": null, "ts": 1733687513.213433}]}, "version": 205, "at": 1733687513.213448}
{"obj": {"type": "AssignString", "path": ["classification", "DIAGNOSIS", "class_weight"], "value": "{1: 1.207070707070707, 0: 0.8535714285714285}"}, "version": 206, "at": 1733687513.214257}
{"obj": {"type": "AssignString", "path": ["classification", "DIAGNOSIS", "class_weight"], "value": "n.a."}, "version": 207, "at": 1733687513.214294}
{"obj": {"type": "AssignBool", "path": ["classification", "DIAGNOSIS", "output_prob"], "value": false}, "version": 208, "at": 1733687513.5385542}
{"obj": {"type": "AssignString", "path": ["classification", "DIAGNOSIS", "class_weight"], "value": "{1: 1.219387755102041, 0: 0.8475177304964538}"}, "version": 209, "at": 1733687513.5395892}
{"obj": {"type": "AssignString", "path": ["classification", "DIAGNOSIS", "class_weight"], "value": "n.a."}, "version": 210, "at": 1733687513.5396302}
{"obj": {"type": "AssignBool", "path": ["classification", "DIAGNOSIS", "output_prob"], "value": false}, "version": 211, "at": 1733687513.838722}
{"obj": {"type": "AssignString", "path": ["classification", "DIAGNOSIS", "class_weight"], "value": "{1: 1.219387755102041, 0: 0.8475177304964538}"}, "version": 212, "at": 1733687513.8397}
{"obj": {"type": "AssignString", "path": ["classification", "DIAGNOSIS", "class_weight"], "value": "n.a."}, "version": 213, "at": 1733687513.8397388}
{"obj": {"type": "AssignBool", "path": ["classification", "DIAGNOSIS", "output_prob"], "value": false}, "version": 214, "at": 1733687514.172937}
{"obj": {"type": "AssignString", "path": ["classification", "DIAGNOSIS", "class_weight"], "value": "{1: 1.219387755102041, 0: 0.8475177304964538}"}, "version": 215, "at": 1733687514.173891}
{"obj": {"type": "AssignString", "path": ["classification", "DIAGNOSIS", "class_weight"], "value": "n.a."}, "version": 216, "at": 1733687514.173929}
{"obj": {"type": "AssignBool", "path": ["classification", "DIAGNOSIS", "output_prob"], "value": false}, "version": 217, "at": 1733687514.4730082}
{"obj": {"type": "AssignString", "path": ["classification", "DIAGNOSIS", "class_weight"], "value": "{1: 1.207070707070707, 0: 0.8535714285714285}"}, "version": 218, "at": 1733687514.474006}
{"obj": {"type": "AssignString", "path": ["classification", "DIAGNOSIS", "class_weight"], "value": "n.a."}, "version": 219, "at": 1733687514.474046}
{"obj": {"type": "AssignBool", "path": ["classification", "DIAGNOSIS", "output_prob"], "value": false}, "version": 220, "at": 1733687514.755799}
{"obj": {"type": "AssignString", "path": ["classification", "DIAGNOSIS", "class_weight"], "value": "{1: 1.219387755102041, 0: 0.8475177304964538}"}, "version": 221, "at": 1733687514.756943}
{"obj": {"type": "AssignString", "path": ["classification", "DIAGNOSIS", "class_weight"], "value": "n.a."}, "version": 222, "at": 1733687514.756989}
{"obj": {"type": "AssignBool", "path": ["classification", "DIAGNOSIS", "output_prob"], "value": false}, "version": 223, "at": 1733687515.088781}
{"obj": {"type": "AssignString", "path": ["classification", "DIAGNOSIS", "class_weight"], "value": "{1: 1.207070707070707, 0: 0.8535714285714285}"}, "version": 224, "at": 1733687515.089797}
{"obj": {"type": "AssignString", "path": ["classification", "DIAGNOSIS", "class_weight"], "value": "n.a."}, "version": 225, "at": 1733687515.089834}
{"obj": {"type": "AssignBool", "path": ["classification", "DIAGNOSIS", "output_prob"], "value": false}, "version": 226, "at": 1733687515.4216168}
{"obj": {"type": "AssignString", "path": ["classification", "DIAGNOSIS", "class_weight"], "value": "{1: 1.207070707070707, 0: 0.8535714285714285}"}, "version": 227, "at": 1733687515.422613}
{"obj": {"type": "AssignString", "path": ["classification", "DIAGNOSIS", "class_weight"], "value": "n.a."}, "version": 228, "at": 1733687515.422652}
{"obj": {"type": "AssignBool", "path": ["classification", "DIAGNOSIS", "output_prob"], "value": false}, "version": 229, "at": 1733687515.7613199}
{"obj": {"type": "LogStrings", "path": ["monitoring", "8372a07c", "stderr"], "values": [{"value": "/Users/saraiva/PycharmProjects/LTBio/venv/lib/python3.10/site-packages/sklearn/neural_network/_multilayer_perceptron.py:702: ConvergenceWarning: Stochastic Optimizer: Maximum iterations (1000) reached and the optimization hasn't converged yet.\n  warnings.warn(\n", "step": null, "ts": 1733687515.7616231}]}, "version": 230, "at": 1733687515.761638}
{"obj": {"type": "AssignString", "path": ["classification", "DIAGNOSIS", "class_weight"], "value": "{1: 1.219387755102041, 0: 0.8475177304964538}"}, "version": 231, "at": 1733687515.76244}
{"obj": {"type": "AssignString", "path": ["classification", "DIAGNOSIS", "class_weight"], "value": "n.a."}, "version": 232, "at": 1733687515.762482}
{"obj": {"type": "AssignBool", "path": ["classification", "DIAGNOSIS", "output_prob"], "value": false}, "version": 233, "at": 1733687516.091414}
{"obj": {"type": "AssignString", "path": ["classification", "DIAGNOSIS", "class_weight"], "value": "{1: 1.207070707070707, 0: 0.8535714285714285}"}, "version": 234, "at": 1733687516.0924318}
{"obj": {"type": "AssignString", "path": ["classification", "DIAGNOSIS", "class_weight"], "value": "n.a."}, "version": 235, "at": 1733687516.092472}
{"obj": {"type": "AssignBool", "path": ["classification", "DIAGNOSIS", "output_prob"], "value": false}, "version": 236, "at": 1733687516.424317}
{"obj": {"type": "AssignString", "path": ["classification", "DIAGNOSIS", "class_weight"], "value": "{1: 1.207070707070707, 0: 0.8535714285714285}"}, "version": 237, "at": 1733687516.4253812}
{"obj": {"type": "AssignString", "path": ["classification", "DIAGNOSIS", "class_weight"], "value": "n.a."}, "version": 238, "at": 1733687516.425427}
{"obj": {"type": "AssignBool", "path": ["classification", "DIAGNOSIS", "output_prob"], "value": false}, "version": 239, "at": 1733687516.672123}
{"obj": {"type": "AssignString", "path": ["classification", "DIAGNOSIS", "class_weight"], "value": "{1: 1.219387755102041, 0: 0.8475177304964538}"}, "version": 240, "at": 1733687516.673173}
{"obj": {"type": "AssignString", "path": ["classification", "DIAGNOSIS", "class_weight"], "value": "n.a."}, "version": 241, "at": 1733687516.673218}
{"obj": {"type": "AssignBool", "path": ["classification", "DIAGNOSIS", "output_prob"], "value": false}, "version": 242, "at": 1733687517.010756}
{"obj": {"type": "LogStrings", "path": ["monitoring", "8372a07c", "stderr"], "values": [{"value": "/Users/saraiva/PycharmProjects/LTBio/venv/lib/python3.10/site-packages/sklearn/neural_network/_multilayer_perceptron.py:702: ConvergenceWarning: Stochastic Optimizer: Maximum iterations (1000) reached and the optimization hasn't converged yet.\n  warnings.warn(\n", "step": null, "ts": 1733687517.01105}]}, "version": 243, "at": 1733687517.011065}
{"obj": {"type": "AssignString", "path": ["classification", "DIAGNOSIS", "class_weight"], "value": "{1: 1.207070707070707, 0: 0.8535714285714285}"}, "version": 244, "at": 1733687517.011868}
{"obj": {"type": "AssignString", "path": ["classification", "DIAGNOSIS", "class_weight"], "value": "n.a."}, "version": 245, "at": 1733687517.011904}
{"obj": {"type": "AssignBool", "path": ["classification", "DIAGNOSIS", "output_prob"], "value": false}, "version": 246, "at": 1733687517.2739909}
{"obj": {"type": "AssignString", "path": ["classification", "DIAGNOSIS", "class_weight"], "value": "{1: 1.207070707070707, 0: 0.8535714285714285}"}, "version": 247, "at": 1733687517.275008}
{"obj": {"type": "AssignString", "path": ["classification", "DIAGNOSIS", "class_weight"], "value": "n.a."}, "version": 248, "at": 1733687517.275049}
{"obj": {"type": "AssignBool", "path": ["classification", "DIAGNOSIS", "output_prob"], "value": false}, "version": 249, "at": 1733687517.574992}
{"obj": {"type": "AssignString", "path": ["classification", "DIAGNOSIS", "class_weight"], "value": "{1: 1.207070707070707, 0: 0.8535714285714285}"}, "version": 250, "at": 1733687517.575933}
{"obj": {"type": "AssignString", "path": ["classification", "DIAGNOSIS", "class_weight"], "value": "n.a."}, "version": 251, "at": 1733687517.575974}
{"obj": {"type": "AssignBool", "path": ["classification", "DIAGNOSIS", "output_prob"], "value": false}, "version": 252, "at": 1733687517.909824}
{"obj": {"type": "LogStrings", "path": ["monitoring", "8372a07c", "stderr"], "values": [{"value": "/Users/saraiva/PycharmProjects/LTBio/venv/lib/python3.10/site-packages/sklearn/neural_network/_multilayer_perceptron.py:702: ConvergenceWarning: Stochastic Optimizer: Maximum iterations (1000) reached and the optimization hasn't converged yet.\n  warnings.warn(\n", "step": null, "ts": 1733687517.910123}]}, "version": 253, "at": 1733687517.9101388}
{"obj": {"type": "AssignString", "path": ["classification", "DIAGNOSIS", "class_weight"], "value": "{1: 1.207070707070707, 0: 0.8535714285714285}"}, "version": 254, "at": 1733687517.910943}
{"obj": {"type": "AssignString", "path": ["classification", "DIAGNOSIS", "class_weight"], "value": "n.a."}, "version": 255, "at": 1733687517.910986}
{"obj": {"type": "AssignBool", "path": ["classification", "DIAGNOSIS", "output_prob"], "value": false}, "version": 256, "at": 1733687518.134088}
{"obj": {"type": "AssignString", "path": ["classification", "DIAGNOSIS", "class_weight"], "value": "{1: 1.207070707070707, 0: 0.8535714285714285}"}, "version": 257, "at": 1733687518.1351318}
{"obj": {"type": "AssignString", "path": ["classification", "DIAGNOSIS", "class_weight"], "value": "n.a."}, "version": 258, "at": 1733687518.1351738}
{"obj": {"type": "AssignBool", "path": ["classification", "DIAGNOSIS", "output_prob"], "value": false}, "version": 259, "at": 1733687518.4285069}
{"obj": {"type": "AssignString", "path": ["classification", "DIAGNOSIS", "class_weight"], "value": "{1: 1.219387755102041, 0: 0.8475177304964538}"}, "version": 260, "at": 1733687518.429522}
{"obj": {"type": "AssignString", "path": ["classification", "DIAGNOSIS", "class_weight"], "value": "n.a."}, "version": 261, "at": 1733687518.429566}
{"obj": {"type": "AssignBool", "path": ["classification", "DIAGNOSIS", "output_prob"], "value": false}, "version": 262, "at": 1733687518.754091}
{"obj": {"type": "AssignString", "path": ["classification", "DIAGNOSIS", "class_weight"], "value": "{1: 1.207070707070707, 0: 0.8535714285714285}"}, "version": 263, "at": 1733687518.755049}
{"obj": {"type": "AssignString", "path": ["classification", "DIAGNOSIS", "class_weight"], "value": "n.a."}, "version": 264, "at": 1733687518.7550871}
{"obj": {"type": "AssignBool", "path": ["classification", "DIAGNOSIS", "output_prob"], "value": false}, "version": 265, "at": 1733687519.090657}
{"obj": {"type": "LogStrings", "path": ["monitoring", "8372a07c", "stderr"], "values": [{"value": "/Users/saraiva/PycharmProjects/LTBio/venv/lib/python3.10/site-packages/sklearn/neural_network/_multilayer_perceptron.py:702: ConvergenceWarning: Stochastic Optimizer: Maximum iterations (1000) reached and the optimization hasn't converged yet.\n  warnings.warn(\n", "step": null, "ts": 1733687519.090946}]}, "version": 266, "at": 1733687519.090963}
{"obj": {"type": "AssignString", "path": ["classification", "DIAGNOSIS", "class_weight"], "value": "{1: 1.207070707070707, 0: 0.8535714285714285}"}, "version": 267, "at": 1733687519.091756}
{"obj": {"type": "AssignString", "path": ["classification", "DIAGNOSIS", "class_weight"], "value": "n.a."}, "version": 268, "at": 1733687519.091796}
{"obj": {"type": "AssignBool", "path": ["classification", "DIAGNOSIS", "output_prob"], "value": false}, "version": 269, "at": 1733687519.3862772}
{"obj": {"type": "AssignString", "path": ["classification", "DIAGNOSIS", "class_weight"], "value": "{1: 1.207070707070707, 0: 0.8535714285714285}"}, "version": 270, "at": 1733687519.3872929}
{"obj": {"type": "AssignString", "path": ["classification", "DIAGNOSIS", "class_weight"], "value": "n.a."}, "version": 271, "at": 1733687519.3873322}
{"obj": {"type": "AssignBool", "path": ["classification", "DIAGNOSIS", "output_prob"], "value": false}, "version": 272, "at": 1733687519.710919}
{"obj": {"type": "AssignString", "path": ["classification", "DIAGNOSIS", "class_weight"], "value": "{1: 1.207070707070707, 0: 0.8535714285714285}"}, "version": 273, "at": 1733687519.711885}
{"obj": {"type": "AssignString", "path": ["classification", "DIAGNOSIS", "class_weight"], "value": "n.a."}, "version": 274, "at": 1733687519.711923}
{"obj": {"type": "AssignBool", "path": ["classification", "DIAGNOSIS", "output_prob"], "value": false}, "version": 275, "at": 1733687520.042565}
{"obj": {"type": "AssignString", "path": ["classification", "DIAGNOSIS", "class_weight"], "value": "{1: 1.207070707070707, 0: 0.8535714285714285}"}, "version": 276, "at": 1733687520.04356}
{"obj": {"type": "AssignString", "path": ["classification", "DIAGNOSIS", "class_weight"], "value": "n.a."}, "version": 277, "at": 1733687520.0436008}
{"obj": {"type": "AssignBool", "path": ["classification", "DIAGNOSIS", "output_prob"], "value": false}, "version": 278, "at": 1733687520.290572}
{"obj": {"type": "AssignString", "path": ["classification", "DIAGNOSIS", "class_weight"], "value": "{1: 1.219387755102041, 0: 0.8475177304964538}"}, "version": 279, "at": 1733687520.291568}
{"obj": {"type": "AssignString", "path": ["classification", "DIAGNOSIS", "class_weight"], "value": "n.a."}, "version": 280, "at": 1733687520.2916129}
{"obj": {"type": "AssignBool", "path": ["classification", "DIAGNOSIS", "output_prob"], "value": false}, "version": 281, "at": 1733687520.6187232}
{"obj": {"type": "AssignString", "path": ["classification", "DIAGNOSIS", "class_weight"], "value": "{1: 1.207070707070707, 0: 0.8535714285714285}"}, "version": 282, "at": 1733687520.619762}
{"obj": {"type": "AssignString", "path": ["classification", "DIAGNOSIS", "class_weight"], "value": "n.a."}, "version": 283, "at": 1733687520.619802}
{"obj": {"type": "AssignBool", "path": ["classification", "DIAGNOSIS", "output_prob"], "value": false}, "version": 284, "at": 1733687520.955429}
{"obj": {"type": "LogStrings", "path": ["monitoring", "8372a07c", "stderr"], "values": [{"value": "/Users/saraiva/PycharmProjects/LTBio/venv/lib/python3.10/site-packages/sklearn/neural_network/_multilayer_perceptron.py:702: ConvergenceWarning: Stochastic Optimizer: Maximum iterations (1000) reached and the optimization hasn't converged yet.\n  warnings.warn(\n", "step": null, "ts": 1733687520.956515}]}, "version": 285, "at": 1733687520.956532}
{"obj": {"type": "AssignString", "path": ["classification", "DIAGNOSIS", "class_weight"], "value": "{1: 1.207070707070707, 0: 0.8535714285714285}"}, "version": 286, "at": 1733687520.956587}
{"obj": {"type": "AssignString", "path": ["classification", "DIAGNOSIS", "class_weight"], "value": "n.a."}, "version": 287, "at": 1733687520.956619}
{"obj": {"type": "AssignBool", "path": ["classification", "DIAGNOSIS", "output_prob"], "value": false}, "version": 288, "at": 1733687521.294472}
{"obj": {"type": "LogStrings", "path": ["monitoring", "8372a07c", "stderr"], "values": [{"value": "/Users/saraiva/PycharmProjects/LTBio/venv/lib/python3.10/site-packages/sklearn/neural_network/_multilayer_perceptron.py:702: ConvergenceWarning: Stochastic Optimizer: Maximum iterations (1000) reached and the optimization hasn't converged yet.\n  warnings.warn(\n", "step": null, "ts": 1733687521.295537}]}, "version": 289, "at": 1733687521.295553}
{"obj": {"type": "AssignString", "path": ["classification", "DIAGNOSIS", "class_weight"], "value": "{1: 1.207070707070707, 0: 0.8535714285714285}"}, "version": 290, "at": 1733687521.295605}
{"obj": {"type": "AssignString", "path": ["classification", "DIAGNOSIS", "class_weight"], "value": "n.a."}, "version": 291, "at": 1733687521.295636}
{"obj": {"type": "AssignBool", "path": ["classification", "DIAGNOSIS", "output_prob"], "value": false}, "version": 292, "at": 1733687521.6323478}
{"obj": {"type": "LogStrings", "path": ["monitoring", "8372a07c", "stderr"], "values": [{"value": "/Users/saraiva/PycharmProjects/LTBio/venv/lib/python3.10/site-packages/sklearn/neural_network/_multilayer_perceptron.py:702: ConvergenceWarning: Stochastic Optimizer: Maximum iterations (1000) reached and the optimization hasn't converged yet.\n  warnings.warn(\n", "step": null, "ts": 1733687521.633473}]}, "version": 293, "at": 1733687521.633489}
{"obj": {"type": "AssignString", "path": ["classification", "DIAGNOSIS", "class_weight"], "value": "{1: 1.207070707070707, 0: 0.8535714285714285}"}, "version": 294, "at": 1733687521.633544}
{"obj": {"type": "AssignString", "path": ["classification", "DIAGNOSIS", "class_weight"], "value": "n.a."}, "version": 295, "at": 1733687521.633576}
{"obj": {"type": "AssignBool", "path": ["classification", "DIAGNOSIS", "output_prob"], "value": false}, "version": 296, "at": 1733687521.903308}
{"obj": {"type": "AssignString", "path": ["classification", "DIAGNOSIS", "class_weight"], "value": "{1: 1.219387755102041, 0: 0.8475177304964538}"}, "version": 297, "at": 1733687521.904325}
{"obj": {"type": "AssignString", "path": ["classification", "DIAGNOSIS", "class_weight"], "value": "n.a."}, "version": 298, "at": 1733687521.904365}
{"obj": {"type": "AssignBool", "path": ["classification", "DIAGNOSIS", "output_prob"], "value": false}, "version": 299, "at": 1733687522.1722171}
{"obj": {"type": "AssignString", "path": ["classification", "DIAGNOSIS", "class_weight"], "value": "{1: 1.207070707070707, 0: 0.8535714285714285}"}, "version": 300, "at": 1733687522.173146}
{"obj": {"type": "AssignString", "path": ["classification", "DIAGNOSIS", "class_weight"], "value": "n.a."}, "version": 301, "at": 1733687522.173183}
{"obj": {"type": "AssignBool", "path": ["classification", "DIAGNOSIS", "output_prob"], "value": false}, "version": 302, "at": 1733687522.4416902}
{"obj": {"type": "AssignString", "path": ["classification", "DIAGNOSIS", "class_weight"], "value": "{1: 1.207070707070707, 0: 0.8535714285714285}"}, "version": 303, "at": 1733687522.442697}
{"obj": {"type": "AssignString", "path": ["classification", "DIAGNOSIS", "class_weight"], "value": "n.a."}, "version": 304, "at": 1733687522.4427378}
{"obj": {"type": "AssignBool", "path": ["classification", "DIAGNOSIS", "output_prob"], "value": false}, "version": 305, "at": 1733687522.710916}
{"obj": {"type": "AssignString", "path": ["classification", "DIAGNOSIS", "class_weight"], "value": "{1: 1.207070707070707, 0: 0.8535714285714285}"}, "version": 306, "at": 1733687522.711775}
{"obj": {"type": "AssignString", "path": ["classification", "DIAGNOSIS", "class_weight"], "value": "n.a."}, "version": 307, "at": 1733687522.711811}
{"obj": {"type": "LogFloats", "path": ["monitoring", "8372a07c", "cpu"], "values": [{"value": 27.8, "step": null, "ts": 1733687522.9268732}]}, "version": 308, "at": 1733687522.926985}
{"obj": {"type": "LogFloats", "path": ["monitoring", "8372a07c", "memory"], "values": [{"value": 10.20013427734375, "step": null, "ts": 1733687522.9268732}]}, "version": 309, "at": 1733687522.92738}
{"obj": {"type": "AssignBool", "path": ["classification", "DIAGNOSIS", "output_prob"], "value": false}, "version": 310, "at": 1733687523.042237}
{"obj": {"type": "AssignString", "path": ["classification", "DIAGNOSIS", "class_weight"], "value": "{1: 1.207070707070707, 0: 0.8535714285714285}"}, "version": 311, "at": 1733687523.043197}
{"obj": {"type": "AssignString", "path": ["classification", "DIAGNOSIS", "class_weight"], "value": "n.a."}, "version": 312, "at": 1733687523.043234}
{"obj": {"type": "AssignBool", "path": ["classification", "DIAGNOSIS", "output_prob"], "value": false}, "version": 313, "at": 1733687523.381119}
{"obj": {"type": "LogStrings", "path": ["monitoring", "8372a07c", "stderr"], "values": [{"value": "/Users/saraiva/PycharmProjects/LTBio/venv/lib/python3.10/site-packages/sklearn/neural_network/_multilayer_perceptron.py:702: ConvergenceWarning: Stochastic Optimizer: Maximum iterations (1000) reached and the optimization hasn't converged yet.\n  warnings.warn(\n", "step": null, "ts": 1733687523.381418}]}, "version": 314, "at": 1733687523.381435}
{"obj": {"type": "AssignString", "path": ["classification", "DIAGNOSIS", "class_weight"], "value": "{1: 1.207070707070707, 0: 0.8535714285714285}"}, "version": 315, "at": 1733687523.382267}
{"obj": {"type": "AssignString", "path": ["classification", "DIAGNOSIS", "class_weight"], "value": "n.a."}, "version": 316, "at": 1733687523.382304}
{"obj": {"type": "AssignBool", "path": ["classification", "DIAGNOSIS", "output_prob"], "value": false}, "version": 317, "at": 1733687523.6528661}
{"obj": {"type": "AssignString", "path": ["classification", "DIAGNOSIS", "class_weight"], "value": "{1: 1.219387755102041, 0: 0.8475177304964538}"}, "version": 318, "at": 1733687523.6540108}
{"obj": {"type": "AssignString", "path": ["classification", "DIAGNOSIS", "class_weight"], "value": "n.a."}, "version": 319, "at": 1733687523.654051}
{"obj": {"type": "AssignBool", "path": ["classification", "DIAGNOSIS", "output_prob"], "value": false}, "version": 320, "at": 1733687523.945091}
{"obj": {"type": "AssignString", "path": ["classification", "DIAGNOSIS", "class_weight"], "value": "{1: 1.207070707070707, 0: 0.8535714285714285}"}, "version": 321, "at": 1733687523.9460921}
{"obj": {"type": "AssignString", "path": ["classification", "DIAGNOSIS", "class_weight"], "value": "n.a."}, "version": 322, "at": 1733687523.946133}
{"obj": {"type": "AssignBool", "path": ["classification", "DIAGNOSIS", "output_prob"], "value": false}, "version": 323, "at": 1733687524.214667}
{"obj": {"type": "AssignString", "path": ["classification", "DIAGNOSIS", "class_weight"], "value": "{1: 1.207070707070707, 0: 0.8535714285714285}"}, "version": 324, "at": 1733687524.215554}
{"obj": {"type": "AssignString", "path": ["classification", "DIAGNOSIS", "class_weight"], "value": "n.a."}, "version": 325, "at": 1733687524.215662}
{"obj": {"type": "AssignBool", "path": ["classification", "DIAGNOSIS", "output_prob"], "value": false}, "version": 326, "at": 1733687524.484278}
{"obj": {"type": "AssignString", "path": ["classification", "DIAGNOSIS", "class_weight"], "value": "{1: 1.207070707070707, 0: 0.8535714285714285}"}, "version": 327, "at": 1733687524.4852722}
{"obj": {"type": "AssignString", "path": ["classification", "DIAGNOSIS", "class_weight"], "value": "n.a."}, "version": 328, "at": 1733687524.485311}
{"obj": {"type": "AssignBool", "path": ["classification", "DIAGNOSIS", "output_prob"], "value": false}, "version": 329, "at": 1733687524.819173}
{"obj": {"type": "LogStrings", "path": ["monitoring", "8372a07c", "stderr"], "values": [{"value": "/Users/saraiva/PycharmProjects/LTBio/venv/lib/python3.10/site-packages/sklearn/neural_network/_multilayer_perceptron.py:702: ConvergenceWarning: Stochastic Optimizer: Maximum iterations (1000) reached and the optimization hasn't converged yet.\n  warnings.warn(\n", "step": null, "ts": 1733687524.819454}]}, "version": 330, "at": 1733687524.819468}
{"obj": {"type": "AssignString", "path": ["classification", "DIAGNOSIS", "class_weight"], "value": "{1: 1.219387755102041, 0: 0.8475177304964538}"}, "version": 331, "at": 1733687524.820231}
{"obj": {"type": "AssignString", "path": ["classification", "DIAGNOSIS", "class_weight"], "value": "n.a."}, "version": 332, "at": 1733687524.820266}
{"obj": {"type": "AssignBool", "path": ["classification", "DIAGNOSIS", "output_prob"], "value": false}, "version": 333, "at": 1733687525.069536}
{"obj": {"type": "AssignString", "path": ["classification", "DIAGNOSIS", "class_weight"], "value": "{1: 1.207070707070707, 0: 0.8535714285714285}"}, "version": 334, "at": 1733687525.070606}
{"obj": {"type": "AssignString", "path": ["classification", "DIAGNOSIS", "class_weight"], "value": "n.a."}, "version": 335, "at": 1733687525.070647}
{"obj": {"type": "AssignBool", "path": ["classification", "DIAGNOSIS", "output_prob"], "value": false}, "version": 336, "at": 1733687525.407823}
{"obj": {"type": "AssignString", "path": ["classification", "DIAGNOSIS", "class_weight"], "value": "{1: 1.219387755102041, 0: 0.8475177304964538}"}, "version": 337, "at": 1733687525.408898}
{"obj": {"type": "AssignString", "path": ["classification", "DIAGNOSIS", "class_weight"], "value": "n.a."}, "version": 338, "at": 1733687525.408941}
{"obj": {"type": "LogStrings", "path": ["monitoring", "8372a07c", "stderr"], "values": [{"value": "/Users/saraiva/PycharmProjects/LTBio/venv/lib/python3.10/site-packages/sklearn/neural_network/_multilayer_perceptron.py:702: ConvergenceWarning: Stochastic Optimizer: Maximum iterations (1000) reached and the optimization hasn't converged yet.\n  warnings.warn(\n", "step": null, "ts": 1733687525.4097989}]}, "version": 339, "at": 1733687525.4098141}
{"obj": {"type": "AssignBool", "path": ["classification", "DIAGNOSIS", "output_prob"], "value": false}, "version": 340, "at": 1733687525.672283}
{"obj": {"type": "AssignString", "path": ["classification", "DIAGNOSIS", "class_weight"], "value": "{1: 1.207070707070707, 0: 0.8535714285714285}"}, "version": 341, "at": 1733687525.673312}
{"obj": {"type": "AssignString", "path": ["classification", "DIAGNOSIS", "class_weight"], "value": "n.a."}, "version": 342, "at": 1733687525.673355}
