{"obj": {"type": "AssignString", "path": ["sys", "name"], "value": "no name"}, "version": 1, "at": 1733757697.517523}
{"obj": {"type": "AssignString", "path": ["sys", "description"], "value": ""}, "version": 2, "at": 1733757697.517772}
{"obj": {"type": "AssignString", "path": ["monitoring", "d1cd38f2", "hostname"], "value": "Macmini.fritz.box"}, "version": 3, "at": 1733757697.517843}
{"obj": {"type": "AssignString", "path": ["sys", "hostname"], "value": "Macmini.fritz.box"}, "version": 4, "at": 1733757697.517893}
{"obj": {"type": "AssignString", "path": ["monitoring", "d1cd38f2", "pid"], "value": "10125"}, "version": 5, "at": 1733757697.5179431}
{"obj": {"type": "AssignString", "path": ["monitoring", "d1cd38f2", "tid"], "value": "8631334976"}, "version": 6, "at": 1733757697.5179899}
{"obj": {"type": "AddStrings", "path": ["sys", "tags"], "values": ["mmse gap 24-26", "6 datasets"]}, "version": 7, "at": 1733757697.518053}
{"obj": {"type": "AssignBool", "path": ["sys", "failed"], "value": false}, "version": 8, "at": 1733757697.5181}
{"obj": {"type": "ClearStringLog", "path": ["monitoring", "d1cd38f2", "stdout"]}, "version": 9, "at": 1733757697.5181608}
{"obj": {"type": "ClearStringLog", "path": ["monitoring", "d1cd38f2", "stderr"]}, "version": 10, "at": 1733757697.518202}
{"obj": {"type": "AssignString", "path": ["source_code", "entrypoint"], "value": "paper_results_images_each_variant.py"}, "version": 11, "at": 1733757697.519114}
{"obj": {"type": "UploadFileSet", "path": ["source_code", "files"], "file_globs": ["/Users/saraiva/PycharmProjects/LTBio/phd_journal/24_12_03/*.py"], "reset": "False"}, "version": 12, "at": 1733757697.51921}
{"obj": {"type": "UploadFile", "path": ["source_code", "diff"], "ext": "patch", "file_path": null, "tmp_file_name": "source_code_diff-1733757697.721137-2024-12-09_16.21.37.721137.patch", "clean_after_upload": false}, "version": 13, "at": 1733757697.7219021}
{"obj": {"type": "ConfigFloatSeries", "path": ["monitoring", "d1cd38f2", "cpu"], "min": 0.0, "max": 100.0, "unit": "%"}, "version": 14, "at": 1733757697.727891}
{"obj": {"type": "ClearFloatLog", "path": ["monitoring", "d1cd38f2", "cpu"]}, "version": 15, "at": 1733757697.7279701}
{"obj": {"type": "LogStrings", "path": ["monitoring", "d1cd38f2", "stderr"], "values": [{"value": "[neptune] [warning] /Users/saraiva/PycharmProjects/LTBio/phd_journal/24_12_03/paper_results_images_each_variant.py:6: NeptuneWarning: Info (NVML): NVML Shared Library Not Found. GPU usage metrics may not be reported. For more information, see https://docs.neptune.ai/help/nvml_error/\n", "step": null, "ts": 1733757697.728051}]}, "version": 16, "at": 1733757697.728073}
{"obj": {"type": "ConfigFloatSeries", "path": ["monitoring", "d1cd38f2", "memory"], "min": 0.0, "max": 16.0, "unit": "GB"}, "version": 17, "at": 1733757697.7281501}
{"obj": {"type": "ClearFloatLog", "path": ["monitoring", "d1cd38f2", "memory"]}, "version": 18, "at": 1733757697.728172}
{"obj": {"type": "LogFloats", "path": ["monitoring", "d1cd38f2", "cpu"], "values": [{"value": 32.3, "step": null, "ts": 1733757697.728253}]}, "version": 19, "at": 1733757697.7283251}
{"obj": {"type": "LogFloats", "path": ["monitoring", "d1cd38f2", "memory"], "values": [{"value": 11.227020263671875, "step": null, "ts": 1733757697.728253}]}, "version": 20, "at": 1733757697.7284951}
{"obj": {"type": "AssignString", "path": ["datasets", "criteria"], "value": "AD criteria: AD & (MMSE<=23 | MoCA<=18)\nHC criteria: HC & (MMSE>=27 | MoCA>=24)"}, "version": 21, "at": 1733757697.7686021}
{"obj": {"type": "LogStrings", "path": ["monitoring", "d1cd38f2", "stdout"], "values": [{"value": "\nDataset: Newcastle", "step": null, "ts": 1733757697.770966}]}, "version": 22, "at": 1733757697.770985}
{"obj": {"type": "LogStrings", "path": ["monitoring", "d1cd38f2", "stdout"], "values": [{"value": "\n", "step": null, "ts": 1733757697.771389}]}, "version": 23, "at": 1733757697.7714}
{"obj": {"type": "LogStrings", "path": ["monitoring", "d1cd38f2", "stdout"], "values": [{"value": "Total: 36", "step": null, "ts": 1733757697.7714539}]}, "version": 24, "at": 1733757697.771461}
{"obj": {"type": "LogStrings", "path": ["monitoring", "d1cd38f2", "stdout"], "values": [{"value": "\n", "step": null, "ts": 1733757697.771491}]}, "version": 25, "at": 1733757697.771497}
{"obj": {"type": "LogStrings", "path": ["monitoring", "d1cd38f2", "stdout"], "values": [{"value": "AD: 19", "step": null, "ts": 1733757697.771523}]}, "version": 26, "at": 1733757697.771528}
{"obj": {"type": "LogStrings", "path": ["monitoring", "d1cd38f2", "stdout"], "values": [{"value": "\n", "step": null, "ts": 1733757697.771553}]}, "version": 27, "at": 1733757697.7715578}
{"obj": {"type": "LogStrings", "path": ["monitoring", "d1cd38f2", "stdout"], "values": [{"value": "HC: 17", "step": null, "ts": 1733757697.771582}]}, "version": 28, "at": 1733757697.7715871}
{"obj": {"type": "UploadFile", "path": ["datasets", "before", "Newcastle"], "ext": "html", "file_path": null, "tmp_file_name": "datasets_before_Newcastle-1733757697.783998-2024-12-09_16.21.37.783998.html", "clean_after_upload": false}, "version": 29, "at": 1733757697.7842402}
{"obj": {"type": "LogStrings", "path": ["monitoring", "d1cd38f2", "stdout"], "values": [{"value": "\n", "step": null, "ts": 1733757697.854433}]}, "version": 30, "at": 1733757697.854455}
{"obj": {"type": "UploadFile", "path": ["datasets", "before", "Izmir"], "ext": "html", "file_path": null, "tmp_file_name": "datasets_before_Izmir-1733757697.856814-2024-12-09_16.21.37.856814.html", "clean_after_upload": false}, "version": 31, "at": 1733757697.857041}
{"obj": {"type": "LogStrings", "path": ["monitoring", "d1cd38f2", "stdout"], "values": [{"value": "\nDataset: Izmir", "step": null, "ts": 1733757697.872781}]}, "version": 32, "at": 1733757697.8727958}
{"obj": {"type": "LogStrings", "path": ["monitoring", "d1cd38f2", "stdout"], "values": [{"value": "\n", "step": null, "ts": 1733757697.872854}]}, "version": 33, "at": 1733757697.87286}
{"obj": {"type": "LogStrings", "path": ["monitoring", "d1cd38f2", "stdout"], "values": [{"value": "Total: 80", "step": null, "ts": 1733757697.872891}]}, "version": 34, "at": 1733757697.872896}
{"obj": {"type": "LogStrings", "path": ["monitoring", "d1cd38f2", "stdout"], "values": [{"value": "\n", "step": null, "ts": 1733757697.872923}]}, "version": 35, "at": 1733757697.872928}
{"obj": {"type": "LogStrings", "path": ["monitoring", "d1cd38f2", "stdout"], "values": [{"value": "AD: 20", "step": null, "ts": 1733757697.8734238}]}, "version": 36, "at": 1733757697.873433}
{"obj": {"type": "LogStrings", "path": ["monitoring", "d1cd38f2", "stdout"], "values": [{"value": "\n", "step": null, "ts": 1733757697.873473}]}, "version": 37, "at": 1733757697.873479}
{"obj": {"type": "LogStrings", "path": ["monitoring", "d1cd38f2", "stdout"], "values": [{"value": "HC: 60", "step": null, "ts": 1733757697.87351}]}, "version": 38, "at": 1733757697.873515}
{"obj": {"type": "LogStrings", "path": ["monitoring", "d1cd38f2", "stdout"], "values": [{"value": "\n", "step": null, "ts": 1733757697.8735418}]}, "version": 39, "at": 1733757697.873547}
{"obj": {"type": "LogStrings", "path": ["monitoring", "d1cd38f2", "stdout"], "values": [{"value": "\nDataset: Istambul", "step": null, "ts": 1733757697.873573}]}, "version": 40, "at": 1733757697.873579}
{"obj": {"type": "LogStrings", "path": ["monitoring", "d1cd38f2", "stdout"], "values": [{"value": "\n", "step": null, "ts": 1733757697.873603}]}, "version": 41, "at": 1733757697.8736079}
{"obj": {"type": "LogStrings", "path": ["monitoring", "d1cd38f2", "stdout"], "values": [{"value": "Total: 59", "step": null, "ts": 1733757697.873633}]}, "version": 42, "at": 1733757697.873638}
{"obj": {"type": "LogStrings", "path": ["monitoring", "d1cd38f2", "stdout"], "values": [{"value": "\n", "step": null, "ts": 1733757697.873676}]}, "version": 43, "at": 1733757697.8736808}
{"obj": {"type": "LogStrings", "path": ["monitoring", "d1cd38f2", "stdout"], "values": [{"value": "AD: 24", "step": null, "ts": 1733757697.873711}]}, "version": 44, "at": 1733757697.8737159}
{"obj": {"type": "UploadFile", "path": ["datasets", "before", "Istambul"], "ext": "html", "file_path": null, "tmp_file_name": "datasets_before_Istambul-1733757697.873765-2024-12-09_16.21.37.873765.html", "clean_after_upload": false}, "version": 45, "at": 1733757697.8739572}
{"obj": {"type": "LogStrings", "path": ["monitoring", "d1cd38f2", "stdout"], "values": [{"value": "\n", "step": null, "ts": 1733757697.891366}]}, "version": 46, "at": 1733757697.8913789}
{"obj": {"type": "LogStrings", "path": ["monitoring", "d1cd38f2", "stdout"], "values": [{"value": "HC: 35", "step": null, "ts": 1733757697.891434}]}, "version": 47, "at": 1733757697.8914402}
{"obj": {"type": "LogStrings", "path": ["monitoring", "d1cd38f2", "stdout"], "values": [{"value": "\n", "step": null, "ts": 1733757697.8914702}]}, "version": 48, "at": 1733757697.891475}
{"obj": {"type": "LogStrings", "path": ["monitoring", "d1cd38f2", "stdout"], "values": [{"value": "\nDataset: Miltiadous", "step": null, "ts": 1733757697.891504}]}, "version": 49, "at": 1733757697.891509}
{"obj": {"type": "LogStrings", "path": ["monitoring", "d1cd38f2", "stdout"], "values": [{"value": "\n", "step": null, "ts": 1733757697.891567}]}, "version": 50, "at": 1733757697.891572}
{"obj": {"type": "LogStrings", "path": ["monitoring", "d1cd38f2", "stdout"], "values": [{"value": "Total: 65", "step": null, "ts": 1733757697.8916008}]}, "version": 51, "at": 1733757697.891606}
{"obj": {"type": "LogStrings", "path": ["monitoring", "d1cd38f2", "stdout"], "values": [{"value": "\n", "step": null, "ts": 1733757697.891755}]}, "version": 52, "at": 1733757697.891767}
{"obj": {"type": "LogStrings", "path": ["monitoring", "d1cd38f2", "stdout"], "values": [{"value": "AD: 36", "step": null, "ts": 1733757697.891813}]}, "version": 53, "at": 1733757697.89182}
{"obj": {"type": "LogStrings", "path": ["monitoring", "d1cd38f2", "stdout"], "values": [{"value": "\n", "step": null, "ts": 1733757697.89185}]}, "version": 54, "at": 1733757697.891855}
{"obj": {"type": "UploadFile", "path": ["datasets", "before", "Miltiadous"], "ext": "html", "file_path": null, "tmp_file_name": "datasets_before_Miltiadous-1733757697.891897-2024-12-09_16.21.37.891897.html", "clean_after_upload": false}, "version": 55, "at": 1733757697.892072}
{"obj": {"type": "LogStrings", "path": ["monitoring", "d1cd38f2", "stdout"], "values": [{"value": "HC: 29", "step": null, "ts": 1733757697.8977091}]}, "version": 56, "at": 1733757697.89772}
{"obj": {"type": "UploadFile", "path": ["datasets", "before", "BrainLat:CL"], "ext": "html", "file_path": null, "tmp_file_name": "datasets_before_BrainLat:CL-1733757697.897822-2024-12-09_16.21.37.897822.html", "clean_after_upload": false}, "version": 57, "at": 1733757697.897971}
{"obj": {"type": "LogStrings", "path": ["monitoring", "d1cd38f2", "stdout"], "values": [{"value": "\n", "step": null, "ts": 1733757697.904032}]}, "version": 58, "at": 1733757697.9040399}
{"obj": {"type": "LogStrings", "path": ["monitoring", "d1cd38f2", "stdout"], "values": [{"value": "\nDataset: BrainLat:CL", "step": null, "ts": 1733757697.905767}]}, "version": 59, "at": 1733757697.905775}
{"obj": {"type": "UploadFile", "path": ["datasets", "before", "BrainLat:AR"], "ext": "html", "file_path": null, "tmp_file_name": "datasets_before_BrainLat:AR-1733757697.905826-2024-12-09_16.21.37.905826.html", "clean_after_upload": false}, "version": 60, "at": 1733757697.905966}
{"obj": {"type": "LogStrings", "path": ["monitoring", "d1cd38f2", "stdout"], "values": [{"value": "\n", "step": null, "ts": 1733757697.906111}]}, "version": 61, "at": 1733757697.906118}
{"obj": {"type": "LogStrings", "path": ["monitoring", "d1cd38f2", "stdout"], "values": [{"value": "Total: 13", "step": null, "ts": 1733757697.906209}]}, "version": 62, "at": 1733757697.906215}
{"obj": {"type": "LogStrings", "path": ["monitoring", "d1cd38f2", "stdout"], "values": [{"value": "\n", "step": null, "ts": 1733757697.906295}]}, "version": 63, "at": 1733757697.9062998}
{"obj": {"type": "LogStrings", "path": ["monitoring", "d1cd38f2", "stdout"], "values": [{"value": "AD: 10", "step": null, "ts": 1733757697.906371}]}, "version": 64, "at": 1733757697.906375}
{"obj": {"type": "LogStrings", "path": ["monitoring", "d1cd38f2", "stdout"], "values": [{"value": "\n", "step": null, "ts": 1733757697.90685}]}, "version": 65, "at": 1733757697.90686}
{"obj": {"type": "LogStrings", "path": ["monitoring", "d1cd38f2", "stdout"], "values": [{"value": "HC: 3", "step": null, "ts": 1733757697.908372}]}, "version": 66, "at": 1733757697.9083798}
{"obj": {"type": "LogStrings", "path": ["monitoring", "d1cd38f2", "stdout"], "values": [{"value": "\n", "step": null, "ts": 1733757697.909041}]}, "version": 67, "at": 1733757697.9090502}
{"obj": {"type": "LogStrings", "path": ["monitoring", "d1cd38f2", "stdout"], "values": [{"value": "\nDataset: BrainLat:AR", "step": null, "ts": 1733757697.909086}]}, "version": 68, "at": 1733757697.9090922}
{"obj": {"type": "LogStrings", "path": ["monitoring", "d1cd38f2", "stdout"], "values": [{"value": "\n", "step": null, "ts": 1733757697.9092522}]}, "version": 69, "at": 1733757697.909258}
{"obj": {"type": "LogStrings", "path": ["monitoring", "d1cd38f2", "stdout"], "values": [{"value": "Total: 23", "step": null, "ts": 1733757697.9093308}]}, "version": 70, "at": 1733757697.909339}
{"obj": {"type": "LogStrings", "path": ["monitoring", "d1cd38f2", "stdout"], "values": [{"value": "\n", "step": null, "ts": 1733757697.9093802}]}, "version": 71, "at": 1733757697.909386}
{"obj": {"type": "LogStrings", "path": ["monitoring", "d1cd38f2", "stdout"], "values": [{"value": "HC: 15", "step": null, "ts": 1733757697.909489}]}, "version": 72, "at": 1733757697.909494}
{"obj": {"type": "LogStrings", "path": ["monitoring", "d1cd38f2", "stdout"], "values": [{"value": "\n", "step": null, "ts": 1733757697.909556}]}, "version": 73, "at": 1733757697.9095612}
{"obj": {"type": "LogStrings", "path": ["monitoring", "d1cd38f2", "stdout"], "values": [{"value": "AD: 8", "step": null, "ts": 1733757697.9096692}]}, "version": 74, "at": 1733757697.909674}
{"obj": {"type": "LogStrings", "path": ["monitoring", "d1cd38f2", "stdout"], "values": [{"value": "\n", "step": null, "ts": 1733757697.909822}]}, "version": 75, "at": 1733757697.909827}
{"obj": {"type": "LogStrings", "path": ["monitoring", "d1cd38f2", "stderr"], "values": [{"value": "/Users/saraiva/PycharmProjects/LTBio/phd_journal/24_12_03/combat_variations.py:23: SettingWithCopyWarning: \nA value is trying to be set on a copy of a slice from a DataFrame\n\nSee the caveats in the documentation: https://pandas.pydata.org/pandas-docs/stable/user_guide/indexing.html#returning-a-view-versus-a-copy\n  covariates['GENDER'].replace('M', 1, inplace=True)\n", "step": null, "ts": 1733757698.0239842}]}, "version": 76, "at": 1733757698.0240068}
{"obj": {"type": "LogStrings", "path": ["monitoring", "d1cd38f2", "stderr"], "values": [{"value": "/Users/saraiva/PycharmProjects/LTBio/phd_journal/24_12_03/combat_variations.py:24: SettingWithCopyWarning: \nA value is trying to be set on a copy of a slice from a DataFrame\n\nSee the caveats in the documentation: https://pandas.pydata.org/pandas-docs/stable/user_guide/indexing.html#returning-a-view-versus-a-copy\n  covariates['GENDER'].replace('F', 0, inplace=True)\n", "step": null, "ts": 1733757698.024683}]}, "version": 77, "at": 1733757698.024696}
{"obj": {"type": "LogStrings", "path": ["monitoring", "d1cd38f2", "stderr"], "values": [{"value": "/Users/saraiva/PycharmProjects/LTBio/phd_journal/24_12_03/combat_variations.py:32: SettingWithCopyWarning: \nA value is trying to be set on a copy of a slice from a DataFrame\n\nSee the caveats in the documentation: https://pandas.pydata.org/pandas-docs/stable/user_guide/indexing.html#returning-a-view-versus-a-copy\n  covariates.drop(columns='EDUCATION YEARS', inplace=True)\n", "step": null, "ts": 1733757698.026774}]}, "version": 78, "at": 1733757698.026803}
{"obj": {"type": "LogStrings", "path": ["monitoring", "d1cd38f2", "stdout"], "values": [{"value": "Covariates:", "step": null, "ts": 1733757698.027754}]}, "version": 79, "at": 1733757698.027766}
{"obj": {"type": "LogStrings", "path": ["monitoring", "d1cd38f2", "stdout"], "values": [{"value": " ", "step": null, "ts": 1733757698.040368}]}, "version": 80, "at": 1733757698.040419}
{"obj": {"type": "LogStrings", "path": ["monitoring", "d1cd38f2", "stdout"], "values": [{"value": "Index(['AGE', 'GENDER', 'DIAGNOSIS', 'SITE'], dtype='object')", "step": null, "ts": 1733757698.0407019}]}, "version": 81, "at": 1733757698.040763}
{"obj": {"type": "LogStrings", "path": ["monitoring", "d1cd38f2", "stdout"], "values": [{"value": "\n", "step": null, "ts": 1733757698.040864}]}, "version": 82, "at": 1733757698.040884}
{"obj": {"type": "AssignString", "path": ["harmonization", "params", "method"], "value": "original"}, "version": 83, "at": 1733757698.042185}
{"obj": {"type": "AssignBool", "path": ["harmonization", "params", "log_transform"], "value": true}, "version": 84, "at": 1733757698.042315}
{"obj": {"type": "AssignString", "path": ["harmonization", "params", "standardize"], "value": "none"}, "version": 85, "at": 1733757698.0424252}
{"obj": {"type": "AssignBool", "path": ["harmonization", "params", "cov_age"], "value": true}, "version": 86, "at": 1733757698.042516}
{"obj": {"type": "AssignBool", "path": ["harmonization", "params", "cov_gender"], "value": true}, "version": 87, "at": 1733757698.04261}
{"obj": {"type": "AssignBool", "path": ["harmonization", "params", "cov_education"], "value": false}, "version": 88, "at": 1733757698.0427048}
{"obj": {"type": "AssignBool", "path": ["harmonization", "params", "cov_diagnosis"], "value": true}, "version": 89, "at": 1733757698.0428019}
{"obj": {"type": "TrackFilesToArtifact", "path": ["datasets", "after", "Newcastle_track"], "entries": [["./each_variation/original/Newcastle.csv", null]], "project_id": "0185c1d2-e230-4393-98bd-19b911873975"}, "version": 90, "at": 1733757698.051703}
{"obj": {"type": "UploadFile", "path": ["datasets", "after", "Newcastle"], "ext": "csv", "file_path": "/Users/saraiva/PycharmProjects/LTBio/phd_journal/24_12_03/each_variation/original/Newcastle.csv", "tmp_file_name": null, "clean_after_upload": false}, "version": 91, "at": 1733757698.052097}
{"obj": {"type": "TrackFilesToArtifact", "path": ["datasets", "after", "Izmir_track"], "entries": [["./each_variation/original/Izmir.csv", null]], "project_id": "0185c1d2-e230-4393-98bd-19b911873975"}, "version": 92, "at": 1733757698.063392}
{"obj": {"type": "UploadFile", "path": ["datasets", "after", "Izmir"], "ext": "csv", "file_path": "/Users/saraiva/PycharmProjects/LTBio/phd_journal/24_12_03/each_variation/original/Izmir.csv", "tmp_file_name": null, "clean_after_upload": false}, "version": 93, "at": 1733757698.0637388}
{"obj": {"type": "TrackFilesToArtifact", "path": ["datasets", "after", "Istambul_track"], "entries": [["./each_variation/original/Istambul.csv", null]], "project_id": "0185c1d2-e230-4393-98bd-19b911873975"}, "version": 94, "at": 1733757698.0683079}
{"obj": {"type": "UploadFile", "path": ["datasets", "after", "Istambul"], "ext": "csv", "file_path": "/Users/saraiva/PycharmProjects/LTBio/phd_journal/24_12_03/each_variation/original/Istambul.csv", "tmp_file_name": null, "clean_after_upload": false}, "version": 95, "at": 1733757698.068445}
{"obj": {"type": "TrackFilesToArtifact", "path": ["datasets", "after", "Miltiadous_track"], "entries": [["./each_variation/original/Miltiadous.csv", null]], "project_id": "0185c1d2-e230-4393-98bd-19b911873975"}, "version": 96, "at": 1733757698.071008}
{"obj": {"type": "UploadFile", "path": ["datasets", "after", "Miltiadous"], "ext": "csv", "file_path": "/Users/saraiva/PycharmProjects/LTBio/phd_journal/24_12_03/each_variation/original/Miltiadous.csv", "tmp_file_name": null, "clean_after_upload": false}, "version": 97, "at": 1733757698.071095}
{"obj": {"type": "TrackFilesToArtifact", "path": ["datasets", "after", "BrainLat:CL_track"], "entries": [["./each_variation/original/BrainLat:CL.csv", null]], "project_id": "0185c1d2-e230-4393-98bd-19b911873975"}, "version": 98, "at": 1733757698.073183}
{"obj": {"type": "UploadFile", "path": ["datasets", "after", "BrainLat:CL"], "ext": "csv", "file_path": "/Users/saraiva/PycharmProjects/LTBio/phd_journal/24_12_03/each_variation/original/BrainLat:CL.csv", "tmp_file_name": null, "clean_after_upload": false}, "version": 99, "at": 1733757698.0737689}
{"obj": {"type": "TrackFilesToArtifact", "path": ["datasets", "after", "BrainLat:AR_track"], "entries": [["./each_variation/original/BrainLat:AR.csv", null]], "project_id": "0185c1d2-e230-4393-98bd-19b911873975"}, "version": 100, "at": 1733757698.075294}
{"obj": {"type": "UploadFile", "path": ["datasets", "after", "BrainLat:AR"], "ext": "csv", "file_path": "/Users/saraiva/PycharmProjects/LTBio/phd_journal/24_12_03/each_variation/original/BrainLat:AR.csv", "tmp_file_name": null, "clean_after_upload": false}, "version": 101, "at": 1733757698.0754979}
{"obj": {"type": "LogStrings", "path": ["monitoring", "d1cd38f2", "stderr"], "values": [{"value": "/Users/saraiva/PycharmProjects/LTBio/venv/lib/python3.10/site-packages/sklearn/manifold/_t_sne.py:795: FutureWarning: The default initialization in TSNE will change from 'random' to 'pca' in 1.2.\n  warnings.warn(\n", "step": null, "ts": 1733757698.161433}]}, "version": 102, "at": 1733757698.1614878}
{"obj": {"type": "AssignString", "path": ["simple_diagnosis_discriminant", "norm"], "value": "none"}, "version": 103, "at": 1733757698.9599879}
{"obj": {"type": "AssignString", "path": ["simple_diagnosis_discriminant", "features"], "value": "['Delta_Frontal', 'Delta_Central', 'Delta_Parietal', 'Delta_Occipital', 'Delta_Temporal', 'Delta_Limbic', 'Alpha1_Frontal', 'Alpha1_Central', 'Alpha1_Parietal', 'Alpha1_Occipital', 'Alpha1_Temporal', 'Alpha1_Limbic', 'Theta_Frontal', 'Theta_Central', 'Theta_Parietal', 'Theta_Occipital', 'Theta_Temporal', 'Theta_Limbic', 'Alpha2_Frontal', 'Alpha2_Central', 'Alpha2_Parietal', 'Alpha2_Occipital', 'Alpha2_Temporal', 'Alpha2_Limbic', 'Alpha3_Frontal', 'Alpha3_Central', 'Alpha3_Parietal', 'Alpha3_Occipital', 'Alpha3_Temporal', 'Alpha3_Limbic', 'Beta1_Frontal', 'Beta1_Central', 'Beta1_Parietal', 'Beta1_Occipital', 'Beta1_Temporal', 'Beta1_Limbic', 'Beta2_Frontal', 'Beta2_Central', 'Beta2_Parietal', 'Beta2_Occipital', 'Beta2_Temporal', 'Beta2_Limbic', 'Gamma_Frontal', 'Gamma_Central', 'Gamma_Parietal', 'Gamma_Occipital', 'Gamma_Temporal', 'Gamma_Limbic']"}, "version": 104, "at": 1733757698.960119}
{"obj": {"type": "LogStrings", "path": ["monitoring", "d1cd38f2", "stdout"], "values": [{"value": "Selected features:", "step": null, "ts": 1733757698.960918}]}, "version": 105, "at": 1733757698.960952}
{"obj": {"type": "LogStrings", "path": ["monitoring", "d1cd38f2", "stdout"], "values": [{"value": "\n", "step": null, "ts": 1733757698.961086}]}, "version": 106, "at": 1733757698.961096}
{"obj": {"type": "LogStrings", "path": ["monitoring", "d1cd38f2", "stdout"], "values": [{"value": "['Delta_Frontal', 'Delta_Central', 'Delta_Parietal', 'Delta_Occipital', 'Delta_Temporal', 'Delta_Limbic', 'Alpha1_Frontal', 'Alpha1_Central', 'Alpha1_Parietal', 'Alpha1_Occipital', 'Alpha1_Temporal', 'Alpha1_Limbic', 'Theta_Frontal', 'Theta_Central', 'Theta_Parietal', 'Theta_Occipital', 'Theta_Temporal', 'Theta_Limbic', 'Alpha2_Frontal', 'Alpha2_Central', 'Alpha2_Parietal', 'Alpha2_Occipital', 'Alpha2_Temporal', 'Alpha2_Limbic', 'Alpha3_Frontal', 'Alpha3_Central', 'Alpha3_Parietal', 'Alpha3_Occipital', 'Alpha3_Temporal', 'Alpha3_Limbic', 'Beta1_Frontal', 'Beta1_Central', 'Beta1_Parietal', 'Beta1_Occipital', 'Beta1_Temporal', 'Beta1_Limbic', 'Beta2_Frontal', 'Beta2_Central', 'Beta2_Parietal', 'Beta2_Occipital', 'Beta2_Temporal', 'Beta2_Limbic', 'Gamma_Frontal', 'Gamma_Central', 'Gamma_Parietal', 'Gamma_Occipital', 'Gamma_Temporal', 'Gamma_Limbic']", "step": null, "ts": 1733757698.96117}]}, "version": 107, "at": 1733757698.9611819}
{"obj": {"type": "LogStrings", "path": ["monitoring", "d1cd38f2", "stdout"], "values": [{"value": "\n", "step": null, "ts": 1733757698.9612339}]}, "version": 108, "at": 1733757698.961241}
{"obj": {"type": "AssignString", "path": ["simple_diagnosis_discriminant", "model_description"], "value": "PCA(n_components=4, random_state=0)"}, "version": 109, "at": 1733757698.961617}
{"obj": {"type": "LogStrings", "path": ["monitoring", "d1cd38f2", "stdout"], "values": [{"value": "Applying min-max norm...", "step": null, "ts": 1733757698.967221}]}, "version": 110, "at": 1733757698.967241}
{"obj": {"type": "AssignString", "path": ["classification", "DIAGNOSIS", "norm"], "value": "min-max"}, "version": 111, "at": 1733757698.9682298}
{"obj": {"type": "LogStrings", "path": ["monitoring", "d1cd38f2", "stdout"], "values": [{"value": "\n", "step": null, "ts": 1733757698.968286}]}, "version": 112, "at": 1733757698.968294}
{"obj": {"type": "LogStrings", "path": ["monitoring", "d1cd38f2", "stdout"], "values": [{"value": "Classification with DIAGNOSIS", "step": null, "ts": 1733757698.969332}]}, "version": 113, "at": 1733757698.969342}
{"obj": {"type": "AssignString", "path": ["classification", "DIAGNOSIS", "features"], "value": "[0, 1, 2, 3]"}, "version": 114, "at": 1733757698.969696}
{"obj": {"type": "LogStrings", "path": ["monitoring", "d1cd38f2", "stdout"], "values": [{"value": "\n", "step": null, "ts": 1733757698.9699461}]}, "version": 115, "at": 1733757698.969953}
{"obj": {"type": "LogStrings", "path": ["monitoring", "d1cd38f2", "stdout"], "values": [{"value": "Targets:", "step": null, "ts": 1733757698.970556}]}, "version": 116, "at": 1733757698.9705641}
{"obj": {"type": "LogStrings", "path": ["monitoring", "d1cd38f2", "stdout"], "values": [{"value": " ", "step": null, "ts": 1733757698.970622}]}, "version": 117, "at": 1733757698.970627}
{"obj": {"type": "LogStrings", "path": ["monitoring", "d1cd38f2", "stdout"], "values": [{"value": "[0 1]", "step": null, "ts": 1733757698.971961}]}, "version": 118, "at": 1733757698.9720268}
{"obj": {"type": "AssignString", "path": ["classification", "DIAGNOSIS", "class_weight"], "value": "SMOTE augmented"}, "version": 119, "at": 1733757698.973737}
{"obj": {"type": "LogStrings", "path": ["monitoring", "d1cd38f2", "stdout"], "values": [{"value": "\n", "step": null, "ts": 1733757698.974178}]}, "version": 120, "at": 1733757698.97419}
{"obj": {"type": "LogStrings", "path": ["monitoring", "d1cd38f2", "stdout"], "values": [{"value": "{'bootstrap': True, 'ccp_alpha': 0.0, 'class_weight': None, 'criterion': 'gini', 'max_depth': 15, 'max_features': 'sqrt', 'max_leaf_nodes': None, 'max_samples': None, 'min_impurity_decrease': 0.0, 'min_samples_leaf': 1, 'min_samples_split': 2, 'min_weight_fraction_leaf': 0.0, 'n_estimators': 200, 'n_jobs': None, 'oob_score': False, 'random_state': 0, 'verbose': 0, 'warm_start': False}", "step": null, "ts": 1733757698.974426}]}, "version": 121, "at": 1733757698.974435}
{"obj": {"type": "LogStrings", "path": ["monitoring", "d1cd38f2", "stdout"], "values": [{"value": "\n", "step": null, "ts": 1733757698.987047}]}, "version": 122, "at": 1733757698.987065}
{"obj": {"type": "LogStrings", "path": ["monitoring", "d1cd38f2", "stdout"], "values": [{"value": "Selected features:", "step": null, "ts": 1733757698.9980311}]}, "version": 123, "at": 1733757698.998042}
{"obj": {"type": "LogStrings", "path": ["monitoring", "d1cd38f2", "stdout"], "values": [{"value": "\n", "step": null, "ts": 1733757698.9995468}]}, "version": 124, "at": 1733757698.999556}
{"obj": {"type": "LogStrings", "path": ["monitoring", "d1cd38f2", "stdout"], "values": [{"value": "RangeIndex(start=0, stop=4, step=1)", "step": null, "ts": 1733757698.999596}]}, "version": 125, "at": 1733757698.999601}
{"obj": {"type": "LogStrings", "path": ["monitoring", "d1cd38f2", "stdout"], "values": [{"value": "\n", "step": null, "ts": 1733757698.999691}]}, "version": 126, "at": 1733757698.999698}
{"obj": {"type": "LogStrings", "path": ["monitoring", "d1cd38f2", "stdout"], "values": [{"value": "LOOCV 0/276. SMOTE augmented.", "step": null, "ts": 1733757699.087959}]}, "version": 127, "at": 1733757699.087981}
{"obj": {"type": "AssignBool", "path": ["classification", "DIAGNOSIS", "output_prob"], "value": false}, "version": 128, "at": 1733757699.091858}
{"obj": {"type": "LogStrings", "path": ["monitoring", "d1cd38f2", "stdout"], "values": [{"value": "\n", "step": null, "ts": 1733757699.0941818}]}, "version": 129, "at": 1733757699.0942059}
{"obj": {"type": "LogStrings", "path": ["monitoring", "d1cd38f2", "stdout"], "values": [{"value": "F1 score: 1.00", "step": null, "ts": 1733757699.095457}]}, "version": 130, "at": 1733757699.095467}
{"obj": {"type": "LogStrings", "path": ["monitoring", "d1cd38f2", "stdout"], "values": [{"value": "\n", "step": null, "ts": 1733757699.095783}]}, "version": 131, "at": 1733757699.0957901}
{"obj": {"type": "AssignString", "path": ["classification", "DIAGNOSIS", "class_weight"], "value": "SMOTE augmented"}, "version": 132, "at": 1733757699.096574}
{"obj": {"type": "LogStrings", "path": ["monitoring", "d1cd38f2", "stdout"], "values": [{"value": "LOOCV 1/276. SMOTE augmented.", "step": null, "ts": 1733757699.199392}]}, "version": 133, "at": 1733757699.1994119}
{"obj": {"type": "LogStrings", "path": ["monitoring", "d1cd38f2", "stdout"], "values": [{"value": "\n", "step": null, "ts": 1733757699.1999428}]}, "version": 134, "at": 1733757699.199954}
{"obj": {"type": "AssignBool", "path": ["classification", "DIAGNOSIS", "output_prob"], "value": false}, "version": 135, "at": 1733757699.202317}
{"obj": {"type": "LogStrings", "path": ["monitoring", "d1cd38f2", "stdout"], "values": [{"value": "F1 score: 1.00", "step": null, "ts": 1733757699.2041652}]}, "version": 136, "at": 1733757699.20418}
{"obj": {"type": "LogStrings", "path": ["monitoring", "d1cd38f2", "stdout"], "values": [{"value": "\n", "step": null, "ts": 1733757699.2042382}]}, "version": 137, "at": 1733757699.204245}
{"obj": {"type": "AssignString", "path": ["classification", "DIAGNOSIS", "class_weight"], "value": "SMOTE augmented"}, "version": 138, "at": 1733757699.204951}
{"obj": {"type": "LogStrings", "path": ["monitoring", "d1cd38f2", "stdout"], "values": [{"value": "LOOCV 2/276. SMOTE augmented.", "step": null, "ts": 1733757699.303807}]}, "version": 139, "at": 1733757699.303825}
{"obj": {"type": "LogStrings", "path": ["monitoring", "d1cd38f2", "stdout"], "values": [{"value": "\n", "step": null, "ts": 1733757699.304802}]}, "version": 140, "at": 1733757699.30481}
{"obj": {"type": "AssignBool", "path": ["classification", "DIAGNOSIS", "output_prob"], "value": false}, "version": 141, "at": 1733757699.306533}
{"obj": {"type": "LogStrings", "path": ["monitoring", "d1cd38f2", "stdout"], "values": [{"value": "F1 score: 1.00", "step": null, "ts": 1733757699.308151}]}, "version": 142, "at": 1733757699.3081632}
{"obj": {"type": "LogStrings", "path": ["monitoring", "d1cd38f2", "stdout"], "values": [{"value": "\n", "step": null, "ts": 1733757699.3082082}]}, "version": 143, "at": 1733757699.308214}
{"obj": {"type": "AssignString", "path": ["classification", "DIAGNOSIS", "class_weight"], "value": "SMOTE augmented"}, "version": 144, "at": 1733757699.3092601}
{"obj": {"type": "LogStrings", "path": ["monitoring", "d1cd38f2", "stdout"], "values": [{"value": "LOOCV 3/276. SMOTE augmented.", "step": null, "ts": 1733757699.40508}]}, "version": 145, "at": 1733757699.405099}
{"obj": {"type": "LogStrings", "path": ["monitoring", "d1cd38f2", "stdout"], "values": [{"value": "\n", "step": null, "ts": 1733757699.405209}]}, "version": 146, "at": 1733757699.40522}
{"obj": {"type": "AssignBool", "path": ["classification", "DIAGNOSIS", "output_prob"], "value": false}, "version": 147, "at": 1733757699.406315}
{"obj": {"type": "LogStrings", "path": ["monitoring", "d1cd38f2", "stdout"], "values": [{"value": "F1 score: 0.86", "step": null, "ts": 1733757699.407263}]}, "version": 148, "at": 1733757699.407274}
{"obj": {"type": "LogStrings", "path": ["monitoring", "d1cd38f2", "stdout"], "values": [{"value": "\n", "step": null, "ts": 1733757699.40732}]}, "version": 149, "at": 1733757699.407326}
{"obj": {"type": "AssignString", "path": ["classification", "DIAGNOSIS", "class_weight"], "value": "SMOTE augmented"}, "version": 150, "at": 1733757699.409756}
{"obj": {"type": "LogStrings", "path": ["monitoring", "d1cd38f2", "stdout"], "values": [{"value": "LOOCV 4/276. SMOTE augmented.", "step": null, "ts": 1733757699.504917}]}, "version": 151, "at": 1733757699.504935}
{"obj": {"type": "LogStrings", "path": ["monitoring", "d1cd38f2", "stdout"], "values": [{"value": "\n", "step": null, "ts": 1733757699.506619}]}, "version": 152, "at": 1733757699.506628}
{"obj": {"type": "AssignBool", "path": ["classification", "DIAGNOSIS", "output_prob"], "value": false}, "version": 153, "at": 1733757699.507661}
{"obj": {"type": "LogStrings", "path": ["monitoring", "d1cd38f2", "stdout"], "values": [{"value": "F1 score: 0.82", "step": null, "ts": 1733757699.509274}]}, "version": 154, "at": 1733757699.5092852}
{"obj": {"type": "LogStrings", "path": ["monitoring", "d1cd38f2", "stdout"], "values": [{"value": "\n", "step": null, "ts": 1733757699.5093272}]}, "version": 155, "at": 1733757699.509334}
{"obj": {"type": "AssignString", "path": ["classification", "DIAGNOSIS", "class_weight"], "value": "SMOTE augmented"}, "version": 156, "at": 1733757699.5101068}
{"obj": {"type": "LogStrings", "path": ["monitoring", "d1cd38f2", "stdout"], "values": [{"value": "LOOCV 5/276. SMOTE augmented.", "step": null, "ts": 1733757699.6041799}]}, "version": 157, "at": 1733757699.604199}
{"obj": {"type": "LogStrings", "path": ["monitoring", "d1cd38f2", "stdout"], "values": [{"value": "\n", "step": null, "ts": 1733757699.6043031}]}, "version": 158, "at": 1733757699.6043131}
{"obj": {"type": "AssignBool", "path": ["classification", "DIAGNOSIS", "output_prob"], "value": false}, "version": 159, "at": 1733757699.607023}
{"obj": {"type": "LogStrings", "path": ["monitoring", "d1cd38f2", "stdout"], "values": [{"value": "F1 score: 0.67", "step": null, "ts": 1733757699.6077929}]}, "version": 160, "at": 1733757699.6078131}
{"obj": {"type": "LogStrings", "path": ["monitoring", "d1cd38f2", "stdout"], "values": [{"value": "\n", "step": null, "ts": 1733757699.607865}]}, "version": 161, "at": 1733757699.607873}
{"obj": {"type": "AssignString", "path": ["classification", "DIAGNOSIS", "class_weight"], "value": "SMOTE augmented"}, "version": 162, "at": 1733757699.609739}
{"obj": {"type": "LogStrings", "path": ["monitoring", "d1cd38f2", "stdout"], "values": [{"value": "LOOCV 6/276. SMOTE augmented.", "step": null, "ts": 1733757699.703321}]}, "version": 163, "at": 1733757699.70334}
{"obj": {"type": "LogStrings", "path": ["monitoring", "d1cd38f2", "stdout"], "values": [{"value": "\n", "step": null, "ts": 1733757699.703663}]}, "version": 164, "at": 1733757699.7036731}
{"obj": {"type": "AssignBool", "path": ["classification", "DIAGNOSIS", "output_prob"], "value": false}, "version": 165, "at": 1733757699.705458}
{"obj": {"type": "LogStrings", "path": ["monitoring", "d1cd38f2", "stdout"], "values": [{"value": "F1 score: 0.71", "step": null, "ts": 1733757699.7072132}]}, "version": 166, "at": 1733757699.707225}
{"obj": {"type": "LogStrings", "path": ["monitoring", "d1cd38f2", "stdout"], "values": [{"value": "\n", "step": null, "ts": 1733757699.70801}]}, "version": 167, "at": 1733757699.70802}
{"obj": {"type": "AssignString", "path": ["classification", "DIAGNOSIS", "class_weight"], "value": "SMOTE augmented"}, "version": 168, "at": 1733757699.708454}
{"obj": {"type": "AssignBool", "path": ["classification", "DIAGNOSIS", "output_prob"], "value": false}, "version": 169, "at": 1733757699.80436}
{"obj": {"type": "LogStrings", "path": ["monitoring", "d1cd38f2", "stdout"], "values": [{"value": "LOOCV 7/276. SMOTE augmented.", "step": null, "ts": 1733757699.805791}]}, "version": 170, "at": 1733757699.8058062}
{"obj": {"type": "LogStrings", "path": ["monitoring", "d1cd38f2", "stdout"], "values": [{"value": "\n", "step": null, "ts": 1733757699.805851}]}, "version": 171, "at": 1733757699.805857}
{"obj": {"type": "LogStrings", "path": ["monitoring", "d1cd38f2", "stdout"], "values": [{"value": "F1 score: 0.75", "step": null, "ts": 1733757699.805888}]}, "version": 172, "at": 1733757699.8058932}
{"obj": {"type": "LogStrings", "path": ["monitoring", "d1cd38f2", "stdout"], "values": [{"value": "\n", "step": null, "ts": 1733757699.805921}]}, "version": 173, "at": 1733757699.8059258}
{"obj": {"type": "AssignString", "path": ["classification", "DIAGNOSIS", "class_weight"], "value": "SMOTE augmented"}, "version": 174, "at": 1733757699.806884}
{"obj": {"type": "LogStrings", "path": ["monitoring", "d1cd38f2", "stdout"], "values": [{"value": "LOOCV 8/276. SMOTE augmented.", "step": null, "ts": 1733757699.902904}]}, "version": 175, "at": 1733757699.902922}
{"obj": {"type": "AssignBool", "path": ["classification", "DIAGNOSIS", "output_prob"], "value": false}, "version": 176, "at": 1733757699.904431}
{"obj": {"type": "LogStrings", "path": ["monitoring", "d1cd38f2", "stdout"], "values": [{"value": "\n", "step": null, "ts": 1733757699.905799}]}, "version": 177, "at": 1733757699.9058108}
{"obj": {"type": "LogStrings", "path": ["monitoring", "d1cd38f2", "stdout"], "values": [{"value": "F1 score: 0.78", "step": null, "ts": 1733757699.905857}]}, "version": 178, "at": 1733757699.9058628}
{"obj": {"type": "LogStrings", "path": ["monitoring", "d1cd38f2", "stdout"], "values": [{"value": "\n", "step": null, "ts": 1733757699.905895}]}, "version": 179, "at": 1733757699.905901}
{"obj": {"type": "AssignString", "path": ["classification", "DIAGNOSIS", "class_weight"], "value": "SMOTE augmented"}, "version": 180, "at": 1733757699.90694}
{"obj": {"type": "LogStrings", "path": ["monitoring", "d1cd38f2", "stdout"], "values": [{"value": "LOOCV 9/276. SMOTE augmented.", "step": null, "ts": 1733757700.000841}]}, "version": 181, "at": 1733757700.0008588}
{"obj": {"type": "LogStrings", "path": ["monitoring", "d1cd38f2", "stdout"], "values": [{"value": "\n", "step": null, "ts": 1733757700.0027971}]}, "version": 182, "at": 1733757700.0028071}
{"obj": {"type": "AssignBool", "path": ["classification", "DIAGNOSIS", "output_prob"], "value": false}, "version": 183, "at": 1733757700.002858}
{"obj": {"type": "LogStrings", "path": ["monitoring", "d1cd38f2", "stdout"], "values": [{"value": "F1 score: 0.80", "step": null, "ts": 1733757700.003362}]}, "version": 184, "at": 1733757700.00337}
{"obj": {"type": "LogStrings", "path": ["monitoring", "d1cd38f2", "stdout"], "values": [{"value": "\n", "step": null, "ts": 1733757700.003409}]}, "version": 185, "at": 1733757700.003415}
{"obj": {"type": "AssignString", "path": ["classification", "DIAGNOSIS", "class_weight"], "value": "SMOTE augmented"}, "version": 186, "at": 1733757700.005171}
{"obj": {"type": "LogStrings", "path": ["monitoring", "d1cd38f2", "stdout"], "values": [{"value": "LOOCV 10/276. SMOTE augmented.", "step": null, "ts": 1733757700.098869}]}, "version": 187, "at": 1733757700.098888}
{"obj": {"type": "LogStrings", "path": ["monitoring", "d1cd38f2", "stdout"], "values": [{"value": "\n", "step": null, "ts": 1733757700.100227}]}, "version": 188, "at": 1733757700.100235}
{"obj": {"type": "AssignBool", "path": ["classification", "DIAGNOSIS", "output_prob"], "value": false}, "version": 189, "at": 1733757700.101009}
{"obj": {"type": "LogStrings", "path": ["monitoring", "d1cd38f2", "stdout"], "values": [{"value": "F1 score: 0.75", "step": null, "ts": 1733757700.1018722}]}, "version": 190, "at": 1733757700.10188}
{"obj": {"type": "LogStrings", "path": ["monitoring", "d1cd38f2", "stdout"], "values": [{"value": "\n", "step": null, "ts": 1733757700.1019142}]}, "version": 191, "at": 1733757700.101919}
{"obj": {"type": "AssignString", "path": ["classification", "DIAGNOSIS", "class_weight"], "value": "SMOTE augmented"}, "version": 192, "at": 1733757700.103353}
{"obj": {"type": "AssignBool", "path": ["classification", "DIAGNOSIS", "output_prob"], "value": false}, "version": 193, "at": 1733757700.200119}
{"obj": {"type": "LogStrings", "path": ["monitoring", "d1cd38f2", "stdout"], "values": [{"value": "LOOCV 11/276. SMOTE augmented.", "step": null, "ts": 1733757700.201793}]}, "version": 194, "at": 1733757700.201897}
{"obj": {"type": "LogStrings", "path": ["monitoring", "d1cd38f2", "stdout"], "values": [{"value": "\n", "step": null, "ts": 1733757700.201953}]}, "version": 195, "at": 1733757700.201962}
{"obj": {"type": "LogStrings", "path": ["monitoring", "d1cd38f2", "stdout"], "values": [{"value": "F1 score: 0.76", "step": null, "ts": 1733757700.201997}]}, "version": 196, "at": 1733757700.202003}
{"obj": {"type": "LogStrings", "path": ["monitoring", "d1cd38f2", "stdout"], "values": [{"value": "\n", "step": null, "ts": 1733757700.2020328}]}, "version": 197, "at": 1733757700.202038}
{"obj": {"type": "AssignString", "path": ["classification", "DIAGNOSIS", "class_weight"], "value": "SMOTE augmented"}, "version": 198, "at": 1733757700.202694}
{"obj": {"type": "LogStrings", "path": ["monitoring", "d1cd38f2", "stdout"], "values": [{"value": "LOOCV 12/276. SMOTE augmented.", "step": null, "ts": 1733757700.298146}]}, "version": 199, "at": 1733757700.298167}
{"obj": {"type": "LogStrings", "path": ["monitoring", "d1cd38f2", "stdout"], "values": [{"value": "\n", "step": null, "ts": 1733757700.3010151}]}, "version": 200, "at": 1733757700.301026}
{"obj": {"type": "AssignBool", "path": ["classification", "DIAGNOSIS", "output_prob"], "value": false}, "version": 201, "at": 1733757700.3010838}
{"obj": {"type": "LogStrings", "path": ["monitoring", "d1cd38f2", "stdout"], "values": [{"value": "F1 score: 0.78", "step": null, "ts": 1733757700.3016498}]}, "version": 202, "at": 1733757700.3016598}
{"obj": {"type": "LogStrings", "path": ["monitoring", "d1cd38f2", "stdout"], "values": [{"value": "\n", "step": null, "ts": 1733757700.3017018}]}, "version": 203, "at": 1733757700.3017092}
{"obj": {"type": "AssignString", "path": ["classification", "DIAGNOSIS", "class_weight"], "value": "SMOTE augmented"}, "version": 204, "at": 1733757700.30352}
{"obj": {"type": "AssignBool", "path": ["classification", "DIAGNOSIS", "output_prob"], "value": false}, "version": 205, "at": 1733757700.400158}
{"obj": {"type": "LogStrings", "path": ["monitoring", "d1cd38f2", "stdout"], "values": [{"value": "LOOCV 13/276. SMOTE augmented.", "step": null, "ts": 1733757700.400854}]}, "version": 206, "at": 1733757700.4008691}
{"obj": {"type": "LogStrings", "path": ["monitoring", "d1cd38f2", "stdout"], "values": [{"value": "\n", "step": null, "ts": 1733757700.402061}]}, "version": 207, "at": 1733757700.402069}
{"obj": {"type": "LogStrings", "path": ["monitoring", "d1cd38f2", "stdout"], "values": [{"value": "F1 score: 0.79", "step": null, "ts": 1733757700.402103}]}, "version": 208, "at": 1733757700.402109}
{"obj": {"type": "LogStrings", "path": ["monitoring", "d1cd38f2", "stdout"], "values": [{"value": "\n", "step": null, "ts": 1733757700.402137}]}, "version": 209, "at": 1733757700.402142}
{"obj": {"type": "AssignString", "path": ["classification", "DIAGNOSIS", "class_weight"], "value": "SMOTE augmented"}, "version": 210, "at": 1733757700.40291}
{"obj": {"type": "LogStrings", "path": ["monitoring", "d1cd38f2", "stdout"], "values": [{"value": "LOOCV 14/276. SMOTE augmented.", "step": null, "ts": 1733757700.497223}]}, "version": 211, "at": 1733757700.4972422}
{"obj": {"type": "LogStrings", "path": ["monitoring", "d1cd38f2", "stdout"], "values": [{"value": "\n", "step": null, "ts": 1733757700.498722}]}, "version": 212, "at": 1733757700.498729}
{"obj": {"type": "AssignBool", "path": ["classification", "DIAGNOSIS", "output_prob"], "value": false}, "version": 213, "at": 1733757700.499573}
{"obj": {"type": "LogStrings", "path": ["monitoring", "d1cd38f2", "stdout"], "values": [{"value": "F1 score: 0.73", "step": null, "ts": 1733757700.501188}]}, "version": 214, "at": 1733757700.501199}
{"obj": {"type": "LogStrings", "path": ["monitoring", "d1cd38f2", "stdout"], "values": [{"value": "\n", "step": null, "ts": 1733757700.501245}]}, "version": 215, "at": 1733757700.5012522}
{"obj": {"type": "AssignString", "path": ["classification", "DIAGNOSIS", "class_weight"], "value": "SMOTE augmented"}, "version": 216, "at": 1733757700.5019252}
{"obj": {"type": "AssignBool", "path": ["classification", "DIAGNOSIS", "output_prob"], "value": false}, "version": 217, "at": 1733757700.597912}
{"obj": {"type": "LogStrings", "path": ["monitoring", "d1cd38f2", "stdout"], "values": [{"value": "LOOCV 15/276. SMOTE augmented.", "step": null, "ts": 1733757700.5993211}]}, "version": 218, "at": 1733757700.5993369}
{"obj": {"type": "LogStrings", "path": ["monitoring", "d1cd38f2", "stdout"], "values": [{"value": "\n", "step": null, "ts": 1733757700.599388}]}, "version": 219, "at": 1733757700.599395}
{"obj": {"type": "LogStrings", "path": ["monitoring", "d1cd38f2", "stdout"], "values": [{"value": "F1 score: 0.75", "step": null, "ts": 1733757700.599427}]}, "version": 220, "at": 1733757700.599432}
{"obj": {"type": "LogStrings", "path": ["monitoring", "d1cd38f2", "stdout"], "values": [{"value": "\n", "step": null, "ts": 1733757700.5994592}]}, "version": 221, "at": 1733757700.599464}
{"obj": {"type": "AssignString", "path": ["classification", "DIAGNOSIS", "class_weight"], "value": "SMOTE augmented"}, "version": 222, "at": 1733757700.6003919}
{"obj": {"type": "LogStrings", "path": ["monitoring", "d1cd38f2", "stdout"], "values": [{"value": "LOOCV 16/276. SMOTE augmented.", "step": null, "ts": 1733757700.6966121}]}, "version": 223, "at": 1733757700.69663}
{"obj": {"type": "LogStrings", "path": ["monitoring", "d1cd38f2", "stdout"], "values": [{"value": "\n", "step": null, "ts": 1733757700.696935}]}, "version": 224, "at": 1733757700.696943}
{"obj": {"type": "AssignBool", "path": ["classification", "DIAGNOSIS", "output_prob"], "value": false}, "version": 225, "at": 1733757700.699011}
{"obj": {"type": "LogStrings", "path": ["monitoring", "d1cd38f2", "stdout"], "values": [{"value": "F1 score: 0.76", "step": null, "ts": 1733757700.700373}]}, "version": 226, "at": 1733757700.700383}
{"obj": {"type": "LogStrings", "path": ["monitoring", "d1cd38f2", "stdout"], "values": [{"value": "\n", "step": null, "ts": 1733757700.700429}]}, "version": 227, "at": 1733757700.700435}
{"obj": {"type": "AssignString", "path": ["classification", "DIAGNOSIS", "class_weight"], "value": "SMOTE augmented"}, "version": 228, "at": 1733757700.7014332}
{"obj": {"type": "LogStrings", "path": ["monitoring", "d1cd38f2", "stdout"], "values": [{"value": "LOOCV 17/276. SMOTE augmented.", "step": null, "ts": 1733757700.795038}]}, "version": 229, "at": 1733757700.795056}
{"obj": {"type": "LogStrings", "path": ["monitoring", "d1cd38f2", "stdout"], "values": [{"value": "\n", "step": null, "ts": 1733757700.796702}]}, "version": 230, "at": 1733757700.796711}
{"obj": {"type": "AssignBool", "path": ["classification", "DIAGNOSIS", "output_prob"], "value": false}, "version": 231, "at": 1733757700.796756}
{"obj": {"type": "LogStrings", "path": ["monitoring", "d1cd38f2", "stdout"], "values": [{"value": "F1 score: 0.78", "step": null, "ts": 1733757700.798103}]}, "version": 232, "at": 1733757700.798114}
{"obj": {"type": "LogStrings", "path": ["monitoring", "d1cd38f2", "stdout"], "values": [{"value": "\n", "step": null, "ts": 1733757700.798414}]}, "version": 233, "at": 1733757700.798421}
{"obj": {"type": "AssignString", "path": ["classification", "DIAGNOSIS", "class_weight"], "value": "SMOTE augmented"}, "version": 234, "at": 1733757700.799084}
{"obj": {"type": "LogStrings", "path": ["monitoring", "d1cd38f2", "stdout"], "values": [{"value": "LOOCV 18/276. SMOTE augmented.", "step": null, "ts": 1733757700.896516}]}, "version": 235, "at": 1733757700.8965352}
{"obj": {"type": "AssignBool", "path": ["classification", "DIAGNOSIS", "output_prob"], "value": false}, "version": 236, "at": 1733757700.8969321}
{"obj": {"type": "LogStrings", "path": ["monitoring", "d1cd38f2", "stdout"], "values": [{"value": "\n", "step": null, "ts": 1733757700.897485}]}, "version": 237, "at": 1733757700.897496}
{"obj": {"type": "LogStrings", "path": ["monitoring", "d1cd38f2", "stdout"], "values": [{"value": "F1 score: 0.79", "step": null, "ts": 1733757700.897538}]}, "version": 238, "at": 1733757700.8975449}
{"obj": {"type": "LogStrings", "path": ["monitoring", "d1cd38f2", "stdout"], "values": [{"value": "\n", "step": null, "ts": 1733757700.897577}]}, "version": 239, "at": 1733757700.897582}
{"obj": {"type": "AssignString", "path": ["classification", "DIAGNOSIS", "class_weight"], "value": "SMOTE augmented"}, "version": 240, "at": 1733757700.899319}
{"obj": {"type": "LogStrings", "path": ["monitoring", "d1cd38f2", "stdout"], "values": [{"value": "LOOCV 19/276. SMOTE augmented.", "step": null, "ts": 1733757700.9961321}]}, "version": 241, "at": 1733757700.99615}
{"obj": {"type": "LogStrings", "path": ["monitoring", "d1cd38f2", "stdout"], "values": [{"value": "\n", "step": null, "ts": 1733757700.998073}]}, "version": 242, "at": 1733757700.998081}
{"obj": {"type": "AssignBool", "path": ["classification", "DIAGNOSIS", "output_prob"], "value": false}, "version": 243, "at": 1733757700.998993}
{"obj": {"type": "LogStrings", "path": ["monitoring", "d1cd38f2", "stdout"], "values": [{"value": "F1 score: 0.80", "step": null, "ts": 1733757701.0003562}]}, "version": 244, "at": 1733757701.000368}
{"obj": {"type": "LogStrings", "path": ["monitoring", "d1cd38f2", "stdout"], "values": [{"value": "\n", "step": null, "ts": 1733757701.0004191}]}, "version": 245, "at": 1733757701.000427}
{"obj": {"type": "AssignString", "path": ["classification", "DIAGNOSIS", "class_weight"], "value": "SMOTE augmented"}, "version": 246, "at": 1733757701.001537}
{"obj": {"type": "LogStrings", "path": ["monitoring", "d1cd38f2", "stdout"], "values": [{"value": "LOOCV 20/276. SMOTE augmented.", "step": null, "ts": 1733757701.099381}]}, "version": 247, "at": 1733757701.0994}
{"obj": {"type": "LogStrings", "path": ["monitoring", "d1cd38f2", "stdout"], "values": [{"value": "\n", "step": null, "ts": 1733757701.09951}]}, "version": 248, "at": 1733757701.09952}
{"obj": {"type": "AssignBool", "path": ["classification", "DIAGNOSIS", "output_prob"], "value": false}, "version": 249, "at": 1733757701.101859}
{"obj": {"type": "LogStrings", "path": ["monitoring", "d1cd38f2", "stdout"], "values": [{"value": "F1 score: 0.81", "step": null, "ts": 1733757701.1035478}]}, "version": 250, "at": 1733757701.10356}
{"obj": {"type": "LogStrings", "path": ["monitoring", "d1cd38f2", "stdout"], "values": [{"value": "\n", "step": null, "ts": 1733757701.104297}]}, "version": 251, "at": 1733757701.104307}
{"obj": {"type": "AssignString", "path": ["classification", "DIAGNOSIS", "class_weight"], "value": "SMOTE augmented"}, "version": 252, "at": 1733757701.1043499}
{"obj": {"type": "LogStrings", "path": ["monitoring", "d1cd38f2", "stdout"], "values": [{"value": "LOOCV 21/276. SMOTE augmented.", "step": null, "ts": 1733757701.2021482}]}, "version": 253, "at": 1733757701.202167}
{"obj": {"type": "AssignBool", "path": ["classification", "DIAGNOSIS", "output_prob"], "value": false}, "version": 254, "at": 1733757701.205036}
{"obj": {"type": "LogStrings", "path": ["monitoring", "d1cd38f2", "stdout"], "values": [{"value": "\n", "step": null, "ts": 1733757701.2057369}]}, "version": 255, "at": 1733757701.2057521}
{"obj": {"type": "LogStrings", "path": ["monitoring", "d1cd38f2", "stdout"], "values": [{"value": "F1 score: 0.82", "step": null, "ts": 1733757701.205805}]}, "version": 256, "at": 1733757701.205812}
{"obj": {"type": "LogStrings", "path": ["monitoring", "d1cd38f2", "stdout"], "values": [{"value": "\n", "step": null, "ts": 1733757701.205844}]}, "version": 257, "at": 1733757701.2058501}
{"obj": {"type": "AssignString", "path": ["classification", "DIAGNOSIS", "class_weight"], "value": "SMOTE augmented"}, "version": 258, "at": 1733757701.207853}
{"obj": {"type": "LogStrings", "path": ["monitoring", "d1cd38f2", "stdout"], "values": [{"value": "LOOCV 22/276. SMOTE augmented.", "step": null, "ts": 1733757701.3039749}]}, "version": 259, "at": 1733757701.303995}
{"obj": {"type": "LogStrings", "path": ["monitoring", "d1cd38f2", "stdout"], "values": [{"value": "\n", "step": null, "ts": 1733757701.3041332}]}, "version": 260, "at": 1733757701.30414}
{"obj": {"type": "AssignBool", "path": ["classification", "DIAGNOSIS", "output_prob"], "value": false}, "version": 261, "at": 1733757701.306132}
{"obj": {"type": "LogStrings", "path": ["monitoring", "d1cd38f2", "stdout"], "values": [{"value": "F1 score: 0.78", "step": null, "ts": 1733757701.3067079}]}, "version": 262, "at": 1733757701.306719}
{"obj": {"type": "LogStrings", "path": ["monitoring", "d1cd38f2", "stdout"], "values": [{"value": "\n", "step": null, "ts": 1733757701.306768}]}, "version": 263, "at": 1733757701.306775}
{"obj": {"type": "AssignString", "path": ["classification", "DIAGNOSIS", "class_weight"], "value": "SMOTE augmented"}, "version": 264, "at": 1733757701.308749}
{"obj": {"type": "LogStrings", "path": ["monitoring", "d1cd38f2", "stdout"], "values": [{"value": "LOOCV 23/276. SMOTE augmented.", "step": null, "ts": 1733757701.4105191}]}, "version": 265, "at": 1733757701.410541}
{"obj": {"type": "LogStrings", "path": ["monitoring", "d1cd38f2", "stdout"], "values": [{"value": "\n", "step": null, "ts": 1733757701.4124238}]}, "version": 266, "at": 1733757701.412435}
{"obj": {"type": "AssignBool", "path": ["classification", "DIAGNOSIS", "output_prob"], "value": false}, "version": 267, "at": 1733757701.412492}
{"obj": {"type": "LogStrings", "path": ["monitoring", "d1cd38f2", "stdout"], "values": [{"value": "F1 score: 0.79", "step": null, "ts": 1733757701.413287}]}, "version": 268, "at": 1733757701.4132962}
{"obj": {"type": "LogStrings", "path": ["monitoring", "d1cd38f2", "stdout"], "values": [{"value": "\n", "step": null, "ts": 1733757701.413336}]}, "version": 269, "at": 1733757701.413342}
{"obj": {"type": "AssignString", "path": ["classification", "DIAGNOSIS", "class_weight"], "value": "SMOTE augmented"}, "version": 270, "at": 1733757701.415976}
{"obj": {"type": "LogStrings", "path": ["monitoring", "d1cd38f2", "traceback"], "values": [{"value": "An uncaught exception occurred while run was active on worker Macmini.fritz.box.", "step": null, "ts": 1733757701.4286878}, {"value": "Marking run as failed", "step": null, "ts": 1733757701.4286878}, {"value": "Traceback:", "step": null, "ts": 1733757701.4286878}, {"value": "  File \"/Users/saraiva/PycharmProjects/LTBio/phd_journal/24_12_03/paper_results_images_each_variant.py\", line 25, in <module>\n    make_results(run, out_path, harmonization_method, cov_age, cov_gender, cov_education, cov_diagnosis, MMSE_criteria, MoCA_criteria)\n", "step": null, "ts": 1733757701.4286878}, {"value": "  File \"/Users/saraiva/PycharmProjects/LTBio/phd_journal/24_12_03/paper_results_each_variant.py\", line 128, in make_results\n    classification_with_var(run, pc, datasets_metadata_concatenated, _out_path=variation_out_path,\n", "step": null, "ts": 1733757701.4286878}, {"value": "  File \"/Users/saraiva/PycharmProjects/LTBio/phd_journal/24_12_03/processing.py\", line 335, in classification_with_var\n    model.fit(X_train, y_train)\n", "step": null, "ts": 1733757701.4286878}, {"value": "  File \"/Users/saraiva/PycharmProjects/LTBio/venv/lib/python3.10/site-packages/sklearn/ensemble/_forest.py\", line 465, in fit\n    trees = [\n", "step": null, "ts": 1733757701.4286878}, {"value": "  File \"/Users/saraiva/PycharmProjects/LTBio/venv/lib/python3.10/site-packages/sklearn/ensemble/_forest.py\", line 466, in <listcomp>\n    self._make_estimator(append=False, random_state=random_state)\n", "step": null, "ts": 1733757701.4286878}, {"value": "  File \"/Users/saraiva/PycharmProjects/LTBio/venv/lib/python3.10/site-packages/sklearn/ensemble/_base.py\", line 163, in _make_estimator\n    estimator = clone(self.base_estimator_)\n", "step": null, "ts": 1733757701.4286878}, {"value": "  File \"/Users/saraiva/PycharmProjects/LTBio/venv/lib/python3.10/site-packages/sklearn/base.py\", line 85, in clone\n    new_object_params = estimator.get_params(deep=False)\n", "step": null, "ts": 1733757701.4286878}]}, "version": 271, "at": 1733757701.428721}
{"obj": {"type": "LogStrings", "path": ["monitoring", "d1cd38f2", "traceback"], "values": [{"value": "  File \"/Users/saraiva/PycharmProjects/LTBio/venv/lib/python3.10/site-packages/sklearn/base.py\", line 210, in get_params\n    for key in self._get_param_names():\n", "step": null, "ts": 1733757701.4286878}, {"value": "  File \"/Users/saraiva/PycharmProjects/LTBio/venv/lib/python3.10/site-packages/sklearn/base.py\", line 175, in _get_param_names\n    init_signature = inspect.signature(init)\n", "step": null, "ts": 1733757701.4286878}, {"value": "  File \"/Library/Frameworks/Python.framework/Versions/3.10/lib/python3.10/inspect.py\", line 3250, in signature\n    return Signature.from_callable(obj, follow_wrapped=follow_wrapped,\n", "step": null, "ts": 1733757701.4286878}, {"value": "  File \"/Library/Frameworks/Python.framework/Versions/3.10/lib/python3.10/inspect.py\", line 2998, in from_callable\n    return _signature_from_callable(obj, sigcls=cls,\n", "step": null, "ts": 1733757701.4286878}, {"value": "  File \"/Library/Frameworks/Python.framework/Versions/3.10/lib/python3.10/inspect.py\", line 2459, in _signature_from_callable\n    return _signature_from_function(sigcls, obj,\n", "step": null, "ts": 1733757701.4286878}, {"value": "  File \"/Library/Frameworks/Python.framework/Versions/3.10/lib/python3.10/inspect.py\", line 2353, in _signature_from_function\n    parameters.append(Parameter(name, annotation=annotation,\n", "step": null, "ts": 1733757701.4286878}, {"value": "  File \"/Library/Frameworks/Python.framework/Versions/3.10/lib/python3.10/inspect.py\", line 2635, in __init__\n    self._kind = _ParameterKind(kind)\n", "step": null, "ts": 1733757701.4286878}, {"value": "  File \"/Library/Frameworks/Python.framework/Versions/3.10/lib/python3.10/enum.py\", line 359, in __call__\n    def __call__(cls, value, names=None, *, module=None, qualname=None, type=None, start=1):\n", "step": null, "ts": 1733757701.4286878}, {"value": "", "step": null, "ts": 1733757701.4286878}]}, "version": 272, "at": 1733757701.4288042}
{"obj": {"type": "AssignBool", "path": ["sys", "failed"], "value": true}, "version": 273, "at": 1733757701.4288561}
{"obj": {"type": "LogStrings", "path": ["monitoring", "d1cd38f2", "stderr"], "values": [{"value": "Traceback (most recent call last):\n", "step": null, "ts": 1733757701.428927}]}, "version": 274, "at": 1733757701.428939}
{"obj": {"type": "LogStrings", "path": ["monitoring", "d1cd38f2", "stderr"], "values": [{"value": "  File \"/Users/saraiva/PycharmProjects/LTBio/phd_journal/24_12_03/paper_results_images_each_variant.py\", line 25, in <module>\n", "step": null, "ts": 1733757701.429034}]}, "version": 275, "at": 1733757701.4290419}
{"obj": {"type": "LogStrings", "path": ["monitoring", "d1cd38f2", "stderr"], "values": [{"value": "    ", "step": null, "ts": 1733757701.429132}]}, "version": 276, "at": 1733757701.429138}
{"obj": {"type": "LogStrings", "path": ["monitoring", "d1cd38f2", "stderr"], "values": [{"value": "make_results(run, out_path, harmonization_method, cov_age, cov_gender, cov_education, cov_diagnosis, MMSE_criteria, MoCA_criteria)", "step": null, "ts": 1733757701.429261}]}, "version": 277, "at": 1733757701.429269}
{"obj": {"type": "LogStrings", "path": ["monitoring", "d1cd38f2", "stderr"], "values": [{"value": "\n", "step": null, "ts": 1733757701.429396}]}, "version": 278, "at": 1733757701.4294028}
{"obj": {"type": "LogStrings", "path": ["monitoring", "d1cd38f2", "stderr"], "values": [{"value": "  File \"/Users/saraiva/PycharmProjects/LTBio/phd_journal/24_12_03/paper_results_each_variant.py\", line 128, in make_results\n", "step": null, "ts": 1733757701.429516}]}, "version": 279, "at": 1733757701.4295208}
{"obj": {"type": "LogStrings", "path": ["monitoring", "d1cd38f2", "stderr"], "values": [{"value": "    ", "step": null, "ts": 1733757701.4295528}]}, "version": 280, "at": 1733757701.429558}
{"obj": {"type": "LogStrings", "path": ["monitoring", "d1cd38f2", "stderr"], "values": [{"value": "classification_with_var(run, pc, datasets_metadata_concatenated, _out_path=variation_out_path,", "step": null, "ts": 1733757701.4296389}]}, "version": 281, "at": 1733757701.429645}
{"obj": {"type": "LogStrings", "path": ["monitoring", "d1cd38f2", "stderr"], "values": [{"value": "\n", "step": null, "ts": 1733757701.429722}]}, "version": 282, "at": 1733757701.429727}
{"obj": {"type": "LogStrings", "path": ["monitoring", "d1cd38f2", "stderr"], "values": [{"value": "  File \"/Users/saraiva/PycharmProjects/LTBio/phd_journal/24_12_03/processing.py\", line 335, in classification_with_var\n", "step": null, "ts": 1733757701.429806}]}, "version": 283, "at": 1733757701.429811}
{"obj": {"type": "LogStrings", "path": ["monitoring", "d1cd38f2", "stderr"], "values": [{"value": "    ", "step": null, "ts": 1733757701.4298902}]}, "version": 284, "at": 1733757701.429895}
{"obj": {"type": "LogStrings", "path": ["monitoring", "d1cd38f2", "stderr"], "values": [{"value": "model.fit(X_train, y_train)", "step": null, "ts": 1733757701.4302359}]}, "version": 285, "at": 1733757701.430241}
{"obj": {"type": "LogStrings", "path": ["monitoring", "d1cd38f2", "stderr"], "values": [{"value": "\n", "step": null, "ts": 1733757701.430571}]}, "version": 286, "at": 1733757701.430576}
{"obj": {"type": "LogStrings", "path": ["monitoring", "d1cd38f2", "stderr"], "values": [{"value": "  File \"/Users/saraiva/PycharmProjects/LTBio/venv/lib/python3.10/site-packages/sklearn/ensemble/_forest.py\", line 465, in fit\n", "step": null, "ts": 1733757701.4308531}]}, "version": 287, "at": 1733757701.430858}
{"obj": {"type": "LogStrings", "path": ["monitoring", "d1cd38f2", "stderr"], "values": [{"value": "    ", "step": null, "ts": 1733757701.431113}]}, "version": 288, "at": 1733757701.431117}
{"obj": {"type": "LogStrings", "path": ["monitoring", "d1cd38f2", "stderr"], "values": [{"value": "trees = [", "step": null, "ts": 1733757701.431393}]}, "version": 289, "at": 1733757701.431398}
{"obj": {"type": "LogStrings", "path": ["monitoring", "d1cd38f2", "stdout"], "values": [{"value": "[neptune] [info   ] Shutting down background jobs, please wait a moment...\n", "step": null, "ts": 1733757701.431681}]}, "version": 290, "at": 1733757701.4316869}
{"obj": {"type": "LogStrings", "path": ["monitoring", "d1cd38f2", "stderr"], "values": [{"value": "\n", "step": null, "ts": 1733757701.431736}]}, "version": 291, "at": 1733757701.4317482}
{"obj": {"type": "LogStrings", "path": ["monitoring", "d1cd38f2", "stderr"], "values": [{"value": "  File \"/Users/saraiva/PycharmProjects/LTBio/venv/lib/python3.10/site-packages/sklearn/ensemble/_forest.py\", line 466, in <listcomp>\n", "step": null, "ts": 1733757701.431797}]}, "version": 292, "at": 1733757701.431804}
{"obj": {"type": "LogStrings", "path": ["monitoring", "d1cd38f2", "stderr"], "values": [{"value": "    ", "step": null, "ts": 1733757701.4318368}]}, "version": 293, "at": 1733757701.431842}
{"obj": {"type": "LogStrings", "path": ["monitoring", "d1cd38f2", "stderr"], "values": [{"value": "self._make_estimator(append=False, random_state=random_state)", "step": null, "ts": 1733757701.431869}]}, "version": 294, "at": 1733757701.431874}
{"obj": {"type": "LogStrings", "path": ["monitoring", "d1cd38f2", "stderr"], "values": [{"value": "\n", "step": null, "ts": 1733757701.4318998}]}, "version": 295, "at": 1733757701.431904}
{"obj": {"type": "LogStrings", "path": ["monitoring", "d1cd38f2", "stderr"], "values": [{"value": "  File \"/Users/saraiva/PycharmProjects/LTBio/venv/lib/python3.10/site-packages/sklearn/ensemble/_base.py\", line 163, in _make_estimator\n", "step": null, "ts": 1733757701.431929}]}, "version": 296, "at": 1733757701.4319339}
{"obj": {"type": "LogStrings", "path": ["monitoring", "d1cd38f2", "stderr"], "values": [{"value": "    ", "step": null, "ts": 1733757701.4319592}]}, "version": 297, "at": 1733757701.431964}
{"obj": {"type": "LogStrings", "path": ["monitoring", "d1cd38f2", "stderr"], "values": [{"value": "estimator = clone(self.base_estimator_)", "step": null, "ts": 1733757701.431988}]}, "version": 298, "at": 1733757701.431992}
{"obj": {"type": "LogStrings", "path": ["monitoring", "d1cd38f2", "stderr"], "values": [{"value": "\n", "step": null, "ts": 1733757701.432016}]}, "version": 299, "at": 1733757701.432021}
{"obj": {"type": "LogStrings", "path": ["monitoring", "d1cd38f2", "stderr"], "values": [{"value": "  File \"/Users/saraiva/PycharmProjects/LTBio/venv/lib/python3.10/site-packages/sklearn/base.py\", line 85, in clone\n", "step": null, "ts": 1733757701.432044}]}, "version": 300, "at": 1733757701.4320488}
{"obj": {"type": "LogStrings", "path": ["monitoring", "d1cd38f2", "stderr"], "values": [{"value": "    ", "step": null, "ts": 1733757701.4320729}]}, "version": 301, "at": 1733757701.4320781}
{"obj": {"type": "LogStrings", "path": ["monitoring", "d1cd38f2", "stderr"], "values": [{"value": "new_object_params = estimator.get_params(deep=False)", "step": null, "ts": 1733757701.432102}]}, "version": 302, "at": 1733757701.432107}
{"obj": {"type": "LogStrings", "path": ["monitoring", "d1cd38f2", "stderr"], "values": [{"value": "\n", "step": null, "ts": 1733757701.432131}]}, "version": 303, "at": 1733757701.4321358}
{"obj": {"type": "LogStrings", "path": ["monitoring", "d1cd38f2", "stderr"], "values": [{"value": "  File \"/Users/saraiva/PycharmProjects/LTBio/venv/lib/python3.10/site-packages/sklearn/base.py\", line 210, in get_params\n", "step": null, "ts": 1733757701.432158}]}, "version": 304, "at": 1733757701.432163}
{"obj": {"type": "LogStrings", "path": ["monitoring", "d1cd38f2", "stderr"], "values": [{"value": "    ", "step": null, "ts": 1733757701.4321852}]}, "version": 305, "at": 1733757701.43219}
{"obj": {"type": "LogStrings", "path": ["monitoring", "d1cd38f2", "stderr"], "values": [{"value": "for key in self._get_param_names():", "step": null, "ts": 1733757701.4322119}]}, "version": 306, "at": 1733757701.4322162}
{"obj": {"type": "LogStrings", "path": ["monitoring", "d1cd38f2", "stderr"], "values": [{"value": "\n", "step": null, "ts": 1733757701.432238}]}, "version": 307, "at": 1733757701.432242}
{"obj": {"type": "LogStrings", "path": ["monitoring", "d1cd38f2", "stderr"], "values": [{"value": "  File \"/Users/saraiva/PycharmProjects/LTBio/venv/lib/python3.10/site-packages/sklearn/base.py\", line 175, in _get_param_names\n", "step": null, "ts": 1733757701.432263}]}, "version": 308, "at": 1733757701.4322681}
{"obj": {"type": "LogStrings", "path": ["monitoring", "d1cd38f2", "stderr"], "values": [{"value": "    ", "step": null, "ts": 1733757701.4323149}]}, "version": 309, "at": 1733757701.432319}
{"obj": {"type": "LogStrings", "path": ["monitoring", "d1cd38f2", "stderr"], "values": [{"value": "init_signature = inspect.signature(init)", "step": null, "ts": 1733757701.432342}]}, "version": 310, "at": 1733757701.432346}
{"obj": {"type": "LogStrings", "path": ["monitoring", "d1cd38f2", "stderr"], "values": [{"value": "\n", "step": null, "ts": 1733757701.432368}]}, "version": 311, "at": 1733757701.4323719}
{"obj": {"type": "LogStrings", "path": ["monitoring", "d1cd38f2", "stderr"], "values": [{"value": "  File \"/Library/Frameworks/Python.framework/Versions/3.10/lib/python3.10/inspect.py\", line 3250, in signature\n", "step": null, "ts": 1733757701.432394}]}, "version": 312, "at": 1733757701.432398}
{"obj": {"type": "LogStrings", "path": ["monitoring", "d1cd38f2", "stderr"], "values": [{"value": "    ", "step": null, "ts": 1733757701.43242}]}, "version": 313, "at": 1733757701.4324238}
{"obj": {"type": "LogStrings", "path": ["monitoring", "d1cd38f2", "stderr"], "values": [{"value": "return Signature.from_callable(obj, follow_wrapped=follow_wrapped,", "step": null, "ts": 1733757701.432446}]}, "version": 314, "at": 1733757701.43245}
{"obj": {"type": "LogStrings", "path": ["monitoring", "d1cd38f2", "stderr"], "values": [{"value": "\n", "step": null, "ts": 1733757701.432472}]}, "version": 315, "at": 1733757701.4324758}
{"obj": {"type": "LogStrings", "path": ["monitoring", "d1cd38f2", "stderr"], "values": [{"value": "  File \"/Library/Frameworks/Python.framework/Versions/3.10/lib/python3.10/inspect.py\", line 2998, in from_callable\n", "step": null, "ts": 1733757701.432498}]}, "version": 316, "at": 1733757701.432502}
{"obj": {"type": "LogStrings", "path": ["monitoring", "d1cd38f2", "stderr"], "values": [{"value": "    ", "step": null, "ts": 1733757701.432524}]}, "version": 317, "at": 1733757701.4325278}
{"obj": {"type": "LogStrings", "path": ["monitoring", "d1cd38f2", "stderr"], "values": [{"value": "return _signature_from_callable(obj, sigcls=cls,", "step": null, "ts": 1733757701.43255}]}, "version": 318, "at": 1733757701.432554}
{"obj": {"type": "LogStrings", "path": ["monitoring", "d1cd38f2", "stderr"], "values": [{"value": "\n", "step": null, "ts": 1733757701.432576}]}, "version": 319, "at": 1733757701.43258}
{"obj": {"type": "LogStrings", "path": ["monitoring", "d1cd38f2", "stderr"], "values": [{"value": "  File \"/Library/Frameworks/Python.framework/Versions/3.10/lib/python3.10/inspect.py\", line 2459, in _signature_from_callable\n", "step": null, "ts": 1733757701.432601}]}, "version": 320, "at": 1733757701.432606}
{"obj": {"type": "LogStrings", "path": ["monitoring", "d1cd38f2", "stderr"], "values": [{"value": "    ", "step": null, "ts": 1733757701.432627}]}, "version": 321, "at": 1733757701.432631}
{"obj": {"type": "LogStrings", "path": ["monitoring", "d1cd38f2", "stderr"], "values": [{"value": "return _signature_from_function(sigcls, obj,", "step": null, "ts": 1733757701.432653}]}, "version": 322, "at": 1733757701.432657}
{"obj": {"type": "LogStrings", "path": ["monitoring", "d1cd38f2", "stderr"], "values": [{"value": "\n", "step": null, "ts": 1733757701.432678}]}, "version": 323, "at": 1733757701.432683}
{"obj": {"type": "LogStrings", "path": ["monitoring", "d1cd38f2", "stderr"], "values": [{"value": "  File \"/Library/Frameworks/Python.framework/Versions/3.10/lib/python3.10/inspect.py\", line 2353, in _signature_from_function\n", "step": null, "ts": 1733757701.432704}]}, "version": 324, "at": 1733757701.432708}
{"obj": {"type": "LogStrings", "path": ["monitoring", "d1cd38f2", "stderr"], "values": [{"value": "    ", "step": null, "ts": 1733757701.432729}]}, "version": 325, "at": 1733757701.432734}
{"obj": {"type": "LogStrings", "path": ["monitoring", "d1cd38f2", "stderr"], "values": [{"value": "parameters.append(Parameter(name, annotation=annotation,", "step": null, "ts": 1733757701.432755}]}, "version": 326, "at": 1733757701.432759}
{"obj": {"type": "LogStrings", "path": ["monitoring", "d1cd38f2", "stderr"], "values": [{"value": "\n", "step": null, "ts": 1733757701.432781}]}, "version": 327, "at": 1733757701.4327848}
{"obj": {"type": "LogStrings", "path": ["monitoring", "d1cd38f2", "stderr"], "values": [{"value": "  File \"/Library/Frameworks/Python.framework/Versions/3.10/lib/python3.10/inspect.py\", line 2635, in __init__\n", "step": null, "ts": 1733757701.432807}]}, "version": 328, "at": 1733757701.432811}
{"obj": {"type": "LogStrings", "path": ["monitoring", "d1cd38f2", "stderr"], "values": [{"value": "    ", "step": null, "ts": 1733757701.432833}]}, "version": 329, "at": 1733757701.432838}
{"obj": {"type": "LogStrings", "path": ["monitoring", "d1cd38f2", "stderr"], "values": [{"value": "self._kind = _ParameterKind(kind)", "step": null, "ts": 1733757701.432859}]}, "version": 330, "at": 1733757701.432864}
{"obj": {"type": "LogStrings", "path": ["monitoring", "d1cd38f2", "stderr"], "values": [{"value": "\n", "step": null, "ts": 1733757701.4328861}]}, "version": 331, "at": 1733757701.4328902}
{"obj": {"type": "LogStrings", "path": ["monitoring", "d1cd38f2", "stderr"], "values": [{"value": "  File \"/Library/Frameworks/Python.framework/Versions/3.10/lib/python3.10/enum.py\", line 359, in __call__\n", "step": null, "ts": 1733757701.4329119}]}, "version": 332, "at": 1733757701.4329169}
{"obj": {"type": "LogStrings", "path": ["monitoring", "d1cd38f2", "stderr"], "values": [{"value": "    ", "step": null, "ts": 1733757701.432939}]}, "version": 333, "at": 1733757701.432943}
{"obj": {"type": "LogStrings", "path": ["monitoring", "d1cd38f2", "stderr"], "values": [{"value": "def __call__(cls, value, names=None, *, module=None, qualname=None, type=None, start=1):", "step": null, "ts": 1733757701.432965}]}, "version": 334, "at": 1733757701.43297}
{"obj": {"type": "LogStrings", "path": ["monitoring", "d1cd38f2", "stderr"], "values": [{"value": "\n", "step": null, "ts": 1733757701.432992}]}, "version": 335, "at": 1733757701.4329972}
{"obj": {"type": "LogStrings", "path": ["monitoring", "d1cd38f2", "stderr"], "values": [{"value": "KeyboardInterrupt", "step": null, "ts": 1733757701.433019}]}, "version": 336, "at": 1733757701.433024}
{"obj": {"type": "LogStrings", "path": ["monitoring", "d1cd38f2", "stderr"], "values": [{"value": "", "step": null, "ts": 1733757701.433046}]}, "version": 337, "at": 1733757701.4330502}
{"obj": {"type": "LogStrings", "path": ["monitoring", "d1cd38f2", "stderr"], "values": [{"value": "\n", "step": null, "ts": 1733757701.433072}]}, "version": 338, "at": 1733757701.433077}
