{"obj": {"type": "AssignString", "path": ["sys", "name"], "value": "no name"}, "version": 1, "at": 1733765648.133518}
{"obj": {"type": "AssignString", "path": ["sys", "description"], "value": ""}, "version": 2, "at": 1733765648.133748}
{"obj": {"type": "AssignString", "path": ["monitoring", "7322420b", "hostname"], "value": "Macmini.fritz.box"}, "version": 3, "at": 1733765648.1338298}
{"obj": {"type": "AssignString", "path": ["sys", "hostname"], "value": "Macmini.fritz.box"}, "version": 4, "at": 1733765648.1338902}
{"obj": {"type": "AssignString", "path": ["monitoring", "7322420b", "pid"], "value": "13418"}, "version": 5, "at": 1733765648.133949}
{"obj": {"type": "AssignString", "path": ["monitoring", "7322420b", "tid"], "value": "8631334976"}, "version": 6, "at": 1733765648.134005}
{"obj": {"type": "AddStrings", "path": ["sys", "tags"], "values": ["3 datasets", "mmse gap 24-26", "Newcastle", "Izmir"]}, "version": 7, "at": 1733765648.134079}
{"obj": {"type": "AssignBool", "path": ["sys", "failed"], "value": false}, "version": 8, "at": 1733765648.13413}
{"obj": {"type": "ClearStringLog", "path": ["monitoring", "7322420b", "stdout"]}, "version": 9, "at": 1733765648.1342}
{"obj": {"type": "ClearStringLog", "path": ["monitoring", "7322420b", "stderr"]}, "version": 10, "at": 1733765648.134252}
{"obj": {"type": "AssignString", "path": ["source_code", "entrypoint"], "value": "paper_results_images_each_variant.py"}, "version": 11, "at": 1733765648.1348212}
{"obj": {"type": "UploadFileSet", "path": ["source_code", "files"], "file_globs": ["/Users/saraiva/PycharmProjects/LTBio/phd_journal/24_12_03/*.py"], "reset": "False"}, "version": 12, "at": 1733765648.134916}
{"obj": {"type": "UploadFile", "path": ["source_code", "diff"], "ext": "patch", "file_path": null, "tmp_file_name": "source_code_diff-1733765648.253026-2024-12-09_18.34.08.253026.patch", "clean_after_upload": false}, "version": 13, "at": 1733765648.254538}
{"obj": {"type": "ConfigFloatSeries", "path": ["monitoring", "7322420b", "cpu"], "min": 0.0, "max": 100.0, "unit": "%"}, "version": 14, "at": 1733765648.260767}
{"obj": {"type": "ClearFloatLog", "path": ["monitoring", "7322420b", "cpu"]}, "version": 15, "at": 1733765648.260921}
{"obj": {"type": "ConfigFloatSeries", "path": ["monitoring", "7322420b", "memory"], "min": 0.0, "max": 16.0, "unit": "GB"}, "version": 16, "at": 1733765648.261055}
{"obj": {"type": "ClearFloatLog", "path": ["monitoring", "7322420b", "memory"]}, "version": 17, "at": 1733765648.26109}
{"obj": {"type": "LogFloats", "path": ["monitoring", "7322420b", "cpu"], "values": [{"value": 78.3, "step": null, "ts": 1733765648.261159}]}, "version": 18, "at": 1733765648.261236}
{"obj": {"type": "AssignString", "path": ["datasets", "combination"], "value": "['Izmir', 'Newcastle']"}, "version": 19, "at": 1733765648.261417}
{"obj": {"type": "LogFloats", "path": ["monitoring", "7322420b", "memory"], "values": [{"value": 11.306991577148438, "step": null, "ts": 1733765648.261159}]}, "version": 20, "at": 1733765648.261493}
{"obj": {"type": "AssignString", "path": ["datasets", "criteria"], "value": "AD criteria: AD & (MMSE<=23 | MoCA<=18)\nHC criteria: HC & (MMSE>=27 | MoCA>=24)"}, "version": 21, "at": 1733765648.269881}
{"obj": {"type": "UploadFile", "path": ["datasets", "before", "Izmir"], "ext": "html", "file_path": null, "tmp_file_name": "datasets_before_Izmir-1733765648.289864-2024-12-09_18.34.08.289864.html", "clean_after_upload": false}, "version": 22, "at": 1733765648.290077}
{"obj": {"type": "UploadFile", "path": ["datasets", "before", "Newcastle"], "ext": "html", "file_path": null, "tmp_file_name": "datasets_before_Newcastle-1733765648.300655-2024-12-09_18.34.08.300655.html", "clean_after_upload": false}, "version": 23, "at": 1733765648.300808}
{"obj": {"type": "LogStrings", "path": ["monitoring", "7322420b", "stdout"], "values": [{"value": "0", "step": null, "ts": 1733765648.3018858}]}, "version": 24, "at": 1733765648.301899}
{"obj": {"type": "AssignString", "path": ["harmonization", "params", "method"], "value": "none"}, "version": 25, "at": 1733765648.3028648}
{"obj": {"type": "AssignBool", "path": ["harmonization", "params", "log_transform"], "value": true}, "version": 26, "at": 1733765648.3029492}
{"obj": {"type": "AssignString", "path": ["harmonization", "params", "standardize"], "value": "none"}, "version": 27, "at": 1733765648.3029928}
{"obj": {"type": "AssignBool", "path": ["harmonization", "params", "cov_age"], "value": true}, "version": 28, "at": 1733765648.3030279}
{"obj": {"type": "AssignBool", "path": ["harmonization", "params", "cov_gender"], "value": true}, "version": 29, "at": 1733765648.303057}
{"obj": {"type": "AssignBool", "path": ["harmonization", "params", "cov_education"], "value": false}, "version": 30, "at": 1733765648.303086}
{"obj": {"type": "AssignBool", "path": ["harmonization", "params", "cov_diagnosis"], "value": true}, "version": 31, "at": 1733765648.303114}
{"obj": {"type": "LogStrings", "path": ["monitoring", "7322420b", "stdout"], "values": [{"value": "\n", "step": null, "ts": 1733765648.3032472}]}, "version": 32, "at": 1733765648.3032541}
{"obj": {"type": "TrackFilesToArtifact", "path": ["datasets", "after", "Izmir_track"], "entries": [["./each_variation/none/Izmir.csv", null]], "project_id": "0185c1d2-e230-4393-98bd-19b911873975"}, "version": 33, "at": 1733765648.3062432}
{"obj": {"type": "UploadFile", "path": ["datasets", "after", "Izmir"], "ext": "csv", "file_path": "/Users/saraiva/PycharmProjects/LTBio/phd_journal/24_12_03/each_variation/none/Izmir.csv", "tmp_file_name": null, "clean_after_upload": false}, "version": 34, "at": 1733765648.306456}
{"obj": {"type": "TrackFilesToArtifact", "path": ["datasets", "after", "Newcastle_track"], "entries": [["./each_variation/none/Newcastle.csv", null]], "project_id": "0185c1d2-e230-4393-98bd-19b911873975"}, "version": 35, "at": 1733765648.308052}
{"obj": {"type": "UploadFile", "path": ["datasets", "after", "Newcastle"], "ext": "csv", "file_path": "/Users/saraiva/PycharmProjects/LTBio/phd_journal/24_12_03/each_variation/none/Newcastle.csv", "tmp_file_name": null, "clean_after_upload": false}, "version": 36, "at": 1733765648.308127}
{"obj": {"type": "LogStrings", "path": ["monitoring", "7322420b", "stderr"], "values": [{"value": "/Users/saraiva/PycharmProjects/LTBio/venv/lib/python3.10/site-packages/sklearn/manifold/_t_sne.py:795: FutureWarning: The default initialization in TSNE will change from 'random' to 'pca' in 1.2.\n  warnings.warn(\n", "step": null, "ts": 1733765648.318177}]}, "version": 37, "at": 1733765648.3181891}
{"obj": {"type": "AssignString", "path": ["simple_diagnosis_discriminant", "norm"], "value": "none"}, "version": 38, "at": 1733765648.8091872}
{"obj": {"type": "AssignString", "path": ["simple_diagnosis_discriminant", "features"], "value": "['Delta_Frontal', 'Delta_Central', 'Delta_Parietal', 'Delta_Occipital', 'Delta_Temporal', 'Delta_Limbic', 'Alpha1_Frontal', 'Alpha1_Central', 'Alpha1_Parietal', 'Alpha1_Occipital', 'Alpha1_Temporal', 'Alpha1_Limbic', 'Theta_Frontal', 'Theta_Central', 'Theta_Parietal', 'Theta_Occipital', 'Theta_Temporal', 'Theta_Limbic', 'Alpha2_Frontal', 'Alpha2_Central', 'Alpha2_Parietal', 'Alpha2_Occipital', 'Alpha2_Temporal', 'Alpha2_Limbic', 'Alpha3_Frontal', 'Alpha3_Central', 'Alpha3_Parietal', 'Alpha3_Occipital', 'Alpha3_Temporal', 'Alpha3_Limbic', 'Beta1_Frontal', 'Beta1_Central', 'Beta1_Parietal', 'Beta1_Occipital', 'Beta1_Temporal', 'Beta1_Limbic', 'Beta2_Frontal', 'Beta2_Central', 'Beta2_Parietal', 'Beta2_Occipital', 'Beta2_Temporal', 'Beta2_Limbic', 'Gamma_Frontal', 'Gamma_Central', 'Gamma_Parietal', 'Gamma_Occipital', 'Gamma_Temporal', 'Gamma_Limbic']"}, "version": 39, "at": 1733765648.8093262}
{"obj": {"type": "LogStrings", "path": ["monitoring", "7322420b", "stdout"], "values": [{"value": "Selected features:", "step": null, "ts": 1733765648.809642}]}, "version": 40, "at": 1733765648.8096519}
{"obj": {"type": "LogStrings", "path": ["monitoring", "7322420b", "stdout"], "values": [{"value": "\n", "step": null, "ts": 1733765648.8097951}]}, "version": 41, "at": 1733765648.809802}
{"obj": {"type": "AssignString", "path": ["simple_diagnosis_discriminant", "model_description"], "value": "PCA(n_components=range(2, 16), random_state=0)"}, "version": 42, "at": 1733765648.810624}
{"obj": {"type": "LogStrings", "path": ["monitoring", "7322420b", "stdout"], "values": [{"value": "['Delta_Frontal', 'Delta_Central', 'Delta_Parietal', 'Delta_Occipital', 'Delta_Temporal', 'Delta_Limbic', 'Alpha1_Frontal', 'Alpha1_Central', 'Alpha1_Parietal', 'Alpha1_Occipital', 'Alpha1_Temporal', 'Alpha1_Limbic', 'Theta_Frontal', 'Theta_Central', 'Theta_Parietal', 'Theta_Occipital', 'Theta_Temporal', 'Theta_Limbic', 'Alpha2_Frontal', 'Alpha2_Central', 'Alpha2_Parietal', 'Alpha2_Occipital', 'Alpha2_Temporal', 'Alpha2_Limbic', 'Alpha3_Frontal', 'Alpha3_Central', 'Alpha3_Parietal', 'Alpha3_Occipital', 'Alpha3_Temporal', 'Alpha3_Limbic', 'Beta1_Frontal', 'Beta1_Central', 'Beta1_Parietal', 'Beta1_Occipital', 'Beta1_Temporal', 'Beta1_Limbic', 'Beta2_Frontal', 'Beta2_Central', 'Beta2_Parietal', 'Beta2_Occipital', 'Beta2_Temporal', 'Beta2_Limbic', 'Gamma_Frontal', 'Gamma_Central', 'Gamma_Parietal', 'Gamma_Occipital', 'Gamma_Temporal', 'Gamma_Limbic']", "step": null, "ts": 1733765648.811303}]}, "version": 43, "at": 1733765648.81131}
{"obj": {"type": "LogStrings", "path": ["monitoring", "7322420b", "stdout"], "values": [{"value": "\n", "step": null, "ts": 1733765648.812445}]}, "version": 44, "at": 1733765648.812453}
{"obj": {"type": "LogStrings", "path": ["monitoring", "7322420b", "stdout"], "values": [{"value": "'<=' not supported between instances of 'int' and 'range'", "step": null, "ts": 1733765648.812842}]}, "version": 45, "at": 1733765648.8128488}
{"obj": {"type": "LogStrings", "path": ["monitoring", "7322420b", "stdout"], "values": [{"value": "\n", "step": null, "ts": 1733765648.8131351}]}, "version": 46, "at": 1733765648.81314}
{"obj": {"type": "LogStrings", "path": ["monitoring", "7322420b", "stdout"], "values": [{"value": "4 PCs", "step": null, "ts": 1733765648.813455}]}, "version": 47, "at": 1733765648.813461}
{"obj": {"type": "LogStrings", "path": ["monitoring", "7322420b", "stdout"], "values": [{"value": "\n", "step": null, "ts": 1733765648.8138728}]}, "version": 48, "at": 1733765648.81388}
{"obj": {"type": "LogStrings", "path": ["monitoring", "7322420b", "stdout"], "values": [{"value": "none variant", "step": null, "ts": 1733765648.814174}]}, "version": 49, "at": 1733765648.8141792}
{"obj": {"type": "LogStrings", "path": ["monitoring", "7322420b", "stdout"], "values": [{"value": "\n", "step": null, "ts": 1733765648.814246}]}, "version": 50, "at": 1733765648.814251}
{"obj": {"type": "LogStrings", "path": ["monitoring", "7322420b", "stdout"], "values": [{"value": "[neptune] [info   ] Neptune initialized. Open in the app: https://app.neptune.ai/Combat4EEG/CombatManuscript/e/CB-135\n", "step": null, "ts": 1733765649.147418}]}, "version": 51, "at": 1733765649.147438}
{"obj": {"type": "LogStrings", "path": ["monitoring", "7322420b", "stdout"], "values": [{"value": "0", "step": null, "ts": 1733765649.191637}]}, "version": 52, "at": 1733765649.191651}
{"obj": {"type": "LogStrings", "path": ["monitoring", "7322420b", "stdout"], "values": [{"value": "\n", "step": null, "ts": 1733765649.1919732}]}, "version": 53, "at": 1733765649.1919801}
{"obj": {"type": "LogStrings", "path": ["monitoring", "7322420b", "stderr"], "values": [{"value": "/Users/saraiva/PycharmProjects/LTBio/venv/lib/python3.10/site-packages/sklearn/manifold/_t_sne.py:795: FutureWarning: The default initialization in TSNE will change from 'random' to 'pca' in 1.2.\n  warnings.warn(\n", "step": null, "ts": 1733765649.209866}]}, "version": 54, "at": 1733765649.209873}
{"obj": {"type": "LogStrings", "path": ["monitoring", "7322420b", "stdout"], "values": [{"value": "Selected features:", "step": null, "ts": 1733765649.698147}]}, "version": 55, "at": 1733765649.698154}
{"obj": {"type": "LogStrings", "path": ["monitoring", "7322420b", "stdout"], "values": [{"value": "\n", "step": null, "ts": 1733765649.698891}]}, "version": 56, "at": 1733765649.698901}
{"obj": {"type": "LogStrings", "path": ["monitoring", "7322420b", "stdout"], "values": [{"value": "['Delta_Frontal', 'Delta_Central', 'Delta_Parietal', 'Delta_Occipital', 'Delta_Temporal', 'Delta_Limbic', 'Alpha1_Frontal', 'Alpha1_Central', 'Alpha1_Parietal', 'Alpha1_Occipital', 'Alpha1_Temporal', 'Alpha1_Limbic', 'Theta_Frontal', 'Theta_Central', 'Theta_Parietal', 'Theta_Occipital', 'Theta_Temporal', 'Theta_Limbic', 'Alpha2_Frontal', 'Alpha2_Central', 'Alpha2_Parietal', 'Alpha2_Occipital', 'Alpha2_Temporal', 'Alpha2_Limbic', 'Alpha3_Frontal', 'Alpha3_Central', 'Alpha3_Parietal', 'Alpha3_Occipital', 'Alpha3_Temporal', 'Alpha3_Limbic', 'Beta1_Frontal', 'Beta1_Central', 'Beta1_Parietal', 'Beta1_Occipital', 'Beta1_Temporal', 'Beta1_Limbic', 'Beta2_Frontal', 'Beta2_Central', 'Beta2_Parietal', 'Beta2_Occipital', 'Beta2_Temporal', 'Beta2_Limbic', 'Gamma_Frontal', 'Gamma_Central', 'Gamma_Parietal', 'Gamma_Occipital', 'Gamma_Temporal', 'Gamma_Limbic']", "step": null, "ts": 1733765649.699363}]}, "version": 57, "at": 1733765649.69937}
{"obj": {"type": "LogStrings", "path": ["monitoring", "7322420b", "stdout"], "values": [{"value": "\n", "step": null, "ts": 1733765649.699712}]}, "version": 58, "at": 1733765649.699718}
{"obj": {"type": "LogStrings", "path": ["monitoring", "7322420b", "stdout"], "values": [{"value": "'<=' not supported between instances of 'int' and 'range'", "step": null, "ts": 1733765649.7013571}]}, "version": 59, "at": 1733765649.701392}
{"obj": {"type": "LogStrings", "path": ["monitoring", "7322420b", "stdout"], "values": [{"value": "\n", "step": null, "ts": 1733765649.701712}]}, "version": 60, "at": 1733765649.701719}
{"obj": {"type": "LogStrings", "path": ["monitoring", "7322420b", "stdout"], "values": [{"value": "neuroharmonize variant", "step": null, "ts": 1733765649.702249}]}, "version": 61, "at": 1733765649.702254}
{"obj": {"type": "LogStrings", "path": ["monitoring", "7322420b", "stdout"], "values": [{"value": "\n", "step": null, "ts": 1733765649.703107}]}, "version": 62, "at": 1733765649.703113}
{"obj": {"type": "LogStrings", "path": ["monitoring", "7322420b", "stdout"], "values": [{"value": "[neptune] [info   ] Neptune initialized. Open in the app: https://app.neptune.ai/Combat4EEG/CombatManuscript/e/CB-136\n", "step": null, "ts": 1733765650.024201}]}, "version": 63, "at": 1733765650.024226}
{"obj": {"type": "LogStrings", "path": ["monitoring", "7322420b", "stdout"], "values": [{"value": "0", "step": null, "ts": 1733765650.07041}]}, "version": 64, "at": 1733765650.070421}
{"obj": {"type": "LogStrings", "path": ["monitoring", "7322420b", "stdout"], "values": [{"value": "\n", "step": null, "ts": 1733765650.071091}]}, "version": 65, "at": 1733765650.0711}
{"obj": {"type": "LogStrings", "path": ["monitoring", "7322420b", "stderr"], "values": [{"value": "/Users/saraiva/PycharmProjects/LTBio/venv/lib/python3.10/site-packages/sklearn/manifold/_t_sne.py:795: FutureWarning: The default initialization in TSNE will change from 'random' to 'pca' in 1.2.\n  warnings.warn(\n", "step": null, "ts": 1733765650.0869288}]}, "version": 66, "at": 1733765650.086941}
{"obj": {"type": "LogStrings", "path": ["monitoring", "7322420b", "stdout"], "values": [{"value": "Selected features:", "step": null, "ts": 1733765650.5770838}]}, "version": 67, "at": 1733765650.5770938}
{"obj": {"type": "LogStrings", "path": ["monitoring", "7322420b", "stdout"], "values": [{"value": "\n", "step": null, "ts": 1733765650.577464}]}, "version": 68, "at": 1733765650.577471}
{"obj": {"type": "LogStrings", "path": ["monitoring", "7322420b", "stdout"], "values": [{"value": "['Delta_Frontal', 'Delta_Central', 'Delta_Parietal', 'Delta_Occipital', 'Delta_Temporal', 'Delta_Limbic', 'Alpha1_Frontal', 'Alpha1_Central', 'Alpha1_Parietal', 'Alpha1_Occipital', 'Alpha1_Temporal', 'Alpha1_Limbic', 'Theta_Frontal', 'Theta_Central', 'Theta_Parietal', 'Theta_Occipital', 'Theta_Temporal', 'Theta_Limbic', 'Alpha2_Frontal', 'Alpha2_Central', 'Alpha2_Parietal', 'Alpha2_Occipital', 'Alpha2_Temporal', 'Alpha2_Limbic', 'Alpha3_Frontal', 'Alpha3_Central', 'Alpha3_Parietal', 'Alpha3_Occipital', 'Alpha3_Temporal', 'Alpha3_Limbic', 'Beta1_Frontal', 'Beta1_Central', 'Beta1_Parietal', 'Beta1_Occipital', 'Beta1_Temporal', 'Beta1_Limbic', 'Beta2_Frontal', 'Beta2_Central', 'Beta2_Parietal', 'Beta2_Occipital', 'Beta2_Temporal', 'Beta2_Limbic', 'Gamma_Frontal', 'Gamma_Central', 'Gamma_Parietal', 'Gamma_Occipital', 'Gamma_Temporal', 'Gamma_Limbic']", "step": null, "ts": 1733765650.5782}]}, "version": 69, "at": 1733765650.578208}
{"obj": {"type": "LogStrings", "path": ["monitoring", "7322420b", "stdout"], "values": [{"value": "\n", "step": null, "ts": 1733765650.57856}]}, "version": 70, "at": 1733765650.5785651}
{"obj": {"type": "LogStrings", "path": ["monitoring", "7322420b", "stdout"], "values": [{"value": "'<=' not supported between instances of 'int' and 'range'", "step": null, "ts": 1733765650.5803149}]}, "version": 71, "at": 1733765650.580322}
{"obj": {"type": "LogStrings", "path": ["monitoring", "7322420b", "stdout"], "values": [{"value": "\n", "step": null, "ts": 1733765650.580779}]}, "version": 72, "at": 1733765650.580784}
{"obj": {"type": "LogStrings", "path": ["monitoring", "7322420b", "stdout"], "values": [{"value": "5 PCs", "step": null, "ts": 1733765650.581898}]}, "version": 73, "at": 1733765650.5819032}
{"obj": {"type": "LogStrings", "path": ["monitoring", "7322420b", "stdout"], "values": [{"value": "\n", "step": null, "ts": 1733765650.5829}]}, "version": 74, "at": 1733765650.582905}
{"obj": {"type": "LogStrings", "path": ["monitoring", "7322420b", "stdout"], "values": [{"value": "none variant", "step": null, "ts": 1733765650.583404}]}, "version": 75, "at": 1733765650.5834088}
{"obj": {"type": "LogStrings", "path": ["monitoring", "7322420b", "stdout"], "values": [{"value": "\n", "step": null, "ts": 1733765650.583659}]}, "version": 76, "at": 1733765650.5836642}
{"obj": {"type": "LogStrings", "path": ["monitoring", "7322420b", "stdout"], "values": [{"value": "[neptune] [info   ] Neptune initialized. Open in the app: https://app.neptune.ai/Combat4EEG/CombatManuscript/e/CB-137\n", "step": null, "ts": 1733765650.949784}]}, "version": 77, "at": 1733765650.949793}
{"obj": {"type": "LogStrings", "path": ["monitoring", "7322420b", "stdout"], "values": [{"value": "0", "step": null, "ts": 1733765650.9963362}]}, "version": 78, "at": 1733765650.996346}
{"obj": {"type": "LogStrings", "path": ["monitoring", "7322420b", "stdout"], "values": [{"value": "\n", "step": null, "ts": 1733765650.9972858}]}, "version": 79, "at": 1733765650.997292}
{"obj": {"type": "LogStrings", "path": ["monitoring", "7322420b", "stderr"], "values": [{"value": "/Users/saraiva/PycharmProjects/LTBio/venv/lib/python3.10/site-packages/sklearn/manifold/_t_sne.py:795: FutureWarning: The default initialization in TSNE will change from 'random' to 'pca' in 1.2.\n  warnings.warn(\n", "step": null, "ts": 1733765651.0156648}]}, "version": 80, "at": 1733765651.0156748}
{"obj": {"type": "LogStrings", "path": ["monitoring", "7322420b", "stdout"], "values": [{"value": "Selected features:", "step": null, "ts": 1733765651.505642}]}, "version": 81, "at": 1733765651.5056589}
{"obj": {"type": "LogStrings", "path": ["monitoring", "7322420b", "stdout"], "values": [{"value": "\n", "step": null, "ts": 1733765651.5074298}]}, "version": 82, "at": 1733765651.5074592}
{"obj": {"type": "LogStrings", "path": ["monitoring", "7322420b", "stdout"], "values": [{"value": "['Delta_Frontal', 'Delta_Central', 'Delta_Parietal', 'Delta_Occipital', 'Delta_Temporal', 'Delta_Limbic', 'Alpha1_Frontal', 'Alpha1_Central', 'Alpha1_Parietal', 'Alpha1_Occipital', 'Alpha1_Temporal', 'Alpha1_Limbic', 'Theta_Frontal', 'Theta_Central', 'Theta_Parietal', 'Theta_Occipital', 'Theta_Temporal', 'Theta_Limbic', 'Alpha2_Frontal', 'Alpha2_Central', 'Alpha2_Parietal', 'Alpha2_Occipital', 'Alpha2_Temporal', 'Alpha2_Limbic', 'Alpha3_Frontal', 'Alpha3_Central', 'Alpha3_Parietal', 'Alpha3_Occipital', 'Alpha3_Temporal', 'Alpha3_Limbic', 'Beta1_Frontal', 'Beta1_Central', 'Beta1_Parietal', 'Beta1_Occipital', 'Beta1_Temporal', 'Beta1_Limbic', 'Beta2_Frontal', 'Beta2_Central', 'Beta2_Parietal', 'Beta2_Occipital', 'Beta2_Temporal', 'Beta2_Limbic', 'Gamma_Frontal', 'Gamma_Central', 'Gamma_Parietal', 'Gamma_Occipital', 'Gamma_Temporal', 'Gamma_Limbic']", "step": null, "ts": 1733765651.508464}]}, "version": 83, "at": 1733765651.508469}
{"obj": {"type": "LogStrings", "path": ["monitoring", "7322420b", "stdout"], "values": [{"value": "\n", "step": null, "ts": 1733765651.5086908}]}, "version": 84, "at": 1733765651.508696}
{"obj": {"type": "LogStrings", "path": ["monitoring", "7322420b", "stdout"], "values": [{"value": "'<=' not supported between instances of 'int' and 'range'", "step": null, "ts": 1733765651.510218}]}, "version": 85, "at": 1733765651.5102239}
{"obj": {"type": "LogStrings", "path": ["monitoring", "7322420b", "stdout"], "values": [{"value": "\n", "step": null, "ts": 1733765651.5112221}]}, "version": 86, "at": 1733765651.5112278}
{"obj": {"type": "LogStrings", "path": ["monitoring", "7322420b", "stdout"], "values": [{"value": "neuroharmonize variant", "step": null, "ts": 1733765651.5118048}]}, "version": 87, "at": 1733765651.51181}
{"obj": {"type": "LogStrings", "path": ["monitoring", "7322420b", "stdout"], "values": [{"value": "\n", "step": null, "ts": 1733765651.512299}]}, "version": 88, "at": 1733765651.512304}
{"obj": {"type": "LogStrings", "path": ["monitoring", "7322420b", "stdout"], "values": [{"value": "[neptune] [info   ] Neptune initialized. Open in the app: https://app.neptune.ai/Combat4EEG/CombatManuscript/e/CB-138\n", "step": null, "ts": 1733765651.929606}]}, "version": 89, "at": 1733765651.929617}
{"obj": {"type": "LogStrings", "path": ["monitoring", "7322420b", "stdout"], "values": [{"value": "0", "step": null, "ts": 1733765651.9746828}]}, "version": 90, "at": 1733765651.97469}
{"obj": {"type": "LogStrings", "path": ["monitoring", "7322420b", "stdout"], "values": [{"value": "\n", "step": null, "ts": 1733765651.975327}]}, "version": 91, "at": 1733765651.975334}
{"obj": {"type": "LogStrings", "path": ["monitoring", "7322420b", "stderr"], "values": [{"value": "/Users/saraiva/PycharmProjects/LTBio/venv/lib/python3.10/site-packages/sklearn/manifold/_t_sne.py:795: FutureWarning: The default initialization in TSNE will change from 'random' to 'pca' in 1.2.\n  warnings.warn(\n", "step": null, "ts": 1733765651.991877}]}, "version": 92, "at": 1733765651.9918878}
{"obj": {"type": "LogStrings", "path": ["monitoring", "7322420b", "stdout"], "values": [{"value": "Selected features:", "step": null, "ts": 1733765652.481142}]}, "version": 93, "at": 1733765652.481153}
{"obj": {"type": "LogStrings", "path": ["monitoring", "7322420b", "stdout"], "values": [{"value": "\n", "step": null, "ts": 1733765652.482529}]}, "version": 94, "at": 1733765652.482535}
{"obj": {"type": "LogStrings", "path": ["monitoring", "7322420b", "stdout"], "values": [{"value": "['Delta_Frontal', 'Delta_Central', 'Delta_Parietal', 'Delta_Occipital', 'Delta_Temporal', 'Delta_Limbic', 'Alpha1_Frontal', 'Alpha1_Central', 'Alpha1_Parietal', 'Alpha1_Occipital', 'Alpha1_Temporal', 'Alpha1_Limbic', 'Theta_Frontal', 'Theta_Central', 'Theta_Parietal', 'Theta_Occipital', 'Theta_Temporal', 'Theta_Limbic', 'Alpha2_Frontal', 'Alpha2_Central', 'Alpha2_Parietal', 'Alpha2_Occipital', 'Alpha2_Temporal', 'Alpha2_Limbic', 'Alpha3_Frontal', 'Alpha3_Central', 'Alpha3_Parietal', 'Alpha3_Occipital', 'Alpha3_Temporal', 'Alpha3_Limbic', 'Beta1_Frontal', 'Beta1_Central', 'Beta1_Parietal', 'Beta1_Occipital', 'Beta1_Temporal', 'Beta1_Limbic', 'Beta2_Frontal', 'Beta2_Central', 'Beta2_Parietal', 'Beta2_Occipital', 'Beta2_Temporal', 'Beta2_Limbic', 'Gamma_Frontal', 'Gamma_Central', 'Gamma_Parietal', 'Gamma_Occipital', 'Gamma_Temporal', 'Gamma_Limbic']", "step": null, "ts": 1733765652.483496}]}, "version": 95, "at": 1733765652.483501}
{"obj": {"type": "LogStrings", "path": ["monitoring", "7322420b", "stdout"], "values": [{"value": "\n", "step": null, "ts": 1733765652.4839349}]}, "version": 96, "at": 1733765652.483941}
{"obj": {"type": "LogStrings", "path": ["monitoring", "7322420b", "stdout"], "values": [{"value": "'<=' not supported between instances of 'int' and 'range'", "step": null, "ts": 1733765652.485732}]}, "version": 97, "at": 1733765652.485738}
{"obj": {"type": "LogStrings", "path": ["monitoring", "7322420b", "stdout"], "values": [{"value": "\n", "step": null, "ts": 1733765652.486498}]}, "version": 98, "at": 1733765652.486503}
{"obj": {"type": "LogStrings", "path": ["monitoring", "7322420b", "stdout"], "values": [{"value": "6 PCs", "step": null, "ts": 1733765652.48683}]}, "version": 99, "at": 1733765652.486836}
{"obj": {"type": "LogStrings", "path": ["monitoring", "7322420b", "stdout"], "values": [{"value": "\n", "step": null, "ts": 1733765652.488183}]}, "version": 100, "at": 1733765652.488189}
{"obj": {"type": "LogStrings", "path": ["monitoring", "7322420b", "stdout"], "values": [{"value": "none variant", "step": null, "ts": 1733765652.4891489}]}, "version": 101, "at": 1733765652.489154}
{"obj": {"type": "LogStrings", "path": ["monitoring", "7322420b", "stdout"], "values": [{"value": "\n", "step": null, "ts": 1733765652.489729}]}, "version": 102, "at": 1733765652.489734}
{"obj": {"type": "LogStrings", "path": ["monitoring", "7322420b", "stdout"], "values": [{"value": "[neptune] [info   ] Neptune initialized. Open in the app: https://app.neptune.ai/Combat4EEG/CombatManuscript/e/CB-139\n", "step": null, "ts": 1733765652.823959}]}, "version": 103, "at": 1733765652.823968}
{"obj": {"type": "LogStrings", "path": ["monitoring", "7322420b", "stdout"], "values": [{"value": "0", "step": null, "ts": 1733765652.870163}]}, "version": 104, "at": 1733765652.870177}
{"obj": {"type": "LogStrings", "path": ["monitoring", "7322420b", "stdout"], "values": [{"value": "\n", "step": null, "ts": 1733765652.871066}]}, "version": 105, "at": 1733765652.8710709}
{"obj": {"type": "LogStrings", "path": ["monitoring", "7322420b", "stderr"], "values": [{"value": "/Users/saraiva/PycharmProjects/LTBio/venv/lib/python3.10/site-packages/sklearn/manifold/_t_sne.py:795: FutureWarning: The default initialization in TSNE will change from 'random' to 'pca' in 1.2.\n  warnings.warn(\n", "step": null, "ts": 1733765652.889566}]}, "version": 106, "at": 1733765652.889575}
{"obj": {"type": "LogStrings", "path": ["monitoring", "7322420b", "stdout"], "values": [{"value": "Selected features:", "step": null, "ts": 1733765653.3686259}]}, "version": 107, "at": 1733765653.368664}
{"obj": {"type": "LogStrings", "path": ["monitoring", "7322420b", "stdout"], "values": [{"value": "\n", "step": null, "ts": 1733765653.3703969}]}, "version": 108, "at": 1733765653.370403}
{"obj": {"type": "LogStrings", "path": ["monitoring", "7322420b", "stdout"], "values": [{"value": "['Delta_Frontal', 'Delta_Central', 'Delta_Parietal', 'Delta_Occipital', 'Delta_Temporal', 'Delta_Limbic', 'Alpha1_Frontal', 'Alpha1_Central', 'Alpha1_Parietal', 'Alpha1_Occipital', 'Alpha1_Temporal', 'Alpha1_Limbic', 'Theta_Frontal', 'Theta_Central', 'Theta_Parietal', 'Theta_Occipital', 'Theta_Temporal', 'Theta_Limbic', 'Alpha2_Frontal', 'Alpha2_Central', 'Alpha2_Parietal', 'Alpha2_Occipital', 'Alpha2_Temporal', 'Alpha2_Limbic', 'Alpha3_Frontal', 'Alpha3_Central', 'Alpha3_Parietal', 'Alpha3_Occipital', 'Alpha3_Temporal', 'Alpha3_Limbic', 'Beta1_Frontal', 'Beta1_Central', 'Beta1_Parietal', 'Beta1_Occipital', 'Beta1_Temporal', 'Beta1_Limbic', 'Beta2_Frontal', 'Beta2_Central', 'Beta2_Parietal', 'Beta2_Occipital', 'Beta2_Temporal', 'Beta2_Limbic', 'Gamma_Frontal', 'Gamma_Central', 'Gamma_Parietal', 'Gamma_Occipital', 'Gamma_Temporal', 'Gamma_Limbic']", "step": null, "ts": 1733765653.371094}]}, "version": 109, "at": 1733765653.371099}
{"obj": {"type": "LogStrings", "path": ["monitoring", "7322420b", "stdout"], "values": [{"value": "\n", "step": null, "ts": 1733765653.372803}]}, "version": 110, "at": 1733765653.372811}
{"obj": {"type": "LogStrings", "path": ["monitoring", "7322420b", "stdout"], "values": [{"value": "'<=' not supported between instances of 'int' and 'range'", "step": null, "ts": 1733765653.37408}]}, "version": 111, "at": 1733765653.3740852}
{"obj": {"type": "LogStrings", "path": ["monitoring", "7322420b", "stdout"], "values": [{"value": "\n", "step": null, "ts": 1733765653.374808}]}, "version": 112, "at": 1733765653.3748128}
{"obj": {"type": "LogStrings", "path": ["monitoring", "7322420b", "stdout"], "values": [{"value": "neuroharmonize variant", "step": null, "ts": 1733765653.3750799}]}, "version": 113, "at": 1733765653.375085}
{"obj": {"type": "LogStrings", "path": ["monitoring", "7322420b", "stdout"], "values": [{"value": "\n", "step": null, "ts": 1733765653.375548}]}, "version": 114, "at": 1733765653.3755531}
{"obj": {"type": "LogStrings", "path": ["monitoring", "7322420b", "stdout"], "values": [{"value": "[neptune] [info   ] Neptune initialized. Open in the app: https://app.neptune.ai/Combat4EEG/CombatManuscript/e/CB-140\n", "step": null, "ts": 1733765653.7027898}]}, "version": 115, "at": 1733765653.702805}
{"obj": {"type": "LogStrings", "path": ["monitoring", "7322420b", "stdout"], "values": [{"value": "0", "step": null, "ts": 1733765653.750365}]}, "version": 116, "at": 1733765653.7503722}
{"obj": {"type": "LogStrings", "path": ["monitoring", "7322420b", "stdout"], "values": [{"value": "\n", "step": null, "ts": 1733765653.751004}]}, "version": 117, "at": 1733765653.75101}
{"obj": {"type": "LogStrings", "path": ["monitoring", "7322420b", "stderr"], "values": [{"value": "/Users/saraiva/PycharmProjects/LTBio/venv/lib/python3.10/site-packages/sklearn/manifold/_t_sne.py:795: FutureWarning: The default initialization in TSNE will change from 'random' to 'pca' in 1.2.\n  warnings.warn(\n", "step": null, "ts": 1733765653.767391}]}, "version": 118, "at": 1733765653.7673979}
{"obj": {"type": "LogStrings", "path": ["monitoring", "7322420b", "stdout"], "values": [{"value": "Selected features:", "step": null, "ts": 1733765654.2670789}]}, "version": 119, "at": 1733765654.2670872}
{"obj": {"type": "LogStrings", "path": ["monitoring", "7322420b", "stdout"], "values": [{"value": "\n", "step": null, "ts": 1733765654.2691789}]}, "version": 120, "at": 1733765654.269212}
{"obj": {"type": "LogStrings", "path": ["monitoring", "7322420b", "stdout"], "values": [{"value": "['Delta_Frontal', 'Delta_Central', 'Delta_Parietal', 'Delta_Occipital', 'Delta_Temporal', 'Delta_Limbic', 'Alpha1_Frontal', 'Alpha1_Central', 'Alpha1_Parietal', 'Alpha1_Occipital', 'Alpha1_Temporal', 'Alpha1_Limbic', 'Theta_Frontal', 'Theta_Central', 'Theta_Parietal', 'Theta_Occipital', 'Theta_Temporal', 'Theta_Limbic', 'Alpha2_Frontal', 'Alpha2_Central', 'Alpha2_Parietal', 'Alpha2_Occipital', 'Alpha2_Temporal', 'Alpha2_Limbic', 'Alpha3_Frontal', 'Alpha3_Central', 'Alpha3_Parietal', 'Alpha3_Occipital', 'Alpha3_Temporal', 'Alpha3_Limbic', 'Beta1_Frontal', 'Beta1_Central', 'Beta1_Parietal', 'Beta1_Occipital', 'Beta1_Temporal', 'Beta1_Limbic', 'Beta2_Frontal', 'Beta2_Central', 'Beta2_Parietal', 'Beta2_Occipital', 'Beta2_Temporal', 'Beta2_Limbic', 'Gamma_Frontal', 'Gamma_Central', 'Gamma_Parietal', 'Gamma_Occipital', 'Gamma_Temporal', 'Gamma_Limbic']", "step": null, "ts": 1733765654.2698681}]}, "version": 121, "at": 1733765654.269875}
{"obj": {"type": "LogStrings", "path": ["monitoring", "7322420b", "stdout"], "values": [{"value": "\n", "step": null, "ts": 1733765654.27171}]}, "version": 122, "at": 1733765654.271717}
{"obj": {"type": "LogStrings", "path": ["monitoring", "7322420b", "stdout"], "values": [{"value": "'<=' not supported between instances of 'int' and 'range'", "step": null, "ts": 1733765654.2729049}]}, "version": 123, "at": 1733765654.272911}
{"obj": {"type": "LogStrings", "path": ["monitoring", "7322420b", "stdout"], "values": [{"value": "\n", "step": null, "ts": 1733765654.27454}]}, "version": 124, "at": 1733765654.274545}
{"obj": {"type": "LogStrings", "path": ["monitoring", "7322420b", "stdout"], "values": [{"value": "7 PCs", "step": null, "ts": 1733765654.2753541}]}, "version": 125, "at": 1733765654.275359}
{"obj": {"type": "LogStrings", "path": ["monitoring", "7322420b", "stdout"], "values": [{"value": "\n", "step": null, "ts": 1733765654.2770472}]}, "version": 126, "at": 1733765654.277051}
{"obj": {"type": "LogStrings", "path": ["monitoring", "7322420b", "stdout"], "values": [{"value": "none variant", "step": null, "ts": 1733765654.277515}]}, "version": 127, "at": 1733765654.27752}
{"obj": {"type": "LogStrings", "path": ["monitoring", "7322420b", "stdout"], "values": [{"value": "\n", "step": null, "ts": 1733765654.278013}]}, "version": 128, "at": 1733765654.2780428}
{"obj": {"type": "LogStrings", "path": ["monitoring", "7322420b", "stdout"], "values": [{"value": "[neptune] [info   ] Neptune initialized. Open in the app: https://app.neptune.ai/Combat4EEG/CombatManuscript/e/CB-141\n", "step": null, "ts": 1733765654.683896}]}, "version": 129, "at": 1733765654.683908}
{"obj": {"type": "LogStrings", "path": ["monitoring", "7322420b", "stdout"], "values": [{"value": "0", "step": null, "ts": 1733765654.7308888}]}, "version": 130, "at": 1733765654.7308958}
{"obj": {"type": "LogStrings", "path": ["monitoring", "7322420b", "stdout"], "values": [{"value": "\n", "step": null, "ts": 1733765654.7317948}]}, "version": 131, "at": 1733765654.7318}
{"obj": {"type": "LogStrings", "path": ["monitoring", "7322420b", "stderr"], "values": [{"value": "/Users/saraiva/PycharmProjects/LTBio/venv/lib/python3.10/site-packages/sklearn/manifold/_t_sne.py:795: FutureWarning: The default initialization in TSNE will change from 'random' to 'pca' in 1.2.\n  warnings.warn(\n", "step": null, "ts": 1733765654.7476742}]}, "version": 132, "at": 1733765654.7476811}
{"obj": {"type": "LogStrings", "path": ["monitoring", "7322420b", "stdout"], "values": [{"value": "Selected features:", "step": null, "ts": 1733765655.2349372}]}, "version": 133, "at": 1733765655.234947}
{"obj": {"type": "LogStrings", "path": ["monitoring", "7322420b", "stdout"], "values": [{"value": "\n", "step": null, "ts": 1733765655.237643}]}, "version": 134, "at": 1733765655.2376478}
{"obj": {"type": "LogStrings", "path": ["monitoring", "7322420b", "stdout"], "values": [{"value": "['Delta_Frontal', 'Delta_Central', 'Delta_Parietal', 'Delta_Occipital', 'Delta_Temporal', 'Delta_Limbic', 'Alpha1_Frontal', 'Alpha1_Central', 'Alpha1_Parietal', 'Alpha1_Occipital', 'Alpha1_Temporal', 'Alpha1_Limbic', 'Theta_Frontal', 'Theta_Central', 'Theta_Parietal', 'Theta_Occipital', 'Theta_Temporal', 'Theta_Limbic', 'Alpha2_Frontal', 'Alpha2_Central', 'Alpha2_Parietal', 'Alpha2_Occipital', 'Alpha2_Temporal', 'Alpha2_Limbic', 'Alpha3_Frontal', 'Alpha3_Central', 'Alpha3_Parietal', 'Alpha3_Occipital', 'Alpha3_Temporal', 'Alpha3_Limbic', 'Beta1_Frontal', 'Beta1_Central', 'Beta1_Parietal', 'Beta1_Occipital', 'Beta1_Temporal', 'Beta1_Limbic', 'Beta2_Frontal', 'Beta2_Central', 'Beta2_Parietal', 'Beta2_Occipital', 'Beta2_Temporal', 'Beta2_Limbic', 'Gamma_Frontal', 'Gamma_Central', 'Gamma_Parietal', 'Gamma_Occipital', 'Gamma_Temporal', 'Gamma_Limbic']", "step": null, "ts": 1733765655.239653}]}, "version": 135, "at": 1733765655.239659}
{"obj": {"type": "LogStrings", "path": ["monitoring", "7322420b", "stdout"], "values": [{"value": "\n", "step": null, "ts": 1733765655.240505}]}, "version": 136, "at": 1733765655.240536}
{"obj": {"type": "LogStrings", "path": ["monitoring", "7322420b", "stdout"], "values": [{"value": "'<=' not supported between instances of 'int' and 'range'", "step": null, "ts": 1733765655.242063}]}, "version": 137, "at": 1733765655.2420712}
{"obj": {"type": "LogStrings", "path": ["monitoring", "7322420b", "stdout"], "values": [{"value": "\n", "step": null, "ts": 1733765655.24403}]}, "version": 138, "at": 1733765655.244035}
{"obj": {"type": "LogStrings", "path": ["monitoring", "7322420b", "stdout"], "values": [{"value": "neuroharmonize variant", "step": null, "ts": 1733765655.246047}]}, "version": 139, "at": 1733765655.246052}
{"obj": {"type": "LogStrings", "path": ["monitoring", "7322420b", "stdout"], "values": [{"value": "\n", "step": null, "ts": 1733765655.24685}]}, "version": 140, "at": 1733765655.246855}
{"obj": {"type": "LogStrings", "path": ["monitoring", "7322420b", "stdout"], "values": [{"value": "[neptune] [info   ] Neptune initialized. Open in the app: https://app.neptune.ai/Combat4EEG/CombatManuscript/e/CB-142\n", "step": null, "ts": 1733765655.664181}]}, "version": 141, "at": 1733765655.664193}
{"obj": {"type": "LogStrings", "path": ["monitoring", "7322420b", "stdout"], "values": [{"value": "0", "step": null, "ts": 1733765655.711879}]}, "version": 142, "at": 1733765655.7118888}
{"obj": {"type": "LogStrings", "path": ["monitoring", "7322420b", "stdout"], "values": [{"value": "\n", "step": null, "ts": 1733765655.713218}]}, "version": 143, "at": 1733765655.713226}
{"obj": {"type": "LogStrings", "path": ["monitoring", "7322420b", "stderr"], "values": [{"value": "/Users/saraiva/PycharmProjects/LTBio/venv/lib/python3.10/site-packages/sklearn/manifold/_t_sne.py:795: FutureWarning: The default initialization in TSNE will change from 'random' to 'pca' in 1.2.\n  warnings.warn(\n", "step": null, "ts": 1733765655.728269}]}, "version": 144, "at": 1733765655.728278}
{"obj": {"type": "LogStrings", "path": ["monitoring", "7322420b", "stdout"], "values": [{"value": "Selected features:", "step": null, "ts": 1733765656.230114}]}, "version": 145, "at": 1733765656.230121}
{"obj": {"type": "LogStrings", "path": ["monitoring", "7322420b", "stdout"], "values": [{"value": "\n", "step": null, "ts": 1733765656.232342}]}, "version": 146, "at": 1733765656.232348}
{"obj": {"type": "LogStrings", "path": ["monitoring", "7322420b", "stdout"], "values": [{"value": "['Delta_Frontal', 'Delta_Central', 'Delta_Parietal', 'Delta_Occipital', 'Delta_Temporal', 'Delta_Limbic', 'Alpha1_Frontal', 'Alpha1_Central', 'Alpha1_Parietal', 'Alpha1_Occipital', 'Alpha1_Temporal', 'Alpha1_Limbic', 'Theta_Frontal', 'Theta_Central', 'Theta_Parietal', 'Theta_Occipital', 'Theta_Temporal', 'Theta_Limbic', 'Alpha2_Frontal', 'Alpha2_Central', 'Alpha2_Parietal', 'Alpha2_Occipital', 'Alpha2_Temporal', 'Alpha2_Limbic', 'Alpha3_Frontal', 'Alpha3_Central', 'Alpha3_Parietal', 'Alpha3_Occipital', 'Alpha3_Temporal', 'Alpha3_Limbic', 'Beta1_Frontal', 'Beta1_Central', 'Beta1_Parietal', 'Beta1_Occipital', 'Beta1_Temporal', 'Beta1_Limbic', 'Beta2_Frontal', 'Beta2_Central', 'Beta2_Parietal', 'Beta2_Occipital', 'Beta2_Temporal', 'Beta2_Limbic', 'Gamma_Frontal', 'Gamma_Central', 'Gamma_Parietal', 'Gamma_Occipital', 'Gamma_Temporal', 'Gamma_Limbic']", "step": null, "ts": 1733765656.233975}]}, "version": 147, "at": 1733765656.233993}
{"obj": {"type": "LogStrings", "path": ["monitoring", "7322420b", "stdout"], "values": [{"value": "\n", "step": null, "ts": 1733765656.234868}]}, "version": 148, "at": 1733765656.234873}
{"obj": {"type": "LogStrings", "path": ["monitoring", "7322420b", "stdout"], "values": [{"value": "'<=' not supported between instances of 'int' and 'range'", "step": null, "ts": 1733765656.236244}]}, "version": 149, "at": 1733765656.2362509}
{"obj": {"type": "LogStrings", "path": ["monitoring", "7322420b", "stdout"], "values": [{"value": "\n", "step": null, "ts": 1733765656.2381551}]}, "version": 150, "at": 1733765656.238185}
{"obj": {"type": "LogStrings", "path": ["monitoring", "7322420b", "stdout"], "values": [{"value": "8 PCs", "step": null, "ts": 1733765656.239907}]}, "version": 151, "at": 1733765656.2399108}
{"obj": {"type": "LogStrings", "path": ["monitoring", "7322420b", "stdout"], "values": [{"value": "\n", "step": null, "ts": 1733765656.2407098}]}, "version": 152, "at": 1733765656.2407172}
{"obj": {"type": "LogStrings", "path": ["monitoring", "7322420b", "stdout"], "values": [{"value": "none variant", "step": null, "ts": 1733765656.241666}]}, "version": 153, "at": 1733765656.241673}
{"obj": {"type": "LogStrings", "path": ["monitoring", "7322420b", "stdout"], "values": [{"value": "\n", "step": null, "ts": 1733765656.2429812}]}, "version": 154, "at": 1733765656.242986}
{"obj": {"type": "LogStrings", "path": ["monitoring", "7322420b", "stdout"], "values": [{"value": "[neptune] [info   ] Neptune initialized. Open in the app: https://app.neptune.ai/Combat4EEG/CombatManuscript/e/CB-143\n", "step": null, "ts": 1733765656.647688}]}, "version": 155, "at": 1733765656.647695}
{"obj": {"type": "LogStrings", "path": ["monitoring", "7322420b", "stdout"], "values": [{"value": "0", "step": null, "ts": 1733765656.693394}]}, "version": 156, "at": 1733765656.693401}
{"obj": {"type": "LogStrings", "path": ["monitoring", "7322420b", "stdout"], "values": [{"value": "\n", "step": null, "ts": 1733765656.6944342}]}, "version": 157, "at": 1733765656.694439}
{"obj": {"type": "LogStrings", "path": ["monitoring", "7322420b", "stderr"], "values": [{"value": "/Users/saraiva/PycharmProjects/LTBio/venv/lib/python3.10/site-packages/sklearn/manifold/_t_sne.py:795: FutureWarning: The default initialization in TSNE will change from 'random' to 'pca' in 1.2.\n  warnings.warn(\n", "step": null, "ts": 1733765656.709992}]}, "version": 158, "at": 1733765656.71}
{"obj": {"type": "LogStrings", "path": ["monitoring", "7322420b", "stdout"], "values": [{"value": "Selected features:", "step": null, "ts": 1733765657.201974}]}, "version": 159, "at": 1733765657.20199}
{"obj": {"type": "LogStrings", "path": ["monitoring", "7322420b", "stdout"], "values": [{"value": "\n", "step": null, "ts": 1733765657.203733}]}, "version": 160, "at": 1733765657.20374}
{"obj": {"type": "LogStrings", "path": ["monitoring", "7322420b", "stdout"], "values": [{"value": "['Delta_Frontal', 'Delta_Central', 'Delta_Parietal', 'Delta_Occipital', 'Delta_Temporal', 'Delta_Limbic', 'Alpha1_Frontal', 'Alpha1_Central', 'Alpha1_Parietal', 'Alpha1_Occipital', 'Alpha1_Temporal', 'Alpha1_Limbic', 'Theta_Frontal', 'Theta_Central', 'Theta_Parietal', 'Theta_Occipital', 'Theta_Temporal', 'Theta_Limbic', 'Alpha2_Frontal', 'Alpha2_Central', 'Alpha2_Parietal', 'Alpha2_Occipital', 'Alpha2_Temporal', 'Alpha2_Limbic', 'Alpha3_Frontal', 'Alpha3_Central', 'Alpha3_Parietal', 'Alpha3_Occipital', 'Alpha3_Temporal', 'Alpha3_Limbic', 'Beta1_Frontal', 'Beta1_Central', 'Beta1_Parietal', 'Beta1_Occipital', 'Beta1_Temporal', 'Beta1_Limbic', 'Beta2_Frontal', 'Beta2_Central', 'Beta2_Parietal', 'Beta2_Occipital', 'Beta2_Temporal', 'Beta2_Limbic', 'Gamma_Frontal', 'Gamma_Central', 'Gamma_Parietal', 'Gamma_Occipital', 'Gamma_Temporal', 'Gamma_Limbic']", "step": null, "ts": 1733765657.205407}]}, "version": 161, "at": 1733765657.2054138}
{"obj": {"type": "LogStrings", "path": ["monitoring", "7322420b", "stdout"], "values": [{"value": "\n", "step": null, "ts": 1733765657.2067468}]}, "version": 162, "at": 1733765657.206753}
{"obj": {"type": "LogStrings", "path": ["monitoring", "7322420b", "stdout"], "values": [{"value": "'<=' not supported between instances of 'int' and 'range'", "step": null, "ts": 1733765657.209257}]}, "version": 163, "at": 1733765657.2092621}
{"obj": {"type": "LogStrings", "path": ["monitoring", "7322420b", "stdout"], "values": [{"value": "\n", "step": null, "ts": 1733765657.210028}]}, "version": 164, "at": 1733765657.210033}
{"obj": {"type": "LogStrings", "path": ["monitoring", "7322420b", "stdout"], "values": [{"value": "neuroharmonize variant", "step": null, "ts": 1733765657.210774}]}, "version": 165, "at": 1733765657.21078}
{"obj": {"type": "LogStrings", "path": ["monitoring", "7322420b", "stdout"], "values": [{"value": "\n", "step": null, "ts": 1733765657.211956}]}, "version": 166, "at": 1733765657.211961}
{"obj": {"type": "LogStrings", "path": ["monitoring", "7322420b", "stdout"], "values": [{"value": "[neptune] [info   ] Neptune initialized. Open in the app: https://app.neptune.ai/Combat4EEG/CombatManuscript/e/CB-144\n", "step": null, "ts": 1733765657.541149}]}, "version": 167, "at": 1733765657.541158}
{"obj": {"type": "LogStrings", "path": ["monitoring", "7322420b", "stdout"], "values": [{"value": "0", "step": null, "ts": 1733765657.587771}]}, "version": 168, "at": 1733765657.587776}
{"obj": {"type": "LogStrings", "path": ["monitoring", "7322420b", "stdout"], "values": [{"value": "\n", "step": null, "ts": 1733765657.58867}]}, "version": 169, "at": 1733765657.5886772}
{"obj": {"type": "LogStrings", "path": ["monitoring", "7322420b", "stderr"], "values": [{"value": "/Users/saraiva/PycharmProjects/LTBio/venv/lib/python3.10/site-packages/sklearn/manifold/_t_sne.py:795: FutureWarning: The default initialization in TSNE will change from 'random' to 'pca' in 1.2.\n  warnings.warn(\n", "step": null, "ts": 1733765657.606566}]}, "version": 170, "at": 1733765657.606573}
{"obj": {"type": "LogStrings", "path": ["monitoring", "7322420b", "stdout"], "values": [{"value": "Selected features:", "step": null, "ts": 1733765658.096124}]}, "version": 171, "at": 1733765658.096132}
{"obj": {"type": "LogStrings", "path": ["monitoring", "7322420b", "stdout"], "values": [{"value": "\n", "step": null, "ts": 1733765658.097434}]}, "version": 172, "at": 1733765658.09744}
{"obj": {"type": "LogStrings", "path": ["monitoring", "7322420b", "stdout"], "values": [{"value": "['Delta_Frontal', 'Delta_Central', 'Delta_Parietal', 'Delta_Occipital', 'Delta_Temporal', 'Delta_Limbic', 'Alpha1_Frontal', 'Alpha1_Central', 'Alpha1_Parietal', 'Alpha1_Occipital', 'Alpha1_Temporal', 'Alpha1_Limbic', 'Theta_Frontal', 'Theta_Central', 'Theta_Parietal', 'Theta_Occipital', 'Theta_Temporal', 'Theta_Limbic', 'Alpha2_Frontal', 'Alpha2_Central', 'Alpha2_Parietal', 'Alpha2_Occipital', 'Alpha2_Temporal', 'Alpha2_Limbic', 'Alpha3_Frontal', 'Alpha3_Central', 'Alpha3_Parietal', 'Alpha3_Occipital', 'Alpha3_Temporal', 'Alpha3_Limbic', 'Beta1_Frontal', 'Beta1_Central', 'Beta1_Parietal', 'Beta1_Occipital', 'Beta1_Temporal', 'Beta1_Limbic', 'Beta2_Frontal', 'Beta2_Central', 'Beta2_Parietal', 'Beta2_Occipital', 'Beta2_Temporal', 'Beta2_Limbic', 'Gamma_Frontal', 'Gamma_Central', 'Gamma_Parietal', 'Gamma_Occipital', 'Gamma_Temporal', 'Gamma_Limbic']", "step": null, "ts": 1733765658.098298}]}, "version": 173, "at": 1733765658.098303}
{"obj": {"type": "LogStrings", "path": ["monitoring", "7322420b", "stdout"], "values": [{"value": "\n", "step": null, "ts": 1733765658.0988631}]}, "version": 174, "at": 1733765658.098871}
{"obj": {"type": "LogStrings", "path": ["monitoring", "7322420b", "stdout"], "values": [{"value": "'<=' not supported between instances of 'int' and 'range'", "step": null, "ts": 1733765658.104888}]}, "version": 175, "at": 1733765658.104893}
{"obj": {"type": "LogStrings", "path": ["monitoring", "7322420b", "stdout"], "values": [{"value": "\n", "step": null, "ts": 1733765658.106931}]}, "version": 176, "at": 1733765658.106936}
{"obj": {"type": "LogStrings", "path": ["monitoring", "7322420b", "stdout"], "values": [{"value": "9 PCs", "step": null, "ts": 1733765658.10813}]}, "version": 177, "at": 1733765658.108135}
{"obj": {"type": "LogStrings", "path": ["monitoring", "7322420b", "stdout"], "values": [{"value": "\n", "step": null, "ts": 1733765658.1101282}]}, "version": 178, "at": 1733765658.110133}
{"obj": {"type": "LogStrings", "path": ["monitoring", "7322420b", "stdout"], "values": [{"value": "none variant", "step": null, "ts": 1733765658.110962}]}, "version": 179, "at": 1733765658.110966}
{"obj": {"type": "LogStrings", "path": ["monitoring", "7322420b", "stdout"], "values": [{"value": "\n", "step": null, "ts": 1733765658.112231}]}, "version": 180, "at": 1733765658.11226}
{"obj": {"type": "LogFloats", "path": ["monitoring", "7322420b", "cpu"], "values": [{"value": 94.1, "step": null, "ts": 1733765658.264703}]}, "version": 181, "at": 1733765658.264897}
{"obj": {"type": "LogFloats", "path": ["monitoring", "7322420b", "memory"], "values": [{"value": 11.298324584960938, "step": null, "ts": 1733765658.264703}]}, "version": 182, "at": 1733765658.264991}
{"obj": {"type": "LogStrings", "path": ["monitoring", "7322420b", "stdout"], "values": [{"value": "[neptune] [info   ] Neptune initialized. Open in the app: https://app.neptune.ai/Combat4EEG/CombatManuscript/e/CB-145\n", "step": null, "ts": 1733765658.4365199}]}, "version": 183, "at": 1733765658.4365282}
{"obj": {"type": "LogStrings", "path": ["monitoring", "7322420b", "stdout"], "values": [{"value": "0", "step": null, "ts": 1733765658.486398}]}, "version": 184, "at": 1733765658.486507}
{"obj": {"type": "LogStrings", "path": ["monitoring", "7322420b", "stdout"], "values": [{"value": "\n", "step": null, "ts": 1733765658.487711}]}, "version": 185, "at": 1733765658.4877162}
{"obj": {"type": "LogStrings", "path": ["monitoring", "7322420b", "stderr"], "values": [{"value": "/Users/saraiva/PycharmProjects/LTBio/venv/lib/python3.10/site-packages/sklearn/manifold/_t_sne.py:795: FutureWarning: The default initialization in TSNE will change from 'random' to 'pca' in 1.2.\n  warnings.warn(\n", "step": null, "ts": 1733765658.502479}]}, "version": 186, "at": 1733765658.502486}
{"obj": {"type": "LogStrings", "path": ["monitoring", "7322420b", "stdout"], "values": [{"value": "Selected features:", "step": null, "ts": 1733765658.991963}]}, "version": 187, "at": 1733765658.991978}
{"obj": {"type": "LogStrings", "path": ["monitoring", "7322420b", "stdout"], "values": [{"value": "\n", "step": null, "ts": 1733765658.993244}]}, "version": 188, "at": 1733765658.993249}
{"obj": {"type": "LogStrings", "path": ["monitoring", "7322420b", "stdout"], "values": [{"value": "['Delta_Frontal', 'Delta_Central', 'Delta_Parietal', 'Delta_Occipital', 'Delta_Temporal', 'Delta_Limbic', 'Alpha1_Frontal', 'Alpha1_Central', 'Alpha1_Parietal', 'Alpha1_Occipital', 'Alpha1_Temporal', 'Alpha1_Limbic', 'Theta_Frontal', 'Theta_Central', 'Theta_Parietal', 'Theta_Occipital', 'Theta_Temporal', 'Theta_Limbic', 'Alpha2_Frontal', 'Alpha2_Central', 'Alpha2_Parietal', 'Alpha2_Occipital', 'Alpha2_Temporal', 'Alpha2_Limbic', 'Alpha3_Frontal', 'Alpha3_Central', 'Alpha3_Parietal', 'Alpha3_Occipital', 'Alpha3_Temporal', 'Alpha3_Limbic', 'Beta1_Frontal', 'Beta1_Central', 'Beta1_Parietal', 'Beta1_Occipital', 'Beta1_Temporal', 'Beta1_Limbic', 'Beta2_Frontal', 'Beta2_Central', 'Beta2_Parietal', 'Beta2_Occipital', 'Beta2_Temporal', 'Beta2_Limbic', 'Gamma_Frontal', 'Gamma_Central', 'Gamma_Parietal', 'Gamma_Occipital', 'Gamma_Temporal', 'Gamma_Limbic']", "step": null, "ts": 1733765658.9937742}]}, "version": 189, "at": 1733765658.993778}
{"obj": {"type": "LogStrings", "path": ["monitoring", "7322420b", "stdout"], "values": [{"value": "\n", "step": null, "ts": 1733765658.99617}]}, "version": 190, "at": 1733765658.996175}
{"obj": {"type": "LogStrings", "path": ["monitoring", "7322420b", "stdout"], "values": [{"value": "'<=' not supported between instances of 'int' and 'range'", "step": null, "ts": 1733765658.9993181}]}, "version": 191, "at": 1733765658.999344}
{"obj": {"type": "LogStrings", "path": ["monitoring", "7322420b", "stdout"], "values": [{"value": "\n", "step": null, "ts": 1733765659.001994}]}, "version": 192, "at": 1733765659.002021}
{"obj": {"type": "LogStrings", "path": ["monitoring", "7322420b", "stdout"], "values": [{"value": "neuroharmonize variant", "step": null, "ts": 1733765659.00305}]}, "version": 193, "at": 1733765659.003055}
{"obj": {"type": "LogStrings", "path": ["monitoring", "7322420b", "stdout"], "values": [{"value": "\n", "step": null, "ts": 1733765659.004305}]}, "version": 194, "at": 1733765659.0043101}
{"obj": {"type": "LogStrings", "path": ["monitoring", "7322420b", "stdout"], "values": [{"value": "[neptune] [info   ] Neptune initialized. Open in the app: https://app.neptune.ai/Combat4EEG/CombatManuscript/e/CB-146\n", "step": null, "ts": 1733765659.4016142}]}, "version": 195, "at": 1733765659.4016268}
{"obj": {"type": "LogStrings", "path": ["monitoring", "7322420b", "stdout"], "values": [{"value": "0", "step": null, "ts": 1733765659.4488478}]}, "version": 196, "at": 1733765659.448857}
{"obj": {"type": "LogStrings", "path": ["monitoring", "7322420b", "stdout"], "values": [{"value": "\n", "step": null, "ts": 1733765659.4495249}]}, "version": 197, "at": 1733765659.4495292}
{"obj": {"type": "LogStrings", "path": ["monitoring", "7322420b", "stderr"], "values": [{"value": "/Users/saraiva/PycharmProjects/LTBio/venv/lib/python3.10/site-packages/sklearn/manifold/_t_sne.py:795: FutureWarning: The default initialization in TSNE will change from 'random' to 'pca' in 1.2.\n  warnings.warn(\n", "step": null, "ts": 1733765659.465109}]}, "version": 198, "at": 1733765659.46512}
{"obj": {"type": "LogStrings", "path": ["monitoring", "7322420b", "stdout"], "values": [{"value": "Selected features:", "step": null, "ts": 1733765659.9535282}]}, "version": 199, "at": 1733765659.953535}
{"obj": {"type": "LogStrings", "path": ["monitoring", "7322420b", "stdout"], "values": [{"value": "\n", "step": null, "ts": 1733765659.9558568}]}, "version": 200, "at": 1733765659.955862}
{"obj": {"type": "LogStrings", "path": ["monitoring", "7322420b", "stdout"], "values": [{"value": "['Delta_Frontal', 'Delta_Central', 'Delta_Parietal', 'Delta_Occipital', 'Delta_Temporal', 'Delta_Limbic', 'Alpha1_Frontal', 'Alpha1_Central', 'Alpha1_Parietal', 'Alpha1_Occipital', 'Alpha1_Temporal', 'Alpha1_Limbic', 'Theta_Frontal', 'Theta_Central', 'Theta_Parietal', 'Theta_Occipital', 'Theta_Temporal', 'Theta_Limbic', 'Alpha2_Frontal', 'Alpha2_Central', 'Alpha2_Parietal', 'Alpha2_Occipital', 'Alpha2_Temporal', 'Alpha2_Limbic', 'Alpha3_Frontal', 'Alpha3_Central', 'Alpha3_Parietal', 'Alpha3_Occipital', 'Alpha3_Temporal', 'Alpha3_Limbic', 'Beta1_Frontal', 'Beta1_Central', 'Beta1_Parietal', 'Beta1_Occipital', 'Beta1_Temporal', 'Beta1_Limbic', 'Beta2_Frontal', 'Beta2_Central', 'Beta2_Parietal', 'Beta2_Occipital', 'Beta2_Temporal', 'Beta2_Limbic', 'Gamma_Frontal', 'Gamma_Central', 'Gamma_Parietal', 'Gamma_Occipital', 'Gamma_Temporal', 'Gamma_Limbic']", "step": null, "ts": 1733765659.957162}]}, "version": 201, "at": 1733765659.9571671}
{"obj": {"type": "LogStrings", "path": ["monitoring", "7322420b", "stdout"], "values": [{"value": "\n", "step": null, "ts": 1733765659.960639}]}, "version": 202, "at": 1733765659.960644}
{"obj": {"type": "LogStrings", "path": ["monitoring", "7322420b", "stdout"], "values": [{"value": "'<=' not supported between instances of 'int' and 'range'", "step": null, "ts": 1733765659.962691}]}, "version": 203, "at": 1733765659.9626958}
{"obj": {"type": "LogStrings", "path": ["monitoring", "7322420b", "stdout"], "values": [{"value": "\n", "step": null, "ts": 1733765659.9653509}]}, "version": 204, "at": 1733765659.965356}
{"obj": {"type": "LogStrings", "path": ["monitoring", "7322420b", "stdout"], "values": [{"value": "10 PCs", "step": null, "ts": 1733765659.966322}]}, "version": 205, "at": 1733765659.966327}
{"obj": {"type": "LogStrings", "path": ["monitoring", "7322420b", "stdout"], "values": [{"value": "\n", "step": null, "ts": 1733765659.9675362}]}, "version": 206, "at": 1733765659.967541}
{"obj": {"type": "LogStrings", "path": ["monitoring", "7322420b", "stdout"], "values": [{"value": "none variant", "step": null, "ts": 1733765659.968524}]}, "version": 207, "at": 1733765659.968529}
{"obj": {"type": "LogStrings", "path": ["monitoring", "7322420b", "stdout"], "values": [{"value": "\n", "step": null, "ts": 1733765659.969088}]}, "version": 208, "at": 1733765659.969093}
{"obj": {"type": "LogStrings", "path": ["monitoring", "7322420b", "stdout"], "values": [{"value": "[neptune] [info   ] Neptune initialized. Open in the app: https://app.neptune.ai/Combat4EEG/CombatManuscript/e/CB-147\n", "step": null, "ts": 1733765660.3899}]}, "version": 209, "at": 1733765660.389908}
{"obj": {"type": "LogStrings", "path": ["monitoring", "7322420b", "stdout"], "values": [{"value": "0", "step": null, "ts": 1733765660.436102}]}, "version": 210, "at": 1733765660.4361112}
{"obj": {"type": "LogStrings", "path": ["monitoring", "7322420b", "stdout"], "values": [{"value": "\n", "step": null, "ts": 1733765660.4382741}]}, "version": 211, "at": 1733765660.438279}
{"obj": {"type": "LogStrings", "path": ["monitoring", "7322420b", "stderr"], "values": [{"value": "/Users/saraiva/PycharmProjects/LTBio/venv/lib/python3.10/site-packages/sklearn/manifold/_t_sne.py:795: FutureWarning: The default initialization in TSNE will change from 'random' to 'pca' in 1.2.\n  warnings.warn(\n", "step": null, "ts": 1733765660.4565492}]}, "version": 212, "at": 1733765660.456556}
{"obj": {"type": "LogStrings", "path": ["monitoring", "7322420b", "stdout"], "values": [{"value": "Selected features:", "step": null, "ts": 1733765660.941348}]}, "version": 213, "at": 1733765660.941354}
{"obj": {"type": "LogStrings", "path": ["monitoring", "7322420b", "stdout"], "values": [{"value": "\n", "step": null, "ts": 1733765660.942954}]}, "version": 214, "at": 1733765660.942959}
{"obj": {"type": "LogStrings", "path": ["monitoring", "7322420b", "stdout"], "values": [{"value": "['Delta_Frontal', 'Delta_Central', 'Delta_Parietal', 'Delta_Occipital', 'Delta_Temporal', 'Delta_Limbic', 'Alpha1_Frontal', 'Alpha1_Central', 'Alpha1_Parietal', 'Alpha1_Occipital', 'Alpha1_Temporal', 'Alpha1_Limbic', 'Theta_Frontal', 'Theta_Central', 'Theta_Parietal', 'Theta_Occipital', 'Theta_Temporal', 'Theta_Limbic', 'Alpha2_Frontal', 'Alpha2_Central', 'Alpha2_Parietal', 'Alpha2_Occipital', 'Alpha2_Temporal', 'Alpha2_Limbic', 'Alpha3_Frontal', 'Alpha3_Central', 'Alpha3_Parietal', 'Alpha3_Occipital', 'Alpha3_Temporal', 'Alpha3_Limbic', 'Beta1_Frontal', 'Beta1_Central', 'Beta1_Parietal', 'Beta1_Occipital', 'Beta1_Temporal', 'Beta1_Limbic', 'Beta2_Frontal', 'Beta2_Central', 'Beta2_Parietal', 'Beta2_Occipital', 'Beta2_Temporal', 'Beta2_Limbic', 'Gamma_Frontal', 'Gamma_Central', 'Gamma_Parietal', 'Gamma_Occipital', 'Gamma_Temporal', 'Gamma_Limbic']", "step": null, "ts": 1733765660.945715}]}, "version": 215, "at": 1733765660.945763}
{"obj": {"type": "LogStrings", "path": ["monitoring", "7322420b", "stdout"], "values": [{"value": "\n", "step": null, "ts": 1733765660.946656}]}, "version": 216, "at": 1733765660.9466612}
{"obj": {"type": "LogStrings", "path": ["monitoring", "7322420b", "stdout"], "values": [{"value": "'<=' not supported between instances of 'int' and 'range'", "step": null, "ts": 1733765660.948649}]}, "version": 217, "at": 1733765660.9486551}
{"obj": {"type": "LogStrings", "path": ["monitoring", "7322420b", "stdout"], "values": [{"value": "\n", "step": null, "ts": 1733765660.949461}]}, "version": 218, "at": 1733765660.949465}
{"obj": {"type": "LogStrings", "path": ["monitoring", "7322420b", "stdout"], "values": [{"value": "neuroharmonize variant", "step": null, "ts": 1733765660.95202}]}, "version": 219, "at": 1733765660.9520261}
{"obj": {"type": "LogStrings", "path": ["monitoring", "7322420b", "stdout"], "values": [{"value": "\n", "step": null, "ts": 1733765660.9542542}]}, "version": 220, "at": 1733765660.954259}
{"obj": {"type": "LogStrings", "path": ["monitoring", "7322420b", "stdout"], "values": [{"value": "[neptune] [info   ] Neptune initialized. Open in the app: https://app.neptune.ai/Combat4EEG/CombatManuscript/e/CB-148\n", "step": null, "ts": 1733765661.376199}]}, "version": 221, "at": 1733765661.376213}
{"obj": {"type": "LogStrings", "path": ["monitoring", "7322420b", "stdout"], "values": [{"value": "0", "step": null, "ts": 1733765661.428768}]}, "version": 222, "at": 1733765661.4287739}
{"obj": {"type": "LogStrings", "path": ["monitoring", "7322420b", "stdout"], "values": [{"value": "\n", "step": null, "ts": 1733765661.43027}]}, "version": 223, "at": 1733765661.4302762}
{"obj": {"type": "LogStrings", "path": ["monitoring", "7322420b", "stderr"], "values": [{"value": "/Users/saraiva/PycharmProjects/LTBio/venv/lib/python3.10/site-packages/sklearn/manifold/_t_sne.py:795: FutureWarning: The default initialization in TSNE will change from 'random' to 'pca' in 1.2.\n  warnings.warn(\n", "step": null, "ts": 1733765661.447881}]}, "version": 224, "at": 1733765661.4478872}
{"obj": {"type": "LogStrings", "path": ["monitoring", "7322420b", "stdout"], "values": [{"value": "Selected features:", "step": null, "ts": 1733765661.942889}]}, "version": 225, "at": 1733765661.9428952}
{"obj": {"type": "LogStrings", "path": ["monitoring", "7322420b", "stdout"], "values": [{"value": "\n", "step": null, "ts": 1733765661.944566}]}, "version": 226, "at": 1733765661.9445708}
